#
# A fatal error has been detected by the Java Runtime Environment:
#
#  SIGSEGV (0xb) at pc=0x00007f23aa6a3f12, pid=73008, tid=73009
#
# JRE version: OpenJDK Runtime Environment (11.0.27+6) (build 11.0.27+6-post-Ubuntu-0ubuntu122.04)
# Java VM: OpenJDK 64-Bit Server VM (11.0.27+6-post-Ubuntu-0ubuntu122.04, mixed mode, sharing, tiered, compressed oops, g1 gc, linux-amd64)
# Problematic frame:
# C  [libc.so.6+0xa3f12]
[timeout occurred during error reporting in step "printing problematic frame"] after 30 s.
# Core dump will be written. Default location: Core dumps may be processed with "/usr/share/apport/apport -p%p -s%s -c%c -d%d -P%P -u%u -g%g -- %E" (or dumping to /home/carma/palash_ws/connectedvcs-tools/fedgov-cv-asn1decoder/core.73008)
#
# If you would like to submit a bug report, please visit:
#   https://bugs.launchpad.net/ubuntu/+source/openjdk-lts
# The crash happened outside the Java Virtual Machine in native code.
# See problematic frame for where to report the bug.
#

---------------  S U M M A R Y ------------

Command Line: /home/carma/palash_ws/connectedvcs-tools/fedgov-cv-asn1decoder/target/surefire/surefirebooter7713255296518729231.jar /home/carma/palash_ws/connectedvcs-tools/fedgov-cv-asn1decoder/target/surefire/surefire8614040096201969104tmp /home/carma/palash_ws/connectedvcs-tools/fedgov-cv-asn1decoder/target/surefire/surefire_016965565109584323821tmp

Host: 
[timeout occurred during error reporting in step "printing summary machine and OS info"] after 30 s.

------ Timeout during error reporting after 120 s. ------
