#
# A fatal error has been detected by the Java Runtime Environment:
#
#  SIGSEGV (0xb) at pc=0x00007305db57a154, pid=72623, tid=72624
#
# JRE version: OpenJDK Runtime Environment (11.0.26+4) (build 11.0.26+4-post-Ubuntu-1ubuntu122.04)
# Java VM: OpenJDK 64-Bit Server VM (11.0.26+4-post-Ubuntu-1ubuntu122.04, mixed mode, sharing, tiered, compressed oops, g1 gc, linux-amd64)
# Problematic frame:
# V  [libjvm.so+0x57a154]  AccessInternal::PostRuntimeDispatch<G1BarrierSet::AccessBarrier<1097844ul, G1BarrierSet>, (AccessInternal::BarrierType)2, 1097844ul>::oop_access_barrier(void*)+0x4
#
# Core dump will be written. Default location: Core dumps may be processed with "/usr/share/apport/apport -p%p -s%s -c%c -d%d -P%P -u%u -g%g -- %E" (or dumping to /home/carma/palash_ws/connectedvcs-tools/fedgov-cv-asn1decoder/core.72623)
#
# If you would like to submit a bug report, please visit:
#   https://bugs.launchpad.net/ubuntu/+source/openjdk-lts
#

---------------  S U M M A R Y ------------

Command Line: /home/carma/palash_ws/connectedvcs-tools/fedgov-cv-asn1decoder/target/surefire/surefirebooter10696254792046997797.jar /home/carma/palash_ws/connectedvcs-tools/fedgov-cv-asn1decoder/target/surefire/surefire2189691549185250212tmp /home/carma/palash_ws/connectedvcs-tools/fedgov-cv-asn1decoder/target/surefire/surefire_014324647154387296533tmp

Host: 12th Gen Intel(R) Core(TM) i7-12850HX, 8 cores, 31G, Ubuntu 22.04.5 LTS
Time: Mon May  5 15:03:54 2025 EDT elapsed time: 1.069355 seconds (0d 0h 0m 1s)

---------------  T H R E A D  ---------------

Current thread (0x00007305d4016000):  JavaThread "main" [_thread_in_vm, id=72624, stack(0x00007305daf00000,0x00007305db000000)]

Stack: [0x00007305daf00000,0x00007305db000000],  sp=0x00007305dafecb38,  free space=946k
Native frames: (J=compiled Java code, A=aot compiled Java code, j=interpreted, Vv=VM code, C=native code)
V  [libjvm.so+0x57a154]  AccessInternal::PostRuntimeDispatch<G1BarrierSet::AccessBarrier<1097844ul, G1BarrierSet>, (AccessInternal::BarrierType)2, 1097844ul>::oop_access_barrier(void*)+0x4

Java frames: (J=compiled Java code, j=interpreted, Vv=VM code)
j  gov.usdot.cv.asn1decoder.Decoder.decodeMsg([B)Lgov/usdot/cv/libasn1decoder/DecodedResult;+0
j  gov.usdot.cv.asn1decoder.Decoder.decode(Lgov/usdot/cv/asn1decoder/ByteArrayObject;)Lgov/usdot/cv/libasn1decoder/DecodedResult;+15
j  gov.usdot.cv.asn1decoder.ASN1DecoderTest.testASN1DecodeNullMessage()V+8
v  ~StubRoutines::call_stub
j  jdk.internal.reflect.NativeMethodAccessorImpl.invoke0(Ljava/lang/reflect/Method;Ljava/lang/Object;[Ljava/lang/Object;)Ljava/lang/Object;+0 java.base@11.0.26
j  jdk.internal.reflect.NativeMethodAccessorImpl.invoke(Ljava/lang/Object;[Ljava/lang/Object;)Ljava/lang/Object;+100 java.base@11.0.26
J 1630 c1 jdk.internal.reflect.DelegatingMethodAccessorImpl.invoke(Ljava/lang/Object;[Ljava/lang/Object;)Ljava/lang/Object; java.base@11.0.26 (10 bytes) @ 0x00007305bce5acf4 [0x00007305bce5abc0+0x0000000000000134]
J 1673 c1 java.lang.reflect.Method.invoke(Ljava/lang/Object;[Ljava/lang/Object;)Ljava/lang/Object; java.base@11.0.26 (65 bytes) @ 0x00007305bce69e8c [0x00007305bce69b20+0x000000000000036c]
j  org.junit.runners.model.FrameworkMethod$1.runReflectiveCall()Ljava/lang/Object;+15
j  org.junit.internal.runners.model.ReflectiveCallable.run()Ljava/lang/Object;+1
j  org.junit.runners.model.FrameworkMethod.invokeExplosively(Ljava/lang/Object;[Ljava/lang/Object;)Ljava/lang/Object;+10
j  org.junit.internal.runners.statements.InvokeMethod.evaluate()V+12
j  org.junit.internal.runners.statements.RunBefores.evaluate()V+49
j  org.junit.runners.ParentRunner.runLeaf(Lorg/junit/runners/model/Statement;Lorg/junit/runner/Description;Lorg/junit/runner/notification/RunNotifier;)V+17
j  org.junit.runners.BlockJUnit4ClassRunner.runChild(Lorg/junit/runners/model/FrameworkMethod;Lorg/junit/runner/notification/RunNotifier;)V+32
j  org.junit.runners.BlockJUnit4ClassRunner.runChild(Ljava/lang/Object;Lorg/junit/runner/notification/RunNotifier;)V+6
j  org.junit.runners.ParentRunner$3.run()V+12
j  org.junit.runners.ParentRunner$1.schedule(Ljava/lang/Runnable;)V+1
j  org.junit.runners.ParentRunner.runChildren(Lorg/junit/runner/notification/RunNotifier;)V+40
j  org.junit.runners.ParentRunner.access$000(Lorg/junit/runners/ParentRunner;Lorg/junit/runner/notification/RunNotifier;)V+2
j  org.junit.runners.ParentRunner$2.evaluate()V+8
j  org.junit.runners.ParentRunner.run(Lorg/junit/runner/notification/RunNotifier;)V+20
j  org.apache.maven.surefire.junit4.JUnit4Provider.execute(Ljava/lang/Class;Lorg/junit/runner/notification/RunNotifier;[Ljava/lang/String;)V+116
j  org.apache.maven.surefire.junit4.JUnit4Provider.executeTestSet(Ljava/lang/Class;Lorg/apache/maven/surefire/report/RunListener;Lorg/junit/runner/notification/RunNotifier;)V+70
j  org.apache.maven.surefire.junit4.JUnit4Provider.invoke(Ljava/lang/Object;)Lorg/apache/maven/surefire/suite/RunResult;+133
v  ~StubRoutines::call_stub
j  jdk.internal.reflect.NativeMethodAccessorImpl.invoke0(Ljava/lang/reflect/Method;Ljava/lang/Object;[Ljava/lang/Object;)Ljava/lang/Object;+0 java.base@11.0.26
j  jdk.internal.reflect.NativeMethodAccessorImpl.invoke(Ljava/lang/Object;[Ljava/lang/Object;)Ljava/lang/Object;+100 java.base@11.0.26
j  jdk.internal.reflect.DelegatingMethodAccessorImpl.invoke(Ljava/lang/Object;[Ljava/lang/Object;)Ljava/lang/Object;+6 java.base@11.0.26
j  java.lang.reflect.Method.invoke(Ljava/lang/Object;[Ljava/lang/Object;)Ljava/lang/Object;+59 java.base@11.0.26
j  org.apache.maven.surefire.util.ReflectionUtils.invokeMethodWithArray(Ljava/lang/Object;Ljava/lang/reflect/Method;[Ljava/lang/Object;)Ljava/lang/Object;+3
j  org.apache.maven.surefire.booter.ProviderFactory$ProviderProxy.invoke(Ljava/lang/Object;)Lorg/apache/maven/surefire/suite/RunResult;+38
j  org.apache.maven.surefire.booter.ProviderFactory.invokeProvider(Ljava/lang/Object;Ljava/lang/ClassLoader;Ljava/lang/ClassLoader;Ljava/lang/Object;Lorg/apache/maven/surefire/booter/ProviderConfiguration;ZLorg/apache/maven/surefire/booter/StartupConfiguration;Z)Lorg/apache/maven/surefire/suite/RunResult;+38
j  org.apache.maven.surefire.booter.ForkedBooter.runSuitesInProcess(Ljava/lang/Object;Ljava/lang/ClassLoader;Lorg/apache/maven/surefire/booter/StartupConfiguration;Lorg/apache/maven/surefire/booter/ProviderConfiguration;Ljava/io/PrintStream;)Lorg/apache/maven/surefire/suite/RunResult;+45
j  org.apache.maven.surefire.booter.ForkedBooter.main([Ljava/lang/String;)V+136
v  ~StubRoutines::call_stub

siginfo: si_signo: 11 (SIGSEGV), si_code: 1 (SEGV_MAPERR), si_addr: 0x0000000000000000

Register to memory mapping:

RAX=0x0 is NULL
RBX=0x00007305dc2b8c60: <offset 0x00000000012b8c60> in /usr/lib/jvm/java-11-openjdk-amd64/lib/server/libjvm.so at 0x00007305db000000
RCX=0x00007305db8ef540: <offset 0x00000000008ef540> in /usr/lib/jvm/java-11-openjdk-amd64/lib/server/libjvm.so at 0x00007305db000000
RDX=0x00007305db4c6e30: <offset 0x00000000004c6e30> in /usr/lib/jvm/java-11-openjdk-amd64/lib/server/libjvm.so at 0x00007305db000000
RSP=0x00007305dafecb38 is pointing into the stack for thread: 0x00007305d4016000
RBP=0x00007305dafecb70 is pointing into the stack for thread: 0x00007305d4016000
RSI=0x0 is NULL
RDI=0x0 is NULL
R8 =0x0 is NULL
R9 =0x0 is NULL
R10=0x00007305bc60f981 is at code_begin+897 in an Interpreter codelet
method entry point (kind = native)  [0x00007305bc60f600, 0x00007305bc60ff80]  2432 bytes
R11=0x00007305dafecc58 is pointing into the stack for thread: 0x00007305d4016000
R12=0x00007305d4016000 is a thread
R13=0x0 is NULL
R14=0x00007305dc254203: <offset 0x0000000001254203> in /usr/lib/jvm/java-11-openjdk-amd64/lib/server/libjvm.so at 0x00007305db000000
R15=0x00007305d4016350 points into unknown readable memory: 0x00007305dc254b60 | 60 4b 25 dc 05 73 00 00


Registers:
RAX=0x0000000000000000, RBX=0x00007305dc2b8c60, RCX=0x00007305db8ef540, RDX=0x00007305db4c6e30
RSP=0x00007305dafecb38, RBP=0x00007305dafecb70, RSI=0x0000000000000000, RDI=0x0000000000000000
R8 =0x0000000000000000, R9 =0x0000000000000000, R10=0x00007305bc60f981, R11=0x00007305dafecc58
R12=0x00007305d4016000, R13=0x0000000000000000, R14=0x00007305dc254203, R15=0x00007305d4016350
RIP=0x00007305db57a154, EFLAGS=0x0000000000010246, CSGSFS=0x002b000000000033, ERR=0x0000000000000004
  TRAPNO=0x000000000000000e

Top of Stack: (sp=0x00007305dafecb38)
0x00007305dafecb38:   00007305db8ef6d9 0000000086718990
0x00007305dafecb48:   00007305dafecb80 0000000000000000
0x00007305dafecb58:   00007305a4a85670 00007305daffcd10
0x00007305dafecb68:   00007305d4016000 00007305daffcc80 

Instructions: (pc=0x00007305db57a154)
0x00007305db57a054:   39 d0 75 60 48 8b 83 08 01 00 00 a8 08 0f 84 ab
0x00007305db57a064:   fe ff ff e9 b3 fe ff ff 0f 1f 40 00 48 83 c4 18
0x00007305db57a074:   44 89 f1 44 89 fa 4c 89 ee 5b 4c 89 e7 41 5c 41
0x00007305db57a084:   5d 41 5e 41 5f 5d e9 71 f7 ff ff 90 48 8d 0d 19
0x00007305db57a094:   86 d3 00 48 89 d8 48 c1 e8 04 23 01 48 8d 0d 11
0x00007305db57a0a4:   86 d3 00 48 03 01 c7 00 01 00 00 00 e9 1b ff ff
0x00007305db57a0b4:   ff 0f 1f 00 4c 89 45 c8 48 89 df ff d0 4c 8b 45
0x00007305db57a0c4:   c8 84 c0 0f 84 38 fe ff ff eb 89 90 f3 0f 1e fa
0x00007305db57a0d4:   55 66 0f ef c0 48 89 e5 48 83 ec 30 48 8d 05 79
0x00007305db57a0e4:   4a d2 00 0f 29 45 d0 80 b8 e1 1d 00 00 00 74 29
0x00007305db57a0f4:   48 8b 47 70 c6 45 e0 01 48 85 c0 74 1f 8b 40 08
0x00007305db57a104:   89 45 f0 48 89 75 e8 e8 b0 20 8e 00 48 8d 7d d0
0x00007305db57a114:   48 89 45 d0 e8 83 0a 00 00 c9 c3 90 31 c0 eb e0
0x00007305db57a124:   66 2e 0f 1f 84 00 00 00 00 00 66 90 f3 0f 1e fa
0x00007305db57a134:   48 8b 07 c3 0f 1f 84 00 00 00 00 00 f3 0f 1e fa
0x00007305db57a144:   48 8b 07 c3 0f 1f 84 00 00 00 00 00 f3 0f 1e fa
0x00007305db57a154:   48 8b 07 c3 0f 1f 84 00 00 00 00 00 f3 0f 1e fa
0x00007305db57a164:   48 8b 07 c3 0f 1f 84 00 00 00 00 00 f3 0f 1e fa
0x00007305db57a174:   48 8b 07 c3 0f 1f 84 00 00 00 00 00 f3 0f 1e fa
0x00007305db57a184:   48 8b 07 c3 0f 1f 84 00 00 00 00 00 f3 0f 1e fa
0x00007305db57a194:   48 8b 07 c3 0f 1f 84 00 00 00 00 00 f3 0f 1e fa
0x00007305db57a1a4:   48 8b 07 c3 0f 1f 84 00 00 00 00 00 f3 0f 1e fa
0x00007305db57a1b4:   48 8b 07 c3 0f 1f 84 00 00 00 00 00 f3 0f 1e fa
0x00007305db57a1c4:   48 8b 07 c3 0f 1f 84 00 00 00 00 00 f3 0f 1e fa
0x00007305db57a1d4:   55 48 8d 05 f4 44 d6 00 48 89 e5 41 56 49 89 fe
0x00007305db57a1e4:   41 55 41 54 53 4c 8b 2f 0f b6 00 48 85 ff 74 03
0x00007305db57a1f4:   4c 8b 2f 48 8d 1d a2 39 d6 00 4d 89 ec 48 8b 13
0x00007305db57a204:   84 c0 74 45 49 85 d5 0f 85 9f 00 00 00 4d 85 ed
0x00007305db57a214:   75 6a 5b 4c 89 e8 41 5c 41 5d 41 5e 5d c3 66 0f
0x00007305db57a224:   1f 44 00 00 4c 89 e7 e8 a0 56 97 00 48 89 c2 4d
0x00007305db57a234:   85 f6 74 30 49 39 c4 74 2b 4c 89 e0 f0 49 0f b1
0x00007305db57a244:   16 49 39 c4 74 1e 49 89 c4 4c 89 e0 48 23 03 75 


Stack slot to memory mapping:
stack at sp + 0 slots: 0x00007305db8ef6d9: <offset 0x00000000008ef6d9> in /usr/lib/jvm/java-11-openjdk-amd64/lib/server/libjvm.so at 0x00007305db000000
stack at sp + 1 slots: 0x0000000086718990 is an unknown value
stack at sp + 2 slots: 0x00007305dafecb80 is pointing into the stack for thread: 0x00007305d4016000
stack at sp + 3 slots: 0x0 is NULL
stack at sp + 4 slots: {method} {0x00007305a4a85670} 'decodeMsg' '([B)Lgov/usdot/cv/libasn1decoder/DecodedResult;' in 'gov/usdot/cv/asn1decoder/Decoder'
stack at sp + 5 slots: 0x00007305daffcd10 is pointing into the stack for thread: 0x00007305d4016000
stack at sp + 6 slots: 0x00007305d4016000 is a thread
stack at sp + 7 slots: 0x00007305daffcc80 is pointing into the stack for thread: 0x00007305d4016000


---------------  P R O C E S S  ---------------

Threads class SMR info:
_java_thread_list=0x0000730570348e60, length=11, elements={
0x00007305d4016000, 0x00007305d4298800, 0x00007305d429a800, 0x00007305d42a0000,
0x00007305d42a2000, 0x00007305d42a4000, 0x00007305d42a6000, 0x00007305d42a8000,
0x00007305d42eb000, 0x000073057c09e000, 0x0000730570347800
}

Java Threads: ( => current thread )
=>0x00007305d4016000 JavaThread "main" [_thread_in_vm, id=72624, stack(0x00007305daf00000,0x00007305db000000)]
  0x00007305d4298800 JavaThread "Reference Handler" daemon [_thread_blocked, id=72634, stack(0x00007305a43ff000,0x00007305a44ff000)]
  0x00007305d429a800 JavaThread "Finalizer" daemon [_thread_blocked, id=72635, stack(0x00007305a42ff000,0x00007305a43ff000)]
  0x00007305d42a0000 JavaThread "Signal Dispatcher" daemon [_thread_blocked, id=72636, stack(0x00007305a41ff000,0x00007305a42ff000)]
  0x00007305d42a2000 JavaThread "Service Thread" daemon [_thread_blocked, id=72637, stack(0x00007305a40ff000,0x00007305a41ff000)]
  0x00007305d42a4000 JavaThread "C2 CompilerThread0" daemon [_thread_blocked, id=72638, stack(0x0000730587900000,0x0000730587a00000)]
  0x00007305d42a6000 JavaThread "C1 CompilerThread0" daemon [_thread_blocked, id=72639, stack(0x0000730587800000,0x0000730587900000)]
  0x00007305d42a8000 JavaThread "Sweeper thread" daemon [_thread_blocked, id=72640, stack(0x0000730587700000,0x0000730587800000)]
  0x00007305d42eb000 JavaThread "Common-Cleaner" daemon [_thread_blocked, id=72642, stack(0x00007305874ff000,0x00007305875ff000)]
  0x000073057c09e000 JavaThread "C2 CompilerThread1" daemon [_thread_blocked, id=72643, stack(0x00007305873ff000,0x00007305874ff000)]
  0x0000730570347800 JavaThread "C2 CompilerThread2" daemon [_thread_blocked, id=72659, stack(0x0000730586500000,0x0000730586600000)]

Other Threads:
  0x00007305d4295800 VMThread "VM Thread" [stack: 0x00007305a4500000,0x00007305a4600000] [id=72633]
  0x00007305d42e9000 WatcherThread [stack: 0x0000730587600000,0x0000730587700000] [id=72641]
  0x00007305d402f800 GCTaskThread "GC Thread#0" [stack: 0x00007305da92a000,0x00007305daa2a000] [id=72627]
  0x0000730594001000 GCTaskThread "GC Thread#1" [stack: 0x00007305872ff000,0x00007305873ff000] [id=72648]
  0x0000730594002800 GCTaskThread "GC Thread#2" [stack: 0x00007305871fe000,0x00007305872fe000] [id=72649]
  0x0000730594004000 GCTaskThread "GC Thread#3" [stack: 0x00007305870fd000,0x00007305871fd000] [id=72650]
  0x0000730594006000 GCTaskThread "GC Thread#4" [stack: 0x0000730586ffc000,0x00007305870fc000] [id=72651]
  0x0000730594007800 GCTaskThread "GC Thread#5" [stack: 0x0000730586efb000,0x0000730586ffb000] [id=72652]
  0x0000730594009800 GCTaskThread "GC Thread#6" [stack: 0x0000730586dfa000,0x0000730586efa000] [id=72653]
  0x000073059400b000 GCTaskThread "GC Thread#7" [stack: 0x0000730586cf9000,0x0000730586df9000] [id=72654]
  0x00007305d406a000 ConcurrentGCThread "G1 Main Marker" [stack: 0x00007305d3f00000,0x00007305d4000000] [id=72629]
  0x00007305d406c000 ConcurrentGCThread "G1 Conc#0" [stack: 0x00007305bc500000,0x00007305bc600000] [id=72630]
  0x00007305d41ef000 ConcurrentGCThread "G1 Refine#0" [stack: 0x00007305a4ffd000,0x00007305a50fd000] [id=72631]
  0x00007305d41f1000 ConcurrentGCThread "G1 Young RemSet Sampling" [stack: 0x00007305a4efc000,0x00007305a4ffc000] [id=72632]

Threads with active compile tasks:

VM state:not at safepoint (normal execution)

VM Mutex/Monitor currently owned by a thread: None

Heap address: 0x000000060a600000, size: 8026 MB, Compressed Oops mode: Zero based, Oop shift amount: 3
Narrow klass base: 0x0000000800000000, Narrow klass shift: 3
Compressed class space size: 1073741824 Address: 0x0000000840000000

Heap:
 garbage-first heap   total 518144K, used 36956K [0x000000060a600000, 0x0000000800000000)
  region size 2048K, 19 young (38912K), 2 survivors (4096K)
 Metaspace       used 15384K, capacity 15837K, committed 16000K, reserved 1062912K
  class space    used 2196K, capacity 2363K, committed 2432K, reserved 1048576K
Heap Regions: E=young(eden), S=young(survivor), O=old, HS=humongous(starts), HC=humongous(continues), CS=collection set, F=free, A=archive, TAMS=top-at-mark-start (previous, next)
|   0|0x000000060a600000, 0x000000060a600000, 0x000000060a800000|  0%| F|  |TAMS 0x000000060a600000, 0x000000060a600000| Untracked 
|   1|0x000000060a800000, 0x000000060a800000, 0x000000060aa00000|  0%| F|  |TAMS 0x000000060a800000, 0x000000060a800000| Untracked 
|   2|0x000000060aa00000, 0x000000060aa00000, 0x000000060ac00000|  0%| F|  |TAMS 0x000000060aa00000, 0x000000060aa00000| Untracked 
|   3|0x000000060ac00000, 0x000000060ac00000, 0x000000060ae00000|  0%| F|  |TAMS 0x000000060ac00000, 0x000000060ac00000| Untracked 
|   4|0x000000060ae00000, 0x000000060ae00000, 0x000000060b000000|  0%| F|  |TAMS 0x000000060ae00000, 0x000000060ae00000| Untracked 
|   5|0x000000060b000000, 0x000000060b000000, 0x000000060b200000|  0%| F|  |TAMS 0x000000060b000000, 0x000000060b000000| Untracked 
|   6|0x000000060b200000, 0x000000060b200000, 0x000000060b400000|  0%| F|  |TAMS 0x000000060b200000, 0x000000060b200000| Untracked 
|   7|0x000000060b400000, 0x000000060b400000, 0x000000060b600000|  0%| F|  |TAMS 0x000000060b400000, 0x000000060b400000| Untracked 
|   8|0x000000060b600000, 0x000000060b600000, 0x000000060b800000|  0%| F|  |TAMS 0x000000060b600000, 0x000000060b600000| Untracked 
|   9|0x000000060b800000, 0x000000060b800000, 0x000000060ba00000|  0%| F|  |TAMS 0x000000060b800000, 0x000000060b800000| Untracked 
|  10|0x000000060ba00000, 0x000000060ba00000, 0x000000060bc00000|  0%| F|  |TAMS 0x000000060ba00000, 0x000000060ba00000| Untracked 
|  11|0x000000060bc00000, 0x000000060bc00000, 0x000000060be00000|  0%| F|  |TAMS 0x000000060bc00000, 0x000000060bc00000| Untracked 
|  12|0x000000060be00000, 0x000000060be00000, 0x000000060c000000|  0%| F|  |TAMS 0x000000060be00000, 0x000000060be00000| Untracked 
|  13|0x000000060c000000, 0x000000060c000000, 0x000000060c200000|  0%| F|  |TAMS 0x000000060c000000, 0x000000060c000000| Untracked 
|  14|0x000000060c200000, 0x000000060c200000, 0x000000060c400000|  0%| F|  |TAMS 0x000000060c200000, 0x000000060c200000| Untracked 
|  15|0x000000060c400000, 0x000000060c400000, 0x000000060c600000|  0%| F|  |TAMS 0x000000060c400000, 0x000000060c400000| Untracked 
|  16|0x000000060c600000, 0x000000060c600000, 0x000000060c800000|  0%| F|  |TAMS 0x000000060c600000, 0x000000060c600000| Untracked 
|  17|0x000000060c800000, 0x000000060c800000, 0x000000060ca00000|  0%| F|  |TAMS 0x000000060c800000, 0x000000060c800000| Untracked 
|  18|0x000000060ca00000, 0x000000060ca00000, 0x000000060cc00000|  0%| F|  |TAMS 0x000000060ca00000, 0x000000060ca00000| Untracked 
|  19|0x000000060cc00000, 0x000000060cc00000, 0x000000060ce00000|  0%| F|  |TAMS 0x000000060cc00000, 0x000000060cc00000| Untracked 
|  20|0x000000060ce00000, 0x000000060ce00000, 0x000000060d000000|  0%| F|  |TAMS 0x000000060ce00000, 0x000000060ce00000| Untracked 
|  21|0x000000060d000000, 0x000000060d000000, 0x000000060d200000|  0%| F|  |TAMS 0x000000060d000000, 0x000000060d000000| Untracked 
|  22|0x000000060d200000, 0x000000060d200000, 0x000000060d400000|  0%| F|  |TAMS 0x000000060d200000, 0x000000060d200000| Untracked 
|  23|0x000000060d400000, 0x000000060d400000, 0x000000060d600000|  0%| F|  |TAMS 0x000000060d400000, 0x000000060d400000| Untracked 
|  24|0x000000060d600000, 0x000000060d600000, 0x000000060d800000|  0%| F|  |TAMS 0x000000060d600000, 0x000000060d600000| Untracked 
|  25|0x000000060d800000, 0x000000060d800000, 0x000000060da00000|  0%| F|  |TAMS 0x000000060d800000, 0x000000060d800000| Untracked 
|  26|0x000000060da00000, 0x000000060da00000, 0x000000060dc00000|  0%| F|  |TAMS 0x000000060da00000, 0x000000060da00000| Untracked 
|  27|0x000000060dc00000, 0x000000060dc00000, 0x000000060de00000|  0%| F|  |TAMS 0x000000060dc00000, 0x000000060dc00000| Untracked 
|  28|0x000000060de00000, 0x000000060de00000, 0x000000060e000000|  0%| F|  |TAMS 0x000000060de00000, 0x000000060de00000| Untracked 
|  29|0x000000060e000000, 0x000000060e000000, 0x000000060e200000|  0%| F|  |TAMS 0x000000060e000000, 0x000000060e000000| Untracked 
|  30|0x000000060e200000, 0x000000060e200000, 0x000000060e400000|  0%| F|  |TAMS 0x000000060e200000, 0x000000060e200000| Untracked 
|  31|0x000000060e400000, 0x000000060e400000, 0x000000060e600000|  0%| F|  |TAMS 0x000000060e400000, 0x000000060e400000| Untracked 
|  32|0x000000060e600000, 0x000000060e600000, 0x000000060e800000|  0%| F|  |TAMS 0x000000060e600000, 0x000000060e600000| Untracked 
|  33|0x000000060e800000, 0x000000060e800000, 0x000000060ea00000|  0%| F|  |TAMS 0x000000060e800000, 0x000000060e800000| Untracked 
|  34|0x000000060ea00000, 0x000000060ea00000, 0x000000060ec00000|  0%| F|  |TAMS 0x000000060ea00000, 0x000000060ea00000| Untracked 
|  35|0x000000060ec00000, 0x000000060ec00000, 0x000000060ee00000|  0%| F|  |TAMS 0x000000060ec00000, 0x000000060ec00000| Untracked 
|  36|0x000000060ee00000, 0x000000060ee00000, 0x000000060f000000|  0%| F|  |TAMS 0x000000060ee00000, 0x000000060ee00000| Untracked 
|  37|0x000000060f000000, 0x000000060f000000, 0x000000060f200000|  0%| F|  |TAMS 0x000000060f000000, 0x000000060f000000| Untracked 
|  38|0x000000060f200000, 0x000000060f200000, 0x000000060f400000|  0%| F|  |TAMS 0x000000060f200000, 0x000000060f200000| Untracked 
|  39|0x000000060f400000, 0x000000060f400000, 0x000000060f600000|  0%| F|  |TAMS 0x000000060f400000, 0x000000060f400000| Untracked 
|  40|0x000000060f600000, 0x000000060f600000, 0x000000060f800000|  0%| F|  |TAMS 0x000000060f600000, 0x000000060f600000| Untracked 
|  41|0x000000060f800000, 0x000000060f800000, 0x000000060fa00000|  0%| F|  |TAMS 0x000000060f800000, 0x000000060f800000| Untracked 
|  42|0x000000060fa00000, 0x000000060fa00000, 0x000000060fc00000|  0%| F|  |TAMS 0x000000060fa00000, 0x000000060fa00000| Untracked 
|  43|0x000000060fc00000, 0x000000060fc00000, 0x000000060fe00000|  0%| F|  |TAMS 0x000000060fc00000, 0x000000060fc00000| Untracked 
|  44|0x000000060fe00000, 0x000000060fe00000, 0x0000000610000000|  0%| F|  |TAMS 0x000000060fe00000, 0x000000060fe00000| Untracked 
|  45|0x0000000610000000, 0x0000000610000000, 0x0000000610200000|  0%| F|  |TAMS 0x0000000610000000, 0x0000000610000000| Untracked 
|  46|0x0000000610200000, 0x0000000610200000, 0x0000000610400000|  0%| F|  |TAMS 0x0000000610200000, 0x0000000610200000| Untracked 
|  47|0x0000000610400000, 0x0000000610400000, 0x0000000610600000|  0%| F|  |TAMS 0x0000000610400000, 0x0000000610400000| Untracked 
|  48|0x0000000610600000, 0x0000000610600000, 0x0000000610800000|  0%| F|  |TAMS 0x0000000610600000, 0x0000000610600000| Untracked 
|  49|0x0000000610800000, 0x0000000610800000, 0x0000000610a00000|  0%| F|  |TAMS 0x0000000610800000, 0x0000000610800000| Untracked 
|  50|0x0000000610a00000, 0x0000000610a00000, 0x0000000610c00000|  0%| F|  |TAMS 0x0000000610a00000, 0x0000000610a00000| Untracked 
|  51|0x0000000610c00000, 0x0000000610c00000, 0x0000000610e00000|  0%| F|  |TAMS 0x0000000610c00000, 0x0000000610c00000| Untracked 
|  52|0x0000000610e00000, 0x0000000610e00000, 0x0000000611000000|  0%| F|  |TAMS 0x0000000610e00000, 0x0000000610e00000| Untracked 
|  53|0x0000000611000000, 0x0000000611000000, 0x0000000611200000|  0%| F|  |TAMS 0x0000000611000000, 0x0000000611000000| Untracked 
|  54|0x0000000611200000, 0x0000000611200000, 0x0000000611400000|  0%| F|  |TAMS 0x0000000611200000, 0x0000000611200000| Untracked 
|  55|0x0000000611400000, 0x0000000611400000, 0x0000000611600000|  0%| F|  |TAMS 0x0000000611400000, 0x0000000611400000| Untracked 
|  56|0x0000000611600000, 0x0000000611600000, 0x0000000611800000|  0%| F|  |TAMS 0x0000000611600000, 0x0000000611600000| Untracked 
|  57|0x0000000611800000, 0x0000000611800000, 0x0000000611a00000|  0%| F|  |TAMS 0x0000000611800000, 0x0000000611800000| Untracked 
|  58|0x0000000611a00000, 0x0000000611a00000, 0x0000000611c00000|  0%| F|  |TAMS 0x0000000611a00000, 0x0000000611a00000| Untracked 
|  59|0x0000000611c00000, 0x0000000611c00000, 0x0000000611e00000|  0%| F|  |TAMS 0x0000000611c00000, 0x0000000611c00000| Untracked 
|  60|0x0000000611e00000, 0x0000000611e00000, 0x0000000612000000|  0%| F|  |TAMS 0x0000000611e00000, 0x0000000611e00000| Untracked 
|  61|0x0000000612000000, 0x0000000612000000, 0x0000000612200000|  0%| F|  |TAMS 0x0000000612000000, 0x0000000612000000| Untracked 
|  62|0x0000000612200000, 0x0000000612200000, 0x0000000612400000|  0%| F|  |TAMS 0x0000000612200000, 0x0000000612200000| Untracked 
|  63|0x0000000612400000, 0x0000000612400000, 0x0000000612600000|  0%| F|  |TAMS 0x0000000612400000, 0x0000000612400000| Untracked 
|  64|0x0000000612600000, 0x0000000612600000, 0x0000000612800000|  0%| F|  |TAMS 0x0000000612600000, 0x0000000612600000| Untracked 
|  65|0x0000000612800000, 0x0000000612800000, 0x0000000612a00000|  0%| F|  |TAMS 0x0000000612800000, 0x0000000612800000| Untracked 
|  66|0x0000000612a00000, 0x0000000612a00000, 0x0000000612c00000|  0%| F|  |TAMS 0x0000000612a00000, 0x0000000612a00000| Untracked 
|  67|0x0000000612c00000, 0x0000000612c00000, 0x0000000612e00000|  0%| F|  |TAMS 0x0000000612c00000, 0x0000000612c00000| Untracked 
|  68|0x0000000612e00000, 0x0000000612e00000, 0x0000000613000000|  0%| F|  |TAMS 0x0000000612e00000, 0x0000000612e00000| Untracked 
|  69|0x0000000613000000, 0x0000000613000000, 0x0000000613200000|  0%| F|  |TAMS 0x0000000613000000, 0x0000000613000000| Untracked 
|  70|0x0000000613200000, 0x0000000613200000, 0x0000000613400000|  0%| F|  |TAMS 0x0000000613200000, 0x0000000613200000| Untracked 
|  71|0x0000000613400000, 0x0000000613400000, 0x0000000613600000|  0%| F|  |TAMS 0x0000000613400000, 0x0000000613400000| Untracked 
|  72|0x0000000613600000, 0x0000000613600000, 0x0000000613800000|  0%| F|  |TAMS 0x0000000613600000, 0x0000000613600000| Untracked 
|  73|0x0000000613800000, 0x0000000613800000, 0x0000000613a00000|  0%| F|  |TAMS 0x0000000613800000, 0x0000000613800000| Untracked 
|  74|0x0000000613a00000, 0x0000000613a00000, 0x0000000613c00000|  0%| F|  |TAMS 0x0000000613a00000, 0x0000000613a00000| Untracked 
|  75|0x0000000613c00000, 0x0000000613c00000, 0x0000000613e00000|  0%| F|  |TAMS 0x0000000613c00000, 0x0000000613c00000| Untracked 
|  76|0x0000000613e00000, 0x0000000613e00000, 0x0000000614000000|  0%| F|  |TAMS 0x0000000613e00000, 0x0000000613e00000| Untracked 
|  77|0x0000000614000000, 0x0000000614000000, 0x0000000614200000|  0%| F|  |TAMS 0x0000000614000000, 0x0000000614000000| Untracked 
|  78|0x0000000614200000, 0x0000000614200000, 0x0000000614400000|  0%| F|  |TAMS 0x0000000614200000, 0x0000000614200000| Untracked 
|  79|0x0000000614400000, 0x0000000614400000, 0x0000000614600000|  0%| F|  |TAMS 0x0000000614400000, 0x0000000614400000| Untracked 
|  80|0x0000000614600000, 0x0000000614600000, 0x0000000614800000|  0%| F|  |TAMS 0x0000000614600000, 0x0000000614600000| Untracked 
|  81|0x0000000614800000, 0x0000000614800000, 0x0000000614a00000|  0%| F|  |TAMS 0x0000000614800000, 0x0000000614800000| Untracked 
|  82|0x0000000614a00000, 0x0000000614a00000, 0x0000000614c00000|  0%| F|  |TAMS 0x0000000614a00000, 0x0000000614a00000| Untracked 
|  83|0x0000000614c00000, 0x0000000614c00000, 0x0000000614e00000|  0%| F|  |TAMS 0x0000000614c00000, 0x0000000614c00000| Untracked 
|  84|0x0000000614e00000, 0x0000000614e00000, 0x0000000615000000|  0%| F|  |TAMS 0x0000000614e00000, 0x0000000614e00000| Untracked 
|  85|0x0000000615000000, 0x0000000615000000, 0x0000000615200000|  0%| F|  |TAMS 0x0000000615000000, 0x0000000615000000| Untracked 
|  86|0x0000000615200000, 0x0000000615200000, 0x0000000615400000|  0%| F|  |TAMS 0x0000000615200000, 0x0000000615200000| Untracked 
|  87|0x0000000615400000, 0x0000000615400000, 0x0000000615600000|  0%| F|  |TAMS 0x0000000615400000, 0x0000000615400000| Untracked 
|  88|0x0000000615600000, 0x0000000615600000, 0x0000000615800000|  0%| F|  |TAMS 0x0000000615600000, 0x0000000615600000| Untracked 
|  89|0x0000000615800000, 0x0000000615800000, 0x0000000615a00000|  0%| F|  |TAMS 0x0000000615800000, 0x0000000615800000| Untracked 
|  90|0x0000000615a00000, 0x0000000615a00000, 0x0000000615c00000|  0%| F|  |TAMS 0x0000000615a00000, 0x0000000615a00000| Untracked 
|  91|0x0000000615c00000, 0x0000000615c00000, 0x0000000615e00000|  0%| F|  |TAMS 0x0000000615c00000, 0x0000000615c00000| Untracked 
|  92|0x0000000615e00000, 0x0000000615e00000, 0x0000000616000000|  0%| F|  |TAMS 0x0000000615e00000, 0x0000000615e00000| Untracked 
|  93|0x0000000616000000, 0x0000000616000000, 0x0000000616200000|  0%| F|  |TAMS 0x0000000616000000, 0x0000000616000000| Untracked 
|  94|0x0000000616200000, 0x0000000616200000, 0x0000000616400000|  0%| F|  |TAMS 0x0000000616200000, 0x0000000616200000| Untracked 
|  95|0x0000000616400000, 0x0000000616400000, 0x0000000616600000|  0%| F|  |TAMS 0x0000000616400000, 0x0000000616400000| Untracked 
|  96|0x0000000616600000, 0x0000000616600000, 0x0000000616800000|  0%| F|  |TAMS 0x0000000616600000, 0x0000000616600000| Untracked 
|  97|0x0000000616800000, 0x0000000616800000, 0x0000000616a00000|  0%| F|  |TAMS 0x0000000616800000, 0x0000000616800000| Untracked 
|  98|0x0000000616a00000, 0x0000000616a00000, 0x0000000616c00000|  0%| F|  |TAMS 0x0000000616a00000, 0x0000000616a00000| Untracked 
|  99|0x0000000616c00000, 0x0000000616c00000, 0x0000000616e00000|  0%| F|  |TAMS 0x0000000616c00000, 0x0000000616c00000| Untracked 
| 100|0x0000000616e00000, 0x0000000616e00000, 0x0000000617000000|  0%| F|  |TAMS 0x0000000616e00000, 0x0000000616e00000| Untracked 
| 101|0x0000000617000000, 0x0000000617000000, 0x0000000617200000|  0%| F|  |TAMS 0x0000000617000000, 0x0000000617000000| Untracked 
| 102|0x0000000617200000, 0x0000000617200000, 0x0000000617400000|  0%| F|  |TAMS 0x0000000617200000, 0x0000000617200000| Untracked 
| 103|0x0000000617400000, 0x0000000617400000, 0x0000000617600000|  0%| F|  |TAMS 0x0000000617400000, 0x0000000617400000| Untracked 
| 104|0x0000000617600000, 0x0000000617600000, 0x0000000617800000|  0%| F|  |TAMS 0x0000000617600000, 0x0000000617600000| Untracked 
| 105|0x0000000617800000, 0x0000000617800000, 0x0000000617a00000|  0%| F|  |TAMS 0x0000000617800000, 0x0000000617800000| Untracked 
| 106|0x0000000617a00000, 0x0000000617a00000, 0x0000000617c00000|  0%| F|  |TAMS 0x0000000617a00000, 0x0000000617a00000| Untracked 
| 107|0x0000000617c00000, 0x0000000617c00000, 0x0000000617e00000|  0%| F|  |TAMS 0x0000000617c00000, 0x0000000617c00000| Untracked 
| 108|0x0000000617e00000, 0x0000000617e00000, 0x0000000618000000|  0%| F|  |TAMS 0x0000000617e00000, 0x0000000617e00000| Untracked 
| 109|0x0000000618000000, 0x0000000618000000, 0x0000000618200000|  0%| F|  |TAMS 0x0000000618000000, 0x0000000618000000| Untracked 
| 110|0x0000000618200000, 0x0000000618200000, 0x0000000618400000|  0%| F|  |TAMS 0x0000000618200000, 0x0000000618200000| Untracked 
| 111|0x0000000618400000, 0x0000000618400000, 0x0000000618600000|  0%| F|  |TAMS 0x0000000618400000, 0x0000000618400000| Untracked 
| 112|0x0000000618600000, 0x0000000618600000, 0x0000000618800000|  0%| F|  |TAMS 0x0000000618600000, 0x0000000618600000| Untracked 
| 113|0x0000000618800000, 0x0000000618800000, 0x0000000618a00000|  0%| F|  |TAMS 0x0000000618800000, 0x0000000618800000| Untracked 
| 114|0x0000000618a00000, 0x0000000618a00000, 0x0000000618c00000|  0%| F|  |TAMS 0x0000000618a00000, 0x0000000618a00000| Untracked 
| 115|0x0000000618c00000, 0x0000000618c00000, 0x0000000618e00000|  0%| F|  |TAMS 0x0000000618c00000, 0x0000000618c00000| Untracked 
| 116|0x0000000618e00000, 0x0000000618e00000, 0x0000000619000000|  0%| F|  |TAMS 0x0000000618e00000, 0x0000000618e00000| Untracked 
| 117|0x0000000619000000, 0x0000000619000000, 0x0000000619200000|  0%| F|  |TAMS 0x0000000619000000, 0x0000000619000000| Untracked 
| 118|0x0000000619200000, 0x0000000619200000, 0x0000000619400000|  0%| F|  |TAMS 0x0000000619200000, 0x0000000619200000| Untracked 
| 119|0x0000000619400000, 0x0000000619400000, 0x0000000619600000|  0%| F|  |TAMS 0x0000000619400000, 0x0000000619400000| Untracked 
| 120|0x0000000619600000, 0x0000000619600000, 0x0000000619800000|  0%| F|  |TAMS 0x0000000619600000, 0x0000000619600000| Untracked 
| 121|0x0000000619800000, 0x0000000619800000, 0x0000000619a00000|  0%| F|  |TAMS 0x0000000619800000, 0x0000000619800000| Untracked 
| 122|0x0000000619a00000, 0x0000000619a00000, 0x0000000619c00000|  0%| F|  |TAMS 0x0000000619a00000, 0x0000000619a00000| Untracked 
| 123|0x0000000619c00000, 0x0000000619c00000, 0x0000000619e00000|  0%| F|  |TAMS 0x0000000619c00000, 0x0000000619c00000| Untracked 
| 124|0x0000000619e00000, 0x0000000619e00000, 0x000000061a000000|  0%| F|  |TAMS 0x0000000619e00000, 0x0000000619e00000| Untracked 
| 125|0x000000061a000000, 0x000000061a000000, 0x000000061a200000|  0%| F|  |TAMS 0x000000061a000000, 0x000000061a000000| Untracked 
| 126|0x000000061a200000, 0x000000061a200000, 0x000000061a400000|  0%| F|  |TAMS 0x000000061a200000, 0x000000061a200000| Untracked 
| 127|0x000000061a400000, 0x000000061a400000, 0x000000061a600000|  0%| F|  |TAMS 0x000000061a400000, 0x000000061a400000| Untracked 
| 128|0x000000061a600000, 0x000000061a600000, 0x000000061a800000|  0%| F|  |TAMS 0x000000061a600000, 0x000000061a600000| Untracked 
| 129|0x000000061a800000, 0x000000061a800000, 0x000000061aa00000|  0%| F|  |TAMS 0x000000061a800000, 0x000000061a800000| Untracked 
| 130|0x000000061aa00000, 0x000000061aa00000, 0x000000061ac00000|  0%| F|  |TAMS 0x000000061aa00000, 0x000000061aa00000| Untracked 
| 131|0x000000061ac00000, 0x000000061ac00000, 0x000000061ae00000|  0%| F|  |TAMS 0x000000061ac00000, 0x000000061ac00000| Untracked 
| 132|0x000000061ae00000, 0x000000061ae00000, 0x000000061b000000|  0%| F|  |TAMS 0x000000061ae00000, 0x000000061ae00000| Untracked 
| 133|0x000000061b000000, 0x000000061b000000, 0x000000061b200000|  0%| F|  |TAMS 0x000000061b000000, 0x000000061b000000| Untracked 
| 134|0x000000061b200000, 0x000000061b200000, 0x000000061b400000|  0%| F|  |TAMS 0x000000061b200000, 0x000000061b200000| Untracked 
| 135|0x000000061b400000, 0x000000061b400000, 0x000000061b600000|  0%| F|  |TAMS 0x000000061b400000, 0x000000061b400000| Untracked 
| 136|0x000000061b600000, 0x000000061b600000, 0x000000061b800000|  0%| F|  |TAMS 0x000000061b600000, 0x000000061b600000| Untracked 
| 137|0x000000061b800000, 0x000000061b800000, 0x000000061ba00000|  0%| F|  |TAMS 0x000000061b800000, 0x000000061b800000| Untracked 
| 138|0x000000061ba00000, 0x000000061ba00000, 0x000000061bc00000|  0%| F|  |TAMS 0x000000061ba00000, 0x000000061ba00000| Untracked 
| 139|0x000000061bc00000, 0x000000061bc00000, 0x000000061be00000|  0%| F|  |TAMS 0x000000061bc00000, 0x000000061bc00000| Untracked 
| 140|0x000000061be00000, 0x000000061be00000, 0x000000061c000000|  0%| F|  |TAMS 0x000000061be00000, 0x000000061be00000| Untracked 
| 141|0x000000061c000000, 0x000000061c000000, 0x000000061c200000|  0%| F|  |TAMS 0x000000061c000000, 0x000000061c000000| Untracked 
| 142|0x000000061c200000, 0x000000061c200000, 0x000000061c400000|  0%| F|  |TAMS 0x000000061c200000, 0x000000061c200000| Untracked 
| 143|0x000000061c400000, 0x000000061c400000, 0x000000061c600000|  0%| F|  |TAMS 0x000000061c400000, 0x000000061c400000| Untracked 
| 144|0x000000061c600000, 0x000000061c600000, 0x000000061c800000|  0%| F|  |TAMS 0x000000061c600000, 0x000000061c600000| Untracked 
| 145|0x000000061c800000, 0x000000061c800000, 0x000000061ca00000|  0%| F|  |TAMS 0x000000061c800000, 0x000000061c800000| Untracked 
| 146|0x000000061ca00000, 0x000000061ca00000, 0x000000061cc00000|  0%| F|  |TAMS 0x000000061ca00000, 0x000000061ca00000| Untracked 
| 147|0x000000061cc00000, 0x000000061cc00000, 0x000000061ce00000|  0%| F|  |TAMS 0x000000061cc00000, 0x000000061cc00000| Untracked 
| 148|0x000000061ce00000, 0x000000061ce00000, 0x000000061d000000|  0%| F|  |TAMS 0x000000061ce00000, 0x000000061ce00000| Untracked 
| 149|0x000000061d000000, 0x000000061d000000, 0x000000061d200000|  0%| F|  |TAMS 0x000000061d000000, 0x000000061d000000| Untracked 
| 150|0x000000061d200000, 0x000000061d200000, 0x000000061d400000|  0%| F|  |TAMS 0x000000061d200000, 0x000000061d200000| Untracked 
| 151|0x000000061d400000, 0x000000061d400000, 0x000000061d600000|  0%| F|  |TAMS 0x000000061d400000, 0x000000061d400000| Untracked 
| 152|0x000000061d600000, 0x000000061d600000, 0x000000061d800000|  0%| F|  |TAMS 0x000000061d600000, 0x000000061d600000| Untracked 
| 153|0x000000061d800000, 0x000000061d800000, 0x000000061da00000|  0%| F|  |TAMS 0x000000061d800000, 0x000000061d800000| Untracked 
| 154|0x000000061da00000, 0x000000061da00000, 0x000000061dc00000|  0%| F|  |TAMS 0x000000061da00000, 0x000000061da00000| Untracked 
| 155|0x000000061dc00000, 0x000000061dc00000, 0x000000061de00000|  0%| F|  |TAMS 0x000000061dc00000, 0x000000061dc00000| Untracked 
| 156|0x000000061de00000, 0x000000061de00000, 0x000000061e000000|  0%| F|  |TAMS 0x000000061de00000, 0x000000061de00000| Untracked 
| 157|0x000000061e000000, 0x000000061e000000, 0x000000061e200000|  0%| F|  |TAMS 0x000000061e000000, 0x000000061e000000| Untracked 
| 158|0x000000061e200000, 0x000000061e200000, 0x000000061e400000|  0%| F|  |TAMS 0x000000061e200000, 0x000000061e200000| Untracked 
| 159|0x000000061e400000, 0x000000061e400000, 0x000000061e600000|  0%| F|  |TAMS 0x000000061e400000, 0x000000061e400000| Untracked 
| 160|0x000000061e600000, 0x000000061e600000, 0x000000061e800000|  0%| F|  |TAMS 0x000000061e600000, 0x000000061e600000| Untracked 
| 161|0x000000061e800000, 0x000000061e800000, 0x000000061ea00000|  0%| F|  |TAMS 0x000000061e800000, 0x000000061e800000| Untracked 
| 162|0x000000061ea00000, 0x000000061ea00000, 0x000000061ec00000|  0%| F|  |TAMS 0x000000061ea00000, 0x000000061ea00000| Untracked 
| 163|0x000000061ec00000, 0x000000061ec00000, 0x000000061ee00000|  0%| F|  |TAMS 0x000000061ec00000, 0x000000061ec00000| Untracked 
| 164|0x000000061ee00000, 0x000000061ee00000, 0x000000061f000000|  0%| F|  |TAMS 0x000000061ee00000, 0x000000061ee00000| Untracked 
| 165|0x000000061f000000, 0x000000061f000000, 0x000000061f200000|  0%| F|  |TAMS 0x000000061f000000, 0x000000061f000000| Untracked 
| 166|0x000000061f200000, 0x000000061f200000, 0x000000061f400000|  0%| F|  |TAMS 0x000000061f200000, 0x000000061f200000| Untracked 
| 167|0x000000061f400000, 0x000000061f400000, 0x000000061f600000|  0%| F|  |TAMS 0x000000061f400000, 0x000000061f400000| Untracked 
| 168|0x000000061f600000, 0x000000061f600000, 0x000000061f800000|  0%| F|  |TAMS 0x000000061f600000, 0x000000061f600000| Untracked 
| 169|0x000000061f800000, 0x000000061f800000, 0x000000061fa00000|  0%| F|  |TAMS 0x000000061f800000, 0x000000061f800000| Untracked 
| 170|0x000000061fa00000, 0x000000061fa00000, 0x000000061fc00000|  0%| F|  |TAMS 0x000000061fa00000, 0x000000061fa00000| Untracked 
| 171|0x000000061fc00000, 0x000000061fc00000, 0x000000061fe00000|  0%| F|  |TAMS 0x000000061fc00000, 0x000000061fc00000| Untracked 
| 172|0x000000061fe00000, 0x000000061fe00000, 0x0000000620000000|  0%| F|  |TAMS 0x000000061fe00000, 0x000000061fe00000| Untracked 
| 173|0x0000000620000000, 0x0000000620000000, 0x0000000620200000|  0%| F|  |TAMS 0x0000000620000000, 0x0000000620000000| Untracked 
| 174|0x0000000620200000, 0x0000000620200000, 0x0000000620400000|  0%| F|  |TAMS 0x0000000620200000, 0x0000000620200000| Untracked 
| 175|0x0000000620400000, 0x0000000620400000, 0x0000000620600000|  0%| F|  |TAMS 0x0000000620400000, 0x0000000620400000| Untracked 
| 176|0x0000000620600000, 0x0000000620600000, 0x0000000620800000|  0%| F|  |TAMS 0x0000000620600000, 0x0000000620600000| Untracked 
| 177|0x0000000620800000, 0x0000000620800000, 0x0000000620a00000|  0%| F|  |TAMS 0x0000000620800000, 0x0000000620800000| Untracked 
| 178|0x0000000620a00000, 0x0000000620a00000, 0x0000000620c00000|  0%| F|  |TAMS 0x0000000620a00000, 0x0000000620a00000| Untracked 
| 179|0x0000000620c00000, 0x0000000620c00000, 0x0000000620e00000|  0%| F|  |TAMS 0x0000000620c00000, 0x0000000620c00000| Untracked 
| 180|0x0000000620e00000, 0x0000000620e00000, 0x0000000621000000|  0%| F|  |TAMS 0x0000000620e00000, 0x0000000620e00000| Untracked 
| 181|0x0000000621000000, 0x0000000621000000, 0x0000000621200000|  0%| F|  |TAMS 0x0000000621000000, 0x0000000621000000| Untracked 
| 182|0x0000000621200000, 0x0000000621200000, 0x0000000621400000|  0%| F|  |TAMS 0x0000000621200000, 0x0000000621200000| Untracked 
| 183|0x0000000621400000, 0x0000000621400000, 0x0000000621600000|  0%| F|  |TAMS 0x0000000621400000, 0x0000000621400000| Untracked 
| 184|0x0000000621600000, 0x0000000621600000, 0x0000000621800000|  0%| F|  |TAMS 0x0000000621600000, 0x0000000621600000| Untracked 
| 185|0x0000000621800000, 0x0000000621800000, 0x0000000621a00000|  0%| F|  |TAMS 0x0000000621800000, 0x0000000621800000| Untracked 
| 186|0x0000000621a00000, 0x0000000621a00000, 0x0000000621c00000|  0%| F|  |TAMS 0x0000000621a00000, 0x0000000621a00000| Untracked 
| 187|0x0000000621c00000, 0x0000000621c00000, 0x0000000621e00000|  0%| F|  |TAMS 0x0000000621c00000, 0x0000000621c00000| Untracked 
| 188|0x0000000621e00000, 0x0000000621e00000, 0x0000000622000000|  0%| F|  |TAMS 0x0000000621e00000, 0x0000000621e00000| Untracked 
| 189|0x0000000622000000, 0x0000000622000000, 0x0000000622200000|  0%| F|  |TAMS 0x0000000622000000, 0x0000000622000000| Untracked 
| 190|0x0000000622200000, 0x0000000622200000, 0x0000000622400000|  0%| F|  |TAMS 0x0000000622200000, 0x0000000622200000| Untracked 
| 191|0x0000000622400000, 0x0000000622400000, 0x0000000622600000|  0%| F|  |TAMS 0x0000000622400000, 0x0000000622400000| Untracked 
| 192|0x0000000622600000, 0x0000000622600000, 0x0000000622800000|  0%| F|  |TAMS 0x0000000622600000, 0x0000000622600000| Untracked 
| 193|0x0000000622800000, 0x0000000622800000, 0x0000000622a00000|  0%| F|  |TAMS 0x0000000622800000, 0x0000000622800000| Untracked 
| 194|0x0000000622a00000, 0x0000000622a00000, 0x0000000622c00000|  0%| F|  |TAMS 0x0000000622a00000, 0x0000000622a00000| Untracked 
| 195|0x0000000622c00000, 0x0000000622c00000, 0x0000000622e00000|  0%| F|  |TAMS 0x0000000622c00000, 0x0000000622c00000| Untracked 
| 196|0x0000000622e00000, 0x0000000622e00000, 0x0000000623000000|  0%| F|  |TAMS 0x0000000622e00000, 0x0000000622e00000| Untracked 
| 197|0x0000000623000000, 0x0000000623000000, 0x0000000623200000|  0%| F|  |TAMS 0x0000000623000000, 0x0000000623000000| Untracked 
| 198|0x0000000623200000, 0x0000000623200000, 0x0000000623400000|  0%| F|  |TAMS 0x0000000623200000, 0x0000000623200000| Untracked 
| 199|0x0000000623400000, 0x0000000623400000, 0x0000000623600000|  0%| F|  |TAMS 0x0000000623400000, 0x0000000623400000| Untracked 
| 200|0x0000000623600000, 0x0000000623600000, 0x0000000623800000|  0%| F|  |TAMS 0x0000000623600000, 0x0000000623600000| Untracked 
| 201|0x0000000623800000, 0x0000000623800000, 0x0000000623a00000|  0%| F|  |TAMS 0x0000000623800000, 0x0000000623800000| Untracked 
| 202|0x0000000623a00000, 0x0000000623a00000, 0x0000000623c00000|  0%| F|  |TAMS 0x0000000623a00000, 0x0000000623a00000| Untracked 
| 203|0x0000000623c00000, 0x0000000623c00000, 0x0000000623e00000|  0%| F|  |TAMS 0x0000000623c00000, 0x0000000623c00000| Untracked 
| 204|0x0000000623e00000, 0x0000000623e00000, 0x0000000624000000|  0%| F|  |TAMS 0x0000000623e00000, 0x0000000623e00000| Untracked 
| 205|0x0000000624000000, 0x0000000624000000, 0x0000000624200000|  0%| F|  |TAMS 0x0000000624000000, 0x0000000624000000| Untracked 
| 206|0x0000000624200000, 0x0000000624200000, 0x0000000624400000|  0%| F|  |TAMS 0x0000000624200000, 0x0000000624200000| Untracked 
| 207|0x0000000624400000, 0x0000000624400000, 0x0000000624600000|  0%| F|  |TAMS 0x0000000624400000, 0x0000000624400000| Untracked 
| 208|0x0000000624600000, 0x0000000624600000, 0x0000000624800000|  0%| F|  |TAMS 0x0000000624600000, 0x0000000624600000| Untracked 
| 209|0x0000000624800000, 0x0000000624800000, 0x0000000624a00000|  0%| F|  |TAMS 0x0000000624800000, 0x0000000624800000| Untracked 
| 210|0x0000000624a00000, 0x0000000624a00000, 0x0000000624c00000|  0%| F|  |TAMS 0x0000000624a00000, 0x0000000624a00000| Untracked 
| 211|0x0000000624c00000, 0x0000000624c00000, 0x0000000624e00000|  0%| F|  |TAMS 0x0000000624c00000, 0x0000000624c00000| Untracked 
| 212|0x0000000624e00000, 0x0000000624e00000, 0x0000000625000000|  0%| F|  |TAMS 0x0000000624e00000, 0x0000000624e00000| Untracked 
| 213|0x0000000625000000, 0x0000000625000000, 0x0000000625200000|  0%| F|  |TAMS 0x0000000625000000, 0x0000000625000000| Untracked 
| 214|0x0000000625200000, 0x0000000625200000, 0x0000000625400000|  0%| F|  |TAMS 0x0000000625200000, 0x0000000625200000| Untracked 
| 215|0x0000000625400000, 0x0000000625400000, 0x0000000625600000|  0%| F|  |TAMS 0x0000000625400000, 0x0000000625400000| Untracked 
| 216|0x0000000625600000, 0x0000000625600000, 0x0000000625800000|  0%| F|  |TAMS 0x0000000625600000, 0x0000000625600000| Untracked 
| 217|0x0000000625800000, 0x0000000625800000, 0x0000000625a00000|  0%| F|  |TAMS 0x0000000625800000, 0x0000000625800000| Untracked 
| 218|0x0000000625a00000, 0x0000000625a00000, 0x0000000625c00000|  0%| F|  |TAMS 0x0000000625a00000, 0x0000000625a00000| Untracked 
| 219|0x0000000625c00000, 0x0000000625c00000, 0x0000000625e00000|  0%| F|  |TAMS 0x0000000625c00000, 0x0000000625c00000| Untracked 
| 220|0x0000000625e00000, 0x0000000625e00000, 0x0000000626000000|  0%| F|  |TAMS 0x0000000625e00000, 0x0000000625e00000| Untracked 
| 221|0x0000000626000000, 0x0000000626000000, 0x0000000626200000|  0%| F|  |TAMS 0x0000000626000000, 0x0000000626000000| Untracked 
| 222|0x0000000626200000, 0x0000000626200000, 0x0000000626400000|  0%| F|  |TAMS 0x0000000626200000, 0x0000000626200000| Untracked 
| 223|0x0000000626400000, 0x0000000626400000, 0x0000000626600000|  0%| F|  |TAMS 0x0000000626400000, 0x0000000626400000| Untracked 
| 224|0x0000000626600000, 0x0000000626600000, 0x0000000626800000|  0%| F|  |TAMS 0x0000000626600000, 0x0000000626600000| Untracked 
| 225|0x0000000626800000, 0x0000000626800000, 0x0000000626a00000|  0%| F|  |TAMS 0x0000000626800000, 0x0000000626800000| Untracked 
| 226|0x0000000626a00000, 0x0000000626a00000, 0x0000000626c00000|  0%| F|  |TAMS 0x0000000626a00000, 0x0000000626a00000| Untracked 
| 227|0x0000000626c00000, 0x0000000626c00000, 0x0000000626e00000|  0%| F|  |TAMS 0x0000000626c00000, 0x0000000626c00000| Untracked 
| 228|0x0000000626e00000, 0x0000000626e00000, 0x0000000627000000|  0%| F|  |TAMS 0x0000000626e00000, 0x0000000626e00000| Untracked 
| 229|0x0000000627000000, 0x0000000627000000, 0x0000000627200000|  0%| F|  |TAMS 0x0000000627000000, 0x0000000627000000| Untracked 
| 230|0x0000000627200000, 0x0000000627200000, 0x0000000627400000|  0%| F|  |TAMS 0x0000000627200000, 0x0000000627200000| Untracked 
| 231|0x0000000627400000, 0x0000000627400000, 0x0000000627600000|  0%| F|  |TAMS 0x0000000627400000, 0x0000000627400000| Untracked 
| 232|0x0000000627600000, 0x0000000627800000, 0x0000000627800000|100%| E|  |TAMS 0x0000000627600000, 0x0000000627600000| Complete 
| 233|0x0000000627800000, 0x0000000627a00000, 0x0000000627a00000|100%| E|CS|TAMS 0x0000000627800000, 0x0000000627800000| Complete 
| 234|0x0000000627a00000, 0x0000000627c00000, 0x0000000627c00000|100%| E|CS|TAMS 0x0000000627a00000, 0x0000000627a00000| Complete 
| 235|0x0000000627c00000, 0x0000000627e00000, 0x0000000627e00000|100%| E|CS|TAMS 0x0000000627c00000, 0x0000000627c00000| Complete 
| 236|0x0000000627e00000, 0x0000000628000000, 0x0000000628000000|100%| E|CS|TAMS 0x0000000627e00000, 0x0000000627e00000| Complete 
| 237|0x0000000628000000, 0x00000006281631c8, 0x0000000628200000| 69%| S|CS|TAMS 0x0000000628000000, 0x0000000628000000| Complete 
| 238|0x0000000628200000, 0x0000000628400000, 0x0000000628400000|100%| S|CS|TAMS 0x0000000628200000, 0x0000000628200000| Complete 
| 239|0x0000000628400000, 0x0000000628600000, 0x0000000628600000|100%| E|CS|TAMS 0x0000000628400000, 0x0000000628400000| Complete 
| 240|0x0000000628600000, 0x0000000628800000, 0x0000000628800000|100%| E|CS|TAMS 0x0000000628600000, 0x0000000628600000| Complete 
| 241|0x0000000628800000, 0x0000000628a00000, 0x0000000628a00000|100%| E|CS|TAMS 0x0000000628800000, 0x0000000628800000| Complete 
| 242|0x0000000628a00000, 0x0000000628c00000, 0x0000000628c00000|100%| E|CS|TAMS 0x0000000628a00000, 0x0000000628a00000| Complete 
| 243|0x0000000628c00000, 0x0000000628e00000, 0x0000000628e00000|100%| E|CS|TAMS 0x0000000628c00000, 0x0000000628c00000| Complete 
| 244|0x0000000628e00000, 0x0000000629000000, 0x0000000629000000|100%| E|CS|TAMS 0x0000000628e00000, 0x0000000628e00000| Complete 
| 245|0x0000000629000000, 0x0000000629200000, 0x0000000629200000|100%| E|CS|TAMS 0x0000000629000000, 0x0000000629000000| Complete 
| 246|0x0000000629200000, 0x0000000629400000, 0x0000000629400000|100%| E|CS|TAMS 0x0000000629200000, 0x0000000629200000| Complete 
| 247|0x0000000629400000, 0x0000000629600000, 0x0000000629600000|100%| E|CS|TAMS 0x0000000629400000, 0x0000000629400000| Complete 
| 248|0x0000000629600000, 0x0000000629800000, 0x0000000629800000|100%| E|CS|TAMS 0x0000000629600000, 0x0000000629600000| Complete 
| 249|0x0000000629800000, 0x0000000629a00000, 0x0000000629a00000|100%| E|CS|TAMS 0x0000000629800000, 0x0000000629800000| Complete 
| 250|0x0000000629a00000, 0x0000000629c00000, 0x0000000629c00000|100%| E|CS|TAMS 0x0000000629a00000, 0x0000000629a00000| Complete 
|3499|0x00000007bfc00000, 0x00000007bfc48000, 0x00000007bfe00000| 14%|OA|  |TAMS 0x00000007bfc00000, 0x00000007bfc00000| Untracked 
|3500|0x00000007bfe00000, 0x00000007bfe6c000, 0x00000007c0000000| 21%|CA|  |TAMS 0x00000007bfe00000, 0x00000007bfe00000| Untracked 

Card table byte_map: [0x00007305d81c7000,0x00007305d9174000] _byte_map_base: 0x00007305d5174000

Marking Bits (Prev, Next): (CMBitMap*) 0x00007305d40595d8, (CMBitMap*) 0x00007305d4059610
 Prev Bits: [0x00007305af2eb000, 0x00007305b7053000)
 Next Bits: [0x00007305a7583000, 0x00007305af2eb000)

Polling page: 0x00007305dc704000

Metaspace:

Usage:
  Non-class:     13.16 MB capacity,    12.88 MB ( 98%) used,   245.06 KB (  2%) free+waste,    41.50 KB ( <1%) overhead. 
      Class:      2.31 MB capacity,     2.15 MB ( 93%) used,   143.95 KB (  6%) free+waste,    22.25 KB ( <1%) overhead. 
       Both:     15.47 MB capacity,    15.02 MB ( 97%) used,   389.02 KB (  2%) free+waste,    63.75 KB ( <1%) overhead. 

Virtual space:
  Non-class space:       14.00 MB reserved,      13.25 MB ( 95%) committed 
      Class space:        1.00 GB reserved,       2.38 MB ( <1%) committed 
             Both:        1.01 GB reserved,      15.62 MB (  2%) committed 

Chunk freelists:
   Non-Class:  30.00 KB
       Class:  5.00 KB
        Both:  35.00 KB

MaxMetaspaceSize: unlimited
CompressedClassSpaceSize: 1.00 GB
Initial GC threshold: 20.80 MB
Current GC threshold: 20.80 MB
CDS: on

CodeHeap 'non-profiled nmethods': size=120032Kb used=751Kb max_used=751Kb free=119280Kb
 bounds [0x00007305c40c8000, 0x00007305c4338000, 0x00007305cb600000]
CodeHeap 'profiled nmethods': size=120028Kb used=3105Kb max_used=3105Kb free=116922Kb
 bounds [0x00007305bcb91000, 0x00007305bcea1000, 0x00007305c40c8000]
CodeHeap 'non-nmethods': size=5700Kb used=1237Kb max_used=1265Kb free=4462Kb
 bounds [0x00007305bc600000, 0x00007305bc870000, 0x00007305bcb91000]
 total_blobs=2310 nmethods=1796 adapters=427
 compilation: enabled
              stopped_count=0, restarted_count=0
 full_count=0

Compilation events (20 events):
Event: 1.046 Thread 0x00007305d42a6000 1787       3       java.util.HashMap::entrySet (27 bytes)
Event: 1.046 Thread 0x00007305d42a6000 nmethod 1787 0x00007305bce96e10 code [0x00007305bce96fe0, 0x00007305bce97410]
Event: 1.047 Thread 0x00007305d42a6000 1788       3       java.lang.ClassLoader::getClassLoader (11 bytes)
Event: 1.047 Thread 0x00007305d42a6000 nmethod 1788 0x00007305bce97590 code [0x00007305bce97740, 0x00007305bce97890]
Event: 1.056 Thread 0x00007305d42a6000 1789       3       java.util.LinkedList$Node::<init> (20 bytes)
Event: 1.056 Thread 0x00007305d42a6000 nmethod 1789 0x00007305bce97990 code [0x00007305bce97b40, 0x00007305bce97df0]
Event: 1.056 Thread 0x00007305d42a6000 1790       3       java.util.LinkedList::add (7 bytes)
Event: 1.056 Thread 0x00007305d42a6000 nmethod 1790 0x00007305bce97e90 code [0x00007305bce98040, 0x00007305bce981a0]
Event: 1.057 Thread 0x00007305d42a6000 1791       3       java.util.regex.Matcher::end (22 bytes)
Event: 1.057 Thread 0x00007305d42a6000 nmethod 1791 0x00007305bce98290 code [0x00007305bce98460, 0x00007305bce986a0]
Event: 1.058 Thread 0x00007305d42a6000 1792       1       org.apache.logging.log4j.core.util.datetime.FixedDateFormat$FixedFormat::getPattern (5 bytes)
Event: 1.058 Thread 0x00007305d42a6000 nmethod 1792 0x00007305c4183690 code [0x00007305c4183840, 0x00007305c4183910]
Event: 1.059 Thread 0x00007305d42a6000 1793       3       java.nio.CharBuffer::arrayOffset (35 bytes)
Event: 1.059 Thread 0x00007305d42a6000 nmethod 1793 0x00007305bce98790 code [0x00007305bce98960, 0x00007305bce98c50]
Event: 1.060 Thread 0x00007305d42a6000 1794       3       java.nio.HeapByteBuffer::ix (7 bytes)
Event: 1.061 Thread 0x00007305d42a6000 nmethod 1794 0x00007305bce98d90 code [0x00007305bce98f40, 0x00007305bce99050]
Event: 1.061 Thread 0x00007305d42a6000 1795       3       java.io.BufferedOutputStream::flushBuffer (29 bytes)
Event: 1.061 Thread 0x00007305d42a6000 nmethod 1795 0x00007305bce99110 code [0x00007305bce992c0, 0x00007305bce99500]
Event: 1.061 Thread 0x00007305d42a6000 1796       1       java.util.LinkedList::size (5 bytes)
Event: 1.061 Thread 0x00007305d42a6000 nmethod 1796 0x00007305c4183990 code [0x00007305c4183b40, 0x00007305c4183c10]

GC Heap History (2 events):
Event: 0.480 GC heap before
{Heap before GC invocations=0 (full 0):
 garbage-first heap   total 518144K, used 23248K [0x000000060a600000, 0x0000000800000000)
  region size 2048K, 12 young (24576K), 0 survivors (0K)
 Metaspace       used 6205K, capacity 8292K, committed 8576K, reserved 1056768K
  class space    used 772K, capacity 1026K, committed 1152K, reserved 1048576K
}
Event: 0.489 GC heap after
{Heap after GC invocations=1 (full 0):
 garbage-first heap   total 518144K, used 4188K [0x000000060a600000, 0x0000000800000000)
  region size 2048K, 2 young (4096K), 2 survivors (4096K)
 Metaspace       used 6205K, capacity 8292K, committed 8576K, reserved 1056768K
  class space    used 772K, capacity 1026K, committed 1152K, reserved 1048576K
}

Deoptimization events (20 events):
Event: 0.666 Thread 0x00007305d4016000 Uncommon trap: trap_request=0xffffffde fr.pc=0x00007305c413b234 relative=0x0000000000000a94
Event: 0.666 Thread 0x00007305d4016000 Uncommon trap: reason=class_check action=maybe_recompile pc=0x00007305c413b234 method=java.util.HashMap.putVal(ILjava/lang/Object;Ljava/lang/Object;ZZ)Ljava/lang/Object; @ 203 c2
Event: 0.666 Thread 0x00007305d4016000 DEOPT PACKING pc=0x00007305c413b234 sp=0x00007305daffa690
Event: 0.666 Thread 0x00007305d4016000 DEOPT UNPACKING pc=0x00007305bc649ea5 sp=0x00007305daffa630 mode 2
Event: 0.701 Thread 0x00007305d4016000 Uncommon trap: trap_request=0xffffffde fr.pc=0x00007305c413b234 relative=0x0000000000000a94
Event: 0.701 Thread 0x00007305d4016000 Uncommon trap: reason=class_check action=maybe_recompile pc=0x00007305c413b234 method=java.util.HashMap.putVal(ILjava/lang/Object;Ljava/lang/Object;ZZ)Ljava/lang/Object; @ 203 c2
Event: 0.701 Thread 0x00007305d4016000 DEOPT PACKING pc=0x00007305c413b234 sp=0x00007305daffc3e0
Event: 0.701 Thread 0x00007305d4016000 DEOPT UNPACKING pc=0x00007305bc649ea5 sp=0x00007305daffc380 mode 2
Event: 0.701 Thread 0x00007305d4016000 Uncommon trap: trap_request=0xffffff4d fr.pc=0x00007305c414f700 relative=0x0000000000000220
Event: 0.701 Thread 0x00007305d4016000 Uncommon trap: reason=unstable_if action=reinterpret pc=0x00007305c414f700 method=java.lang.invoke.LambdaForm$BasicType.basicType(C)Ljava/lang/invoke/LambdaForm$BasicType; @ 1 c2
Event: 0.701 Thread 0x00007305d4016000 DEOPT PACKING pc=0x00007305c414f700 sp=0x00007305daffb790
Event: 0.701 Thread 0x00007305d4016000 DEOPT UNPACKING pc=0x00007305bc649ea5 sp=0x00007305daffb698 mode 2
Event: 0.707 Thread 0x00007305d4016000 Uncommon trap: trap_request=0xffffff4d fr.pc=0x00007305c40e7594 relative=0x0000000000000554
Event: 0.707 Thread 0x00007305d4016000 Uncommon trap: reason=unstable_if action=reinterpret pc=0x00007305c40e7594 method=java.lang.AbstractStringBuilder.append(Ljava/lang/String;)Ljava/lang/AbstractStringBuilder; @ 1 c2
Event: 0.707 Thread 0x00007305d4016000 DEOPT PACKING pc=0x00007305c40e7594 sp=0x00007305daffc530
Event: 0.707 Thread 0x00007305d4016000 DEOPT UNPACKING pc=0x00007305bc649ea5 sp=0x00007305daffc4b0 mode 2
Event: 0.965 Thread 0x00007305d4016000 Uncommon trap: trap_request=0xffffffde fr.pc=0x00007305c413b234 relative=0x0000000000000a94
Event: 0.965 Thread 0x00007305d4016000 Uncommon trap: reason=class_check action=maybe_recompile pc=0x00007305c413b234 method=java.util.HashMap.putVal(ILjava/lang/Object;Ljava/lang/Object;ZZ)Ljava/lang/Object; @ 203 c2
Event: 0.965 Thread 0x00007305d4016000 DEOPT PACKING pc=0x00007305c413b234 sp=0x00007305daffa590
Event: 0.965 Thread 0x00007305d4016000 DEOPT UNPACKING pc=0x00007305bc649ea5 sp=0x00007305daffa530 mode 2

Classes redefined (0 events):
No events

Internal exceptions (20 events):
Event: 0.393 Thread 0x00007305d4016000 Exception <a 'java/lang/NoSuchMethodError'{0x0000000628b83130}: 'void java.lang.invoke.DirectMethodHandle$Holder.invokeStaticInit(java.lang.Object, java.lang.Object, java.lang.Object, java.lang.Object)'> (0x0000000628b83130) thrown at [./src/hotspot/share/interpreter/linkResolver.cpp, line 772]
Event: 0.473 Thread 0x00007305d4016000 Exception <a 'java/lang/NoSuchMethodError'{0x0000000628591100}: 'java.lang.Object java.lang.invoke.DirectMethodHandle$Holder.invokeStatic(java.lang.Object, java.lang.Object, java.lang.Object, java.lang.Object, java.lang.Object, java.lang.Object, java.lang.Object, java.lang.Object, java.lang.Object, java.lang.Object, java.lang.Object, java.lang.Object, java.lang.Object, java.lang.Object, java.lang.Object)'> (0x0000000628591100) thrown at [./src/hotspot/share/interpreter/linkResolver.cpp, line 772]
Event: 0.474 Thread 0x00007305d4016000 Exception <a 'java/lang/NoSuchMethodError'{0x000000062859f108}: 'java.lang.Object java.lang.invoke.DirectMethodHandle$Holder.invokeStatic(java.lang.Object, java.lang.Object, java.lang.Object, java.lang.Object, java.lang.Object, java.lang.Object, java.lang.Object, java.lang.Object, java.lang.Object, java.lang.Object, java.lang.Object, java.lang.Object, java.lang.Object, java.lang.Object, java.lang.Object, java.lang.Object)'> (0x000000062859f108) thrown at [./src/hotspot/share/interpreter/linkResolver.cpp, l
Event: 0.475 Thread 0x00007305d4016000 Exception <a 'java/lang/NoSuchMethodError'{0x00000006285ae4b0}: 'java.lang.Object java.lang.invoke.DirectMethodHandle$Holder.invokeSpecial(java.lang.Object, java.lang.Object, int, int, java.lang.Object, java.lang.Object, java.lang.Object)'> (0x00000006285ae4b0) thrown at [./src/hotspot/share/interpreter/linkResolver.cpp, line 772]
Event: 0.475 Thread 0x00007305d4016000 Exception <a 'java/lang/NoSuchMethodError'{0x00000006285b1ce8}: 'java.lang.Object java.lang.invoke.DelegatingMethodHandle$Holder.reinvoke_L(java.lang.Object, int, int, java.lang.Object, java.lang.Object, java.lang.Object)'> (0x00000006285b1ce8) thrown at [./src/hotspot/share/interpreter/linkResolver.cpp, line 772]
Event: 0.476 Thread 0x00007305d4016000 Exception <a 'java/lang/NoSuchMethodError'{0x00000006285b6198}: 'java.lang.Object java.lang.invoke.DirectMethodHandle$Holder.invokeStatic(java.lang.Object, java.lang.Object, java.lang.Object, java.lang.Object, int)'> (0x00000006285b6198) thrown at [./src/hotspot/share/interpreter/linkResolver.cpp, line 772]
Event: 0.478 Thread 0x00007305d4016000 Exception <a 'java/lang/NoSuchMethodError'{0x00000006285e22d8}: 'java.lang.Object java.lang.invoke.DirectMethodHandle$Holder.invokeStatic(java.lang.Object, java.lang.Object, java.lang.Object, java.lang.Object, int, int, java.lang.Object)'> (0x00000006285e22d8) thrown at [./src/hotspot/share/interpreter/linkResolver.cpp, line 772]
Event: 0.517 Thread 0x00007305d4016000 Exception <a 'java/lang/NoSuchMethodError'{0x0000000629b44910}: 'java.lang.Object java.lang.invoke.DirectMethodHandle$Holder.invokeStatic(java.lang.Object, java.lang.Object, java.lang.Object, java.lang.Object, java.lang.Object, java.lang.Object, java.lang.Object, java.lang.Object, java.lang.Object, java.lang.Object, java.lang.Object, int)'> (0x0000000629b44910) thrown at [./src/hotspot/share/interpreter/linkResolver.cpp, line 772]
Event: 0.518 Thread 0x00007305d4016000 Exception <a 'java/lang/NoSuchMethodError'{0x0000000629b62ab8}: 'java.lang.Object java.lang.invoke.DirectMethodHandle$Holder.invokeStatic(java.lang.Object, java.lang.Object, java.lang.Object, java.lang.Object, java.lang.Object, java.lang.Object, java.lang.Object, java.lang.Object, java.lang.Object, java.lang.Object, java.lang.Object, int, int)'> (0x0000000629b62ab8) thrown at [./src/hotspot/share/interpreter/linkResolver.cpp, line 772]
Event: 0.519 Thread 0x00007305d4016000 Exception <a 'java/lang/NoSuchMethodError'{0x0000000629b81af0}: 'java.lang.Object java.lang.invoke.DirectMethodHandle$Holder.invokeStatic(java.lang.Object, java.lang.Object, java.lang.Object, java.lang.Object, java.lang.Object, java.lang.Object, java.lang.Object, java.lang.Object, java.lang.Object, java.lang.Object, java.lang.Object, int, int, java.lang.Object)'> (0x0000000629b81af0) thrown at [./src/hotspot/share/interpreter/linkResolver.cpp, line 772]
Event: 0.520 Thread 0x00007305d4016000 Exception <a 'java/lang/NoSuchMethodError'{0x0000000629ba21b0}: 'java.lang.Object java.lang.invoke.DirectMethodHandle$Holder.invokeStatic(java.lang.Object, java.lang.Object, java.lang.Object, java.lang.Object, java.lang.Object, java.lang.Object, java.lang.Object, java.lang.Object, java.lang.Object, java.lang.Object, java.lang.Object, int, int, java.lang.Object, java.lang.Object)'> (0x0000000629ba21b0) thrown at [./src/hotspot/share/interpreter/linkResolver.cpp, line 772]
Event: 0.530 Thread 0x00007305d4016000 Implicit null exception at 0x00007305c412c3eb to 0x00007305c412cbf8
Event: 0.530 Thread 0x00007305d4016000 Implicit null exception at 0x00007305c41075af to 0x00007305c410762d
Event: 0.536 Thread 0x00007305d4016000 Exception <a 'java/lang/NoSuchMethodError'{0x0000000629866750}: 'void java.lang.invoke.DirectMethodHandle$Holder.invokeSpecial(java.lang.Object, java.lang.Object, java.lang.Object, java.lang.Object)'> (0x0000000629866750) thrown at [./src/hotspot/share/interpreter/linkResolver.cpp, line 772]
Event: 0.590 Thread 0x00007305d4016000 Exception <a 'sun/nio/fs/UnixException'{0x0000000629762d88}> (0x0000000629762d88) thrown at [./src/hotspot/share/prims/jni.cpp, line 617]
Event: 0.598 Thread 0x00007305d4016000 Exception <a 'java/lang/NoSuchMethodError'{0x00000006297a1d18}: 'java.lang.Object java.lang.invoke.DirectMethodHandle$Holder.invokeStatic(java.lang.Object, int, java.lang.Object)'> (0x00000006297a1d18) thrown at [./src/hotspot/share/interpreter/linkResolver.cpp, line 772]
Event: 0.624 Thread 0x00007305d4016000 Exception <a 'java/lang/NoSuchMethodError'{0x000000062941bd68}: 'int java.lang.invoke.DirectMethodHandle$Holder.invokeInterface(java.lang.Object, java.lang.Object)'> (0x000000062941bd68) thrown at [./src/hotspot/share/interpreter/linkResolver.cpp, line 772]
Event: 0.624 Thread 0x00007305d4016000 Exception <a 'java/lang/IncompatibleClassChangeError'{0x000000062941ed88}: Found class java.lang.Object, but interface was expected> (0x000000062941ed88) thrown at [./src/hotspot/share/interpreter/linkResolver.cpp, line 839]
Event: 0.707 Thread 0x00007305d4016000 Implicit null exception at 0x00007305c40e7083 to 0x00007305c40e757c
Event: 0.946 Thread 0x00007305d4016000 Exception <a 'java/lang/ClassNotFoundException'{0x00000006284e2db0}: java/lang/ClassLoader$ByteBuddyAccessor$7BaKNUVs> (0x00000006284e2db0) thrown at [./src/hotspot/share/classfile/systemDictionary.cpp, line 230]

Events (20 events):
Event: 1.058 loading class org/apache/logging/log4j/core/layout/TextEncoderHelper done
Event: 1.058 loading class java/nio/charset/CharacterCodingException
Event: 1.058 loading class java/nio/charset/CharacterCodingException done
Event: 1.058 loading class org/apache/logging/log4j/core/layout/ByteBufferDestinationHelper
Event: 1.058 loading class org/apache/logging/log4j/core/layout/ByteBufferDestinationHelper done
Event: 1.059 loading class org/mockito/internal/invocation/MatcherApplicationStrategy
Event: 1.059 loading class org/mockito/internal/invocation/MatcherApplicationStrategy done
Event: 1.059 loading class org/mockito/internal/invocation/MatcherApplicationStrategy$MatcherApplicationType
Event: 1.059 loading class org/mockito/internal/invocation/MatcherApplicationStrategy$MatcherApplicationType done
Event: 1.059 loading class org/mockito/internal/invocation/TypeSafeMatching
Event: 1.059 loading class org/mockito/internal/invocation/TypeSafeMatching done
Event: 1.059 loading class org/mockito/internal/invocation/StubInfoImpl
Event: 1.059 loading class org/mockito/internal/invocation/StubInfoImpl done
Event: 1.059 loading class org/mockito/internal/invocation/InvocationMatcher$1
Event: 1.059 loading class org/mockito/internal/invocation/InvocationMatcher$1 done
Event: 1.059 Protecting memory [0x00007305dc750000,0x00007305dc751000] with protection modes 1
Event: 1.059 loading class gov/usdot/cv/libasn1decoder/DecodedResult
Event: 1.059 loading class gov/usdot/cv/libasn1decoder/DecodedResult done
Event: 1.060 loading class org/junit/runner/notification/RunNotifier$7
Event: 1.060 loading class org/junit/runner/notification/RunNotifier$7 done


Dynamic libraries:
60a600000-629c00000 rw-p 00000000 00:00 0 
629c00000-7bfc00000 ---p 00000000 00:00 0 
7bfc00000-7bfc48000 rw-p 00b14000 08:03 22020161                         /usr/lib/jvm/java-11-openjdk-amd64/lib/server/classes.jsa
7bfc48000-7bfe00000 rw-p 00000000 00:00 0 
7bfe00000-7bfe6c000 rw-p 00aa8000 08:03 22020161                         /usr/lib/jvm/java-11-openjdk-amd64/lib/server/classes.jsa
7bfe6c000-7c0000000 rw-p 00000000 00:00 0 
7c0000000-800000000 ---p 00000000 00:00 0 
800000000-800002000 rwxp 00001000 08:03 22020161                         /usr/lib/jvm/java-11-openjdk-amd64/lib/server/classes.jsa
800002000-8003ce000 rw-p 00003000 08:03 22020161                         /usr/lib/jvm/java-11-openjdk-amd64/lib/server/classes.jsa
8003ce000-800aa6000 r--p 003cf000 08:03 22020161                         /usr/lib/jvm/java-11-openjdk-amd64/lib/server/classes.jsa
800aa6000-800aa7000 rw-p 00aa7000 08:03 22020161                         /usr/lib/jvm/java-11-openjdk-amd64/lib/server/classes.jsa
840000000-840260000 rw-p 00000000 00:00 0 
840260000-880000000 ---p 00000000 00:00 0 
61cd6c27f000-61cd6c280000 r--p 00000000 08:03 22020741                   /usr/lib/jvm/java-11-openjdk-amd64/bin/java
61cd6c280000-61cd6c281000 r-xp 00001000 08:03 22020741                   /usr/lib/jvm/java-11-openjdk-amd64/bin/java
61cd6c281000-61cd6c282000 r--p 00002000 08:03 22020741                   /usr/lib/jvm/java-11-openjdk-amd64/bin/java
61cd6c282000-61cd6c283000 r--p 00002000 08:03 22020741                   /usr/lib/jvm/java-11-openjdk-amd64/bin/java
61cd6c283000-61cd6c284000 rw-p 00003000 08:03 22020741                   /usr/lib/jvm/java-11-openjdk-amd64/bin/java
61cda8c82000-61cda8ca3000 rw-p 00000000 00:00 0                          [heap]
730540000000-730540121000 rw-p 00000000 00:00 0 
730540121000-730544000000 ---p 00000000 00:00 0 
730548000000-730548021000 rw-p 00000000 00:00 0 
730548021000-73054c000000 ---p 00000000 00:00 0 
73054c000000-73054c021000 rw-p 00000000 00:00 0 
73054c021000-730550000000 ---p 00000000 00:00 0 
730550000000-730550021000 rw-p 00000000 00:00 0 
730550021000-730554000000 ---p 00000000 00:00 0 
730554000000-730554021000 rw-p 00000000 00:00 0 
730554021000-730558000000 ---p 00000000 00:00 0 
730558000000-730558021000 rw-p 00000000 00:00 0 
730558021000-73055c000000 ---p 00000000 00:00 0 
73055c000000-73055c021000 rw-p 00000000 00:00 0 
73055c021000-730560000000 ---p 00000000 00:00 0 
730560000000-730560720000 rw-p 00000000 00:00 0 
730560720000-730564000000 ---p 00000000 00:00 0 
730564000000-730564021000 rw-p 00000000 00:00 0 
730564021000-730568000000 ---p 00000000 00:00 0 
730568000000-730568021000 rw-p 00000000 00:00 0 
730568021000-73056c000000 ---p 00000000 00:00 0 
73056c000000-73056c021000 rw-p 00000000 00:00 0 
73056c021000-730570000000 ---p 00000000 00:00 0 
730570000000-73057037f000 rw-p 00000000 00:00 0 
73057037f000-730574000000 ---p 00000000 00:00 0 
730574000000-730574021000 rw-p 00000000 00:00 0 
730574021000-730578000000 ---p 00000000 00:00 0 
730578000000-730578021000 rw-p 00000000 00:00 0 
730578021000-73057c000000 ---p 00000000 00:00 0 
73057c000000-73057c78b000 rw-p 00000000 00:00 0 
73057c78b000-730580000000 ---p 00000000 00:00 0 
730580000000-730580021000 rw-p 00000000 00:00 0 
730580021000-730584000000 ---p 00000000 00:00 0 
730585f5d000-730586311000 rw-p 00000000 00:00 0 
730586311000-7305863b5000 r--p 00000000 08:03 4325537                    /home/carma/palash_ws/connectedvcs-tools/fedgov-cv-lib-asn1c/third_party_lib/libasn1c_decoder.so
7305863b5000-730586430000 r-xp 000a4000 08:03 4325537                    /home/carma/palash_ws/connectedvcs-tools/fedgov-cv-lib-asn1c/third_party_lib/libasn1c_decoder.so
730586430000-730586472000 r--p 0011f000 08:03 4325537                    /home/carma/palash_ws/connectedvcs-tools/fedgov-cv-lib-asn1c/third_party_lib/libasn1c_decoder.so
730586472000-730586473000 ---p 00161000 08:03 4325537                    /home/carma/palash_ws/connectedvcs-tools/fedgov-cv-lib-asn1c/third_party_lib/libasn1c_decoder.so
730586473000-73058647e000 r--p 00161000 08:03 4325537                    /home/carma/palash_ws/connectedvcs-tools/fedgov-cv-lib-asn1c/third_party_lib/libasn1c_decoder.so
73058647e000-730586500000 rw-p 0016c000 08:03 4325537                    /home/carma/palash_ws/connectedvcs-tools/fedgov-cv-lib-asn1c/third_party_lib/libasn1c_decoder.so
730586500000-730586504000 ---p 00000000 00:00 0 
730586504000-730586600000 rw-p 00000000 00:00 0 
730586600000-730586740000 rw-p 00000000 00:00 0 
730586740000-730586800000 ---p 00000000 00:00 0 
730586800000-7305869c0000 rw-p 00000000 00:00 0 
7305869c0000-730586c00000 rw-p 00000000 00:00 0 
730586cf8000-730586cf9000 ---p 00000000 00:00 0 
730586cf9000-730586df9000 rw-p 00000000 00:00 0 
730586df9000-730586dfa000 ---p 00000000 00:00 0 
730586dfa000-730586efa000 rw-p 00000000 00:00 0 
730586efa000-730586efb000 ---p 00000000 00:00 0 
730586efb000-730586ffb000 rw-p 00000000 00:00 0 
730586ffb000-730586ffc000 ---p 00000000 00:00 0 
730586ffc000-7305870fc000 rw-p 00000000 00:00 0 
7305870fc000-7305870fd000 ---p 00000000 00:00 0 
7305870fd000-7305871fd000 rw-p 00000000 00:00 0 
7305871fd000-7305871fe000 ---p 00000000 00:00 0 
7305871fe000-7305872fe000 rw-p 00000000 00:00 0 
7305872fe000-7305872ff000 ---p 00000000 00:00 0 
7305872ff000-7305873ff000 rw-p 00000000 00:00 0 
7305873ff000-730587403000 ---p 00000000 00:00 0 
730587403000-7305874ff000 rw-p 00000000 00:00 0 
7305874ff000-730587503000 ---p 00000000 00:00 0 
730587503000-7305875ff000 rw-p 00000000 00:00 0 
7305875ff000-730587600000 ---p 00000000 00:00 0 
730587600000-730587700000 rw-p 00000000 00:00 0 
730587700000-730587704000 ---p 00000000 00:00 0 
730587704000-730587800000 rw-p 00000000 00:00 0 
730587800000-730587804000 ---p 00000000 00:00 0 
730587804000-730587900000 rw-p 00000000 00:00 0 
730587900000-730587904000 ---p 00000000 00:00 0 
730587904000-730587a00000 rw-p 00000000 00:00 0 
730587a00000-730587f73000 r--p 00000000 08:03 17566198                   /usr/lib/locale/locale-archive
730588000000-730588021000 rw-p 00000000 00:00 0 
730588021000-73058c000000 ---p 00000000 00:00 0 
73058c000000-73058c021000 rw-p 00000000 00:00 0 
73058c021000-730590000000 ---p 00000000 00:00 0 
730590000000-730590021000 rw-p 00000000 00:00 0 
730590021000-730594000000 ---p 00000000 00:00 0 
730594000000-730594021000 rw-p 00000000 00:00 0 
730594021000-730598000000 ---p 00000000 00:00 0 
730598000000-730598021000 rw-p 00000000 00:00 0 
730598021000-73059c000000 ---p 00000000 00:00 0 
73059c000000-73059c021000 rw-p 00000000 00:00 0 
73059c021000-7305a0000000 ---p 00000000 00:00 0 
7305a0000000-7305a0021000 rw-p 00000000 00:00 0 
7305a0021000-7305a4000000 ---p 00000000 00:00 0 
7305a40ff000-7305a4103000 ---p 00000000 00:00 0 
7305a4103000-7305a41ff000 rw-p 00000000 00:00 0 
7305a41ff000-7305a4203000 ---p 00000000 00:00 0 
7305a4203000-7305a42ff000 rw-p 00000000 00:00 0 
7305a42ff000-7305a4303000 ---p 00000000 00:00 0 
7305a4303000-7305a43ff000 rw-p 00000000 00:00 0 
7305a43ff000-7305a4403000 ---p 00000000 00:00 0 
7305a4403000-7305a44ff000 rw-p 00000000 00:00 0 
7305a44ff000-7305a4500000 ---p 00000000 00:00 0 
7305a4500000-7305a4600000 rw-p 00000000 00:00 0 
7305a4600000-7305a4e00000 rw-p 00000000 00:00 0 
7305a4efb000-7305a4efc000 ---p 00000000 00:00 0 
7305a4efc000-7305a4ffc000 rw-p 00000000 00:00 0 
7305a4ffc000-7305a4ffd000 ---p 00000000 00:00 0 
7305a4ffd000-7305a50fd000 rw-p 00000000 00:00 0 
7305a50fd000-7305a7400000 rw-p 00000000 00:00 0 
7305a7482000-7305a7d5b000 rw-p 00000000 00:00 0 
7305a7d5b000-7305ae2db000 ---p 00000000 00:00 0 
7305ae2db000-7305ae2eb000 rw-p 00000000 00:00 0 
7305ae2eb000-7305af2eb000 ---p 00000000 00:00 0 
7305af2eb000-7305afac3000 rw-p 00000000 00:00 0 
7305afac3000-7305b6043000 ---p 00000000 00:00 0 
7305b6043000-7305b6053000 rw-p 00000000 00:00 0 
7305b6053000-7305b7053000 ---p 00000000 00:00 0 
7305b7053000-7305b714e000 rw-p 00000000 00:00 0 
7305b714e000-7305b7dfe000 ---p 00000000 00:00 0 
7305b7dfe000-7305b7e00000 rw-p 00000000 00:00 0 
7305b7e00000-7305b8000000 ---p 00000000 00:00 0 
7305b8000000-7305b8021000 rw-p 00000000 00:00 0 
7305b8021000-7305bc000000 ---p 00000000 00:00 0 
7305bc0fb000-7305bc4ff000 rw-p 00000000 00:00 0 
7305bc4ff000-7305bc500000 ---p 00000000 00:00 0 
7305bc500000-7305bc600000 rw-p 00000000 00:00 0 
7305bc600000-7305bc870000 rwxp 00000000 00:00 0 
7305bc870000-7305bcb91000 ---p 00000000 00:00 0 
7305bcb91000-7305bcea1000 rwxp 00000000 00:00 0 
7305bcea1000-7305c40c8000 ---p 00000000 00:00 0 
7305c40c8000-7305c4338000 rwxp 00000000 00:00 0 
7305c4338000-7305cb600000 ---p 00000000 00:00 0 
7305cb600000-7305d3e3b000 r--s 00000000 08:03 22020822                   /usr/lib/jvm/java-11-openjdk-amd64/lib/modules
7305d3eff000-7305d3f00000 ---p 00000000 00:00 0 
7305d3f00000-7305d4000000 rw-p 00000000 00:00 0 
7305d4000000-7305d4a6b000 rw-p 00000000 00:00 0 
7305d4a6b000-7305d8000000 ---p 00000000 00:00 0 
7305d8043000-7305d82c2000 rw-p 00000000 00:00 0 
7305d82c2000-7305d8f72000 ---p 00000000 00:00 0 
7305d8f72000-7305d8f74000 rw-p 00000000 00:00 0 
7305d8f74000-7305d9174000 ---p 00000000 00:00 0 
7305d9174000-7305d926f000 rw-p 00000000 00:00 0 
7305d926f000-7305d9f1f000 ---p 00000000 00:00 0 
7305d9f1f000-7305d9f21000 rw-p 00000000 00:00 0 
7305d9f21000-7305da121000 ---p 00000000 00:00 0 
7305da121000-7305da929000 rw-p 00000000 00:00 0 
7305da929000-7305da92a000 ---p 00000000 00:00 0 
7305da92a000-7305daa2a000 rw-p 00000000 00:00 0 
7305daa2a000-7305daa2f000 rw-p 00000000 00:00 0 
7305daa2f000-7305dab15000 ---p 00000000 00:00 0 
7305dab15000-7305dab1c000 rw-p 00000000 00:00 0 
7305dab1c000-7305dac00000 ---p 00000000 00:00 0 
7305dac00000-7305dac9a000 r--p 00000000 08:03 17592649                   /usr/lib/x86_64-linux-gnu/libstdc++.so.6.0.30
7305dac9a000-7305dadab000 r-xp 0009a000 08:03 17592649                   /usr/lib/x86_64-linux-gnu/libstdc++.so.6.0.30
7305dadab000-7305dae1a000 r--p 001ab000 08:03 17592649                   /usr/lib/x86_64-linux-gnu/libstdc++.so.6.0.30
7305dae1a000-7305dae1b000 ---p 0021a000 08:03 17592649                   /usr/lib/x86_64-linux-gnu/libstdc++.so.6.0.30
7305dae1b000-7305dae26000 r--p 0021a000 08:03 17592649                   /usr/lib/x86_64-linux-gnu/libstdc++.so.6.0.30
7305dae26000-7305dae29000 rw-p 00225000 08:03 17592649                   /usr/lib/x86_64-linux-gnu/libstdc++.so.6.0.30
7305dae29000-7305dae2c000 rw-p 00000000 00:00 0 
7305dae66000-7305daf00000 rw-p 00000000 00:00 0 
7305daf00000-7305daf04000 ---p 00000000 00:00 0 
7305daf04000-7305db000000 rw-p 00000000 00:00 0 
7305db000000-7305db283000 r--p 00000000 08:03 22020825                   /usr/lib/jvm/java-11-openjdk-amd64/lib/server/libjvm.so
7305db283000-7305dbf2e000 r-xp 00283000 08:03 22020825                   /usr/lib/jvm/java-11-openjdk-amd64/lib/server/libjvm.so
7305dbf2e000-7305dc18a000 r--p 00f2e000 08:03 22020825                   /usr/lib/jvm/java-11-openjdk-amd64/lib/server/libjvm.so
7305dc18a000-7305dc24e000 r--p 01189000 08:03 22020825                   /usr/lib/jvm/java-11-openjdk-amd64/lib/server/libjvm.so
7305dc24e000-7305dc289000 rw-p 0124d000 08:03 22020825                   /usr/lib/jvm/java-11-openjdk-amd64/lib/server/libjvm.so
7305dc289000-7305dc2e0000 rw-p 00000000 00:00 0 
7305dc302000-7305dc309000 r--s 00000000 08:03 17566187                   /usr/lib/x86_64-linux-gnu/gconv/gconv-modules.cache
7305dc309000-7305dc30b000 r--p 00000000 08:03 22020810                   /usr/lib/jvm/java-11-openjdk-amd64/lib/libmanagement_ext.so
7305dc30b000-7305dc30e000 r-xp 00002000 08:03 22020810                   /usr/lib/jvm/java-11-openjdk-amd64/lib/libmanagement_ext.so
7305dc30e000-7305dc310000 r--p 00005000 08:03 22020810                   /usr/lib/jvm/java-11-openjdk-amd64/lib/libmanagement_ext.so
7305dc310000-7305dc311000 r--p 00006000 08:03 22020810                   /usr/lib/jvm/java-11-openjdk-amd64/lib/libmanagement_ext.so
7305dc311000-7305dc312000 rw-p 00007000 08:03 22020810                   /usr/lib/jvm/java-11-openjdk-amd64/lib/libmanagement_ext.so
7305dc312000-7305dc315000 r--p 00000000 08:03 22020808                   /usr/lib/jvm/java-11-openjdk-amd64/lib/libmanagement.so
7305dc315000-7305dc316000 r-xp 00003000 08:03 22020808                   /usr/lib/jvm/java-11-openjdk-amd64/lib/libmanagement.so
7305dc316000-7305dc317000 r--p 00004000 08:03 22020808                   /usr/lib/jvm/java-11-openjdk-amd64/lib/libmanagement.so
7305dc317000-7305dc318000 r--p 00004000 08:03 22020808                   /usr/lib/jvm/java-11-openjdk-amd64/lib/libmanagement.so
7305dc318000-7305dc319000 rw-p 00005000 08:03 22020808                   /usr/lib/jvm/java-11-openjdk-amd64/lib/libmanagement.so
7305dc319000-7305dc327000 r--p 00000000 08:03 17565827                   /usr/lib/x86_64-linux-gnu/libm.so.6
7305dc327000-7305dc3a3000 r-xp 0000e000 08:03 17565827                   /usr/lib/x86_64-linux-gnu/libm.so.6
7305dc3a3000-7305dc3fe000 r--p 0008a000 08:03 17565827                   /usr/lib/x86_64-linux-gnu/libm.so.6
7305dc3fe000-7305dc3ff000 r--p 000e4000 08:03 17565827                   /usr/lib/x86_64-linux-gnu/libm.so.6
7305dc3ff000-7305dc400000 rw-p 000e5000 08:03 17565827                   /usr/lib/x86_64-linux-gnu/libm.so.6
7305dc400000-7305dc428000 r--p 00000000 08:03 17565813                   /usr/lib/x86_64-linux-gnu/libc.so.6
7305dc428000-7305dc5bd000 r-xp 00028000 08:03 17565813                   /usr/lib/x86_64-linux-gnu/libc.so.6
7305dc5bd000-7305dc615000 r--p 001bd000 08:03 17565813                   /usr/lib/x86_64-linux-gnu/libc.so.6
7305dc615000-7305dc616000 ---p 00215000 08:03 17565813                   /usr/lib/x86_64-linux-gnu/libc.so.6
7305dc616000-7305dc61a000 r--p 00215000 08:03 17565813                   /usr/lib/x86_64-linux-gnu/libc.so.6
7305dc61a000-7305dc61c000 rw-p 00219000 08:03 17565813                   /usr/lib/x86_64-linux-gnu/libc.so.6
7305dc61c000-7305dc629000 rw-p 00000000 00:00 0 
7305dc62c000-7305dc630000 r--p 00000000 08:03 22020812                   /usr/lib/jvm/java-11-openjdk-amd64/lib/libnet.so
7305dc630000-7305dc63e000 r-xp 00004000 08:03 22020812                   /usr/lib/jvm/java-11-openjdk-amd64/lib/libnet.so
7305dc63e000-7305dc642000 r--p 00012000 08:03 22020812                   /usr/lib/jvm/java-11-openjdk-amd64/lib/libnet.so
7305dc642000-7305dc643000 r--p 00015000 08:03 22020812                   /usr/lib/jvm/java-11-openjdk-amd64/lib/libnet.so
7305dc643000-7305dc644000 rw-p 00016000 08:03 22020812                   /usr/lib/jvm/java-11-openjdk-amd64/lib/libnet.so
7305dc644000-7305dc64b000 r--p 00000000 08:03 22020813                   /usr/lib/jvm/java-11-openjdk-amd64/lib/libnio.so
7305dc64b000-7305dc653000 r-xp 00007000 08:03 22020813                   /usr/lib/jvm/java-11-openjdk-amd64/lib/libnio.so
7305dc653000-7305dc656000 r--p 0000f000 08:03 22020813                   /usr/lib/jvm/java-11-openjdk-amd64/lib/libnio.so
7305dc656000-7305dc657000 r--p 00011000 08:03 22020813                   /usr/lib/jvm/java-11-openjdk-amd64/lib/libnio.so
7305dc657000-7305dc658000 rw-p 00012000 08:03 22020813                   /usr/lib/jvm/java-11-openjdk-amd64/lib/libnio.so
7305dc658000-7305dc65d000 rw-p 00000000 00:00 0 
7305dc65d000-7305dc664000 ---p 00000000 00:00 0 
7305dc664000-7305dc666000 r--p 00000000 08:03 22020821                   /usr/lib/jvm/java-11-openjdk-amd64/lib/libzip.so
7305dc666000-7305dc66b000 r-xp 00002000 08:03 22020821                   /usr/lib/jvm/java-11-openjdk-amd64/lib/libzip.so
7305dc66b000-7305dc66d000 r--p 00007000 08:03 22020821                   /usr/lib/jvm/java-11-openjdk-amd64/lib/libzip.so
7305dc66d000-7305dc66e000 r--p 00008000 08:03 22020821                   /usr/lib/jvm/java-11-openjdk-amd64/lib/libzip.so
7305dc66e000-7305dc66f000 rw-p 00009000 08:03 22020821                   /usr/lib/jvm/java-11-openjdk-amd64/lib/libzip.so
7305dc66f000-7305dc677000 rw-s 00000000 08:03 25297512                   /tmp/hsperfdata_root/72623
7305dc677000-7305dc679000 r--p 00000000 08:03 22020804                   /usr/lib/jvm/java-11-openjdk-amd64/lib/libjimage.so
7305dc679000-7305dc67c000 r-xp 00002000 08:03 22020804                   /usr/lib/jvm/java-11-openjdk-amd64/lib/libjimage.so
7305dc67c000-7305dc67d000 r--p 00005000 08:03 22020804                   /usr/lib/jvm/java-11-openjdk-amd64/lib/libjimage.so
7305dc67d000-7305dc67e000 ---p 00006000 08:03 22020804                   /usr/lib/jvm/java-11-openjdk-amd64/lib/libjimage.so
7305dc67e000-7305dc67f000 r--p 00006000 08:03 22020804                   /usr/lib/jvm/java-11-openjdk-amd64/lib/libjimage.so
7305dc67f000-7305dc680000 rw-p 00007000 08:03 22020804                   /usr/lib/jvm/java-11-openjdk-amd64/lib/libjimage.so
7305dc680000-7305dc68e000 r--p 00000000 08:03 22020801                   /usr/lib/jvm/java-11-openjdk-amd64/lib/libjava.so
7305dc68e000-7305dc6a4000 r-xp 0000e000 08:03 22020801                   /usr/lib/jvm/java-11-openjdk-amd64/lib/libjava.so
7305dc6a4000-7305dc6ab000 r--p 00024000 08:03 22020801                   /usr/lib/jvm/java-11-openjdk-amd64/lib/libjava.so
7305dc6ab000-7305dc6ac000 r--p 0002a000 08:03 22020801                   /usr/lib/jvm/java-11-openjdk-amd64/lib/libjava.so
7305dc6ac000-7305dc6ad000 rw-p 0002b000 08:03 22020801                   /usr/lib/jvm/java-11-openjdk-amd64/lib/libjava.so
7305dc6ad000-7305dc6ae000 rw-p 00000000 00:00 0 
7305dc6ae000-7305dc6af000 r--p 00000000 08:03 17565852                   /usr/lib/x86_64-linux-gnu/librt.so.1
7305dc6af000-7305dc6b0000 r-xp 00001000 08:03 17565852                   /usr/lib/x86_64-linux-gnu/librt.so.1
7305dc6b0000-7305dc6b1000 r--p 00002000 08:03 17565852                   /usr/lib/x86_64-linux-gnu/librt.so.1
7305dc6b1000-7305dc6b2000 r--p 00002000 08:03 17565852                   /usr/lib/x86_64-linux-gnu/librt.so.1
7305dc6b2000-7305dc6b3000 rw-p 00003000 08:03 17565852                   /usr/lib/x86_64-linux-gnu/librt.so.1
7305dc6b3000-7305dc6b6000 r--p 00000000 08:03 17591861                   /usr/lib/x86_64-linux-gnu/libgcc_s.so.1
7305dc6b6000-7305dc6cd000 r-xp 00003000 08:03 17591861                   /usr/lib/x86_64-linux-gnu/libgcc_s.so.1
7305dc6cd000-7305dc6d1000 r--p 0001a000 08:03 17591861                   /usr/lib/x86_64-linux-gnu/libgcc_s.so.1
7305dc6d1000-7305dc6d2000 r--p 0001d000 08:03 17591861                   /usr/lib/x86_64-linux-gnu/libgcc_s.so.1
7305dc6d2000-7305dc6d3000 rw-p 0001e000 08:03 17591861                   /usr/lib/x86_64-linux-gnu/libgcc_s.so.1
7305dc6d3000-7305dc6d5000 rw-p 00000000 00:00 0 
7305dc6d5000-7305dc6d8000 r--p 00000000 08:03 22020786                   /usr/lib/jvm/java-11-openjdk-amd64/lib/jli/libjli.so
7305dc6d8000-7305dc6e2000 r-xp 00003000 08:03 22020786                   /usr/lib/jvm/java-11-openjdk-amd64/lib/jli/libjli.so
7305dc6e2000-7305dc6e5000 r--p 0000d000 08:03 22020786                   /usr/lib/jvm/java-11-openjdk-amd64/lib/jli/libjli.so
7305dc6e5000-7305dc6e6000 ---p 00010000 08:03 22020786                   /usr/lib/jvm/java-11-openjdk-amd64/lib/jli/libjli.so
7305dc6e6000-7305dc6e7000 r--p 00010000 08:03 22020786                   /usr/lib/jvm/java-11-openjdk-amd64/lib/jli/libjli.so
7305dc6e7000-7305dc6e8000 rw-p 00011000 08:03 22020786                   /usr/lib/jvm/java-11-openjdk-amd64/lib/jli/libjli.so
7305dc6e8000-7305dc6ea000 r--p 00000000 08:03 17592918                   /usr/lib/x86_64-linux-gnu/libz.so.1.2.11
7305dc6ea000-7305dc6fb000 r-xp 00002000 08:03 17592918                   /usr/lib/x86_64-linux-gnu/libz.so.1.2.11
7305dc6fb000-7305dc701000 r--p 00013000 08:03 17592918                   /usr/lib/x86_64-linux-gnu/libz.so.1.2.11
7305dc701000-7305dc702000 ---p 00019000 08:03 17592918                   /usr/lib/x86_64-linux-gnu/libz.so.1.2.11
7305dc702000-7305dc703000 r--p 00019000 08:03 17592918                   /usr/lib/x86_64-linux-gnu/libz.so.1.2.11
7305dc703000-7305dc704000 rw-p 0001a000 08:03 17592918                   /usr/lib/x86_64-linux-gnu/libz.so.1.2.11
7305dc704000-7305dc705000 ---p 00000000 00:00 0 
7305dc705000-7305dc706000 r--p 00000000 00:00 0 
7305dc706000-7305dc70b000 r--p 00000000 08:03 22020820                   /usr/lib/jvm/java-11-openjdk-amd64/lib/libverify.so
7305dc70b000-7305dc712000 r-xp 00005000 08:03 22020820                   /usr/lib/jvm/java-11-openjdk-amd64/lib/libverify.so
7305dc712000-7305dc714000 r--p 0000c000 08:03 22020820                   /usr/lib/jvm/java-11-openjdk-amd64/lib/libverify.so
7305dc714000-7305dc716000 r--p 0000d000 08:03 22020820                   /usr/lib/jvm/java-11-openjdk-amd64/lib/libverify.so
7305dc716000-7305dc717000 rw-p 0000f000 08:03 22020820                   /usr/lib/jvm/java-11-openjdk-amd64/lib/libverify.so
7305dc717000-7305dc719000 rw-p 00000000 00:00 0 
7305dc719000-7305dc71b000 r--p 00000000 08:03 17565805                   /usr/lib/x86_64-linux-gnu/ld-linux-x86-64.so.2
7305dc71b000-7305dc745000 r-xp 00002000 08:03 17565805                   /usr/lib/x86_64-linux-gnu/ld-linux-x86-64.so.2
7305dc745000-7305dc750000 r--p 0002c000 08:03 17565805                   /usr/lib/x86_64-linux-gnu/ld-linux-x86-64.so.2
7305dc750000-7305dc751000 r--p 00000000 00:00 0 
7305dc751000-7305dc753000 r--p 00037000 08:03 17565805                   /usr/lib/x86_64-linux-gnu/ld-linux-x86-64.so.2
7305dc753000-7305dc755000 rw-p 00039000 08:03 17565805                   /usr/lib/x86_64-linux-gnu/ld-linux-x86-64.so.2
7ffcf61c5000-7ffcf61e6000 rw-p 00000000 00:00 0                          [stack]
7ffcf61ed000-7ffcf61f1000 r--p 00000000 00:00 0                          [vvar]
7ffcf61f1000-7ffcf61f3000 r-xp 00000000 00:00 0                          [vdso]
ffffffffff600000-ffffffffff601000 --xp 00000000 00:00 0                  [vsyscall]


VM Arguments:
java_command: /home/carma/palash_ws/connectedvcs-tools/fedgov-cv-asn1decoder/target/surefire/surefirebooter10696254792046997797.jar /home/carma/palash_ws/connectedvcs-tools/fedgov-cv-asn1decoder/target/surefire/surefire2189691549185250212tmp /home/carma/palash_ws/connectedvcs-tools/fedgov-cv-asn1decoder/target/surefire/surefire_014324647154387296533tmp
java_class_path (initial): /home/carma/palash_ws/connectedvcs-tools/fedgov-cv-asn1decoder/target/surefire/surefirebooter10696254792046997797.jar
Launcher Type: SUN_STANDARD

[Global flags]
     intx CICompilerCount                          = 4                                         {product} {ergonomic}
     uint ConcGCThreads                            = 2                                         {product} {ergonomic}
     uint G1ConcRefinementThreads                  = 8                                         {product} {ergonomic}
   size_t G1HeapRegionSize                         = 2097152                                   {product} {ergonomic}
    uintx GCDrainStackTargetSize                   = 64                                        {product} {ergonomic}
   size_t InitialHeapSize                          = 526385152                                 {product} {ergonomic}
   size_t MarkStackSize                            = 4194304                                   {product} {ergonomic}
   size_t MaxHeapSize                              = 8415870976                                {product} {ergonomic}
   size_t MaxNewSize                               = 5047844864                                {product} {ergonomic}
   size_t MinHeapDeltaBytes                        = 2097152                                   {product} {ergonomic}
    uintx NonNMethodCodeHeapSize                   = 5836300                                {pd product} {ergonomic}
    uintx NonProfiledCodeHeapSize                  = 122910970                              {pd product} {ergonomic}
    uintx ProfiledCodeHeapSize                     = 122910970                              {pd product} {ergonomic}
    uintx ReservedCodeCacheSize                    = 251658240                              {pd product} {ergonomic}
     bool SegmentedCodeCache                       = true                                      {product} {ergonomic}
     bool UseCompressedClassPointers               = true                                 {lp64_product} {ergonomic}
     bool UseCompressedOops                        = true                                 {lp64_product} {ergonomic}
     bool UseG1GC                                  = true                                      {product} {ergonomic}

Logging:
Log output configuration:
 #0: stdout all=warning uptime,level,tags
 #1: stderr all=off uptime,level,tags

Environment Variables:
PATH=/usr/local/sbin:/usr/local/bin:/usr/sbin:/usr/bin:/sbin:/bin:/snap/bin
LD_LIBRARY_PATH=/home/carma/palash_ws/connectedvcs-tools/fedgov-cv-lib-asn1c/third_party_lib
SHELL=/bin/bash
DISPLAY=:0
LANG=en_US.UTF-8
TERM=xterm-256color

Signal Handlers:
SIGSEGV: [libjvm.so+0xebbc90], sa_mask[0]=11111111011111111101111111111110, sa_flags=SA_RESTART|SA_SIGINFO
SIGBUS: [libjvm.so+0xebbc90], sa_mask[0]=11111111011111111101111111111110, sa_flags=SA_RESTART|SA_SIGINFO
SIGFPE: [libjvm.so+0xebbc90], sa_mask[0]=11111111011111111101111111111110, sa_flags=SA_RESTART|SA_SIGINFO
SIGPIPE: [libjvm.so+0xbfdf90], sa_mask[0]=11111111011111111101111111111110, sa_flags=SA_RESTART|SA_SIGINFO
SIGXFSZ: [libjvm.so+0xbfdf90], sa_mask[0]=11111111011111111101111111111110, sa_flags=SA_RESTART|SA_SIGINFO
SIGILL: [libjvm.so+0xebbc90], sa_mask[0]=11111111011111111101111111111110, sa_flags=SA_RESTART|SA_SIGINFO
SIGUSR2: [libjvm.so+0xbfde30], sa_mask[0]=00000000000000000000000000000000, sa_flags=SA_RESTART|SA_SIGINFO
SIGHUP: [libjvm.so+0xbfe5f0], sa_mask[0]=11111111011111111101111111111110, sa_flags=SA_RESTART|SA_SIGINFO
SIGINT: [libjvm.so+0xbfe5f0], sa_mask[0]=11111111011111111101111111111110, sa_flags=SA_RESTART|SA_SIGINFO
SIGTERM: [libjvm.so+0xbfe5f0], sa_mask[0]=11111111011111111101111111111110, sa_flags=SA_RESTART|SA_SIGINFO
SIGQUIT: [libjvm.so+0xbfe5f0], sa_mask[0]=11111111011111111101111111111110, sa_flags=SA_RESTART|SA_SIGINFO


---------------  S Y S T E M  ---------------

OS:DISTRIB_ID=Ubuntu
DISTRIB_RELEASE=22.04
DISTRIB_CODENAME=jammy
DISTRIB_DESCRIPTION="Ubuntu 22.04.5 LTS"
uname:Linux 6.8.0-58-generic #60~22.04.1-Ubuntu SMP PREEMPT_DYNAMIC Fri Mar 28 16:09:21 UTC 2 x86_64
OS uptime: 0 days 2:07 hours
libc:glibc 2.35 NPTL 2.35 
rlimit (soft/hard): STACK 8192k/infinity , CORE 0k/0k , NPROC 128075/128075 , NOFILE 1048576/1048576 , AS infinity/infinity , CPU infinity/infinity , DATA infinity/infinity , FSIZE infinity/infinity , MEMLOCK 4108324k/4108324k
load average:2.08 1.41 1.03

/proc/meminfo:
MemTotal:       32866608 kB
MemFree:        23514872 kB
MemAvailable:   29190288 kB
Buffers:          185364 kB
Cached:          5805672 kB
SwapCached:            0 kB
Active:          4821392 kB
Inactive:        3899744 kB
Active(anon):    2820888 kB
Inactive(anon):        0 kB
Active(file):    2000504 kB
Inactive(file):  3899744 kB
Unevictable:          16 kB
Mlocked:              16 kB
SwapTotal:       2097148 kB
SwapFree:        2097148 kB
Zswap:                 0 kB
Zswapped:              0 kB
Dirty:              1076 kB
Writeback:             0 kB
AnonPages:       2730208 kB
Mapped:           891228 kB
Shmem:             90788 kB
KReclaimable:     238860 kB
Slab:             452764 kB
SReclaimable:     238860 kB
SUnreclaim:       213904 kB
KernelStack:       16784 kB
PageTables:        34740 kB
SecPageTables:         0 kB
NFS_Unstable:          0 kB
Bounce:                0 kB
WritebackTmp:          0 kB
CommitLimit:    18530452 kB
Committed_AS:   13056780 kB
VmallocTotal:   34359738367 kB
VmallocUsed:       37620 kB
VmallocChunk:          0 kB
Percpu:             7296 kB
HardwareCorrupted:     0 kB
AnonHugePages:         0 kB
ShmemHugePages:        0 kB
ShmemPmdMapped:        0 kB
FileHugePages:         0 kB
FilePmdMapped:         0 kB
Unaccepted:            0 kB
HugePages_Total:       0
HugePages_Free:        0
HugePages_Rsvd:        0
HugePages_Surp:        0
Hugepagesize:       2048 kB
Hugetlb:               0 kB
DirectMap4k:      194496 kB
DirectMap2M:    33359872 kB

/sys/kernel/mm/transparent_hugepage/enabled:
always [madvise] never
/sys/kernel/mm/transparent_hugepage/defrag (defrag/compaction efforts parameter):
always defer defer+madvise [madvise] never

Process Memory:
Virtual Size: 11737640K (peak: 19883308K)
Resident Set Size: 129892K (peak: 129892K) (anon: 100964K, file: 28928K, shmem: 0K)
Swapped out: 0K
C-Heap outstanding allocations: 44529K, retained: 10058K
glibc malloc tunables: (default)

/proc/sys/kernel/threads-max (system-wide limit on the number of threads):
256150
/proc/sys/vm/max_map_count (maximum number of memory map areas a process may have):
65530
/proc/sys/kernel/pid_max (system-wide limit on number of process identifiers):
4194304

container (cgroup) information:
container_type: cgroupv2
cpu_cpuset_cpus: not supported
cpu_memory_nodes: not supported
active_processor_count: 8
cpu_quota: not supported
cpu_period: not supported
cpu_shares: not supported
memory_limit_in_bytes: unlimited
memory_and_swap_limit_in_bytes: unlimited
memory_soft_limit_in_bytes: unlimited
memory_usage_in_bytes: 2827332 k
memory_max_usage_in_bytes: not supported
memory_swap_current_in_bytes: unlimited
memory_swap_max_limit_in_bytes: unlimited
maximum number of tasks: 38422
current number of tasks: 290

KVM virtualization detected
Steal ticks since vm start: 0
Steal ticks percentage since vm start:  0.000

CPU:total 8 (initial active 8) (8 cores per cpu, 1 threads per core) family 6 model 151 stepping 2 microcode 0x35, cmov, cx8, fxsr, mmx, sse, sse2, sse3, ssse3, sse4.1, sse4.2, popcnt, avx, avx2, aes, clmul, 3dnowpref, lzcnt, tsc, tscinvbit, bmi1, bmi2
CPU Model and flags from /proc/cpuinfo:
model name	: 12th Gen Intel(R) Core(TM) i7-12850HX
flags		: fpu vme de pse tsc msr pae mce cx8 apic sep mtrr pge mca cmov pat pse36 clflush mmx fxsr sse sse2 ht syscall nx rdtscp lm constant_tsc rep_good nopl xtopology nonstop_tsc cpuid tsc_known_freq pni pclmulqdq ssse3 cx16 sse4_1 sse4_2 x2apic movbe popcnt aes xsave avx rdrand hypervisor lahf_lm abm 3dnowprefetch pti fsgsbase bmi1 avx2 bmi2 invpcid rdseed clflushopt arat md_clear flush_l1d arch_capabilities
Online cpus:
0-7
Offline cpus:

BIOS frequency limitation:
<Not Available>
Frequency switch latency (ns):
<Not Available>
Available cpu frequencies:
<Not Available>
Current governor:
<Not Available>
Core performance/turbo boost:
<Not Available>

Memory: 4k page, physical 32866608k(23514872k free), swap 2097148k(2097148k free)

vm_info: OpenJDK 64-Bit Server VM (11.0.26+4-post-Ubuntu-1ubuntu122.04) for linux-amd64 JRE (11.0.26+4-post-Ubuntu-1ubuntu122.04), built on Jan 23 2025 23:02:35 by "unknown" with gcc 11.4.0

END.
