#
# A fatal error has been detected by the Java Runtime Environment:
#
#  SIGSEGV (0xb) at pc=0x00007f17d6152f87, pid=1204129, tid=0x00007f1789a8a700
#
# JRE version: OpenJDK Runtime Environment (8.0_452-b09) (build 1.8.0_452-8u452-ga~us1-0ubuntu1~20.04-b09)
# Java VM: OpenJDK 64-Bit Server VM (25.452-b09 mixed mode linux-amd64 compressed oops)
# Problematic frame:
# V  [libjvm.so+0x712f87]
#
# Failed to write core dump. Core dumps have been disabled. To enable core dumping, try "ulimit -c unlimited" before starting Java again
#
# If you would like to submit a bug report, please visit:
#   http://bugreport.java.com/bugreport/crash.jsp
#

---------------  T H R E A D  ---------------

Current thread (0x00007f17d076e800):  JavaThread "pool-2-thread-6" daemon [_thread_in_vm, id=1204178, stack(0x00007f178998a000,0x00007f1789a8b000)]

siginfo: si_signo: 11 (SIGSEGV), si_code: 1 (SEGV_MAPERR), si_addr: 0x0000000000000000

Registers:
RAX=0x0000000000000000, RBX=0x0000000000000000, RCX=0x00007f17d6152f00, RDX=0x00007f17d68269b8
RSP=0x00007f1789a86f40, RBP=0x00007f1789a86f90, RSI=0x0000000000000000, RDI=0x00007f17d076e800
R8 =0x00007f178936aa10, R9 =0x000000000000000b, R10=0x00007f1789a86bb0, R11=0x00007f17c100045f
R12=0x00007f17d076e800, R13=0x00007f17d076ea60, R14=0x0000000000000000, R15=0x00007f17d076e800
RIP=0x00007f17d6152f87, EFLAGS=0x0000000000010246, CSGSFS=0x002b000000000033, ERR=0x0000000000000004
  TRAPNO=0x000000000000000e

Top of Stack: (sp=0x00007f1789a86f40)
0x00007f1789a86f40:   00007f17d076e800 0000000000000000
0x00007f1789a86f50:   00007f171c1124c0 84dcbb4cd8811b00
0x00007f1789a86f60:   00007f17d076e800 84dcbb4cd8811b00
0x00007f1789a86f70:   0000000000000000 0000000000000000
0x00007f1789a86f80:   00007f1788f93b48 00007f1789a886b8
0x00007f1789a86f90:   00007f1789a88610 00007f1788e9f1e5
0x00007f1789a86fa0:   5865646fc06cb260 00007f1789a886a0
0x00007f1789a86fb0:   00007f1789a886a8 00007f1789a886b0
0x00007f1789a86fc0:   00007f1789a886b8 00007f17d076ea60
0x00007f1789a86fd0:   4274657366666f20 016f202c303d3031
0x00007f1789a86fe0:   0000000474650100 000000010000000d
0x00007f1789a86ff0:   0000000b00000001 0000000100000002
0x00007f1789a87000:   0000000000000000 4274657366666f20
0x00007f1789a87010:   666f202c303d3431 0000000100000001
0x00007f1789a87020:   000007e84514c000 000000050000000c
0x00007f1789a87030:   0000000d00000002 0000000d0000000c
0x00007f1789a87040:   0000000400000004 0000000e00000001
0x00007f1789a87050:   0000000900000002 0000000d0000000b
0x00007f1789a87060:   0000000d0000000d 0000000100000001
0x00007f1789a87070:   0000000100000001 4274657366666f20
0x00007f1789a87080:   000000000000000d 314274657366666f
0x00007f1789a87090:   00000000000008fe 00007f171c1006f0
0x00007f1789a870a0:   00007f171c000e10 00007f17d0399698
0x00007f1789a870b0:   00007f17d03996a0 00007f17d03996a8
0x00007f1789a870c0:   00007f171c000e18 00007f171c000e20
0x00007f1789a870d0:   00007f17d03996b0 00007f17d03996b8
0x00007f1789a870e0:   41b93686e5000000 c1c8f1b378800000
0x00007f1789a870f0:   00007f17d03996c0 00007f17d03996c8
0x00007f1789a87100:   00007f171c100a50 00007f171c0ffe10
0x00007f1789a87110:   00007f171c000e28 00007f171c000e30
0x00007f1789a87120:   00007f171c0ffe18 00007f171c0ffe20
0x00007f1789a87130:   00007f171c0ffe28 00007f171c100a70 

Instructions: (pc=0x00007f17d6152f87)
0x00007f17d6152f67:   89 65 b0 48 c7 45 b8 00 00 00 00 74 09 48 8d 7d
0x00007f17d6152f77:   b0 e8 93 88 2c 00 41 f6 c6 01 0f 85 c1 00 00 00
0x00007f17d6152f87:   49 8b 06 48 8d 15 31 b2 6c 00 80 3a 00 0f 84 9e
0x00007f17d6152f97:   00 00 00 48 8d 15 df cf 6a 00 8b 40 08 8b 4a 08 

Register to memory mapping:

RAX=0x0000000000000000 is an unknown value
RBX=0x0000000000000000 is an unknown value
RCX=0x00007f17d6152f00: <offset 0x712f00> in /usr/lib/jvm/java-8-openjdk-amd64/jre/lib/amd64/server/libjvm.so at 0x00007f17d5a40000
RDX=0x00007f17d68269b8: <offset 0xde69b8> in /usr/lib/jvm/java-8-openjdk-amd64/jre/lib/amd64/server/libjvm.so at 0x00007f17d5a40000
RSP=0x00007f1789a86f40 is pointing into the stack for thread: 0x00007f17d076e800
RBP=0x00007f1789a86f90 is pointing into the stack for thread: 0x00007f17d076e800
RSI=0x0000000000000000 is an unknown value
RDI=0x00007f17d076e800 is a thread
R8 ={method} {0x00007f178936aa10} 'getDirectionsOfTravelSet' '()Ljava/util/List;' in 'gov/usdot/cv/rgaencoder/IndividualWayDirectionsOfTravel'
R9 =0x000000000000000b is an unknown value
R10=0x00007f1789a86bb0 is pointing into the stack for thread: 0x00007f17d076e800
R11=0x00007f17c100045f is at begin+0 in a stub
StubRoutines::call_stub [0x00007f17c100045f, 0x00007f17c1000547[ (232 bytes)
R12=0x00007f17d076e800 is a thread
R13=0x00007f17d076ea60 is an unknown value
R14=0x0000000000000000 is an unknown value
R15=0x00007f17d076e800 is a thread


Stack: [0x00007f178998a000,0x00007f1789a8b000],  sp=0x00007f1789a86f40,  free space=1011k
Native frames: (J=compiled Java code, j=interpreted, Vv=VM code, C=native code)
V  [libjvm.so+0x712f87]
C  [libasn1c_rga.so+0x1311e5]  Java_gov_usdot_cv_rgaencoder_Encoder_encodeRGA+0x36d1
j  gov.usdot.cv.rgaencoder.Encoder.encodeRGA(Lgov/usdot/cv/rgaencoder/BaseLayer;Ljava/util/List;Ljava/util/List;)[B+0
j  gov.usdot.cv.rgaencoder.Encoder.encode(Lgov/usdot/cv/rgaencoder/RGAData;)Lgov/usdot/cv/mapencoder/ByteArrayObject;+48
j  gov.usdot.cv.msg.builder.util.J2945Helper.getBytes(Lgov/usdot/cv/rgaencoder/RGAData;)[B+10
j  gov.usdot.cv.msg.builder.util.J2945Helper.getHexString(Lgov/usdot/cv/rgaencoder/RGAData;)Ljava/lang/String;+1
j  gov.usdot.cv.msg.builder.IntersectionSituationDataBuilder.build(Ljava/lang/String;)Lgov/usdot/cv/msg/builder/message/IntersectionMessage;+415
j  gov.usdot.cv.msg.builder.IntersectionSituationDataBuilderTest.runIntersectionSituationDataBuilderTests(Ljava/lang/String;Ljava/lang/String;)V+25
j  gov.usdot.cv.msg.builder.IntersectionSituationDataBuilderTest.rgaMessageMtrVehicleBikeAndCrosswalkGeometryContainerMandatoryFieldsStandard()V+9
v  ~StubRoutines::call_stub
V  [libjvm.so+0x6a7445]
V  [libjvm.so+0xa02bed]
V  [libjvm.so+0xa03ddb]
V  [libjvm.so+0x758ff1]  JVM_InvokeMethod+0x1f1
j  sun.reflect.NativeMethodAccessorImpl.invoke0(Ljava/lang/reflect/Method;Ljava/lang/Object;[Ljava/lang/Object;)Ljava/lang/Object;+0
j  sun.reflect.NativeMethodAccessorImpl.invoke(Ljava/lang/Object;[Ljava/lang/Object;)Ljava/lang/Object;+100
j  sun.reflect.DelegatingMethodAccessorImpl.invoke(Ljava/lang/Object;[Ljava/lang/Object;)Ljava/lang/Object;+6
j  java.lang.reflect.Method.invoke(Ljava/lang/Object;[Ljava/lang/Object;)Ljava/lang/Object;+56
j  org.junit.runners.model.FrameworkMethod$1.runReflectiveCall()Ljava/lang/Object;+15
j  org.junit.internal.runners.model.ReflectiveCallable.run()Ljava/lang/Object;+1
j  org.junit.runners.model.FrameworkMethod.invokeExplosively(Ljava/lang/Object;[Ljava/lang/Object;)Ljava/lang/Object;+10
j  org.junit.internal.runners.statements.InvokeMethod.evaluate()V+12
j  org.junit.internal.runners.statements.RunBefores.evaluate()V+49
j  org.junit.runners.ParentRunner.runLeaf(Lorg/junit/runners/model/Statement;Lorg/junit/runner/Description;Lorg/junit/runner/notification/RunNotifier;)V+17
j  org.junit.runners.BlockJUnit4ClassRunner.runChild(Lorg/junit/runners/model/FrameworkMethod;Lorg/junit/runner/notification/RunNotifier;)V+32
j  org.junit.runners.BlockJUnit4ClassRunner.runChild(Ljava/lang/Object;Lorg/junit/runner/notification/RunNotifier;)V+6
j  org.junit.runners.ParentRunner$3.run()V+12
j  org.apache.maven.surefire.junitcore.pc.Scheduler$1.run()V+11
j  org.apache.maven.surefire.junitcore.pc.InvokerStrategy.schedule(Ljava/lang/Runnable;)V+23
j  org.apache.maven.surefire.junitcore.pc.Scheduler.schedule(Ljava/lang/Runnable;)V+62
j  org.junit.runners.ParentRunner.runChildren(Lorg/junit/runner/notification/RunNotifier;)V+40
j  org.junit.runners.ParentRunner.access$000(Lorg/junit/runners/ParentRunner;Lorg/junit/runner/notification/RunNotifier;)V+2
j  org.junit.runners.ParentRunner$2.evaluate()V+8
j  org.junit.runners.ParentRunner.run(Lorg/junit/runner/notification/RunNotifier;)V+20
j  org.junit.runners.Suite.runChild(Lorg/junit/runner/Runner;Lorg/junit/runner/notification/RunNotifier;)V+2
j  org.junit.runners.Suite.runChild(Ljava/lang/Object;Lorg/junit/runner/notification/RunNotifier;)V+6
j  org.junit.runners.ParentRunner$3.run()V+12
j  org.apache.maven.surefire.junitcore.pc.Scheduler$1.run()V+11
j  java.util.concurrent.Executors$RunnableAdapter.call()Ljava/lang/Object;+4
j  java.util.concurrent.FutureTask.run()V+42
j  java.util.concurrent.ThreadPoolExecutor.runWorker(Ljava/util/concurrent/ThreadPoolExecutor$Worker;)V+95
j  java.util.concurrent.ThreadPoolExecutor$Worker.run()V+5
j  java.lang.Thread.run()V+11
v  ~StubRoutines::call_stub
V  [libjvm.so+0x6a7445]
V  [libjvm.so+0x6a4b8f]
V  [libjvm.so+0x6a5184]
V  [libjvm.so+0x74b120]
V  [libjvm.so+0xadf35f]
V  [libjvm.so+0xadf653]
V  [libjvm.so+0x980120]
C  [libpthread.so.0+0x8609]  start_thread+0xd9

Java frames: (J=compiled Java code, j=interpreted, Vv=VM code)
j  gov.usdot.cv.rgaencoder.Encoder.encodeRGA(Lgov/usdot/cv/rgaencoder/BaseLayer;Ljava/util/List;Ljava/util/List;)[B+0
j  gov.usdot.cv.rgaencoder.Encoder.encode(Lgov/usdot/cv/rgaencoder/RGAData;)Lgov/usdot/cv/mapencoder/ByteArrayObject;+48
j  gov.usdot.cv.msg.builder.util.J2945Helper.getBytes(Lgov/usdot/cv/rgaencoder/RGAData;)[B+10
j  gov.usdot.cv.msg.builder.util.J2945Helper.getHexString(Lgov/usdot/cv/rgaencoder/RGAData;)Ljava/lang/String;+1
j  gov.usdot.cv.msg.builder.IntersectionSituationDataBuilder.build(Ljava/lang/String;)Lgov/usdot/cv/msg/builder/message/IntersectionMessage;+415
j  gov.usdot.cv.msg.builder.IntersectionSituationDataBuilderTest.runIntersectionSituationDataBuilderTests(Ljava/lang/String;Ljava/lang/String;)V+25
j  gov.usdot.cv.msg.builder.IntersectionSituationDataBuilderTest.rgaMessageMtrVehicleBikeAndCrosswalkGeometryContainerMandatoryFieldsStandard()V+9
v  ~StubRoutines::call_stub
j  sun.reflect.NativeMethodAccessorImpl.invoke0(Ljava/lang/reflect/Method;Ljava/lang/Object;[Ljava/lang/Object;)Ljava/lang/Object;+0
j  sun.reflect.NativeMethodAccessorImpl.invoke(Ljava/lang/Object;[Ljava/lang/Object;)Ljava/lang/Object;+100
j  sun.reflect.DelegatingMethodAccessorImpl.invoke(Ljava/lang/Object;[Ljava/lang/Object;)Ljava/lang/Object;+6
j  java.lang.reflect.Method.invoke(Ljava/lang/Object;[Ljava/lang/Object;)Ljava/lang/Object;+56
j  org.junit.runners.model.FrameworkMethod$1.runReflectiveCall()Ljava/lang/Object;+15
j  org.junit.internal.runners.model.ReflectiveCallable.run()Ljava/lang/Object;+1
j  org.junit.runners.model.FrameworkMethod.invokeExplosively(Ljava/lang/Object;[Ljava/lang/Object;)Ljava/lang/Object;+10
j  org.junit.internal.runners.statements.InvokeMethod.evaluate()V+12
j  org.junit.internal.runners.statements.RunBefores.evaluate()V+49
j  org.junit.runners.ParentRunner.runLeaf(Lorg/junit/runners/model/Statement;Lorg/junit/runner/Description;Lorg/junit/runner/notification/RunNotifier;)V+17
j  org.junit.runners.BlockJUnit4ClassRunner.runChild(Lorg/junit/runners/model/FrameworkMethod;Lorg/junit/runner/notification/RunNotifier;)V+32
j  org.junit.runners.BlockJUnit4ClassRunner.runChild(Ljava/lang/Object;Lorg/junit/runner/notification/RunNotifier;)V+6
j  org.junit.runners.ParentRunner$3.run()V+12
j  org.apache.maven.surefire.junitcore.pc.Scheduler$1.run()V+11
j  org.apache.maven.surefire.junitcore.pc.InvokerStrategy.schedule(Ljava/lang/Runnable;)V+23
j  org.apache.maven.surefire.junitcore.pc.Scheduler.schedule(Ljava/lang/Runnable;)V+62
j  org.junit.runners.ParentRunner.runChildren(Lorg/junit/runner/notification/RunNotifier;)V+40
j  org.junit.runners.ParentRunner.access$000(Lorg/junit/runners/ParentRunner;Lorg/junit/runner/notification/RunNotifier;)V+2
j  org.junit.runners.ParentRunner$2.evaluate()V+8
j  org.junit.runners.ParentRunner.run(Lorg/junit/runner/notification/RunNotifier;)V+20
j  org.junit.runners.Suite.runChild(Lorg/junit/runner/Runner;Lorg/junit/runner/notification/RunNotifier;)V+2
j  org.junit.runners.Suite.runChild(Ljava/lang/Object;Lorg/junit/runner/notification/RunNotifier;)V+6
j  org.junit.runners.ParentRunner$3.run()V+12
j  org.apache.maven.surefire.junitcore.pc.Scheduler$1.run()V+11
j  java.util.concurrent.Executors$RunnableAdapter.call()Ljava/lang/Object;+4
j  java.util.concurrent.FutureTask.run()V+42
j  java.util.concurrent.ThreadPoolExecutor.runWorker(Ljava/util/concurrent/ThreadPoolExecutor$Worker;)V+95
j  java.util.concurrent.ThreadPoolExecutor$Worker.run()V+5
j  java.lang.Thread.run()V+11
v  ~StubRoutines::call_stub

---------------  P R O C E S S  ---------------

Java Threads: ( => current thread )
=>0x00007f17d076e800 JavaThread "pool-2-thread-6" daemon [_thread_in_vm, id=1204178, stack(0x00007f178998a000,0x00007f1789a8b000)]
  0x00007f17d076d000 JavaThread "pool-2-thread-5" daemon [_thread_blocked, id=1204177, stack(0x00007f1789a8b000,0x00007f1789b8c000)]
  0x00007f17d075d800 JavaThread "pool-2-thread-4" daemon [_thread_blocked, id=1204176, stack(0x00007f1789b8c000,0x00007f1789c8d000)]
  0x00007f17d075b800 JavaThread "pool-2-thread-3" daemon [_thread_in_vm, id=1204175, stack(0x00007f1789c8d000,0x00007f1789d8e000)]
  0x00007f17d075a000 JavaThread "pool-2-thread-2" daemon [_thread_blocked, id=1204174, stack(0x00007f1789d8e000,0x00007f1789e8f000)]
  0x00007f17d0759000 JavaThread "pool-2-thread-1" daemon [_thread_blocked, id=1204173, stack(0x00007f1789e8f000,0x00007f1789f90000)]
  0x00007f17d061d800 JavaThread "surefire-forkedjvm-command-thread" daemon [_thread_in_native, id=1204172, stack(0x00007f1789f90000,0x00007f178a091000)]
  0x00007f17d02d1000 JavaThread "Service Thread" daemon [_thread_blocked, id=1204169, stack(0x00007f178a278000,0x00007f178a379000)]
  0x00007f17d02ce000 JavaThread "C1 CompilerThread11" daemon [_thread_blocked, id=1204168, stack(0x00007f178a37a000,0x00007f178a47a000)]
  0x00007f17d02cc000 JavaThread "C1 CompilerThread10" daemon [_thread_blocked, id=1204167, stack(0x00007f178a47b000,0x00007f178a57b000)]
  0x00007f17d02ca000 JavaThread "C1 CompilerThread9" daemon [_thread_blocked, id=1204166, stack(0x00007f178a57c000,0x00007f178a67c000)]
  0x00007f17d02c8000 JavaThread "C1 CompilerThread8" daemon [_thread_blocked, id=1204165, stack(0x00007f178a67d000,0x00007f178a77d000)]
  0x00007f17d02c6000 JavaThread "C2 CompilerThread7" daemon [_thread_blocked, id=1204164, stack(0x00007f178a77e000,0x00007f178a87e000)]
  0x00007f17d02c4000 JavaThread "C2 CompilerThread6" daemon [_thread_blocked, id=1204163, stack(0x00007f178a87f000,0x00007f178a97f000)]
  0x00007f17d02c2000 JavaThread "C2 CompilerThread5" daemon [_thread_blocked, id=1204162, stack(0x00007f178a980000,0x00007f178aa80000)]
  0x00007f17d02c0000 JavaThread "C2 CompilerThread4" daemon [_thread_blocked, id=1204161, stack(0x00007f178aa81000,0x00007f178ab81000)]
  0x00007f17d02bd800 JavaThread "C2 CompilerThread3" daemon [_thread_blocked, id=1204160, stack(0x00007f178ab82000,0x00007f178ac82000)]
  0x00007f17d02bb800 JavaThread "C2 CompilerThread2" daemon [_thread_blocked, id=1204159, stack(0x00007f178ac83000,0x00007f178ad83000)]
  0x00007f17d02b9800 JavaThread "C2 CompilerThread1" daemon [_thread_blocked, id=1204158, stack(0x00007f178ad84000,0x00007f178ae84000)]
  0x00007f17d02b7000 JavaThread "C2 CompilerThread0" daemon [_thread_in_native, id=1204157, stack(0x00007f178ae85000,0x00007f178af85000)]
  0x00007f17d02af000 JavaThread "Signal Dispatcher" daemon [_thread_blocked, id=1204156, stack(0x00007f178af85000,0x00007f178b086000)]
  0x00007f17d0281000 JavaThread "Finalizer" daemon [_thread_blocked, id=1204154, stack(0x00007f178b5f6000,0x00007f178b6f7000)]
  0x00007f17d027c800 JavaThread "Reference Handler" daemon [_thread_blocked, id=1204153, stack(0x00007f178b6f7000,0x00007f178b7f8000)]
  0x00007f17d000b000 JavaThread "main" [_thread_blocked, id=1204132, stack(0x00007f17d55f4000,0x00007f17d56f4000)]

Other Threads:
  0x00007f17d0273000 VMThread [stack: 0x00007f178b7f9000,0x00007f178b8f9000] [id=1204152]
  0x00007f17d02d3800 WatcherThread [stack: 0x00007f178a178000,0x00007f178a278000] [id=1204170]

VM state:not at safepoint (normal execution)

VM Mutex/Monitor currently owned by a thread: None

heap address: 0x00000000c0000000, size: 1024 MB, Compressed Oops mode: 32-bit
Narrow klass base: 0x0000000000000000, Narrow klass shift: 3
Compressed class space size: 1073741824 Address: 0x0000000100000000

Heap:
 PSYoungGen      total 74752K, used 43464K [0x00000000eab00000, 0x00000000f3d00000, 0x0000000100000000)
  eden space 64512K, 54% used [0x00000000eab00000,0x00000000ecd9f5c8,0x00000000eea00000)
  from space 10240K, 78% used [0x00000000eea00000,0x00000000ef1d2d18,0x00000000ef400000)
  to   space 10240K, 0% used [0x00000000f3300000,0x00000000f3300000,0x00000000f3d00000)
 ParOldGen       total 171008K, used 16K [0x00000000c0000000, 0x00000000ca700000, 0x00000000eab00000)
  object space 171008K, 0% used [0x00000000c0000000,0x00000000c0004000,0x00000000ca700000)
 Metaspace       used 18616K, capacity 19028K, committed 19072K, reserved 1067008K
  class space    used 2309K, capacity 2420K, committed 2432K, reserved 1048576K

Card table byte_map: [0x00007f17d4fc5000,0x00007f17d51c6000] byte_map_base: 0x00007f17d49c5000

Marking Bits: (ParMarkBitMap*) 0x00007f17d682a740
 Begin Bits: [0x00007f179a000000, 0x00007f179b000000)
 End Bits:   [0x00007f179b000000, 0x00007f179c000000)

Polling page: 0x00007f17d6ad3000

CodeCache: size=245760Kb used=6376Kb max_used=6388Kb free=239383Kb
 bounds [0x00007f17c1000000, 0x00007f17c1640000, 0x00007f17d0000000]
 total_blobs=1947 nmethods=1490 adapters=367
 compilation: enabled

Compilation events (10 events):
Event: 2.360 Thread 0x00007f17d02cc000 nmethod 1486 0x00007f17c16397d0 code [0x00007f17c16399a0, 0x00007f17c1639ff0]
Event: 2.360 Thread 0x00007f17d02cc000 1487       3       java.lang.StringBuilder::append (8 bytes)
Event: 2.360 Thread 0x00007f17d02cc000 nmethod 1487 0x00007f17c162fe90 code [0x00007f17c1630000, 0x00007f17c1630188]
Event: 2.360 Thread 0x00007f17d02cc000 1488       3       java.lang.AbstractStringBuilder::append (70 bytes)
Event: 2.361 Thread 0x00007f17d02cc000 nmethod 1488 0x00007f17c162f250 code [0x00007f17c162f440, 0x00007f17c162fb78]
Event: 2.362 Thread 0x00007f17d02b9800 1490       4       java.lang.AbstractStringBuilder::append (50 bytes)
Event: 2.367 Thread 0x00007f17d02bb800 nmethod 1489 0x00007f17c162ec90 code [0x00007f17c162ede0, 0x00007f17c162f0b8]
Event: 2.368 Thread 0x00007f17d02c0000 nmethod 1484 0x00007f17c163c010 code [0x00007f17c163c180, 0x00007f17c163c5e8]
Event: 2.372 Thread 0x00007f17d02cc000 1491       1       gov.usdot.cv.rgaencoder.NodeXYZOffsetValue::getChoice (5 bytes)
Event: 2.372 Thread 0x00007f17d02cc000 nmethod 1491 0x00007f17c162e9d0 code [0x00007f17c162eb20, 0x00007f17c162ec30]

GC Heap History (2 events):
Event: 1.450 GC heap before
{Heap before GC invocations=1 (full 0):
 PSYoungGen      total 74752K, used 64512K [0x00000000eab00000, 0x00000000efe00000, 0x0000000100000000)
  eden space 64512K, 100% used [0x00000000eab00000,0x00000000eea00000,0x00000000eea00000)
  from space 10240K, 0% used [0x00000000ef400000,0x00000000ef400000,0x00000000efe00000)
  to   space 10240K, 0% used [0x00000000eea00000,0x00000000eea00000,0x00000000ef400000)
 ParOldGen       total 171008K, used 0K [0x00000000c0000000, 0x00000000ca700000, 0x00000000eab00000)
  object space 171008K, 0% used [0x00000000c0000000,0x00000000c0000000,0x00000000ca700000)
 Metaspace       used 12457K, capacity 12702K, committed 12928K, reserved 1060864K
  class space    used 1528K, capacity 1617K, committed 1664K, reserved 1048576K
Event: 1.578 GC heap after
Heap after GC invocations=1 (full 0):
 PSYoungGen      total 74752K, used 8011K [0x00000000eab00000, 0x00000000f3d00000, 0x0000000100000000)
  eden space 64512K, 0% used [0x00000000eab00000,0x00000000eab00000,0x00000000eea00000)
  from space 10240K, 78% used [0x00000000eea00000,0x00000000ef1d2d18,0x00000000ef400000)
  to   space 10240K, 0% used [0x00000000f3300000,0x00000000f3300000,0x00000000f3d00000)
 ParOldGen       total 171008K, used 16K [0x00000000c0000000, 0x00000000ca700000, 0x00000000eab00000)
  object space 171008K, 0% used [0x00000000c0000000,0x00000000c0004000,0x00000000ca700000)
 Metaspace       used 12457K, capacity 12702K, committed 12928K, reserved 1060864K
  class space    used 1528K, capacity 1617K, committed 1664K, reserved 1048576K
}

Deoptimization events (7 events):
Event: 0.965 Thread 0x00007f17d0759000 Uncommon trap: reason=loop_limit_check action=maybe_recompile pc=0x00007f17c12f2d9c method=java.lang.String.equals(Ljava/lang/Object;)Z @ 56
Event: 1.160 Thread 0x00007f17d076e800 Uncommon trap: reason=loop_limit_check action=maybe_recompile pc=0x00007f17c12ef4dc method=java.lang.String.indexOf([CII[CIII)I @ 79
Event: 1.842 Thread 0x00007f17d076e800 Uncommon trap: reason=unstable_if action=reinterpret pc=0x00007f17c13b1fb4 method=java.lang.AbstractStringBuilder.append(Ljava/lang/String;)Ljava/lang/AbstractStringBuilder; @ 1
Event: 1.851 Thread 0x00007f17d075b800 Uncommon trap: reason=unstable_if action=reinterpret pc=0x00007f17c1538aa8 method=java.util.HashMap.putVal(ILjava/lang/Object;Ljava/lang/Object;ZZ)Ljava/lang/Object; @ 81
Event: 2.077 Thread 0x00007f17d075b800 Uncommon trap: reason=unstable_if action=reinterpret pc=0x00007f17c14ce93c method=java.lang.String.regionMatches(ZILjava/lang/String;II)Z @ 123
Event: 2.199 Thread 0x00007f17d075b800 Uncommon trap: reason=unstable_if action=reinterpret pc=0x00007f17c14ba2c0 method=java.lang.String.indexOf([CII[CIII)I @ 3
Event: 2.295 Thread 0x00007f17d075b800 Uncommon trap: reason=unstable_if action=reinterpret pc=0x00007f17c13b8bf8 method=java.lang.AbstractStringBuilder.append(Ljava/lang/String;)Ljava/lang/AbstractStringBuilder; @ 1

Classes redefined (0 events):
No events

Internal exceptions (10 events):
Event: 0.808 Thread 0x00007f17d075a000 Exception <a 'java/lang/reflect/InvocationTargetException'> (0x00000000ebf4fd80) thrown at [/build/openjdk-8-FtOhKS/openjdk-8-8u452-ga~us1/src/hotspot/src/share/vm/runtime/reflection.cpp, line 1089]
Event: 0.809 Thread 0x00007f17d075a000 Exception <a 'java/lang/reflect/InvocationTargetException'> (0x00000000ebf52188) thrown at [/build/openjdk-8-FtOhKS/openjdk-8-8u452-ga~us1/src/hotspot/src/share/vm/runtime/reflection.cpp, line 1089]
Event: 0.812 Thread 0x00007f17d075a000 Exception <a 'java/lang/reflect/InvocationTargetException'> (0x00000000ebf54580) thrown at [/build/openjdk-8-FtOhKS/openjdk-8-8u452-ga~us1/src/hotspot/src/share/vm/runtime/reflection.cpp, line 1089]
Event: 0.904 Thread 0x00007f17d0759000 Exception <a 'java/lang/NoSuchFieldError': method resolution failed> (0x00000000ebf1f5d0) thrown at [/build/openjdk-8-FtOhKS/openjdk-8-8u452-ga~us1/src/hotspot/src/share/vm/prims/methodHandles.cpp, line 1194]
Event: 0.909 Thread 0x00007f17d0759000 Exception <a 'java/lang/NoSuchFieldError': method resolution failed> (0x00000000ebf2ccc0) thrown at [/build/openjdk-8-FtOhKS/openjdk-8-8u452-ga~us1/src/hotspot/src/share/vm/prims/methodHandles.cpp, line 1194]
Event: 1.060 Thread 0x00007f17d075b800 Exception <a 'java/lang/IncompatibleClassChangeError': Found class java.lang.Object, but interface was expected> (0x00000000ecde74b8) thrown at [/build/openjdk-8-FtOhKS/openjdk-8-8u452-ga~us1/src/hotspot/src/share/vm/interpreter/linkResolver.cpp, line 653
Event: 1.211 Thread 0x00007f17d075d800 Exception <a 'java/lang/reflect/InvocationTargetException'> (0x00000000ed9e2e98) thrown at [/build/openjdk-8-FtOhKS/openjdk-8-8u452-ga~us1/src/hotspot/src/share/vm/runtime/reflection.cpp, line 1089]
Event: 1.842 Thread 0x00007f17d076e800 Implicit null exception at 0x00007f17c13b1bf5 to 0x00007f17c13b1fa1
Event: 2.135 Thread 0x00007f17d075b800 Exception <a 'sun/nio/fs/UnixException'> (0x00000000ebe77fb0) thrown at [/build/openjdk-8-FtOhKS/openjdk-8-8u452-ga~us1/src/hotspot/src/share/vm/prims/jni.cpp, line 712]
Event: 2.295 Thread 0x00007f17d075b800 Implicit null exception at 0x00007f17c13b8836 to 0x00007f17c13b8be1

Events (10 events):
Event: 2.370 loading class net/bytebuddy/description/ModifierReviewable$ForMethodDescription
Event: 2.370 loading class net/bytebuddy/description/ModifierReviewable$ForMethodDescription done
Event: 2.370 loading class net/bytebuddy/matcher/BooleanMatcher
Event: 2.371 loading class net/bytebuddy/matcher/BooleanMatcher done
Event: 2.371 loading class org/mockito/internal/creation/bytebuddy/MockMethodInterceptor$DispatcherDefaultingToRealMethod
Event: 2.371 loading class org/mockito/internal/creation/bytebuddy/MockMethodInterceptor$DispatcherDefaultingToRealMethod done
Event: 2.371 loading class net/bytebuddy/implementation/MethodDelegation
Event: 2.371 loading class net/bytebuddy/implementation/MethodDelegation done
Event: 2.372 loading class net/bytebuddy/implementation/Implementation$Composable
Event: 2.372 loading class net/bytebuddy/implementation/Implementation$Composable done


Dynamic libraries:
c0000000-ca700000 rw-p 00000000 00:00 0 
ca700000-eab00000 ---p 00000000 00:00 0 
eab00000-f3d00000 rw-p 00000000 00:00 0 
f3d00000-100000000 ---p 00000000 00:00 0 
100000000-100280000 rw-p 00000000 00:00 0 
100280000-140000000 ---p 00000000 00:00 0 
55c03a02c000-55c03a02d000 r--p 00000000 08:05 266003                     /usr/lib/jvm/java-8-openjdk-amd64/jre/bin/java
55c03a02d000-55c03a02e000 r-xp 00001000 08:05 266003                     /usr/lib/jvm/java-8-openjdk-amd64/jre/bin/java
55c03a02e000-55c03a02f000 r--p 00002000 08:05 266003                     /usr/lib/jvm/java-8-openjdk-amd64/jre/bin/java
55c03a02f000-55c03a030000 r--p 00002000 08:05 266003                     /usr/lib/jvm/java-8-openjdk-amd64/jre/bin/java
55c03a030000-55c03a031000 rw-p 00003000 08:05 266003                     /usr/lib/jvm/java-8-openjdk-amd64/jre/bin/java
55c079f38000-55c079f59000 rw-p 00000000 00:00 0                          [heap]
7f171c000000-7f171c1c5000 rw-p 00000000 00:00 0 
7f171c1c5000-7f1720000000 ---p 00000000 00:00 0 
7f1724000000-7f172414c000 rw-p 00000000 00:00 0 
7f172414c000-7f1728000000 ---p 00000000 00:00 0 
7f1728000000-7f1728021000 rw-p 00000000 00:00 0 
7f1728021000-7f172c000000 ---p 00000000 00:00 0 
7f172c000000-7f172c021000 rw-p 00000000 00:00 0 
7f172c021000-7f1730000000 ---p 00000000 00:00 0 
7f1730000000-7f17301e7000 rw-p 00000000 00:00 0 
7f17301e7000-7f1734000000 ---p 00000000 00:00 0 
7f1734000000-7f1734021000 rw-p 00000000 00:00 0 
7f1734021000-7f1738000000 ---p 00000000 00:00 0 
7f1738000000-7f1738032000 rw-p 00000000 00:00 0 
7f1738032000-7f173c000000 ---p 00000000 00:00 0 
7f173c000000-7f173c021000 rw-p 00000000 00:00 0 
7f173c021000-7f1740000000 ---p 00000000 00:00 0 
7f1740000000-7f1740021000 rw-p 00000000 00:00 0 
7f1740021000-7f1744000000 ---p 00000000 00:00 0 
7f1744000000-7f1744137000 rw-p 00000000 00:00 0 
7f1744137000-7f1748000000 ---p 00000000 00:00 0 
7f1748000000-7f17480dd000 rw-p 00000000 00:00 0 
7f17480dd000-7f174c000000 ---p 00000000 00:00 0 
7f174c000000-7f174c13c000 rw-p 00000000 00:00 0 
7f174c13c000-7f1750000000 ---p 00000000 00:00 0 
7f1750000000-7f17500c0000 rw-p 00000000 00:00 0 
7f17500c0000-7f1754000000 ---p 00000000 00:00 0 
7f1754000000-7f17541cd000 rw-p 00000000 00:00 0 
7f17541cd000-7f1758000000 ---p 00000000 00:00 0 
7f1758000000-7f17580fc000 rw-p 00000000 00:00 0 
7f17580fc000-7f175c000000 ---p 00000000 00:00 0 
7f175c000000-7f175c1b8000 rw-p 00000000 00:00 0 
7f175c1b8000-7f1760000000 ---p 00000000 00:00 0 
7f1760000000-7f17600af000 rw-p 00000000 00:00 0 
7f17600af000-7f1764000000 ---p 00000000 00:00 0 
7f1764000000-7f17640d2000 rw-p 00000000 00:00 0 
7f17640d2000-7f1768000000 ---p 00000000 00:00 0 
7f1768000000-7f176819d000 rw-p 00000000 00:00 0 
7f176819d000-7f176c000000 ---p 00000000 00:00 0 
7f176c000000-7f176c36a000 rw-p 00000000 00:00 0 
7f176c36a000-7f1770000000 ---p 00000000 00:00 0 
7f1770000000-7f177009f000 rw-p 00000000 00:00 0 
7f177009f000-7f1774000000 ---p 00000000 00:00 0 
7f1774000000-7f1774021000 rw-p 00000000 00:00 0 
7f1774021000-7f1778000000 ---p 00000000 00:00 0 
7f1778000000-7f1778021000 rw-p 00000000 00:00 0 
7f1778021000-7f177c000000 ---p 00000000 00:00 0 
7f177c000000-7f177c021000 rw-p 00000000 00:00 0 
7f177c021000-7f1780000000 ---p 00000000 00:00 0 
7f1780000000-7f1780021000 rw-p 00000000 00:00 0 
7f1780021000-7f1784000000 ---p 00000000 00:00 0 
7f1784000000-7f1784021000 rw-p 00000000 00:00 0 
7f1784021000-7f1788000000 ---p 00000000 00:00 0 
7f1788cce000-7f1788d6e000 rw-p 00000000 00:00 0 
7f1788d6e000-7f1788e20000 r--p 00000000 08:05 3678493                    /home/carma/maptool_ws/public/connectedvcs-tools/fedgov-cv-lib-asn1c/third_party_lib/libasn1c_rga.so
7f1788e20000-7f1788ea8000 r-xp 000b2000 08:05 3678493                    /home/carma/maptool_ws/public/connectedvcs-tools/fedgov-cv-lib-asn1c/third_party_lib/libasn1c_rga.so
7f1788ea8000-7f1788ef0000 r--p 0013a000 08:05 3678493                    /home/carma/maptool_ws/public/connectedvcs-tools/fedgov-cv-lib-asn1c/third_party_lib/libasn1c_rga.so
7f1788ef0000-7f1788efc000 r--p 00181000 08:05 3678493                    /home/carma/maptool_ws/public/connectedvcs-tools/fedgov-cv-lib-asn1c/third_party_lib/libasn1c_rga.so
7f1788efc000-7f1788f8a000 rw-p 0018d000 08:05 3678493                    /home/carma/maptool_ws/public/connectedvcs-tools/fedgov-cv-lib-asn1c/third_party_lib/libasn1c_rga.so
7f1788f8a000-7f178900a000 rw-p 00000000 00:00 0 
7f178900a000-7f178918a000 ---p 00000000 00:00 0 
7f178918a000-7f178938a000 rw-p 00000000 00:00 0 
7f178938a000-7f178958a000 rw-p 00000000 00:00 0 
7f178958a000-7f178978a000 rw-p 00000000 00:00 0 
7f178978a000-7f178998a000 rw-p 00000000 00:00 0 
7f178998a000-7f178998d000 ---p 00000000 00:00 0 
7f178998d000-7f1789a8b000 rw-p 00000000 00:00 0 
7f1789a8b000-7f1789a8e000 ---p 00000000 00:00 0 
7f1789a8e000-7f1789b8c000 rw-p 00000000 00:00 0 
7f1789b8c000-7f1789b8f000 ---p 00000000 00:00 0 
7f1789b8f000-7f1789c8d000 rw-p 00000000 00:00 0 
7f1789c8d000-7f1789c90000 ---p 00000000 00:00 0 
7f1789c90000-7f1789d8e000 rw-p 00000000 00:00 0 
7f1789d8e000-7f1789d91000 ---p 00000000 00:00 0 
7f1789d91000-7f1789e8f000 rw-p 00000000 00:00 0 
7f1789e8f000-7f1789e92000 ---p 00000000 00:00 0 
7f1789e92000-7f1789f90000 rw-p 00000000 00:00 0 
7f1789f90000-7f1789f93000 ---p 00000000 00:00 0 
7f1789f93000-7f178a091000 rw-p 00000000 00:00 0 
7f178a091000-7f178a093000 r--s 00008000 08:05 3279744                    /root/.m2/repository/org/apache/maven/surefire/surefire-grouper/3.0.0-M5/surefire-grouper-3.0.0-M5.jar
7f178a093000-7f178a095000 r--s 00004000 08:05 3279736                    /root/.m2/repository/org/apache/maven/surefire/common-junit48/3.0.0-M5/common-junit48-3.0.0-M5.jar
7f178a095000-7f178a097000 r--s 00005000 08:05 3279738                    /root/.m2/repository/org/apache/maven/surefire/common-junit4/3.0.0-M5/common-junit4-3.0.0-M5.jar
7f178a097000-7f178a098000 r--s 00002000 08:05 3279742                    /root/.m2/repository/org/apache/maven/surefire/common-junit3/3.0.0-M5/common-junit3-3.0.0-M5.jar
7f178a098000-7f178a099000 r--s 00003000 08:05 3279740                    /root/.m2/repository/org/apache/maven/surefire/common-java5/3.0.0-M5/common-java5-3.0.0-M5.jar
7f178a099000-7f178a09c000 r--s 00014000 08:05 3279669                    /root/.m2/repository/org/apache/maven/surefire/surefire-junit47/3.0.0-M5/surefire-junit47-3.0.0-M5.jar
7f178a09c000-7f178a0c1000 r--s 001ac000 08:05 3334391                    /root/.m2/repository/org/apache/logging/log4j/log4j-core/2.23.1/log4j-core-2.23.1.jar
7f178a0c1000-7f178a0c8000 r--s 0004d000 08:05 3334389                    /root/.m2/repository/org/apache/logging/log4j/log4j-api/2.23.1/log4j-api-2.23.1.jar
7f178a0c8000-7f178a0ca000 r--s 0000c000 08:05 3278047                    /root/.m2/repository/org/objenesis/objenesis/2.6/objenesis-2.6.jar
7f178a0ca000-7f178a0ce000 r--s 0003c000 08:05 3278039                    /root/.m2/repository/net/bytebuddy/byte-buddy-agent/1.10.5/byte-buddy-agent-1.10.5.jar
7f178a0ce000-7f178a116000 r--s 002e9000 08:05 3278041                    /root/.m2/repository/net/bytebuddy/byte-buddy/1.10.5/byte-buddy-1.10.5.jar
7f178a116000-7f178a127000 r--s 00080000 08:05 3278043                    /root/.m2/repository/org/mockito/mockito-core/3.3.0/mockito-core-3.3.0.jar
7f178a127000-7f178a129000 r--s 00009000 08:05 3278242                    /root/.m2/repository/org/hamcrest/hamcrest-core/1.3/hamcrest-core-1.3.jar
7f178a129000-7f178a12f000 r--s 00036000 08:05 3278239                    /root/.m2/repository/junit/junit/4.11/junit-4.11.jar
7f178a12f000-7f178a131000 r--s 00018000 08:05 3278238                    /root/.m2/repository/javax/servlet/servlet-api/2.5/servlet-api-2.5.jar
7f178a131000-7f178a132000 r--s 00006000 08:05 3278237                    /root/.m2/repository/org/codehaus/jackson/jackson-xc/1.9.2/jackson-xc-1.9.2.jar
7f178a132000-7f178a134000 r--s 0000e000 08:05 3278231                    /root/.m2/repository/javax/activation/activation/1.1/activation-1.1.jar
7f178a134000-7f178a136000 r--s 00004000 08:05 3278230                    /root/.m2/repository/javax/xml/stream/stax-api/1.0-2/stax-api-1.0-2.jar
7f178a136000-7f178a139000 r--s 00017000 08:05 3278228                    /root/.m2/repository/javax/xml/bind/jaxb-api/2.2.2/jaxb-api-2.2.2.jar
7f178a139000-7f178a14c000 r--s 000c7000 08:05 3278225                    /root/.m2/repository/com/sun/xml/bind/jaxb-impl/2.2.3-1/jaxb-impl-2.2.3-1.jar
7f178a14c000-7f178a14e000 r--s 0000f000 08:05 3278224                    /root/.m2/repository/org/codehaus/jettison/jettison/1.1/jettison-1.1.jar
7f178a14e000-7f178a153000 r--s 00024000 08:05 3278221                    /root/.m2/repository/com/sun/jersey/jersey-json/1.19.3/jersey-json-1.19.3.jar
7f178a153000-7f178a157000 r--s 0001d000 08:05 3278219                    /root/.m2/repository/com/sun/jersey/jersey-client/1.19.3/jersey-client-1.19.3.jar
7f178a157000-7f178a159000 r--s 0000a000 08:05 3278210                    /root/.m2/repository/javax/ws/rs/jsr311-api/1.1.1/jsr311-api-1.1.1.jar
7f178a159000-7f178a163000 r--s 00061000 08:05 3278215                    /root/.m2/repository/com/sun/jersey/jersey-core/1.19.3/jersey-core-1.19.3.jar
7f178a163000-7f178a173000 r--s 0009c000 08:05 3278213                    /root/.m2/repository/com/sun/jersey/jersey-server/1.19.3/jersey-server-1.19.3.jar
7f178a173000-7f178a177000 r--s 0001c000 08:05 3278209                    /root/.m2/repository/com/sun/jersey/jersey-servlet/1.19.3/jersey-servlet-1.19.3.jar
7f178a177000-7f178a178000 ---p 00000000 00:00 0 
7f178a178000-7f178a278000 rw-p 00000000 00:00 0 
7f178a278000-7f178a27b000 ---p 00000000 00:00 0 
7f178a27b000-7f178a379000 rw-p 00000000 00:00 0 
7f178a379000-7f178a37a000 ---p 00000000 00:00 0 
7f178a37a000-7f178a37d000 ---p 00000000 00:00 0 
7f178a37d000-7f178a47a000 rw-p 00000000 00:00 0 
7f178a47a000-7f178a47b000 ---p 00000000 00:00 0 
7f178a47b000-7f178a47e000 ---p 00000000 00:00 0 
7f178a47e000-7f178a57b000 rw-p 00000000 00:00 0 
7f178a57b000-7f178a57c000 ---p 00000000 00:00 0 
7f178a57c000-7f178a57f000 ---p 00000000 00:00 0 
7f178a57f000-7f178a67c000 rw-p 00000000 00:00 0 
7f178a67c000-7f178a67d000 ---p 00000000 00:00 0 
7f178a67d000-7f178a680000 ---p 00000000 00:00 0 
7f178a680000-7f178a77d000 rw-p 00000000 00:00 0 
7f178a77d000-7f178a77e000 ---p 00000000 00:00 0 
7f178a77e000-7f178a781000 ---p 00000000 00:00 0 
7f178a781000-7f178a87e000 rw-p 00000000 00:00 0 
7f178a87e000-7f178a87f000 ---p 00000000 00:00 0 
7f178a87f000-7f178a882000 ---p 00000000 00:00 0 
7f178a882000-7f178a97f000 rw-p 00000000 00:00 0 
7f178a97f000-7f178a980000 ---p 00000000 00:00 0 
7f178a980000-7f178a983000 ---p 00000000 00:00 0 
7f178a983000-7f178aa80000 rw-p 00000000 00:00 0 
7f178aa80000-7f178aa81000 ---p 00000000 00:00 0 
7f178aa81000-7f178aa84000 ---p 00000000 00:00 0 
7f178aa84000-7f178ab81000 rw-p 00000000 00:00 0 
7f178ab81000-7f178ab82000 ---p 00000000 00:00 0 
7f178ab82000-7f178ab85000 ---p 00000000 00:00 0 
7f178ab85000-7f178ac82000 rw-p 00000000 00:00 0 
7f178ac82000-7f178ac83000 ---p 00000000 00:00 0 
7f178ac83000-7f178ac86000 ---p 00000000 00:00 0 
7f178ac86000-7f178ad83000 rw-p 00000000 00:00 0 
7f178ad83000-7f178ad84000 ---p 00000000 00:00 0 
7f178ad84000-7f178ad87000 ---p 00000000 00:00 0 
7f178ad87000-7f178ae84000 rw-p 00000000 00:00 0 
7f178ae84000-7f178ae85000 ---p 00000000 00:00 0 
7f178ae85000-7f178ae88000 ---p 00000000 00:00 0 
7f178ae88000-7f178af85000 rw-p 00000000 00:00 0 
7f178af85000-7f178af88000 ---p 00000000 00:00 0 
7f178af88000-7f178b086000 rw-p 00000000 00:00 0 
7f178b086000-7f178b5f6000 r--p 00000000 08:05 262198                     /usr/lib/locale/locale-archive
7f178b5f6000-7f178b5f9000 ---p 00000000 00:00 0 
7f178b5f9000-7f178b6f7000 rw-p 00000000 00:00 0 
7f178b6f7000-7f178b6fa000 ---p 00000000 00:00 0 
7f178b6fa000-7f178b7f8000 rw-p 00000000 00:00 0 
7f178b7f8000-7f178b7f9000 ---p 00000000 00:00 0 
7f178b7f9000-7f178c000000 rw-p 00000000 00:00 0 
7f178c000000-7f178c021000 rw-p 00000000 00:00 0 
7f178c021000-7f1790000000 ---p 00000000 00:00 0 
7f1790000000-7f1790021000 rw-p 00000000 00:00 0 
7f1790021000-7f1794000000 ---p 00000000 00:00 0 
7f1794000000-7f1794021000 rw-p 00000000 00:00 0 
7f1794021000-7f1798000000 ---p 00000000 00:00 0 
7f1798000000-7f1798001000 r--s 00004000 08:05 3278235                    /root/.m2/repository/org/codehaus/jackson/jackson-jaxrs/1.9.2/jackson-jaxrs-1.9.2.jar
7f1798001000-7f1798005000 r--s 00035000 08:05 3278211                    /root/.m2/repository/org/codehaus/jackson/jackson-core-asl/1.9.13/jackson-core-asl-1.9.13.jar
7f1798005000-7f1798013000 r--s 000b1000 08:05 3278207                    /root/.m2/repository/org/codehaus/jackson/jackson-mapper-asl/1.9.13/jackson-mapper-asl-1.9.13.jar
7f1798013000-7f1798019000 r--s 00033000 08:05 3278205                    /root/.m2/repository/commons-codec/commons-codec/1.6/commons-codec-1.6.jar
7f1798019000-7f179801b000 r--s 00009000 08:05 3289986                    /root/.m2/repository/gov/usdot/fedgov-cv-rgaencoder/1.0.0-SNAPSHOT/fedgov-cv-rgaencoder-1.0.0-SNAPSHOT.jar
7f179801b000-7f179801e000 r--s 00025000 08:05 3277157                    /root/.m2/repository/commons-io/commons-io/2.1/commons-io-2.1.jar
7f179801e000-7f179802e000 r--s 000bc000 08:05 3278045                    /root/.m2/repository/org/jboss/netty/netty/3.2.10.Final/netty-3.2.10.Final.jar
7f179802e000-7f179807a000 r--s 003f9000 08:05 3278037                    /root/.m2/repository/io/netty/netty-all/4.1.66.Final/netty-all-4.1.66.Final.jar
7f179807a000-7f179807d000 r--s 0000c000 08:05 3278050                    /root/.m2/repository/gov/usdot/fedgov-cv-mapencoder/1.0.0-SNAPSHOT/fedgov-cv-mapencoder-1.0.0-SNAPSHOT.jar
7f179807d000-7f1798081000 r--p 00000000 08:05 284661                     /usr/lib/jvm/java-8-openjdk-amd64/jre/lib/amd64/libmanagement.so
7f1798081000-7f1798085000 r-xp 00004000 08:05 284661                     /usr/lib/jvm/java-8-openjdk-amd64/jre/lib/amd64/libmanagement.so
7f1798085000-7f1798087000 r--p 00008000 08:05 284661                     /usr/lib/jvm/java-8-openjdk-amd64/jre/lib/amd64/libmanagement.so
7f1798087000-7f1798088000 r--p 00009000 08:05 284661                     /usr/lib/jvm/java-8-openjdk-amd64/jre/lib/amd64/libmanagement.so
7f1798088000-7f1798089000 rw-p 0000a000 08:05 284661                     /usr/lib/jvm/java-8-openjdk-amd64/jre/lib/amd64/libmanagement.so
7f1798089000-7f17980ab000 r--s 001a5000 08:05 3279662                    /root/.m2/repository/org/apache/maven/surefire/surefire-shared-utils/3.0.0-M4/surefire-shared-utils-3.0.0-M4.jar
7f17980ab000-7f17980b0000 r--s 0001f000 08:05 3279643                    /root/.m2/repository/org/apache/maven/surefire/surefire-api/3.0.0-M5/surefire-api-3.0.0-M5.jar
7f17980b0000-7f17980b5000 r--p 00000000 08:05 284663                     /usr/lib/jvm/java-8-openjdk-amd64/jre/lib/amd64/libnet.so
7f17980b5000-7f17980c6000 r-xp 00005000 08:05 284663                     /usr/lib/jvm/java-8-openjdk-amd64/jre/lib/amd64/libnet.so
7f17980c6000-7f17980ca000 r--p 00016000 08:05 284663                     /usr/lib/jvm/java-8-openjdk-amd64/jre/lib/amd64/libnet.so
7f17980ca000-7f17980cb000 r--p 00019000 08:05 284663                     /usr/lib/jvm/java-8-openjdk-amd64/jre/lib/amd64/libnet.so
7f17980cb000-7f17980cc000 rw-p 0001a000 08:05 284663                     /usr/lib/jvm/java-8-openjdk-amd64/jre/lib/amd64/libnet.so
7f17980cc000-7f17980d3000 r--p 00000000 08:05 284664                     /usr/lib/jvm/java-8-openjdk-amd64/jre/lib/amd64/libnio.so
7f17980d3000-7f17980dc000 r-xp 00007000 08:05 284664                     /usr/lib/jvm/java-8-openjdk-amd64/jre/lib/amd64/libnio.so
7f17980dc000-7f17980df000 r--p 00010000 08:05 284664                     /usr/lib/jvm/java-8-openjdk-amd64/jre/lib/amd64/libnio.so
7f17980df000-7f17980e0000 r--p 00012000 08:05 284664                     /usr/lib/jvm/java-8-openjdk-amd64/jre/lib/amd64/libnio.so
7f17980e0000-7f17980e1000 rw-p 00013000 08:05 284664                     /usr/lib/jvm/java-8-openjdk-amd64/jre/lib/amd64/libnio.so
7f17980e1000-7f179c000000 rw-p 00000000 00:00 0 
7f179c000000-7f179c021000 rw-p 00000000 00:00 0 
7f179c021000-7f17a0000000 ---p 00000000 00:00 0 
7f17a0000000-7f17a0021000 rw-p 00000000 00:00 0 
7f17a0021000-7f17a4000000 ---p 00000000 00:00 0 
7f17a4000000-7f17a4021000 rw-p 00000000 00:00 0 
7f17a4021000-7f17a8000000 ---p 00000000 00:00 0 
7f17a8000000-7f17a8021000 rw-p 00000000 00:00 0 
7f17a8021000-7f17ac000000 ---p 00000000 00:00 0 
7f17ac000000-7f17ac021000 rw-p 00000000 00:00 0 
7f17ac021000-7f17b0000000 ---p 00000000 00:00 0 
7f17b0000000-7f17b0021000 rw-p 00000000 00:00 0 
7f17b0021000-7f17b4000000 ---p 00000000 00:00 0 
7f17b4000000-7f17b4021000 rw-p 00000000 00:00 0 
7f17b4021000-7f17b8000000 ---p 00000000 00:00 0 
7f17b8000000-7f17b8021000 rw-p 00000000 00:00 0 
7f17b8021000-7f17bc000000 ---p 00000000 00:00 0 
7f17bc000000-7f17bc021000 rw-p 00000000 00:00 0 
7f17bc021000-7f17c0000000 ---p 00000000 00:00 0 
7f17c0000000-7f17c0001000 r--s 00000000 08:05 3277958                    /root/.m2/repository/gov/usdot/fedgov-cv-lib-asn1c/1.0.0-SNAPSHOT/fedgov-cv-lib-asn1c-1.0.0-SNAPSHOT.jar
7f17c0001000-7f17c0003000 r--s 00002000 08:05 3279639                    /root/.m2/repository/org/apache/maven/surefire/surefire-logger-api/3.0.0-M5/surefire-logger-api-3.0.0-M5.jar
7f17c0003000-7f17c0005000 r--s 00018000 08:05 3279641                    /root/.m2/repository/org/apache/maven/surefire/surefire-booter/3.0.0-M5/surefire-booter-3.0.0-M5.jar
7f17c0005000-7f17c000f000 r--s 00117000 08:05 284728                     /usr/lib/jvm/java-8-openjdk-amd64/jre/lib/ext/localedata.jar
7f17c000f000-7f17c002a000 r--s 001d6000 08:05 284729                     /usr/lib/jvm/java-8-openjdk-amd64/jre/lib/ext/nashorn.jar
7f17c002a000-7f17c042e000 rw-p 00000000 00:00 0 
7f17c042e000-7f17c0600000 r--s 03cd0000 08:05 284752                     /usr/lib/jvm/java-8-openjdk-amd64/jre/lib/rt.jar
7f17c0600000-7f17c1000000 rw-p 00000000 00:00 0 
7f17c1000000-7f17c1640000 rwxp 00000000 00:00 0 
7f17c1640000-7f17d0000000 ---p 00000000 00:00 0 
7f17d0000000-7f17d0770000 rw-p 00000000 00:00 0 
7f17d0770000-7f17d4000000 ---p 00000000 00:00 0 
7f17d4000000-7f17d4001000 r--s 00001000 08:05 3279637                    /root/.m2/repository/org/apache/maven/surefire/surefire-extensions-spi/3.0.0-M5/surefire-extensions-spi-3.0.0-M5.jar
7f17d4001000-7f17d4003000 r--s 0000c000 08:05 407777                     /usr/share/java/java-atk-wrapper.jar
7f17d4003000-7f17d4006000 r--s 00042000 08:05 284732                     /usr/lib/jvm/java-8-openjdk-amd64/jre/lib/ext/sunpkcs11.jar
7f17d4006000-7f17d4008000 r--s 00008000 08:05 284730                     /usr/lib/jvm/java-8-openjdk-amd64/jre/lib/ext/sunec.jar
7f17d4008000-7f17d400b000 r--s 0000f000 08:05 284726                     /usr/lib/jvm/java-8-openjdk-amd64/jre/lib/ext/icedtea-sound.jar
7f17d400b000-7f17d4011000 r--s 0003e000 08:05 284731                     /usr/lib/jvm/java-8-openjdk-amd64/jre/lib/ext/sunjce_provider.jar
7f17d4011000-7f17d4013000 r--s 00010000 08:05 284733                     /usr/lib/jvm/java-8-openjdk-amd64/jre/lib/ext/zipfs.jar
7f17d4013000-7f17d402f000 r--s 00394000 08:05 284724                     /usr/lib/jvm/java-8-openjdk-amd64/jre/lib/ext/cldrdata.jar
7f17d402f000-7f17d4162000 rw-p 00000000 00:00 0 
7f17d4162000-7f17d4163000 ---p 00000000 00:00 0 
7f17d4163000-7f17d4263000 rw-p 00000000 00:00 0 
7f17d4263000-7f17d4264000 ---p 00000000 00:00 0 
7f17d4264000-7f17d4364000 rw-p 00000000 00:00 0 
7f17d4364000-7f17d4365000 ---p 00000000 00:00 0 
7f17d4365000-7f17d4465000 rw-p 00000000 00:00 0 
7f17d4465000-7f17d4466000 ---p 00000000 00:00 0 
7f17d4466000-7f17d4566000 rw-p 00000000 00:00 0 
7f17d4566000-7f17d4567000 ---p 00000000 00:00 0 
7f17d4567000-7f17d4667000 rw-p 00000000 00:00 0 
7f17d4667000-7f17d4668000 ---p 00000000 00:00 0 
7f17d4668000-7f17d4768000 rw-p 00000000 00:00 0 
7f17d4768000-7f17d4769000 ---p 00000000 00:00 0 
7f17d4769000-7f17d4869000 rw-p 00000000 00:00 0 
7f17d4869000-7f17d486a000 ---p 00000000 00:00 0 
7f17d486a000-7f17d496a000 rw-p 00000000 00:00 0 
7f17d496a000-7f17d496b000 ---p 00000000 00:00 0 
7f17d496b000-7f17d4a6b000 rw-p 00000000 00:00 0 
7f17d4a6b000-7f17d4a6c000 ---p 00000000 00:00 0 
7f17d4a6c000-7f17d4b6c000 rw-p 00000000 00:00 0 
7f17d4b6c000-7f17d4b6d000 ---p 00000000 00:00 0 
7f17d4b6d000-7f17d4c6d000 rw-p 00000000 00:00 0 
7f17d4c6d000-7f17d4c6e000 ---p 00000000 00:00 0 
7f17d4c6e000-7f17d4d6e000 rw-p 00000000 00:00 0 
7f17d4d6e000-7f17d4d6f000 ---p 00000000 00:00 0 
7f17d4d6f000-7f17d4ec3000 rw-p 00000000 00:00 0 
7f17d4ec3000-7f17d4fc5000 ---p 00000000 00:00 0 
7f17d4fc5000-7f17d5019000 rw-p 00000000 00:00 0 
7f17d5019000-7f17d511a000 ---p 00000000 00:00 0 
7f17d511a000-7f17d5164000 rw-p 00000000 00:00 0 
7f17d5164000-7f17d51c5000 ---p 00000000 00:00 0 
7f17d51c5000-7f17d51df000 rw-p 00000000 00:00 0 
7f17d51df000-7f17d5586000 ---p 00000000 00:00 0 
7f17d5586000-7f17d5589000 r--p 00000000 08:05 284672                     /usr/lib/jvm/java-8-openjdk-amd64/jre/lib/amd64/libzip.so
7f17d5589000-7f17d558e000 r-xp 00003000 08:05 284672                     /usr/lib/jvm/java-8-openjdk-amd64/jre/lib/amd64/libzip.so
7f17d558e000-7f17d5590000 r--p 00008000 08:05 284672                     /usr/lib/jvm/java-8-openjdk-amd64/jre/lib/amd64/libzip.so
7f17d5590000-7f17d5591000 r--p 00009000 08:05 284672                     /usr/lib/jvm/java-8-openjdk-amd64/jre/lib/amd64/libzip.so
7f17d5591000-7f17d5592000 rw-p 0000a000 08:05 284672                     /usr/lib/jvm/java-8-openjdk-amd64/jre/lib/amd64/libzip.so
7f17d5592000-7f17d5595000 r--p 00000000 08:05 285404                     /usr/lib/x86_64-linux-gnu/libnss_files-2.31.so
7f17d5595000-7f17d559c000 r-xp 00003000 08:05 285404                     /usr/lib/x86_64-linux-gnu/libnss_files-2.31.so
7f17d559c000-7f17d559e000 r--p 0000a000 08:05 285404                     /usr/lib/x86_64-linux-gnu/libnss_files-2.31.so
7f17d559e000-7f17d559f000 r--p 0000b000 08:05 285404                     /usr/lib/x86_64-linux-gnu/libnss_files-2.31.so
7f17d559f000-7f17d55a0000 rw-p 0000c000 08:05 285404                     /usr/lib/x86_64-linux-gnu/libnss_files-2.31.so
7f17d55a0000-7f17d55a6000 rw-p 00000000 00:00 0 
7f17d55a6000-7f17d55a7000 r--s 00001000 08:05 3715738                    /home/carma/maptool_ws/public/connectedvcs-tools/fedgov-cv-message-builder/target/surefire/surefirebooter8067063494239019582.jar
7f17d55a7000-7f17d55a9000 r--s 00001000 08:05 284725                     /usr/lib/jvm/java-8-openjdk-amd64/jre/lib/ext/dnsns.jar
7f17d55a9000-7f17d55aa000 r--s 0000a000 08:05 284727                     /usr/lib/jvm/java-8-openjdk-amd64/jre/lib/ext/jaccess.jar
7f17d55aa000-7f17d55b1000 r--s 000d3000 08:05 284746                     /usr/lib/jvm/java-8-openjdk-amd64/jre/lib/jfr.jar
7f17d55b1000-7f17d55b9000 rw-s 00000000 08:05 5768010                    /tmp/hsperfdata_root/1204129
7f17d55b9000-7f17d55ba000 rw-p 00000000 00:00 0 
7f17d55ba000-7f17d55c7000 r--p 00000000 08:05 284652                     /usr/lib/jvm/java-8-openjdk-amd64/jre/lib/amd64/libjava.so
7f17d55c7000-7f17d55df000 r-xp 0000d000 08:05 284652                     /usr/lib/jvm/java-8-openjdk-amd64/jre/lib/amd64/libjava.so
7f17d55df000-7f17d55e6000 r--p 00025000 08:05 284652                     /usr/lib/jvm/java-8-openjdk-amd64/jre/lib/amd64/libjava.so
7f17d55e6000-7f17d55e7000 r--p 0002b000 08:05 284652                     /usr/lib/jvm/java-8-openjdk-amd64/jre/lib/amd64/libjava.so
7f17d55e7000-7f17d55e9000 rw-p 0002c000 08:05 284652                     /usr/lib/jvm/java-8-openjdk-amd64/jre/lib/amd64/libjava.so
7f17d55e9000-7f17d55eb000 r--p 00000000 08:05 285420                     /usr/lib/x86_64-linux-gnu/librt-2.31.so
7f17d55eb000-7f17d55ef000 r-xp 00002000 08:05 285420                     /usr/lib/x86_64-linux-gnu/librt-2.31.so
7f17d55ef000-7f17d55f1000 r--p 00006000 08:05 285420                     /usr/lib/x86_64-linux-gnu/librt-2.31.so
7f17d55f1000-7f17d55f2000 r--p 00007000 08:05 285420                     /usr/lib/x86_64-linux-gnu/librt-2.31.so
7f17d55f2000-7f17d55f3000 rw-p 00008000 08:05 285420                     /usr/lib/x86_64-linux-gnu/librt-2.31.so
7f17d55f3000-7f17d55f4000 ---p 00000000 00:00 0 
7f17d55f4000-7f17d55f7000 ---p 00000000 00:00 0 
7f17d55f7000-7f17d56f4000 rw-p 00000000 00:00 0 
7f17d56f4000-7f17d56f7000 r--p 00000000 08:05 287002                     /usr/lib/x86_64-linux-gnu/libgcc_s.so.1
7f17d56f7000-7f17d5709000 r-xp 00003000 08:05 287002                     /usr/lib/x86_64-linux-gnu/libgcc_s.so.1
7f17d5709000-7f17d570d000 r--p 00015000 08:05 287002                     /usr/lib/x86_64-linux-gnu/libgcc_s.so.1
7f17d570d000-7f17d570e000 r--p 00018000 08:05 287002                     /usr/lib/x86_64-linux-gnu/libgcc_s.so.1
7f17d570e000-7f17d570f000 rw-p 00019000 08:05 287002                     /usr/lib/x86_64-linux-gnu/libgcc_s.so.1
7f17d570f000-7f17d571c000 r--p 00000000 08:05 272858                     /usr/lib/x86_64-linux-gnu/libm-2.31.so
7f17d571c000-7f17d57c3000 r-xp 0000d000 08:05 272858                     /usr/lib/x86_64-linux-gnu/libm-2.31.so
7f17d57c3000-7f17d585c000 r--p 000b4000 08:05 272858                     /usr/lib/x86_64-linux-gnu/libm-2.31.so
7f17d585c000-7f17d585d000 r--p 0014c000 08:05 272858                     /usr/lib/x86_64-linux-gnu/libm-2.31.so
7f17d585d000-7f17d585e000 rw-p 0014d000 08:05 272858                     /usr/lib/x86_64-linux-gnu/libm-2.31.so
7f17d585e000-7f17d58f4000 r--p 00000000 08:05 287822                     /usr/lib/x86_64-linux-gnu/libstdc++.so.6.0.28
7f17d58f4000-7f17d59e5000 r-xp 00096000 08:05 287822                     /usr/lib/x86_64-linux-gnu/libstdc++.so.6.0.28
7f17d59e5000-7f17d5a2e000 r--p 00187000 08:05 287822                     /usr/lib/x86_64-linux-gnu/libstdc++.so.6.0.28
7f17d5a2e000-7f17d5a2f000 ---p 001d0000 08:05 287822                     /usr/lib/x86_64-linux-gnu/libstdc++.so.6.0.28
7f17d5a2f000-7f17d5a3a000 r--p 001d0000 08:05 287822                     /usr/lib/x86_64-linux-gnu/libstdc++.so.6.0.28
7f17d5a3a000-7f17d5a3d000 rw-p 001db000 08:05 287822                     /usr/lib/x86_64-linux-gnu/libstdc++.so.6.0.28
7f17d5a3d000-7f17d5a40000 rw-p 00000000 00:00 0 
7f17d5a40000-7f17d5c36000 r--p 00000000 08:05 284674                     /usr/lib/jvm/java-8-openjdk-amd64/jre/lib/amd64/server/libjvm.so
7f17d5c36000-7f17d65a2000 r-xp 001f6000 08:05 284674                     /usr/lib/jvm/java-8-openjdk-amd64/jre/lib/amd64/server/libjvm.so
7f17d65a2000-7f17d6755000 r--p 00b62000 08:05 284674                     /usr/lib/jvm/java-8-openjdk-amd64/jre/lib/amd64/server/libjvm.so
7f17d6755000-7f17d67eb000 r--p 00d14000 08:05 284674                     /usr/lib/jvm/java-8-openjdk-amd64/jre/lib/amd64/server/libjvm.so
7f17d67eb000-7f17d6814000 rw-p 00daa000 08:05 284674                     /usr/lib/jvm/java-8-openjdk-amd64/jre/lib/amd64/server/libjvm.so
7f17d6814000-7f17d6849000 rw-p 00000000 00:00 0 
7f17d6849000-7f17d686b000 r--p 00000000 08:05 268975                     /usr/lib/x86_64-linux-gnu/libc-2.31.so
7f17d686b000-7f17d69e3000 r-xp 00022000 08:05 268975                     /usr/lib/x86_64-linux-gnu/libc-2.31.so
7f17d69e3000-7f17d6a31000 r--p 0019a000 08:05 268975                     /usr/lib/x86_64-linux-gnu/libc-2.31.so
7f17d6a31000-7f17d6a35000 r--p 001e7000 08:05 268975                     /usr/lib/x86_64-linux-gnu/libc-2.31.so
7f17d6a35000-7f17d6a37000 rw-p 001eb000 08:05 268975                     /usr/lib/x86_64-linux-gnu/libc-2.31.so
7f17d6a37000-7f17d6a3b000 rw-p 00000000 00:00 0 
7f17d6a3b000-7f17d6a3c000 r--p 00000000 08:05 272827                     /usr/lib/x86_64-linux-gnu/libdl-2.31.so
7f17d6a3c000-7f17d6a3e000 r-xp 00001000 08:05 272827                     /usr/lib/x86_64-linux-gnu/libdl-2.31.so
7f17d6a3e000-7f17d6a3f000 r--p 00003000 08:05 272827                     /usr/lib/x86_64-linux-gnu/libdl-2.31.so
7f17d6a3f000-7f17d6a40000 r--p 00003000 08:05 272827                     /usr/lib/x86_64-linux-gnu/libdl-2.31.so
7f17d6a40000-7f17d6a41000 rw-p 00004000 08:05 272827                     /usr/lib/x86_64-linux-gnu/libdl-2.31.so
7f17d6a41000-7f17d6a44000 r--p 00000000 08:05 281437                     /usr/lib/jvm/java-8-openjdk-amd64/jre/lib/amd64/jli/libjli.so
7f17d6a44000-7f17d6a4e000 r-xp 00003000 08:05 281437                     /usr/lib/jvm/java-8-openjdk-amd64/jre/lib/amd64/jli/libjli.so
7f17d6a4e000-7f17d6a51000 r--p 0000d000 08:05 281437                     /usr/lib/jvm/java-8-openjdk-amd64/jre/lib/amd64/jli/libjli.so
7f17d6a51000-7f17d6a52000 r--p 0000f000 08:05 281437                     /usr/lib/jvm/java-8-openjdk-amd64/jre/lib/amd64/jli/libjli.so
7f17d6a52000-7f17d6a53000 rw-p 00010000 08:05 281437                     /usr/lib/jvm/java-8-openjdk-amd64/jre/lib/amd64/jli/libjli.so
7f17d6a53000-7f17d6a55000 r--p 00000000 08:05 289846                     /usr/lib/x86_64-linux-gnu/libz.so.1.2.11
7f17d6a55000-7f17d6a66000 r-xp 00002000 08:05 289846                     /usr/lib/x86_64-linux-gnu/libz.so.1.2.11
7f17d6a66000-7f17d6a6c000 r--p 00013000 08:05 289846                     /usr/lib/x86_64-linux-gnu/libz.so.1.2.11
7f17d6a6c000-7f17d6a6d000 ---p 00019000 08:05 289846                     /usr/lib/x86_64-linux-gnu/libz.so.1.2.11
7f17d6a6d000-7f17d6a6e000 r--p 00019000 08:05 289846                     /usr/lib/x86_64-linux-gnu/libz.so.1.2.11
7f17d6a6e000-7f17d6a6f000 rw-p 0001a000 08:05 289846                     /usr/lib/x86_64-linux-gnu/libz.so.1.2.11
7f17d6a6f000-7f17d6a75000 r--p 00000000 08:05 285416                     /usr/lib/x86_64-linux-gnu/libpthread-2.31.so
7f17d6a75000-7f17d6a86000 r-xp 00006000 08:05 285416                     /usr/lib/x86_64-linux-gnu/libpthread-2.31.so
7f17d6a86000-7f17d6a8c000 r--p 00017000 08:05 285416                     /usr/lib/x86_64-linux-gnu/libpthread-2.31.so
7f17d6a8c000-7f17d6a8d000 r--p 0001c000 08:05 285416                     /usr/lib/x86_64-linux-gnu/libpthread-2.31.so
7f17d6a8d000-7f17d6a8e000 rw-p 0001d000 08:05 285416                     /usr/lib/x86_64-linux-gnu/libpthread-2.31.so
7f17d6a8e000-7f17d6a92000 rw-p 00000000 00:00 0 
7f17d6a92000-7f17d6a97000 r--p 00000000 08:05 284670                     /usr/lib/jvm/java-8-openjdk-amd64/jre/lib/amd64/libverify.so
7f17d6a97000-7f17d6aa0000 r-xp 00005000 08:05 284670                     /usr/lib/jvm/java-8-openjdk-amd64/jre/lib/amd64/libverify.so
7f17d6aa0000-7f17d6aa2000 r--p 0000e000 08:05 284670                     /usr/lib/jvm/java-8-openjdk-amd64/jre/lib/amd64/libverify.so
7f17d6aa2000-7f17d6aa4000 r--p 0000f000 08:05 284670                     /usr/lib/jvm/java-8-openjdk-amd64/jre/lib/amd64/libverify.so
7f17d6aa4000-7f17d6aa5000 rw-p 00011000 08:05 284670                     /usr/lib/jvm/java-8-openjdk-amd64/jre/lib/amd64/libverify.so
7f17d6aa5000-7f17d6aa7000 rw-p 00000000 00:00 0 
7f17d6aa7000-7f17d6aa8000 r--p 00000000 08:05 266204                     /usr/lib/x86_64-linux-gnu/ld-2.31.so
7f17d6aa8000-7f17d6acb000 r-xp 00001000 08:05 266204                     /usr/lib/x86_64-linux-gnu/ld-2.31.so
7f17d6acb000-7f17d6ad3000 r--p 00024000 08:05 266204                     /usr/lib/x86_64-linux-gnu/ld-2.31.so
7f17d6ad3000-7f17d6ad4000 r--p 00000000 00:00 0 
7f17d6ad4000-7f17d6ad5000 r--p 0002c000 08:05 266204                     /usr/lib/x86_64-linux-gnu/ld-2.31.so
7f17d6ad5000-7f17d6ad6000 rw-p 0002d000 08:05 266204                     /usr/lib/x86_64-linux-gnu/ld-2.31.so
7f17d6ad6000-7f17d6ad7000 rw-p 00000000 00:00 0 
7ffe98aad000-7ffe98ace000 rw-p 00000000 00:00 0                          [stack]
7ffe98ba2000-7ffe98ba6000 r--p 00000000 00:00 0                          [vvar]
7ffe98ba6000-7ffe98ba8000 r-xp 00000000 00:00 0                          [vdso]
ffffffffff600000-ffffffffff601000 --xp 00000000 00:00 0                  [vsyscall]

VM Arguments:
jvm_args: -Xmx1024m 
java_command: /home/carma/maptool_ws/public/connectedvcs-tools/fedgov-cv-message-builder/target/surefire/surefirebooter8067063494239019582.jar /home/carma/maptool_ws/public/connectedvcs-tools/fedgov-cv-message-builder/target/surefire 2025-06-16T09-48-14_552-jvmRun1 surefire5015015432655244011tmp surefire_0310411592728459060tmp
java_class_path (initial): /home/carma/maptool_ws/public/connectedvcs-tools/fedgov-cv-message-builder/target/surefire/surefirebooter8067063494239019582.jar
Launcher Type: SUN_STANDARD

Environment Variables:
PATH=/usr/local/sbin:/usr/local/bin:/usr/sbin:/usr/bin:/sbin:/bin:/snap/bin
LD_LIBRARY_PATH=/home/carma/maptool_ws/public/connectedvcs-tools/fedgov-cv-lib-asn1c/third_party_lib
SHELL=/bin/bash
DISPLAY=:0

Signal Handlers:
SIGSEGV: [libjvm.so+0xb3b540], sa_mask[0]=11111111011111111101111111111110, sa_flags=SA_RESTART|SA_SIGINFO
SIGBUS: [libjvm.so+0xb3b540], sa_mask[0]=11111111011111111101111111111110, sa_flags=SA_RESTART|SA_SIGINFO
SIGFPE: [libjvm.so+0x97e160], sa_mask[0]=11111111011111111101111111111110, sa_flags=SA_RESTART|SA_SIGINFO
SIGPIPE: [libjvm.so+0x97e160], sa_mask[0]=11111111011111111101111111111110, sa_flags=SA_RESTART|SA_SIGINFO
SIGXFSZ: [libjvm.so+0x97e160], sa_mask[0]=11111111011111111101111111111110, sa_flags=SA_RESTART|SA_SIGINFO
SIGILL: [libjvm.so+0x97e160], sa_mask[0]=11111111011111111101111111111110, sa_flags=SA_RESTART|SA_SIGINFO
SIGUSR1: SIG_DFL, sa_mask[0]=00000000000000000000000000000000, sa_flags=none
SIGUSR2: [libjvm.so+0x97e490], sa_mask[0]=00100000000000000000000000000000, sa_flags=SA_RESTART|SA_SIGINFO
SIGHUP: [libjvm.so+0x97e3e0], sa_mask[0]=11111111011111111101111111111110, sa_flags=SA_RESTART|SA_SIGINFO
SIGINT: [libjvm.so+0x97e3e0], sa_mask[0]=11111111011111111101111111111110, sa_flags=SA_RESTART|SA_SIGINFO
SIGTERM: [libjvm.so+0x97e3e0], sa_mask[0]=11111111011111111101111111111110, sa_flags=SA_RESTART|SA_SIGINFO
SIGQUIT: [libjvm.so+0x97e3e0], sa_mask[0]=11111111011111111101111111111110, sa_flags=SA_RESTART|SA_SIGINFO


---------------  S Y S T E M  ---------------

OS:DISTRIB_ID=Ubuntu
DISTRIB_RELEASE=20.04
DISTRIB_CODENAME=focal
DISTRIB_DESCRIPTION="Ubuntu 20.04.6 LTS"

uname:Linux 5.15.0-139-generic #149~20.04.1-Ubuntu SMP Wed Apr 16 08:29:56 UTC 2025 x86_64
libc:glibc 2.31 NPTL 2.31 
rlimit: STACK 8192k, CORE 0k, NPROC 63427, NOFILE 1048576, AS infinity
load average:7.92 3.33 1.93

/proc/meminfo:
MemTotal:       16336844 kB
MemFree:         1128020 kB
MemAvailable:    6268104 kB
Buffers:          493096 kB
Cached:          4684992 kB
SwapCached:         2004 kB
Active:          3355964 kB
Inactive:       10279208 kB
Active(anon):      14188 kB
Inactive(anon):  8632192 kB
Active(file):    3341776 kB
Inactive(file):  1647016 kB
Unevictable:          16 kB
Mlocked:              16 kB
SwapTotal:       2097148 kB
SwapFree:        2089932 kB
Dirty:               132 kB
Writeback:             0 kB
AnonPages:       8454892 kB
Mapped:          1081656 kB
Shmem:            189276 kB
KReclaimable:     488600 kB
Slab:             742244 kB
SReclaimable:     488600 kB
SUnreclaim:       253644 kB
KernelStack:       31872 kB
PageTables:        72440 kB
NFS_Unstable:          0 kB
Bounce:                0 kB
WritebackTmp:          0 kB
CommitLimit:    10265568 kB
Committed_AS:   27497012 kB
VmallocTotal:   34359738367 kB
VmallocUsed:       86688 kB
VmallocChunk:          0 kB
Percpu:           159744 kB
HardwareCorrupted:     0 kB
AnonHugePages:         0 kB
ShmemHugePages:        0 kB
ShmemPmdMapped:        0 kB
FileHugePages:         0 kB
FilePmdMapped:         0 kB
HugePages_Total:       0
HugePages_Free:        0
HugePages_Rsvd:        0
HugePages_Surp:        0
Hugepagesize:       2048 kB
Hugetlb:               0 kB
DirectMap4k:      636736 kB
DirectMap2M:    14043136 kB
DirectMap1G:     4194304 kB

container (cgroup) information:
container_type: cgroupv1
cpu_cpuset_cpus: 0-15
cpu_memory_nodes: 0
active_processor_count: 16
cpu_quota: -1
cpu_period: 100000
cpu_shares: -1
memory_limit_in_bytes: -1
memory_and_swap_limit_in_bytes: -1
memory_soft_limit_in_bytes: -1
memory_usage_in_bytes: 10696048640
memory_max_usage_in_bytes: 12729692160


CPU:total 16 (initial active 16) (1 cores per cpu, 1 threads per core) family 6 model 151 stepping 2, cmov, cx8, fxsr, mmx, sse, sse2, sse3, ssse3, sse4.1, sse4.2, popcnt, avx, avx2, aes, clmul, erms, 3dnowpref, lzcnt, tsc, tscinvbit, bmi1, bmi2, adx

/proc/cpuinfo:
processor	: 0
vendor_id	: GenuineIntel
cpu family	: 6
model		: 151
model name	: 12th Gen Intel(R) Core(TM) i7-12850HX
stepping	: 2
microcode	: 0x2e
cpu MHz		: 2419.189
cache size	: 25600 KB
physical id	: 0
siblings	: 1
core id		: 0
cpu cores	: 1
apicid		: 0
initial apicid	: 0
fpu		: yes
fpu_exception	: yes
cpuid level	: 32
wp		: yes
flags		: fpu vme de pse tsc msr pae mce cx8 apic sep mtrr pge mca cmov pat pse36 clflush mmx fxsr sse sse2 ss syscall nx pdpe1gb rdtscp lm constant_tsc arch_perfmon nopl xtopology tsc_reliable nonstop_tsc cpuid tsc_known_freq pni pclmulqdq ssse3 fma cx16 sse4_1 sse4_2 x2apic movbe popcnt tsc_deadline_timer aes xsave avx f16c rdrand hypervisor lahf_lm abm 3dnowprefetch ssbd ibrs ibpb stibp ibrs_enhanced fsgsbase tsc_adjust bmi1 avx2 smep bmi2 invpcid rdseed adx smap clflushopt clwb sha_ni xsaveopt xsavec xsaves arat pku ospke md_clear flush_l1d arch_capabilities
bugs		: spectre_v1 spectre_v2 spec_store_bypass swapgs itlb_multihit eibrs_pbrsb rfds bhi
bogomips	: 4838.37
clflush size	: 64
cache_alignment	: 64
address sizes	: 43 bits physical, 48 bits virtual
power management:

processor	: 1
vendor_id	: GenuineIntel
cpu family	: 6
model		: 151
model name	: 12th Gen Intel(R) Core(TM) i7-12850HX
stepping	: 2
microcode	: 0x2e
cpu MHz		: 2419.189
cache size	: 25600 KB
physical id	: 2
siblings	: 1
core id		: 0
cpu cores	: 1
apicid		: 2
initial apicid	: 2
fpu		: yes
fpu_exception	: yes
cpuid level	: 32
wp		: yes
flags		: fpu vme de pse tsc msr pae mce cx8 apic sep mtrr pge mca cmov pat pse36 clflush mmx fxsr sse sse2 ss syscall nx pdpe1gb rdtscp lm constant_tsc arch_perfmon nopl xtopology tsc_reliable nonstop_tsc cpuid tsc_known_freq pni pclmulqdq ssse3 fma cx16 sse4_1 sse4_2 x2apic movbe popcnt tsc_deadline_timer aes xsave avx f16c rdrand hypervisor lahf_lm abm 3dnowprefetch ssbd ibrs ibpb stibp ibrs_enhanced fsgsbase tsc_adjust bmi1 avx2 smep bmi2 invpcid rdseed adx smap clflushopt clwb sha_ni xsaveopt xsavec xsaves arat pku ospke md_clear flush_l1d arch_capabilities
bugs		: spectre_v1 spectre_v2 spec_store_bypass swapgs itlb_multihit eibrs_pbrsb rfds bhi
bogomips	: 4838.37
clflush size	: 64
cache_alignment	: 64
address sizes	: 43 bits physical, 48 bits virtual
power management:

processor	: 2
vendor_id	: GenuineIntel
cpu family	: 6
model		: 151
model name	: 12th Gen Intel(R) Core(TM) i7-12850HX
stepping	: 2
microcode	: 0x2e
cpu MHz		: 2419.189
cache size	: 25600 KB
physical id	: 4
siblings	: 1
core id		: 0
cpu cores	: 1
apicid		: 4
initial apicid	: 4
fpu		: yes
fpu_exception	: yes
cpuid level	: 32
wp		: yes
flags		: fpu vme de pse tsc msr pae mce cx8 apic sep mtrr pge mca cmov pat pse36 clflush mmx fxsr sse sse2 ss syscall nx pdpe1gb rdtscp lm constant_tsc arch_perfmon nopl xtopology tsc_reliable nonstop_tsc cpuid tsc_known_freq pni pclmulqdq ssse3 fma cx16 sse4_1 sse4_2 x2apic movbe popcnt tsc_deadline_timer aes xsave avx f16c rdrand hypervisor lahf_lm abm 3dnowprefetch ssbd ibrs ibpb stibp ibrs_enhanced fsgsbase tsc_adjust bmi1 avx2 smep bmi2 invpcid rdseed adx smap clflushopt clwb sha_ni xsaveopt xsavec xsaves arat pku ospke md_clear flush_l1d arch_capabilities
bugs		: spectre_v1 spectre_v2 spec_store_bypass swapgs itlb_multihit eibrs_pbrsb rfds bhi
bogomips	: 4838.37
clflush size	: 64
cache_alignment	: 64
address sizes	: 43 bits physical, 48 bits virtual
power management:

processor	: 3
vendor_id	: GenuineIntel
cpu family	: 6
model		: 151
model name	: 12th Gen Intel(R) Core(TM) i7-12850HX
stepping	: 2
microcode	: 0x2e
cpu MHz		: 2419.189
cache size	: 25600 KB
physical id	: 6
siblings	: 1
core id		: 0
cpu cores	: 1
apicid		: 6
initial apicid	: 6
fpu		: yes
fpu_exception	: yes
cpuid level	: 32
wp		: yes
flags		: fpu vme de pse tsc msr pae mce cx8 apic sep mtrr pge mca cmov pat pse36 clflush mmx fxsr sse sse2 ss syscall nx pdpe1gb rdtscp lm constant_tsc arch_perfmon nopl xtopology tsc_reliable nonstop_tsc cpuid tsc_known_freq pni pclmulqdq ssse3 fma cx16 sse4_1 sse4_2 x2apic movbe popcnt tsc_deadline_timer aes xsave avx f16c rdrand hypervisor lahf_lm abm 3dnowprefetch ssbd ibrs ibpb stibp ibrs_enhanced fsgsbase tsc_adjust bmi1 avx2 smep bmi2 invpcid rdseed adx smap clflushopt clwb sha_ni xsaveopt xsavec xsaves arat pku ospke md_clear flush_l1d arch_capabilities
bugs		: spectre_v1 spectre_v2 spec_store_bypass swapgs itlb_multihit eibrs_pbrsb rfds bhi
bogomips	: 4838.37
clflush size	: 64
cache_alignment	: 64
address sizes	: 43 bits physical, 48 bits virtual
power management:

processor	: 4
vendor_id	: GenuineIntel
cpu family	: 6
model		: 151
model name	: 12th Gen Intel(R) Core(TM) i7-12850HX
stepping	: 2
microcode	: 0x2e
cpu MHz		: 2419.189
cache size	: 25600 KB
physical id	: 8
siblings	: 1
core id		: 0
cpu cores	: 1
apicid		: 8
initial apicid	: 8
fpu		: yes
fpu_exception	: yes
cpuid level	: 32
wp		: yes
flags		: fpu vme de pse tsc msr pae mce cx8 apic sep mtrr pge mca cmov pat pse36 clflush mmx fxsr sse sse2 ss syscall nx pdpe1gb rdtscp lm constant_tsc arch_perfmon nopl xtopology tsc_reliable nonstop_tsc cpuid tsc_known_freq pni pclmulqdq ssse3 fma cx16 sse4_1 sse4_2 x2apic movbe popcnt tsc_deadline_timer aes xsave avx f16c rdrand hypervisor lahf_lm abm 3dnowprefetch ssbd ibrs ibpb stibp ibrs_enhanced fsgsbase tsc_adjust bmi1 avx2 smep bmi2 invpcid rdseed adx smap clflushopt clwb sha_ni xsaveopt xsavec xsaves arat pku ospke md_clear flush_l1d arch_capabilities
bugs		: spectre_v1 spectre_v2 spec_store_bypass swapgs itlb_multihit eibrs_pbrsb rfds bhi
bogomips	: 4838.37
clflush size	: 64
cache_alignment	: 64
address sizes	: 43 bits physical, 48 bits virtual
power management:

processor	: 5
vendor_id	: GenuineIntel
cpu family	: 6
model		: 151
model name	: 12th Gen Intel(R) Core(TM) i7-12850HX
stepping	: 2
microcode	: 0x2e
cpu MHz		: 2419.189
cache size	: 25600 KB
physical id	: 10
siblings	: 1
core id		: 0
cpu cores	: 1
apicid		: 10
initial apicid	: 10
fpu		: yes
fpu_exception	: yes
cpuid level	: 32
wp		: yes
flags		: fpu vme de pse tsc msr pae mce cx8 apic sep mtrr pge mca cmov pat pse36 clflush mmx fxsr sse sse2 ss syscall nx pdpe1gb rdtscp lm constant_tsc arch_perfmon nopl xtopology tsc_reliable nonstop_tsc cpuid tsc_known_freq pni pclmulqdq ssse3 fma cx16 sse4_1 sse4_2 x2apic movbe popcnt tsc_deadline_timer aes xsave avx f16c rdrand hypervisor lahf_lm abm 3dnowprefetch ssbd ibrs ibpb stibp ibrs_enhanced fsgsbase tsc_adjust bmi1 avx2 smep bmi2 invpcid rdseed adx smap clflushopt clwb sha_ni xsaveopt xsavec xsaves arat pku ospke md_clear flush_l1d arch_capabilities
bugs		: spectre_v1 spectre_v2 spec_store_bypass swapgs itlb_multihit eibrs_pbrsb rfds bhi
bogomips	: 4838.37
clflush size	: 64
cache_alignment	: 64
address sizes	: 43 bits physical, 48 bits virtual
power management:

processor	: 6
vendor_id	: GenuineIntel
cpu family	: 6
model		: 151
model name	: 12th Gen Intel(R) Core(TM) i7-12850HX
stepping	: 2
microcode	: 0x2e
cpu MHz		: 2419.189
cache size	: 25600 KB
physical id	: 12
siblings	: 1
core id		: 0
cpu cores	: 1
apicid		: 12
initial apicid	: 12
fpu		: yes
fpu_exception	: yes
cpuid level	: 32
wp		: yes
flags		: fpu vme de pse tsc msr pae mce cx8 apic sep mtrr pge mca cmov pat pse36 clflush mmx fxsr sse sse2 ss syscall nx pdpe1gb rdtscp lm constant_tsc arch_perfmon nopl xtopology tsc_reliable nonstop_tsc cpuid tsc_known_freq pni pclmulqdq ssse3 fma cx16 sse4_1 sse4_2 x2apic movbe popcnt tsc_deadline_timer aes xsave avx f16c rdrand hypervisor lahf_lm abm 3dnowprefetch ssbd ibrs ibpb stibp ibrs_enhanced fsgsbase tsc_adjust bmi1 avx2 smep bmi2 invpcid rdseed adx smap clflushopt clwb sha_ni xsaveopt xsavec xsaves arat pku ospke md_clear flush_l1d arch_capabilities
bugs		: spectre_v1 spectre_v2 spec_store_bypass swapgs itlb_multihit eibrs_pbrsb rfds bhi
bogomips	: 4838.37
clflush size	: 64
cache_alignment	: 64
address sizes	: 43 bits physical, 48 bits virtual
power management:

processor	: 7
vendor_id	: GenuineIntel
cpu family	: 6
model		: 151
model name	: 12th Gen Intel(R) Core(TM) i7-12850HX
stepping	: 2
microcode	: 0x2e
cpu MHz		: 2419.189
cache size	: 25600 KB
physical id	: 14
siblings	: 1
core id		: 0
cpu cores	: 1
apicid		: 14
initial apicid	: 14
fpu		: yes
fpu_exception	: yes
cpuid level	: 32
wp		: yes
flags		: fpu vme de pse tsc msr pae mce cx8 apic sep mtrr pge mca cmov pat pse36 clflush mmx fxsr sse sse2 ss syscall nx pdpe1gb rdtscp lm constant_tsc arch_perfmon nopl xtopology tsc_reliable nonstop_tsc cpuid tsc_known_freq pni pclmulqdq ssse3 fma cx16 sse4_1 sse4_2 x2apic movbe popcnt tsc_deadline_timer aes xsave avx f16c rdrand hypervisor lahf_lm abm 3dnowprefetch ssbd ibrs ibpb stibp ibrs_enhanced fsgsbase tsc_adjust bmi1 avx2 smep bmi2 invpcid rdseed adx smap clflushopt clwb sha_ni xsaveopt xsavec xsaves arat pku ospke md_clear flush_l1d arch_capabilities
bugs		: spectre_v1 spectre_v2 spec_store_bypass swapgs itlb_multihit eibrs_pbrsb rfds bhi
bogomips	: 4838.37
clflush size	: 64
cache_alignment	: 64
address sizes	: 43 bits physical, 48 bits virtual
power management:

processor	: 8
vendor_id	: GenuineIntel
cpu family	: 6
model		: 151
model name	: 12th Gen Intel(R) Core(TM) i7-12850HX
stepping	: 2
microcode	: 0x2e
cpu MHz		: 2419.189
cache size	: 25600 KB
physical id	: 16
siblings	: 1
core id		: 0
cpu cores	: 1
apicid		: 16
initial apicid	: 16
fpu		: yes
fpu_exception	: yes
cpuid level	: 32
wp		: yes
flags		: fpu vme de pse tsc msr pae mce cx8 apic sep mtrr pge mca cmov pat pse36 clflush mmx fxsr sse sse2 ss syscall nx pdpe1gb rdtscp lm constant_tsc arch_perfmon nopl xtopology tsc_reliable nonstop_tsc cpuid tsc_known_freq pni pclmulqdq ssse3 fma cx16 sse4_1 sse4_2 x2apic movbe popcnt tsc_deadline_timer aes xsave avx f16c rdrand hypervisor lahf_lm abm 3dnowprefetch ssbd ibrs ibpb stibp ibrs_enhanced fsgsbase tsc_adjust bmi1 avx2 smep bmi2 invpcid rdseed adx smap clflushopt clwb sha_ni xsaveopt xsavec xsaves arat pku ospke md_clear flush_l1d arch_capabilities
bugs		: spectre_v1 spectre_v2 spec_store_bypass swapgs itlb_multihit eibrs_pbrsb rfds bhi
bogomips	: 4838.37
clflush size	: 64
cache_alignment	: 64
address sizes	: 43 bits physical, 48 bits virtual
power management:

processor	: 9
vendor_id	: GenuineIntel
cpu family	: 6
model		: 151
model name	: 12th Gen Intel(R) Core(TM) i7-12850HX
stepping	: 2
microcode	: 0x2e
cpu MHz		: 2419.189
cache size	: 25600 KB
physical id	: 18
siblings	: 1
core id		: 0
cpu cores	: 1
apicid		: 18
initial apicid	: 18
fpu		: yes
fpu_exception	: yes
cpuid level	: 32
wp		: yes
flags		: fpu vme de pse tsc msr pae mce cx8 apic sep mtrr pge mca cmov pat pse36 clflush mmx fxsr sse sse2 ss syscall nx pdpe1gb rdtscp lm constant_tsc arch_perfmon nopl xtopology tsc_reliable nonstop_tsc cpuid tsc_known_freq pni pclmulqdq ssse3 fma cx16 sse4_1 sse4_2 x2apic movbe popcnt tsc_deadline_timer aes xsave avx f16c rdrand hypervisor lahf_lm abm 3dnowprefetch ssbd ibrs ibpb stibp ibrs_enhanced fsgsbase tsc_adjust bmi1 avx2 smep bmi2 invpcid rdseed adx smap clflushopt clwb sha_ni xsaveopt xsavec xsaves arat pku ospke md_clear flush_l1d arch_capabilities
bugs		: spectre_v1 spectre_v2 spec_store_bypass swapgs itlb_multihit eibrs_pbrsb rfds bhi
bogomips	: 4838.37
clflush size	: 64
cache_alignment	: 64
address sizes	: 43 bits physical, 48 bits virtual
power management:

processor	: 10
vendor_id	: GenuineIntel
cpu family	: 6
model		: 151
model name	: 12th Gen Intel(R) Core(TM) i7-12850HX
stepping	: 2
microcode	: 0x2e
cpu MHz		: 2419.189
cache size	: 25600 KB
physical id	: 20
siblings	: 1
core id		: 0
cpu cores	: 1
apicid		: 20
initial apicid	: 20
fpu		: yes
fpu_exception	: yes
cpuid level	: 32
wp		: yes
flags		: fpu vme de pse tsc msr pae mce cx8 apic sep mtrr pge mca cmov pat pse36 clflush mmx fxsr sse sse2 ss syscall nx pdpe1gb rdtscp lm constant_tsc arch_perfmon nopl xtopology tsc_reliable nonstop_tsc cpuid tsc_known_freq pni pclmulqdq ssse3 fma cx16 sse4_1 sse4_2 x2apic movbe popcnt tsc_deadline_timer aes xsave avx f16c rdrand hypervisor lahf_lm abm 3dnowprefetch ssbd ibrs ibpb stibp ibrs_enhanced fsgsbase tsc_adjust bmi1 avx2 smep bmi2 invpcid rdseed adx smap clflushopt clwb sha_ni xsaveopt xsavec xsaves arat pku ospke md_clear flush_l1d arch_capabilities
bugs		: spectre_v1 spectre_v2 spec_store_bypass swapgs itlb_multihit eibrs_pbrsb rfds bhi
bogomips	: 4838.37
clflush size	: 64
cache_alignment	: 64
address sizes	: 43 bits physical, 48 bits virtual
power management:

processor	: 11
vendor_id	: GenuineIntel
cpu family	: 6
model		: 151
model name	: 12th Gen Intel(R) Core(TM) i7-12850HX
stepping	: 2
microcode	: 0x2e
cpu MHz		: 2419.189
cache size	: 25600 KB
physical id	: 22
siblings	: 1
core id		: 0
cpu cores	: 1
apicid		: 22
initial apicid	: 22
fpu		: yes
fpu_exception	: yes
cpuid level	: 32
wp		: yes
flags		: fpu vme de pse tsc msr pae mce cx8 apic sep mtrr pge mca cmov pat pse36 clflush mmx fxsr sse sse2 ss syscall nx pdpe1gb rdtscp lm constant_tsc arch_perfmon nopl xtopology tsc_reliable nonstop_tsc cpuid tsc_known_freq pni pclmulqdq ssse3 fma cx16 sse4_1 sse4_2 x2apic movbe popcnt tsc_deadline_timer aes xsave avx f16c rdrand hypervisor lahf_lm abm 3dnowprefetch ssbd ibrs ibpb stibp ibrs_enhanced fsgsbase tsc_adjust bmi1 avx2 smep bmi2 invpcid rdseed adx smap clflushopt clwb sha_ni xsaveopt xsavec xsaves arat pku ospke md_clear flush_l1d arch_capabilities
bugs		: spectre_v1 spectre_v2 spec_store_bypass swapgs itlb_multihit eibrs_pbrsb rfds bhi
bogomips	: 4838.37
clflush size	: 64
cache_alignment	: 64
address sizes	: 43 bits physical, 48 bits virtual
power management:

processor	: 12
vendor_id	: GenuineIntel
cpu family	: 6
model		: 151
model name	: 12th Gen Intel(R) Core(TM) i7-12850HX
stepping	: 2
microcode	: 0x2e
cpu MHz		: 2419.189
cache size	: 25600 KB
physical id	: 24
siblings	: 1
core id		: 0
cpu cores	: 1
apicid		: 24
initial apicid	: 24
fpu		: yes
fpu_exception	: yes
cpuid level	: 32
wp		: yes
flags		: fpu vme de pse tsc msr pae mce cx8 apic sep mtrr pge mca cmov pat pse36 clflush mmx fxsr sse sse2 ss syscall nx pdpe1gb rdtscp lm constant_tsc arch_perfmon nopl xtopology tsc_reliable nonstop_tsc cpuid tsc_known_freq pni pclmulqdq ssse3 fma cx16 sse4_1 sse4_2 x2apic movbe popcnt tsc_deadline_timer aes xsave avx f16c rdrand hypervisor lahf_lm abm 3dnowprefetch ssbd ibrs ibpb stibp ibrs_enhanced fsgsbase tsc_adjust bmi1 avx2 smep bmi2 invpcid rdseed adx smap clflushopt clwb sha_ni xsaveopt xsavec xsaves arat pku ospke md_clear flush_l1d arch_capabilities
bugs		: spectre_v1 spectre_v2 spec_store_bypass swapgs itlb_multihit eibrs_pbrsb rfds bhi
bogomips	: 4838.37
clflush size	: 64
cache_alignment	: 64
address sizes	: 43 bits physical, 48 bits virtual
power management:

processor	: 13
vendor_id	: GenuineIntel
cpu family	: 6
model		: 151
model name	: 12th Gen Intel(R) Core(TM) i7-12850HX
stepping	: 2
microcode	: 0x2e
cpu MHz		: 2419.189
cache size	: 25600 KB
physical id	: 26
siblings	: 1
core id		: 0
cpu cores	: 1
apicid		: 26
initial apicid	: 26
fpu		: yes
fpu_exception	: yes
cpuid level	: 32
wp		: yes
flags		: fpu vme de pse tsc msr pae mce cx8 apic sep mtrr pge mca cmov pat pse36 clflush mmx fxsr sse sse2 ss syscall nx pdpe1gb rdtscp lm constant_tsc arch_perfmon nopl xtopology tsc_reliable nonstop_tsc cpuid tsc_known_freq pni pclmulqdq ssse3 fma cx16 sse4_1 sse4_2 x2apic movbe popcnt tsc_deadline_timer aes xsave avx f16c rdrand hypervisor lahf_lm abm 3dnowprefetch ssbd ibrs ibpb stibp ibrs_enhanced fsgsbase tsc_adjust bmi1 avx2 smep bmi2 invpcid rdseed adx smap clflushopt clwb sha_ni xsaveopt xsavec xsaves arat pku ospke md_clear flush_l1d arch_capabilities
bugs		: spectre_v1 spectre_v2 spec_store_bypass swapgs itlb_multihit eibrs_pbrsb rfds bhi
bogomips	: 4838.37
clflush size	: 64
cache_alignment	: 64
address sizes	: 43 bits physical, 48 bits virtual
power management:

processor	: 14
vendor_id	: GenuineIntel
cpu family	: 6
model		: 151
model name	: 12th Gen Intel(R) Core(TM) i7-12850HX
stepping	: 2
microcode	: 0x2e
cpu MHz		: 2419.189
cache size	: 25600 KB
physical id	: 28
siblings	: 1
core id		: 0
cpu cores	: 1
apicid		: 28
initial apicid	: 28
fpu		: yes
fpu_exception	: yes
cpuid level	: 32
wp		: yes
flags		: fpu vme de pse tsc msr pae mce cx8 apic sep mtrr pge mca cmov pat pse36 clflush mmx fxsr sse sse2 ss syscall nx pdpe1gb rdtscp lm constant_tsc arch_perfmon nopl xtopology tsc_reliable nonstop_tsc cpuid tsc_known_freq pni pclmulqdq ssse3 fma cx16 sse4_1 sse4_2 x2apic movbe popcnt tsc_deadline_timer aes xsave avx f16c rdrand hypervisor lahf_lm abm 3dnowprefetch ssbd ibrs ibpb stibp ibrs_enhanced fsgsbase tsc_adjust bmi1 avx2 smep bmi2 invpcid rdseed adx smap clflushopt clwb sha_ni xsaveopt xsavec xsaves arat pku ospke md_clear flush_l1d arch_capabilities
bugs		: spectre_v1 spectre_v2 spec_store_bypass swapgs itlb_multihit eibrs_pbrsb rfds bhi
bogomips	: 4838.37
clflush size	: 64
cache_alignment	: 64
address sizes	: 43 bits physical, 48 bits virtual
power management:

processor	: 15
vendor_id	: GenuineIntel
cpu family	: 6
model		: 151
model name	: 12th Gen Intel(R) Core(TM) i7-12850HX
stepping	: 2
microcode	: 0x2e
cpu MHz		: 2419.189
cache size	: 25600 KB
physical id	: 30
siblings	: 1
core id		: 0
cpu cores	: 1
apicid		: 30
initial apicid	: 30
fpu		: yes
fpu_exception	: yes
cpuid level	: 32
wp		: yes
flags		: fpu vme de pse tsc msr pae mce cx8 apic sep mtrr pge mca cmov pat pse36 clflush mmx fxsr sse sse2 ss syscall nx pdpe1gb rdtscp lm constant_tsc arch_perfmon nopl xtopology tsc_reliable nonstop_tsc cpuid tsc_known_freq pni pclmulqdq ssse3 fma cx16 sse4_1 sse4_2 x2apic movbe popcnt tsc_deadline_timer aes xsave avx f16c rdrand hypervisor lahf_lm abm 3dnowprefetch ssbd ibrs ibpb stibp ibrs_enhanced fsgsbase tsc_adjust bmi1 avx2 smep bmi2 invpcid rdseed adx smap clflushopt clwb sha_ni xsaveopt xsavec xsaves arat pku ospke md_clear flush_l1d arch_capabilities
bugs		: spectre_v1 spectre_v2 spec_store_bypass swapgs itlb_multihit eibrs_pbrsb rfds bhi
bogomips	: 4838.37
clflush size	: 64
cache_alignment	: 64
address sizes	: 43 bits physical, 48 bits virtual
power management:



Memory: 4k page, physical 16336844k(1128020k free), swap 2097148k(2089932k free)

vm_info: OpenJDK 64-Bit Server VM (25.452-b09) for linux-amd64 JRE (1.8.0_452-8u452-ga~us1-0ubuntu1~20.04-b09), built on Apr 16 2025 10:33:22 by "buildd" with gcc 9.4.0

time: Mon Jun 16 09:48:18 2025
timezone: PDT
elapsed time: 2.426848 seconds (0d 0h 0m 2s)

