#
# A fatal error has been detected by the Java Runtime Environment:
#
#  SIGSEGV (0xb) at pc=0x00007fbe69ed5f87, pid=1264921, tid=0x00007fbe3d800700
#
# JRE version: OpenJDK Runtime Environment (8.0_452-b09) (build 1.8.0_452-8u452-ga~us1-0ubuntu1~20.04-b09)
# Java VM: OpenJDK 64-Bit Server VM (25.452-b09 mixed mode linux-amd64 compressed oops)
# Problematic frame:
# V  [libjvm.so+0x712f87]
#
# Failed to write core dump. Core dumps have been disabled. To enable core dumping, try "ulimit -c unlimited" before starting Java again
#
# If you would like to submit a bug report, please visit:
#   http://bugreport.java.com/bugreport/crash.jsp
#

---------------  T H R E A D  ---------------

Current thread (0x00007fbe64714800):  JavaThread "pool-2-thread-6" daemon [_thread_in_vm, id=1264983, stack(0x00007fbe3d700000,0x00007fbe3d801000)]

siginfo: si_signo: 11 (SIGSEGV), si_code: 1 (SEGV_MAPERR), si_addr: 0x0000000000000000

Registers:
RAX=0x0000000000000000, RBX=0x0000000000000000, RCX=0x00007fbe69ed5f00, RDX=0x00007fbe6a5a99b8
RSP=0x00007fbe3d7fcf40, RBP=0x00007fbe3d7fcf90, RSI=0x0000000000000000, RDI=0x00007fbe64714800
R8 =0x00007fbe3d0d5db0, R9 =0x000000000000000b, R10=0x00007fbe3d7fcbb0, R11=0x00007fbe5500045f
R12=0x00007fbe64714800, R13=0x00007fbe64714a60, R14=0x0000000000000000, R15=0x00007fbe64714800
RIP=0x00007fbe69ed5f87, EFLAGS=0x0000000000010246, CSGSFS=0x002b000000000033, ERR=0x0000000000000004
  TRAPNO=0x000000000000000e

Top of Stack: (sp=0x00007fbe3d7fcf40)
0x00007fbe3d7fcf40:   00007fbe64714800 0000000000000000
0x00007fbe3d7fcf50:   00007fbda804dbf0 d6448612144dab00
0x00007fbe3d7fcf60:   00007fbe64714800 d6448612144dab00
0x00007fbe3d7fcf70:   0000000000000000 0000000000000000
0x00007fbe3d7fcf80:   00007fbe3d0f1cf0 00007fbe3d7fe6b8
0x00007fbe3d7fcf90:   00007fbe3d7fe610 00007fbe3ce151e5
0x00007fbe3d7fcfa0:   5865646f544c9260 00007fbe3d7fe6a0
0x00007fbe3d7fcfb0:   00007fbe3d7fe6a8 00007fbe3d7fe6b0
0x00007fbe3d7fcfc0:   00007fbe3d7fe6b8 00007fbe64714a60
0x00007fbe3d7fcfd0:   4274657366666f20 016f202c303d3031
0x00007fbe3d7fcfe0:   0000000474650100 000000010000000d
0x00007fbe3d7fcff0:   0000000b00000001 0000000100000002
0x00007fbe3d7fd000:   0000000000000000 4274657366666f20
0x00007fbe3d7fd010:   666f202c303d3431 0000000100000001
0x00007fbe3d7fd020:   000007e84514c000 000000050000000c
0x00007fbe3d7fd030:   0000000d00000002 0000000d0000000c
0x00007fbe3d7fd040:   0000000400000004 0000000e00000001
0x00007fbe3d7fd050:   0000000900000002 0000000d0000000b
0x00007fbe3d7fd060:   0000000d0000000d 0000000100000001
0x00007fbe3d7fd070:   0000000100000001 4274657366666f20
0x00007fbe3d7fd080:   000000000000000d 314274657366666f
0x00007fbe3d7fd090:   00000000000008fe 00007fbda803f320
0x00007fbe3d7fd0a0:   00007fbda8000e10 00007fbe64399738
0x00007fbe3d7fd0b0:   00007fbe64399740 00007fbe64399748
0x00007fbe3d7fd0c0:   00007fbda8000e18 00007fbda8000e20
0x00007fbe3d7fd0d0:   00007fbe64399750 00007fbe64399758
0x00007fbe3d7fd0e0:   41b93686e5000000 c1c8f1b378800000
0x00007fbe3d7fd0f0:   00007fbe64399760 00007fbe64399768
0x00007fbe3d7fd100:   00007fbda803f680 00007fbda803ea00
0x00007fbe3d7fd110:   00007fbda8000e28 00007fbda8000e30
0x00007fbe3d7fd120:   00007fbda803ea08 00007fbda803ea10
0x00007fbe3d7fd130:   00007fbda803ea18 00007fbda803f700 

Instructions: (pc=0x00007fbe69ed5f87)
0x00007fbe69ed5f67:   89 65 b0 48 c7 45 b8 00 00 00 00 74 09 48 8d 7d
0x00007fbe69ed5f77:   b0 e8 93 88 2c 00 41 f6 c6 01 0f 85 c1 00 00 00
0x00007fbe69ed5f87:   49 8b 06 48 8d 15 31 b2 6c 00 80 3a 00 0f 84 9e
0x00007fbe69ed5f97:   00 00 00 48 8d 15 df cf 6a 00 8b 40 08 8b 4a 08 

Register to memory mapping:

RAX=0x0000000000000000 is an unknown value
RBX=0x0000000000000000 is an unknown value
RCX=0x00007fbe69ed5f00: <offset 0x712f00> in /usr/lib/jvm/java-8-openjdk-amd64/jre/lib/amd64/server/libjvm.so at 0x00007fbe697c3000
RDX=0x00007fbe6a5a99b8: <offset 0xde69b8> in /usr/lib/jvm/java-8-openjdk-amd64/jre/lib/amd64/server/libjvm.so at 0x00007fbe697c3000
RSP=0x00007fbe3d7fcf40 is pointing into the stack for thread: 0x00007fbe64714800
RBP=0x00007fbe3d7fcf90 is pointing into the stack for thread: 0x00007fbe64714800
RSI=0x0000000000000000 is an unknown value
RDI=0x00007fbe64714800 is a thread
R8 ={method} {0x00007fbe3d0d5db0} 'getDirectionsOfTravelSet' '()Ljava/util/List;' in 'gov/usdot/cv/rgaencoder/IndividualWayDirectionsOfTravel'
R9 =0x000000000000000b is an unknown value
R10=0x00007fbe3d7fcbb0 is pointing into the stack for thread: 0x00007fbe64714800
R11=0x00007fbe5500045f is at begin+0 in a stub
StubRoutines::call_stub [0x00007fbe5500045f, 0x00007fbe55000547[ (232 bytes)
R12=0x00007fbe64714800 is a thread
R13=0x00007fbe64714a60 is an unknown value
R14=0x0000000000000000 is an unknown value
R15=0x00007fbe64714800 is a thread


Stack: [0x00007fbe3d700000,0x00007fbe3d801000],  sp=0x00007fbe3d7fcf40,  free space=1011k
Native frames: (J=compiled Java code, j=interpreted, Vv=VM code, C=native code)
V  [libjvm.so+0x712f87]
C  [libasn1c_rga.so+0x1311e5]  Java_gov_usdot_cv_rgaencoder_Encoder_encodeRGA+0x36d1
j  gov.usdot.cv.rgaencoder.Encoder.encodeRGA(Lgov/usdot/cv/rgaencoder/BaseLayer;Ljava/util/List;Ljava/util/List;)[B+0
j  gov.usdot.cv.rgaencoder.Encoder.encode(Lgov/usdot/cv/rgaencoder/RGAData;)Lgov/usdot/cv/mapencoder/ByteArrayObject;+48
j  gov.usdot.cv.msg.builder.util.J2945Helper.getBytes(Lgov/usdot/cv/rgaencoder/RGAData;)[B+10
j  gov.usdot.cv.msg.builder.util.J2945Helper.getHexString(Lgov/usdot/cv/rgaencoder/RGAData;)Ljava/lang/String;+1
j  gov.usdot.cv.msg.builder.IntersectionSituationDataBuilder.build(Ljava/lang/String;)Lgov/usdot/cv/msg/builder/message/IntersectionMessage;+415
j  gov.usdot.cv.msg.builder.IntersectionSituationDataBuilderTest.runIntersectionSituationDataBuilderTests(Ljava/lang/String;Ljava/lang/String;)V+25
j  gov.usdot.cv.msg.builder.IntersectionSituationDataBuilderTest.rgaMessageMtrVehicleBikeAndCrosswalkGeometryContainerMandatoryFieldsStandard()V+9
v  ~StubRoutines::call_stub
V  [libjvm.so+0x6a7445]
V  [libjvm.so+0xa02bed]
V  [libjvm.so+0xa03ddb]
V  [libjvm.so+0x758ff1]  JVM_InvokeMethod+0x1f1
j  sun.reflect.NativeMethodAccessorImpl.invoke0(Ljava/lang/reflect/Method;Ljava/lang/Object;[Ljava/lang/Object;)Ljava/lang/Object;+0
j  sun.reflect.NativeMethodAccessorImpl.invoke(Ljava/lang/Object;[Ljava/lang/Object;)Ljava/lang/Object;+100
j  sun.reflect.DelegatingMethodAccessorImpl.invoke(Ljava/lang/Object;[Ljava/lang/Object;)Ljava/lang/Object;+6
j  java.lang.reflect.Method.invoke(Ljava/lang/Object;[Ljava/lang/Object;)Ljava/lang/Object;+56
j  org.junit.runners.model.FrameworkMethod$1.runReflectiveCall()Ljava/lang/Object;+15
j  org.junit.internal.runners.model.ReflectiveCallable.run()Ljava/lang/Object;+1
j  org.junit.runners.model.FrameworkMethod.invokeExplosively(Ljava/lang/Object;[Ljava/lang/Object;)Ljava/lang/Object;+10
j  org.junit.internal.runners.statements.InvokeMethod.evaluate()V+12
j  org.junit.internal.runners.statements.RunBefores.evaluate()V+49
j  org.junit.runners.ParentRunner.runLeaf(Lorg/junit/runners/model/Statement;Lorg/junit/runner/Description;Lorg/junit/runner/notification/RunNotifier;)V+17
j  org.junit.runners.BlockJUnit4ClassRunner.runChild(Lorg/junit/runners/model/FrameworkMethod;Lorg/junit/runner/notification/RunNotifier;)V+32
j  org.junit.runners.BlockJUnit4ClassRunner.runChild(Ljava/lang/Object;Lorg/junit/runner/notification/RunNotifier;)V+6
j  org.junit.runners.ParentRunner$3.run()V+12
j  org.apache.maven.surefire.junitcore.pc.Scheduler$1.run()V+11
j  org.apache.maven.surefire.junitcore.pc.InvokerStrategy.schedule(Ljava/lang/Runnable;)V+23
j  org.apache.maven.surefire.junitcore.pc.Scheduler.schedule(Ljava/lang/Runnable;)V+62
j  org.junit.runners.ParentRunner.runChildren(Lorg/junit/runner/notification/RunNotifier;)V+40
j  org.junit.runners.ParentRunner.access$000(Lorg/junit/runners/ParentRunner;Lorg/junit/runner/notification/RunNotifier;)V+2
j  org.junit.runners.ParentRunner$2.evaluate()V+8
j  org.junit.runners.ParentRunner.run(Lorg/junit/runner/notification/RunNotifier;)V+20
j  org.junit.runners.Suite.runChild(Lorg/junit/runner/Runner;Lorg/junit/runner/notification/RunNotifier;)V+2
j  org.junit.runners.Suite.runChild(Ljava/lang/Object;Lorg/junit/runner/notification/RunNotifier;)V+6
j  org.junit.runners.ParentRunner$3.run()V+12
j  org.apache.maven.surefire.junitcore.pc.Scheduler$1.run()V+11
j  java.util.concurrent.Executors$RunnableAdapter.call()Ljava/lang/Object;+4
j  java.util.concurrent.FutureTask.run()V+42
j  java.util.concurrent.ThreadPoolExecutor.runWorker(Ljava/util/concurrent/ThreadPoolExecutor$Worker;)V+95
j  java.util.concurrent.ThreadPoolExecutor$Worker.run()V+5
j  java.lang.Thread.run()V+11
v  ~StubRoutines::call_stub
V  [libjvm.so+0x6a7445]
V  [libjvm.so+0x6a4b8f]
V  [libjvm.so+0x6a5184]
V  [libjvm.so+0x74b120]
V  [libjvm.so+0xadf35f]
V  [libjvm.so+0xadf653]
V  [libjvm.so+0x980120]
C  [libpthread.so.0+0x8609]  start_thread+0xd9

Java frames: (J=compiled Java code, j=interpreted, Vv=VM code)
j  gov.usdot.cv.rgaencoder.Encoder.encodeRGA(Lgov/usdot/cv/rgaencoder/BaseLayer;Ljava/util/List;Ljava/util/List;)[B+0
j  gov.usdot.cv.rgaencoder.Encoder.encode(Lgov/usdot/cv/rgaencoder/RGAData;)Lgov/usdot/cv/mapencoder/ByteArrayObject;+48
j  gov.usdot.cv.msg.builder.util.J2945Helper.getBytes(Lgov/usdot/cv/rgaencoder/RGAData;)[B+10
j  gov.usdot.cv.msg.builder.util.J2945Helper.getHexString(Lgov/usdot/cv/rgaencoder/RGAData;)Ljava/lang/String;+1
j  gov.usdot.cv.msg.builder.IntersectionSituationDataBuilder.build(Ljava/lang/String;)Lgov/usdot/cv/msg/builder/message/IntersectionMessage;+415
j  gov.usdot.cv.msg.builder.IntersectionSituationDataBuilderTest.runIntersectionSituationDataBuilderTests(Ljava/lang/String;Ljava/lang/String;)V+25
j  gov.usdot.cv.msg.builder.IntersectionSituationDataBuilderTest.rgaMessageMtrVehicleBikeAndCrosswalkGeometryContainerMandatoryFieldsStandard()V+9
v  ~StubRoutines::call_stub
j  sun.reflect.NativeMethodAccessorImpl.invoke0(Ljava/lang/reflect/Method;Ljava/lang/Object;[Ljava/lang/Object;)Ljava/lang/Object;+0
j  sun.reflect.NativeMethodAccessorImpl.invoke(Ljava/lang/Object;[Ljava/lang/Object;)Ljava/lang/Object;+100
j  sun.reflect.DelegatingMethodAccessorImpl.invoke(Ljava/lang/Object;[Ljava/lang/Object;)Ljava/lang/Object;+6
j  java.lang.reflect.Method.invoke(Ljava/lang/Object;[Ljava/lang/Object;)Ljava/lang/Object;+56
j  org.junit.runners.model.FrameworkMethod$1.runReflectiveCall()Ljava/lang/Object;+15
j  org.junit.internal.runners.model.ReflectiveCallable.run()Ljava/lang/Object;+1
j  org.junit.runners.model.FrameworkMethod.invokeExplosively(Ljava/lang/Object;[Ljava/lang/Object;)Ljava/lang/Object;+10
j  org.junit.internal.runners.statements.InvokeMethod.evaluate()V+12
j  org.junit.internal.runners.statements.RunBefores.evaluate()V+49
j  org.junit.runners.ParentRunner.runLeaf(Lorg/junit/runners/model/Statement;Lorg/junit/runner/Description;Lorg/junit/runner/notification/RunNotifier;)V+17
j  org.junit.runners.BlockJUnit4ClassRunner.runChild(Lorg/junit/runners/model/FrameworkMethod;Lorg/junit/runner/notification/RunNotifier;)V+32
j  org.junit.runners.BlockJUnit4ClassRunner.runChild(Ljava/lang/Object;Lorg/junit/runner/notification/RunNotifier;)V+6
j  org.junit.runners.ParentRunner$3.run()V+12
j  org.apache.maven.surefire.junitcore.pc.Scheduler$1.run()V+11
j  org.apache.maven.surefire.junitcore.pc.InvokerStrategy.schedule(Ljava/lang/Runnable;)V+23
j  org.apache.maven.surefire.junitcore.pc.Scheduler.schedule(Ljava/lang/Runnable;)V+62
j  org.junit.runners.ParentRunner.runChildren(Lorg/junit/runner/notification/RunNotifier;)V+40
j  org.junit.runners.ParentRunner.access$000(Lorg/junit/runners/ParentRunner;Lorg/junit/runner/notification/RunNotifier;)V+2
j  org.junit.runners.ParentRunner$2.evaluate()V+8
j  org.junit.runners.ParentRunner.run(Lorg/junit/runner/notification/RunNotifier;)V+20
j  org.junit.runners.Suite.runChild(Lorg/junit/runner/Runner;Lorg/junit/runner/notification/RunNotifier;)V+2
j  org.junit.runners.Suite.runChild(Ljava/lang/Object;Lorg/junit/runner/notification/RunNotifier;)V+6
j  org.junit.runners.ParentRunner$3.run()V+12
j  org.apache.maven.surefire.junitcore.pc.Scheduler$1.run()V+11
j  java.util.concurrent.Executors$RunnableAdapter.call()Ljava/lang/Object;+4
j  java.util.concurrent.FutureTask.run()V+42
j  java.util.concurrent.ThreadPoolExecutor.runWorker(Ljava/util/concurrent/ThreadPoolExecutor$Worker;)V+95
j  java.util.concurrent.ThreadPoolExecutor$Worker.run()V+5
j  java.lang.Thread.run()V+11
v  ~StubRoutines::call_stub

---------------  P R O C E S S  ---------------

Java Threads: ( => current thread )
=>0x00007fbe64714800 JavaThread "pool-2-thread-6" daemon [_thread_in_vm, id=1264983, stack(0x00007fbe3d700000,0x00007fbe3d801000)]
  0x00007fbe64713800 JavaThread "pool-2-thread-5" daemon [_thread_blocked, id=1264982, stack(0x00007fbe3d801000,0x00007fbe3d902000)]
  0x00007fbe64705800 JavaThread "pool-2-thread-4" daemon [_thread_blocked, id=1264981, stack(0x00007fbe3d902000,0x00007fbe3da03000)]
  0x00007fbe64704000 JavaThread "pool-2-thread-3" daemon [_thread_in_native, id=1264980, stack(0x00007fbe3da03000,0x00007fbe3db04000)]
  0x00007fbe64702800 JavaThread "pool-2-thread-2" daemon [_thread_blocked, id=1264979, stack(0x00007fbe3db04000,0x00007fbe3dc05000)]
  0x00007fbe64701000 JavaThread "pool-2-thread-1" daemon [_thread_blocked, id=1264978, stack(0x00007fbe3dc05000,0x00007fbe3dd06000)]
  0x00007fbe645f5800 JavaThread "surefire-forkedjvm-command-thread" daemon [_thread_in_native, id=1264967, stack(0x00007fbe3dd06000,0x00007fbe3de07000)]
  0x00007fbe642d1000 JavaThread "Service Thread" daemon [_thread_blocked, id=1264956, stack(0x00007fbe3df75000,0x00007fbe3e076000)]
  0x00007fbe642ce000 JavaThread "C1 CompilerThread11" daemon [_thread_blocked, id=1264955, stack(0x00007fbe3e077000,0x00007fbe3e177000)]
  0x00007fbe642cc000 JavaThread "C1 CompilerThread10" daemon [_thread_blocked, id=1264954, stack(0x00007fbe3e178000,0x00007fbe3e278000)]
  0x00007fbe642ca000 JavaThread "C1 CompilerThread9" daemon [_thread_blocked, id=1264953, stack(0x00007fbe3e279000,0x00007fbe3e379000)]
  0x00007fbe642c8000 JavaThread "C1 CompilerThread8" daemon [_thread_blocked, id=1264952, stack(0x00007fbe3e37a000,0x00007fbe3e47a000)]
  0x00007fbe642c6000 JavaThread "C2 CompilerThread7" daemon [_thread_blocked, id=1264951, stack(0x00007fbe3e47b000,0x00007fbe3e57b000)]
  0x00007fbe642c4000 JavaThread "C2 CompilerThread6" daemon [_thread_blocked, id=1264950, stack(0x00007fbe3e57c000,0x00007fbe3e67c000)]
  0x00007fbe642c2000 JavaThread "C2 CompilerThread5" daemon [_thread_blocked, id=1264949, stack(0x00007fbe3e67d000,0x00007fbe3e77d000)]
  0x00007fbe642c0000 JavaThread "C2 CompilerThread4" daemon [_thread_blocked, id=1264948, stack(0x00007fbe3e77e000,0x00007fbe3e87e000)]
  0x00007fbe642bd800 JavaThread "C2 CompilerThread3" daemon [_thread_in_native, id=1264947, stack(0x00007fbe3e87f000,0x00007fbe3e97f000)]
  0x00007fbe642bb800 JavaThread "C2 CompilerThread2" daemon [_thread_blocked, id=1264946, stack(0x00007fbe3e980000,0x00007fbe3ea80000)]
  0x00007fbe642b9800 JavaThread "C2 CompilerThread1" daemon [_thread_blocked, id=1264945, stack(0x00007fbe3ea81000,0x00007fbe3eb81000)]
  0x00007fbe642b7000 JavaThread "C2 CompilerThread0" daemon [_thread_blocked, id=1264944, stack(0x00007fbe3eb82000,0x00007fbe3ec82000)]
  0x00007fbe642af000 JavaThread "Signal Dispatcher" daemon [_thread_blocked, id=1264943, stack(0x00007fbe3ec82000,0x00007fbe3ed83000)]
  0x00007fbe64281000 JavaThread "Finalizer" daemon [_thread_blocked, id=1264942, stack(0x00007fbe3f2f3000,0x00007fbe3f3f4000)]
  0x00007fbe6427c800 JavaThread "Reference Handler" daemon [_thread_blocked, id=1264941, stack(0x00007fbe3f3f4000,0x00007fbe3f4f5000)]
  0x00007fbe6400b000 JavaThread "main" [_thread_blocked, id=1264923, stack(0x00007fbe69377000,0x00007fbe69477000)]

Other Threads:
  0x00007fbe64273000 VMThread [stack: 0x00007fbe3f4f6000,0x00007fbe3f5f6000] [id=1264940]
  0x00007fbe642d3800 WatcherThread [stack: 0x00007fbe3de75000,0x00007fbe3df75000] [id=1264957]

VM state:not at safepoint (normal execution)

VM Mutex/Monitor currently owned by a thread: None

heap address: 0x00000000c0000000, size: 1024 MB, Compressed Oops mode: 32-bit
Narrow klass base: 0x0000000000000000, Narrow klass shift: 3
Compressed class space size: 1073741824 Address: 0x0000000100000000

Heap:
 PSYoungGen      total 74752K, used 42150K [0x00000000eab00000, 0x00000000f3d00000, 0x0000000100000000)
  eden space 64512K, 52% used [0x00000000eab00000,0x00000000ecc504b8,0x00000000eea00000)
  from space 10240K, 78% used [0x00000000eea00000,0x00000000ef1d9498,0x00000000ef400000)
  to   space 10240K, 0% used [0x00000000f3300000,0x00000000f3300000,0x00000000f3d00000)
 ParOldGen       total 171008K, used 16K [0x00000000c0000000, 0x00000000ca700000, 0x00000000eab00000)
  object space 171008K, 0% used [0x00000000c0000000,0x00000000c0004000,0x00000000ca700000)
 Metaspace       used 18481K, capacity 18852K, committed 19072K, reserved 1067008K
  class space    used 2287K, capacity 2384K, committed 2432K, reserved 1048576K

Card table byte_map: [0x00007fbe68d48000,0x00007fbe68f49000] byte_map_base: 0x00007fbe68748000

Marking Bits: (ParMarkBitMap*) 0x00007fbe6a5ad740
 Begin Bits: [0x00007fbe46000000, 0x00007fbe47000000)
 End Bits:   [0x00007fbe47000000, 0x00007fbe48000000)

Polling page: 0x00007fbe6a856000

CodeCache: size=245760Kb used=6399Kb max_used=6412Kb free=239360Kb
 bounds [0x00007fbe55000000, 0x00007fbe55650000, 0x00007fbe64000000]
 total_blobs=1955 nmethods=1498 adapters=367
 compilation: enabled

Compilation events (10 events):
Event: 2.539 Thread 0x00007fbe642cc000 nmethod 1494 0x00007fbe5563ee50 code [0x00007fbe5563efc0, 0x00007fbe5563f210]
Event: 2.539 Thread 0x00007fbe642cc000 1496       3       java.lang.StringBuilder::append (8 bytes)
Event: 2.539 Thread 0x00007fbe642ce000 1495       3       java.lang.Long::getChars (221 bytes)
Event: 2.540 Thread 0x00007fbe642cc000 nmethod 1496 0x00007fbe5563ead0 code [0x00007fbe5563ec40, 0x00007fbe5563edc8]
Event: 2.540 Thread 0x00007fbe642b9800 1498       4       java.lang.StringBuilder::append (8 bytes)
Event: 2.540 Thread 0x00007fbe642ce000 nmethod 1495 0x00007fbe5563db50 code [0x00007fbe5563dd20, 0x00007fbe5563e370]
Event: 2.541 Thread 0x00007fbe642c8000 1497       3       java.lang.AbstractStringBuilder::append (70 bytes)
Event: 2.546 Thread 0x00007fbe642c8000 nmethod 1497 0x00007fbe5563fc90 code [0x00007fbe5563fe80, 0x00007fbe556405b8]
Event: 2.548 Thread 0x00007fbe642b7000 1499       4       java.lang.AbstractStringBuilder::append (50 bytes)
Event: 2.551 Thread 0x00007fbe642b9800 nmethod 1498 0x00007fbe55643910 code [0x00007fbe55643a80, 0x00007fbe55643ec8]

GC Heap History (2 events):
Event: 1.476 GC heap before
{Heap before GC invocations=1 (full 0):
 PSYoungGen      total 74752K, used 64512K [0x00000000eab00000, 0x00000000efe00000, 0x0000000100000000)
  eden space 64512K, 100% used [0x00000000eab00000,0x00000000eea00000,0x00000000eea00000)
  from space 10240K, 0% used [0x00000000ef400000,0x00000000ef400000,0x00000000efe00000)
  to   space 10240K, 0% used [0x00000000eea00000,0x00000000eea00000,0x00000000ef400000)
 ParOldGen       total 171008K, used 0K [0x00000000c0000000, 0x00000000ca700000, 0x00000000eab00000)
  object space 171008K, 0% used [0x00000000c0000000,0x00000000c0000000,0x00000000ca700000)
 Metaspace       used 12452K, capacity 12698K, committed 12928K, reserved 1060864K
  class space    used 1525K, capacity 1615K, committed 1664K, reserved 1048576K
Event: 1.621 GC heap after
Heap after GC invocations=1 (full 0):
 PSYoungGen      total 74752K, used 8037K [0x00000000eab00000, 0x00000000f3d00000, 0x0000000100000000)
  eden space 64512K, 0% used [0x00000000eab00000,0x00000000eab00000,0x00000000eea00000)
  from space 10240K, 78% used [0x00000000eea00000,0x00000000ef1d9498,0x00000000ef400000)
  to   space 10240K, 0% used [0x00000000f3300000,0x00000000f3300000,0x00000000f3d00000)
 ParOldGen       total 171008K, used 16K [0x00000000c0000000, 0x00000000ca700000, 0x00000000eab00000)
  object space 171008K, 0% used [0x00000000c0000000,0x00000000c0004000,0x00000000ca700000)
 Metaspace       used 12452K, capacity 12698K, committed 12928K, reserved 1060864K
  class space    used 1525K, capacity 1615K, committed 1664K, reserved 1048576K
}

Deoptimization events (6 events):
Event: 0.957 Thread 0x00007fbe64704000 Uncommon trap: reason=loop_limit_check action=maybe_recompile pc=0x00007fbe552f4c5c method=java.lang.String.equals(Ljava/lang/Object;)Z @ 56
Event: 1.148 Thread 0x00007fbe64704000 Uncommon trap: reason=loop_limit_check action=maybe_recompile pc=0x00007fbe552f171c method=java.lang.String.indexOf([CII[CIII)I @ 79
Event: 1.919 Thread 0x00007fbe64714800 Uncommon trap: reason=unstable_if action=reinterpret pc=0x00007fbe553badb4 method=java.lang.AbstractStringBuilder.append(Ljava/lang/String;)Ljava/lang/AbstractStringBuilder; @ 1
Event: 2.162 Thread 0x00007fbe64704000 Uncommon trap: reason=unstable_if action=reinterpret pc=0x00007fbe554c92fc method=java.lang.String.regionMatches(ZILjava/lang/String;II)Z @ 123
Event: 2.303 Thread 0x00007fbe64704000 Uncommon trap: reason=unstable_if action=reinterpret pc=0x00007fbe554af540 method=java.lang.String.indexOf([CII[CIII)I @ 3
Event: 2.475 Thread 0x00007fbe64704000 Uncommon trap: reason=unstable_if action=reinterpret pc=0x00007fbe5538f078 method=java.lang.AbstractStringBuilder.append(Ljava/lang/String;)Ljava/lang/AbstractStringBuilder; @ 1

Classes redefined (0 events):
No events

Internal exceptions (10 events):
Event: 0.835 Thread 0x00007fbe64702800 Exception <a 'java/lang/reflect/InvocationTargetException'> (0x00000000ebf47870) thrown at [/build/openjdk-8-FtOhKS/openjdk-8-8u452-ga~us1/src/hotspot/src/share/vm/runtime/reflection.cpp, line 1089]
Event: 0.835 Thread 0x00007fbe64702800 Exception <a 'java/lang/reflect/InvocationTargetException'> (0x00000000ebf49c78) thrown at [/build/openjdk-8-FtOhKS/openjdk-8-8u452-ga~us1/src/hotspot/src/share/vm/runtime/reflection.cpp, line 1089]
Event: 0.835 Thread 0x00007fbe64702800 Exception <a 'java/lang/reflect/InvocationTargetException'> (0x00000000ebf4c070) thrown at [/build/openjdk-8-FtOhKS/openjdk-8-8u452-ga~us1/src/hotspot/src/share/vm/runtime/reflection.cpp, line 1089]
Event: 0.926 Thread 0x00007fbe64701000 Exception <a 'java/lang/NoSuchFieldError': method resolution failed> (0x00000000ebf1ed00) thrown at [/build/openjdk-8-FtOhKS/openjdk-8-8u452-ga~us1/src/hotspot/src/share/vm/prims/methodHandles.cpp, line 1194]
Event: 0.929 Thread 0x00007fbe64701000 Exception <a 'java/lang/NoSuchFieldError': method resolution failed> (0x00000000ebf2c3f0) thrown at [/build/openjdk-8-FtOhKS/openjdk-8-8u452-ga~us1/src/hotspot/src/share/vm/prims/methodHandles.cpp, line 1194]
Event: 1.027 Thread 0x00007fbe64704000 Exception <a 'java/lang/IncompatibleClassChangeError': Found class java.lang.Object, but interface was expected> (0x00000000ecdf9a38) thrown at [/build/openjdk-8-FtOhKS/openjdk-8-8u452-ga~us1/src/hotspot/src/share/vm/interpreter/linkResolver.cpp, line 653
Event: 1.166 Thread 0x00007fbe64705800 Exception <a 'java/lang/reflect/InvocationTargetException'> (0x00000000ed89f840) thrown at [/build/openjdk-8-FtOhKS/openjdk-8-8u452-ga~us1/src/hotspot/src/share/vm/runtime/reflection.cpp, line 1089]
Event: 1.919 Thread 0x00007fbe64714800 Implicit null exception at 0x00007fbe553ba9f5 to 0x00007fbe553bada1
Event: 2.228 Thread 0x00007fbe64704000 Exception <a 'sun/nio/fs/UnixException'> (0x00000000ebe83130) thrown at [/build/openjdk-8-FtOhKS/openjdk-8-8u452-ga~us1/src/hotspot/src/share/vm/prims/jni.cpp, line 712]
Event: 2.475 Thread 0x00007fbe64704000 Implicit null exception at 0x00007fbe5538ecb6 to 0x00007fbe5538f061

Events (10 events):
Event: 2.549 loading class net/bytebuddy/utility/JavaModule$Dispatcher
Event: 2.550 loading class net/bytebuddy/utility/JavaModule$Dispatcher done
Event: 2.550 loading class java/lang/Module
Event: 2.550 loading class java/lang/Module done
Event: 2.550 loading class net/bytebuddy/utility/JavaModule$Dispatcher$Disabled
Event: 2.550 loading class net/bytebuddy/utility/JavaModule$Dispatcher$Disabled done
Event: 2.552 loading class net/bytebuddy/dynamic/loading/ClassInjector$UsingReflection$Dispatcher$Direct
Event: 2.552 loading class net/bytebuddy/dynamic/loading/ClassInjector$UsingReflection$Dispatcher$Direct done
Event: 2.552 loading class net/bytebuddy/dynamic/loading/ClassInjector$UsingReflection$Dispatcher
Event: 2.552 loading class net/bytebuddy/dynamic/loading/ClassInjector$UsingReflection$Dispatcher done


Dynamic libraries:
c0000000-ca700000 rw-p 00000000 00:00 0 
ca700000-eab00000 ---p 00000000 00:00 0 
eab00000-f3d00000 rw-p 00000000 00:00 0 
f3d00000-100000000 ---p 00000000 00:00 0 
100000000-100260000 rw-p 00000000 00:00 0 
100260000-140000000 ---p 00000000 00:00 0 
558624520000-558624521000 r--p 00000000 08:05 266003                     /usr/lib/jvm/java-8-openjdk-amd64/jre/bin/java
558624521000-558624522000 r-xp 00001000 08:05 266003                     /usr/lib/jvm/java-8-openjdk-amd64/jre/bin/java
558624522000-558624523000 r--p 00002000 08:05 266003                     /usr/lib/jvm/java-8-openjdk-amd64/jre/bin/java
558624523000-558624524000 r--p 00002000 08:05 266003                     /usr/lib/jvm/java-8-openjdk-amd64/jre/bin/java
558624524000-558624525000 rw-p 00003000 08:05 266003                     /usr/lib/jvm/java-8-openjdk-amd64/jre/bin/java
5586527a6000-5586527c7000 rw-p 00000000 00:00 0                          [heap]
7fbda8000000-7fbda80b9000 rw-p 00000000 00:00 0 
7fbda80b9000-7fbdac000000 ---p 00000000 00:00 0 
7fbdb0000000-7fbdb014d000 rw-p 00000000 00:00 0 
7fbdb014d000-7fbdb4000000 ---p 00000000 00:00 0 
7fbdb4000000-7fbdb4021000 rw-p 00000000 00:00 0 
7fbdb4021000-7fbdb8000000 ---p 00000000 00:00 0 
7fbdb8000000-7fbdb8021000 rw-p 00000000 00:00 0 
7fbdb8021000-7fbdbc000000 ---p 00000000 00:00 0 
7fbdbc000000-7fbdbc269000 rw-p 00000000 00:00 0 
7fbdbc269000-7fbdc0000000 ---p 00000000 00:00 0 
7fbdc0000000-7fbdc0021000 rw-p 00000000 00:00 0 
7fbdc0021000-7fbdc4000000 ---p 00000000 00:00 0 
7fbdc4000000-7fbdc4032000 rw-p 00000000 00:00 0 
7fbdc4032000-7fbdc8000000 ---p 00000000 00:00 0 
7fbdc8000000-7fbdc8021000 rw-p 00000000 00:00 0 
7fbdc8021000-7fbdcc000000 ---p 00000000 00:00 0 
7fbdcc000000-7fbdcc021000 rw-p 00000000 00:00 0 
7fbdcc021000-7fbdd0000000 ---p 00000000 00:00 0 
7fbdd0000000-7fbdd0093000 rw-p 00000000 00:00 0 
7fbdd0093000-7fbdd4000000 ---p 00000000 00:00 0 
7fbdd4000000-7fbdd4212000 rw-p 00000000 00:00 0 
7fbdd4212000-7fbdd8000000 ---p 00000000 00:00 0 
7fbdd8000000-7fbdd8073000 rw-p 00000000 00:00 0 
7fbdd8073000-7fbddc000000 ---p 00000000 00:00 0 
7fbddc000000-7fbddc084000 rw-p 00000000 00:00 0 
7fbddc084000-7fbde0000000 ---p 00000000 00:00 0 
7fbde0000000-7fbde011e000 rw-p 00000000 00:00 0 
7fbde011e000-7fbde4000000 ---p 00000000 00:00 0 
7fbde4000000-7fbde4067000 rw-p 00000000 00:00 0 
7fbde4067000-7fbde8000000 ---p 00000000 00:00 0 
7fbde8000000-7fbde8163000 rw-p 00000000 00:00 0 
7fbde8163000-7fbdec000000 ---p 00000000 00:00 0 
7fbdec000000-7fbdec0fd000 rw-p 00000000 00:00 0 
7fbdec0fd000-7fbdf0000000 ---p 00000000 00:00 0 
7fbdf0000000-7fbdf0175000 rw-p 00000000 00:00 0 
7fbdf0175000-7fbdf4000000 ---p 00000000 00:00 0 
7fbdf4000000-7fbdf4247000 rw-p 00000000 00:00 0 
7fbdf4247000-7fbdf8000000 ---p 00000000 00:00 0 
7fbdf8000000-7fbdf81c9000 rw-p 00000000 00:00 0 
7fbdf81c9000-7fbdfc000000 ---p 00000000 00:00 0 
7fbdfc000000-7fbdfc16f000 rw-p 00000000 00:00 0 
7fbdfc16f000-7fbe00000000 ---p 00000000 00:00 0 
7fbe00000000-7fbe00021000 rw-p 00000000 00:00 0 
7fbe00021000-7fbe04000000 ---p 00000000 00:00 0 
7fbe04000000-7fbe04021000 rw-p 00000000 00:00 0 
7fbe04021000-7fbe08000000 ---p 00000000 00:00 0 
7fbe08000000-7fbe08021000 rw-p 00000000 00:00 0 
7fbe08021000-7fbe0c000000 ---p 00000000 00:00 0 
7fbe0c000000-7fbe0c021000 rw-p 00000000 00:00 0 
7fbe0c021000-7fbe10000000 ---p 00000000 00:00 0 
7fbe10000000-7fbe10021000 rw-p 00000000 00:00 0 
7fbe10021000-7fbe14000000 ---p 00000000 00:00 0 
7fbe18000000-7fbe18021000 rw-p 00000000 00:00 0 
7fbe18021000-7fbe1c000000 ---p 00000000 00:00 0 
7fbe20000000-7fbe20021000 rw-p 00000000 00:00 0 
7fbe20021000-7fbe24000000 ---p 00000000 00:00 0 
7fbe24000000-7fbe24021000 rw-p 00000000 00:00 0 
7fbe24021000-7fbe28000000 ---p 00000000 00:00 0 
7fbe28000000-7fbe28021000 rw-p 00000000 00:00 0 
7fbe28021000-7fbe2c000000 ---p 00000000 00:00 0 
7fbe2c000000-7fbe2c021000 rw-p 00000000 00:00 0 
7fbe2c021000-7fbe30000000 ---p 00000000 00:00 0 
7fbe30000000-7fbe30021000 rw-p 00000000 00:00 0 
7fbe30021000-7fbe34000000 ---p 00000000 00:00 0 
7fbe34000000-7fbe34021000 rw-p 00000000 00:00 0 
7fbe34021000-7fbe38000000 ---p 00000000 00:00 0 
7fbe38000000-7fbe38021000 rw-p 00000000 00:00 0 
7fbe38021000-7fbe3c000000 ---p 00000000 00:00 0 
7fbe3cae4000-7fbe3cb24000 rw-p 00000000 00:00 0 
7fbe3cb24000-7fbe3cce4000 ---p 00000000 00:00 0 
7fbe3cce4000-7fbe3cd96000 r--p 00000000 08:05 3802146                    /home/carma/maptool_ws/public/connectedvcs-tools/fedgov-cv-lib-asn1c/third_party_lib/libasn1c_rga.so
7fbe3cd96000-7fbe3ce1e000 r-xp 000b2000 08:05 3802146                    /home/carma/maptool_ws/public/connectedvcs-tools/fedgov-cv-lib-asn1c/third_party_lib/libasn1c_rga.so
7fbe3ce1e000-7fbe3ce66000 r--p 0013a000 08:05 3802146                    /home/carma/maptool_ws/public/connectedvcs-tools/fedgov-cv-lib-asn1c/third_party_lib/libasn1c_rga.so
7fbe3ce66000-7fbe3ce72000 r--p 00181000 08:05 3802146                    /home/carma/maptool_ws/public/connectedvcs-tools/fedgov-cv-lib-asn1c/third_party_lib/libasn1c_rga.so
7fbe3ce72000-7fbe3cf00000 rw-p 0018d000 08:05 3802146                    /home/carma/maptool_ws/public/connectedvcs-tools/fedgov-cv-lib-asn1c/third_party_lib/libasn1c_rga.so
7fbe3cf00000-7fbe3d100000 rw-p 00000000 00:00 0 
7fbe3d100000-7fbe3d300000 rw-p 00000000 00:00 0 
7fbe3d300000-7fbe3d500000 rw-p 00000000 00:00 0 
7fbe3d500000-7fbe3d700000 rw-p 00000000 00:00 0 
7fbe3d700000-7fbe3d703000 ---p 00000000 00:00 0 
7fbe3d703000-7fbe3d801000 rw-p 00000000 00:00 0 
7fbe3d801000-7fbe3d804000 ---p 00000000 00:00 0 
7fbe3d804000-7fbe3d902000 rw-p 00000000 00:00 0 
7fbe3d902000-7fbe3d905000 ---p 00000000 00:00 0 
7fbe3d905000-7fbe3da03000 rw-p 00000000 00:00 0 
7fbe3da03000-7fbe3da06000 ---p 00000000 00:00 0 
7fbe3da06000-7fbe3db04000 rw-p 00000000 00:00 0 
7fbe3db04000-7fbe3db07000 ---p 00000000 00:00 0 
7fbe3db07000-7fbe3dc05000 rw-p 00000000 00:00 0 
7fbe3dc05000-7fbe3dc08000 ---p 00000000 00:00 0 
7fbe3dc08000-7fbe3dd06000 rw-p 00000000 00:00 0 
7fbe3dd06000-7fbe3dd09000 ---p 00000000 00:00 0 
7fbe3dd09000-7fbe3de07000 rw-p 00000000 00:00 0 
7fbe3de07000-7fbe3de2c000 r--s 001ac000 08:05 3334391                    /root/.m2/repository/org/apache/logging/log4j/log4j-core/2.23.1/log4j-core-2.23.1.jar
7fbe3de2c000-7fbe3de74000 r--s 002e9000 08:05 3278041                    /root/.m2/repository/net/bytebuddy/byte-buddy/1.10.5/byte-buddy-1.10.5.jar
7fbe3de74000-7fbe3de75000 ---p 00000000 00:00 0 
7fbe3de75000-7fbe3df75000 rw-p 00000000 00:00 0 
7fbe3df75000-7fbe3df78000 ---p 00000000 00:00 0 
7fbe3df78000-7fbe3e076000 rw-p 00000000 00:00 0 
7fbe3e076000-7fbe3e077000 ---p 00000000 00:00 0 
7fbe3e077000-7fbe3e07a000 ---p 00000000 00:00 0 
7fbe3e07a000-7fbe3e177000 rw-p 00000000 00:00 0 
7fbe3e177000-7fbe3e178000 ---p 00000000 00:00 0 
7fbe3e178000-7fbe3e17b000 ---p 00000000 00:00 0 
7fbe3e17b000-7fbe3e278000 rw-p 00000000 00:00 0 
7fbe3e278000-7fbe3e279000 ---p 00000000 00:00 0 
7fbe3e279000-7fbe3e27c000 ---p 00000000 00:00 0 
7fbe3e27c000-7fbe3e379000 rw-p 00000000 00:00 0 
7fbe3e379000-7fbe3e37a000 ---p 00000000 00:00 0 
7fbe3e37a000-7fbe3e37d000 ---p 00000000 00:00 0 
7fbe3e37d000-7fbe3e47a000 rw-p 00000000 00:00 0 
7fbe3e47a000-7fbe3e47b000 ---p 00000000 00:00 0 
7fbe3e47b000-7fbe3e47e000 ---p 00000000 00:00 0 
7fbe3e47e000-7fbe3e57b000 rw-p 00000000 00:00 0 
7fbe3e57b000-7fbe3e57c000 ---p 00000000 00:00 0 
7fbe3e57c000-7fbe3e57f000 ---p 00000000 00:00 0 
7fbe3e57f000-7fbe3e67c000 rw-p 00000000 00:00 0 
7fbe3e67c000-7fbe3e67d000 ---p 00000000 00:00 0 
7fbe3e67d000-7fbe3e680000 ---p 00000000 00:00 0 
7fbe3e680000-7fbe3e77d000 rw-p 00000000 00:00 0 
7fbe3e77d000-7fbe3e77e000 ---p 00000000 00:00 0 
7fbe3e77e000-7fbe3e781000 ---p 00000000 00:00 0 
7fbe3e781000-7fbe3e87e000 rw-p 00000000 00:00 0 
7fbe3e87e000-7fbe3e87f000 ---p 00000000 00:00 0 
7fbe3e87f000-7fbe3e882000 ---p 00000000 00:00 0 
7fbe3e882000-7fbe3e97f000 rw-p 00000000 00:00 0 
7fbe3e97f000-7fbe3e980000 ---p 00000000 00:00 0 
7fbe3e980000-7fbe3e983000 ---p 00000000 00:00 0 
7fbe3e983000-7fbe3ea80000 rw-p 00000000 00:00 0 
7fbe3ea80000-7fbe3ea81000 ---p 00000000 00:00 0 
7fbe3ea81000-7fbe3ea84000 ---p 00000000 00:00 0 
7fbe3ea84000-7fbe3eb81000 rw-p 00000000 00:00 0 
7fbe3eb81000-7fbe3eb82000 ---p 00000000 00:00 0 
7fbe3eb82000-7fbe3eb85000 ---p 00000000 00:00 0 
7fbe3eb85000-7fbe3ec82000 rw-p 00000000 00:00 0 
7fbe3ec82000-7fbe3ec85000 ---p 00000000 00:00 0 
7fbe3ec85000-7fbe3ed83000 rw-p 00000000 00:00 0 
7fbe3ed83000-7fbe3f2f3000 r--p 00000000 08:05 262198                     /usr/lib/locale/locale-archive
7fbe3f2f3000-7fbe3f2f6000 ---p 00000000 00:00 0 
7fbe3f2f6000-7fbe3f3f4000 rw-p 00000000 00:00 0 
7fbe3f3f4000-7fbe3f3f7000 ---p 00000000 00:00 0 
7fbe3f3f7000-7fbe3f4f5000 rw-p 00000000 00:00 0 
7fbe3f4f5000-7fbe3f4f6000 ---p 00000000 00:00 0 
7fbe3f4f6000-7fbe40000000 rw-p 00000000 00:00 0 
7fbe40000000-7fbe40021000 rw-p 00000000 00:00 0 
7fbe40021000-7fbe44000000 ---p 00000000 00:00 0 
7fbe4400d000-7fbe4400f000 r--s 00008000 08:05 3279744                    /root/.m2/repository/org/apache/maven/surefire/surefire-grouper/3.0.0-M5/surefire-grouper-3.0.0-M5.jar
7fbe4400f000-7fbe44011000 r--s 00004000 08:05 3279736                    /root/.m2/repository/org/apache/maven/surefire/common-junit48/3.0.0-M5/common-junit48-3.0.0-M5.jar
7fbe44011000-7fbe44013000 r--s 00005000 08:05 3279738                    /root/.m2/repository/org/apache/maven/surefire/common-junit4/3.0.0-M5/common-junit4-3.0.0-M5.jar
7fbe44013000-7fbe44014000 r--s 00002000 08:05 3279742                    /root/.m2/repository/org/apache/maven/surefire/common-junit3/3.0.0-M5/common-junit3-3.0.0-M5.jar
7fbe44014000-7fbe44015000 r--s 00003000 08:05 3279740                    /root/.m2/repository/org/apache/maven/surefire/common-java5/3.0.0-M5/common-java5-3.0.0-M5.jar
7fbe44015000-7fbe44018000 r--s 00014000 08:05 3279669                    /root/.m2/repository/org/apache/maven/surefire/surefire-junit47/3.0.0-M5/surefire-junit47-3.0.0-M5.jar
7fbe44018000-7fbe4401f000 r--s 0004d000 08:05 3334389                    /root/.m2/repository/org/apache/logging/log4j/log4j-api/2.23.1/log4j-api-2.23.1.jar
7fbe4401f000-7fbe44021000 r--s 0000c000 08:05 3278047                    /root/.m2/repository/org/objenesis/objenesis/2.6/objenesis-2.6.jar
7fbe44021000-7fbe44025000 r--s 0003c000 08:05 3278039                    /root/.m2/repository/net/bytebuddy/byte-buddy-agent/1.10.5/byte-buddy-agent-1.10.5.jar
7fbe44025000-7fbe44036000 r--s 00080000 08:05 3278043                    /root/.m2/repository/org/mockito/mockito-core/3.3.0/mockito-core-3.3.0.jar
7fbe44036000-7fbe44038000 r--s 00009000 08:05 3278242                    /root/.m2/repository/org/hamcrest/hamcrest-core/1.3/hamcrest-core-1.3.jar
7fbe44038000-7fbe4403e000 r--s 00036000 08:05 3278239                    /root/.m2/repository/junit/junit/4.11/junit-4.11.jar
7fbe4403e000-7fbe44040000 r--s 00018000 08:05 3278238                    /root/.m2/repository/javax/servlet/servlet-api/2.5/servlet-api-2.5.jar
7fbe44040000-7fbe44041000 r--s 00006000 08:05 3278237                    /root/.m2/repository/org/codehaus/jackson/jackson-xc/1.9.2/jackson-xc-1.9.2.jar
7fbe44041000-7fbe44042000 r--s 00004000 08:05 3278235                    /root/.m2/repository/org/codehaus/jackson/jackson-jaxrs/1.9.2/jackson-jaxrs-1.9.2.jar
7fbe44042000-7fbe44044000 r--s 0000e000 08:05 3278231                    /root/.m2/repository/javax/activation/activation/1.1/activation-1.1.jar
7fbe44044000-7fbe44046000 r--s 00004000 08:05 3278230                    /root/.m2/repository/javax/xml/stream/stax-api/1.0-2/stax-api-1.0-2.jar
7fbe44046000-7fbe44049000 r--s 00017000 08:05 3278228                    /root/.m2/repository/javax/xml/bind/jaxb-api/2.2.2/jaxb-api-2.2.2.jar
7fbe44049000-7fbe4405c000 r--s 000c7000 08:05 3278225                    /root/.m2/repository/com/sun/xml/bind/jaxb-impl/2.2.3-1/jaxb-impl-2.2.3-1.jar
7fbe4405c000-7fbe4405e000 r--s 0000f000 08:05 3278224                    /root/.m2/repository/org/codehaus/jettison/jettison/1.1/jettison-1.1.jar
7fbe4405e000-7fbe44063000 r--s 00024000 08:05 3278221                    /root/.m2/repository/com/sun/jersey/jersey-json/1.19.3/jersey-json-1.19.3.jar
7fbe44063000-7fbe44067000 r--s 0001d000 08:05 3278219                    /root/.m2/repository/com/sun/jersey/jersey-client/1.19.3/jersey-client-1.19.3.jar
7fbe44067000-7fbe44069000 r--s 0000a000 08:05 3278210                    /root/.m2/repository/javax/ws/rs/jsr311-api/1.1.1/jsr311-api-1.1.1.jar
7fbe44069000-7fbe44073000 r--s 00061000 08:05 3278215                    /root/.m2/repository/com/sun/jersey/jersey-core/1.19.3/jersey-core-1.19.3.jar
7fbe44073000-7fbe44083000 r--s 0009c000 08:05 3278213                    /root/.m2/repository/com/sun/jersey/jersey-server/1.19.3/jersey-server-1.19.3.jar
7fbe44083000-7fbe44087000 r--s 0001c000 08:05 3278209                    /root/.m2/repository/com/sun/jersey/jersey-servlet/1.19.3/jersey-servlet-1.19.3.jar
7fbe44087000-7fbe44095000 r--s 000b1000 08:05 3278207                    /root/.m2/repository/org/codehaus/jackson/jackson-mapper-asl/1.9.13/jackson-mapper-asl-1.9.13.jar
7fbe44095000-7fbe440e1000 r--s 003f9000 08:05 3278037                    /root/.m2/repository/io/netty/netty-all/4.1.66.Final/netty-all-4.1.66.Final.jar
7fbe440e1000-7fbe48000000 rw-p 00000000 00:00 0 
7fbe48000000-7fbe48021000 rw-p 00000000 00:00 0 
7fbe48021000-7fbe4c000000 ---p 00000000 00:00 0 
7fbe4c000000-7fbe4c021000 rw-p 00000000 00:00 0 
7fbe4c021000-7fbe50000000 ---p 00000000 00:00 0 
7fbe50000000-7fbe50021000 rw-p 00000000 00:00 0 
7fbe50021000-7fbe54000000 ---p 00000000 00:00 0 
7fbe54000000-7fbe54004000 r--s 00035000 08:05 3278211                    /root/.m2/repository/org/codehaus/jackson/jackson-core-asl/1.9.13/jackson-core-asl-1.9.13.jar
7fbe54004000-7fbe5400a000 r--s 00033000 08:05 3278205                    /root/.m2/repository/commons-codec/commons-codec/1.6/commons-codec-1.6.jar
7fbe5400a000-7fbe5400c000 r--s 00009000 08:05 3289986                    /root/.m2/repository/gov/usdot/fedgov-cv-rgaencoder/1.0.0-SNAPSHOT/fedgov-cv-rgaencoder-1.0.0-SNAPSHOT.jar
7fbe5400c000-7fbe5400f000 r--s 00025000 08:05 3277157                    /root/.m2/repository/commons-io/commons-io/2.1/commons-io-2.1.jar
7fbe5400f000-7fbe5401f000 r--s 000bc000 08:05 3278045                    /root/.m2/repository/org/jboss/netty/netty/3.2.10.Final/netty-3.2.10.Final.jar
7fbe5401f000-7fbe54020000 r--s 00000000 08:05 3277958                    /root/.m2/repository/gov/usdot/fedgov-cv-lib-asn1c/1.0.0-SNAPSHOT/fedgov-cv-lib-asn1c-1.0.0-SNAPSHOT.jar
7fbe54020000-7fbe54023000 r--s 0000c000 08:05 3278050                    /root/.m2/repository/gov/usdot/fedgov-cv-mapencoder/1.0.0-SNAPSHOT/fedgov-cv-mapencoder-1.0.0-SNAPSHOT.jar
7fbe54023000-7fbe54024000 r--s 00001000 08:05 3279637                    /root/.m2/repository/org/apache/maven/surefire/surefire-extensions-spi/3.0.0-M5/surefire-extensions-spi-3.0.0-M5.jar
7fbe54024000-7fbe54028000 r--p 00000000 08:05 284661                     /usr/lib/jvm/java-8-openjdk-amd64/jre/lib/amd64/libmanagement.so
7fbe54028000-7fbe5402c000 r-xp 00004000 08:05 284661                     /usr/lib/jvm/java-8-openjdk-amd64/jre/lib/amd64/libmanagement.so
7fbe5402c000-7fbe5402e000 r--p 00008000 08:05 284661                     /usr/lib/jvm/java-8-openjdk-amd64/jre/lib/amd64/libmanagement.so
7fbe5402e000-7fbe5402f000 r--p 00009000 08:05 284661                     /usr/lib/jvm/java-8-openjdk-amd64/jre/lib/amd64/libmanagement.so
7fbe5402f000-7fbe54030000 rw-p 0000a000 08:05 284661                     /usr/lib/jvm/java-8-openjdk-amd64/jre/lib/amd64/libmanagement.so
7fbe54030000-7fbe54052000 r--s 001a5000 08:05 3279662                    /root/.m2/repository/org/apache/maven/surefire/surefire-shared-utils/3.0.0-M4/surefire-shared-utils-3.0.0-M4.jar
7fbe54052000-7fbe54054000 r--s 00002000 08:05 3279639                    /root/.m2/repository/org/apache/maven/surefire/surefire-logger-api/3.0.0-M5/surefire-logger-api-3.0.0-M5.jar
7fbe54054000-7fbe54059000 r--s 0001f000 08:05 3279643                    /root/.m2/repository/org/apache/maven/surefire/surefire-api/3.0.0-M5/surefire-api-3.0.0-M5.jar
7fbe54059000-7fbe5405e000 r--p 00000000 08:05 284663                     /usr/lib/jvm/java-8-openjdk-amd64/jre/lib/amd64/libnet.so
7fbe5405e000-7fbe5406f000 r-xp 00005000 08:05 284663                     /usr/lib/jvm/java-8-openjdk-amd64/jre/lib/amd64/libnet.so
7fbe5406f000-7fbe54073000 r--p 00016000 08:05 284663                     /usr/lib/jvm/java-8-openjdk-amd64/jre/lib/amd64/libnet.so
7fbe54073000-7fbe54074000 r--p 00019000 08:05 284663                     /usr/lib/jvm/java-8-openjdk-amd64/jre/lib/amd64/libnet.so
7fbe54074000-7fbe54075000 rw-p 0001a000 08:05 284663                     /usr/lib/jvm/java-8-openjdk-amd64/jre/lib/amd64/libnet.so
7fbe54075000-7fbe5407c000 r--p 00000000 08:05 284664                     /usr/lib/jvm/java-8-openjdk-amd64/jre/lib/amd64/libnio.so
7fbe5407c000-7fbe54085000 r-xp 00007000 08:05 284664                     /usr/lib/jvm/java-8-openjdk-amd64/jre/lib/amd64/libnio.so
7fbe54085000-7fbe54088000 r--p 00010000 08:05 284664                     /usr/lib/jvm/java-8-openjdk-amd64/jre/lib/amd64/libnio.so
7fbe54088000-7fbe54089000 r--p 00012000 08:05 284664                     /usr/lib/jvm/java-8-openjdk-amd64/jre/lib/amd64/libnio.so
7fbe54089000-7fbe5408a000 rw-p 00013000 08:05 284664                     /usr/lib/jvm/java-8-openjdk-amd64/jre/lib/amd64/libnio.so
7fbe5408a000-7fbe5408c000 r--s 00018000 08:05 3279641                    /root/.m2/repository/org/apache/maven/surefire/surefire-booter/3.0.0-M5/surefire-booter-3.0.0-M5.jar
7fbe5408c000-7fbe5408e000 r--s 0000c000 08:05 407777                     /usr/share/java/java-atk-wrapper.jar
7fbe5408e000-7fbe54098000 r--s 00117000 08:05 284728                     /usr/lib/jvm/java-8-openjdk-amd64/jre/lib/ext/localedata.jar
7fbe54098000-7fbe5409b000 r--s 00042000 08:05 284732                     /usr/lib/jvm/java-8-openjdk-amd64/jre/lib/ext/sunpkcs11.jar
7fbe5409b000-7fbe5409d000 r--s 00008000 08:05 284730                     /usr/lib/jvm/java-8-openjdk-amd64/jre/lib/ext/sunec.jar
7fbe5409d000-7fbe540a0000 r--s 0000f000 08:05 284726                     /usr/lib/jvm/java-8-openjdk-amd64/jre/lib/ext/icedtea-sound.jar
7fbe540a0000-7fbe540a6000 r--s 0003e000 08:05 284731                     /usr/lib/jvm/java-8-openjdk-amd64/jre/lib/ext/sunjce_provider.jar
7fbe540a6000-7fbe540c1000 r--s 001d6000 08:05 284729                     /usr/lib/jvm/java-8-openjdk-amd64/jre/lib/ext/nashorn.jar
7fbe540c1000-7fbe540dd000 r--s 00394000 08:05 284724                     /usr/lib/jvm/java-8-openjdk-amd64/jre/lib/ext/cldrdata.jar
7fbe540dd000-7fbe5422c000 rw-p 00000000 00:00 0 
7fbe5422c000-7fbe543fe000 r--s 03cd0000 08:05 284752                     /usr/lib/jvm/java-8-openjdk-amd64/jre/lib/rt.jar
7fbe543fe000-7fbe54dfe000 rw-p 00000000 00:00 0 
7fbe54dfe000-7fbe54dff000 ---p 00000000 00:00 0 
7fbe54dff000-7fbe54eff000 rw-p 00000000 00:00 0 
7fbe54eff000-7fbe54f00000 ---p 00000000 00:00 0 
7fbe54f00000-7fbe55000000 rw-p 00000000 00:00 0 
7fbe55000000-7fbe55650000 rwxp 00000000 00:00 0 
7fbe55650000-7fbe64000000 ---p 00000000 00:00 0 
7fbe64000000-7fbe64717000 rw-p 00000000 00:00 0 
7fbe64717000-7fbe68000000 ---p 00000000 00:00 0 
7fbe68000000-7fbe68002000 r--s 00010000 08:05 284733                     /usr/lib/jvm/java-8-openjdk-amd64/jre/lib/ext/zipfs.jar
7fbe68002000-7fbe680e7000 rw-p 00000000 00:00 0 
7fbe680e7000-7fbe680e8000 ---p 00000000 00:00 0 
7fbe680e8000-7fbe681e8000 rw-p 00000000 00:00 0 
7fbe681e8000-7fbe681e9000 ---p 00000000 00:00 0 
7fbe681e9000-7fbe682e9000 rw-p 00000000 00:00 0 
7fbe682e9000-7fbe682ea000 ---p 00000000 00:00 0 
7fbe682ea000-7fbe683ea000 rw-p 00000000 00:00 0 
7fbe683ea000-7fbe683eb000 ---p 00000000 00:00 0 
7fbe683eb000-7fbe684eb000 rw-p 00000000 00:00 0 
7fbe684eb000-7fbe684ec000 ---p 00000000 00:00 0 
7fbe684ec000-7fbe685ec000 rw-p 00000000 00:00 0 
7fbe685ec000-7fbe685ed000 ---p 00000000 00:00 0 
7fbe685ed000-7fbe686ed000 rw-p 00000000 00:00 0 
7fbe686ed000-7fbe686ee000 ---p 00000000 00:00 0 
7fbe686ee000-7fbe687ee000 rw-p 00000000 00:00 0 
7fbe687ee000-7fbe687ef000 ---p 00000000 00:00 0 
7fbe687ef000-7fbe688ef000 rw-p 00000000 00:00 0 
7fbe688ef000-7fbe688f0000 ---p 00000000 00:00 0 
7fbe688f0000-7fbe689f0000 rw-p 00000000 00:00 0 
7fbe689f0000-7fbe689f1000 ---p 00000000 00:00 0 
7fbe689f1000-7fbe68af1000 rw-p 00000000 00:00 0 
7fbe68af1000-7fbe68af2000 ---p 00000000 00:00 0 
7fbe68af2000-7fbe68c46000 rw-p 00000000 00:00 0 
7fbe68c46000-7fbe68d48000 ---p 00000000 00:00 0 
7fbe68d48000-7fbe68d9c000 rw-p 00000000 00:00 0 
7fbe68d9c000-7fbe68e9d000 ---p 00000000 00:00 0 
7fbe68e9d000-7fbe68ee7000 rw-p 00000000 00:00 0 
7fbe68ee7000-7fbe68f48000 ---p 00000000 00:00 0 
7fbe68f48000-7fbe68f63000 rw-p 00000000 00:00 0 
7fbe68f63000-7fbe69309000 ---p 00000000 00:00 0 
7fbe69309000-7fbe6930c000 r--p 00000000 08:05 284672                     /usr/lib/jvm/java-8-openjdk-amd64/jre/lib/amd64/libzip.so
7fbe6930c000-7fbe69311000 r-xp 00003000 08:05 284672                     /usr/lib/jvm/java-8-openjdk-amd64/jre/lib/amd64/libzip.so
7fbe69311000-7fbe69313000 r--p 00008000 08:05 284672                     /usr/lib/jvm/java-8-openjdk-amd64/jre/lib/amd64/libzip.so
7fbe69313000-7fbe69314000 r--p 00009000 08:05 284672                     /usr/lib/jvm/java-8-openjdk-amd64/jre/lib/amd64/libzip.so
7fbe69314000-7fbe69315000 rw-p 0000a000 08:05 284672                     /usr/lib/jvm/java-8-openjdk-amd64/jre/lib/amd64/libzip.so
7fbe69315000-7fbe69318000 r--p 00000000 08:05 285404                     /usr/lib/x86_64-linux-gnu/libnss_files-2.31.so
7fbe69318000-7fbe6931f000 r-xp 00003000 08:05 285404                     /usr/lib/x86_64-linux-gnu/libnss_files-2.31.so
7fbe6931f000-7fbe69321000 r--p 0000a000 08:05 285404                     /usr/lib/x86_64-linux-gnu/libnss_files-2.31.so
7fbe69321000-7fbe69322000 r--p 0000b000 08:05 285404                     /usr/lib/x86_64-linux-gnu/libnss_files-2.31.so
7fbe69322000-7fbe69323000 rw-p 0000c000 08:05 285404                     /usr/lib/x86_64-linux-gnu/libnss_files-2.31.so
7fbe69323000-7fbe69329000 rw-p 00000000 00:00 0 
7fbe69329000-7fbe6932a000 r--s 00001000 08:05 3715931                    /home/carma/maptool_ws/public/connectedvcs-tools/fedgov-cv-message-builder/target/surefire/surefirebooter2510211304102946032.jar
7fbe6932a000-7fbe6932c000 r--s 00001000 08:05 284725                     /usr/lib/jvm/java-8-openjdk-amd64/jre/lib/ext/dnsns.jar
7fbe6932c000-7fbe6932d000 r--s 0000a000 08:05 284727                     /usr/lib/jvm/java-8-openjdk-amd64/jre/lib/ext/jaccess.jar
7fbe6932d000-7fbe69334000 r--s 000d3000 08:05 284746                     /usr/lib/jvm/java-8-openjdk-amd64/jre/lib/jfr.jar
7fbe69334000-7fbe6933c000 rw-s 00000000 08:05 5768016                    /tmp/hsperfdata_root/1264921
7fbe6933c000-7fbe6933d000 rw-p 00000000 00:00 0 
7fbe6933d000-7fbe6934a000 r--p 00000000 08:05 284652                     /usr/lib/jvm/java-8-openjdk-amd64/jre/lib/amd64/libjava.so
7fbe6934a000-7fbe69362000 r-xp 0000d000 08:05 284652                     /usr/lib/jvm/java-8-openjdk-amd64/jre/lib/amd64/libjava.so
7fbe69362000-7fbe69369000 r--p 00025000 08:05 284652                     /usr/lib/jvm/java-8-openjdk-amd64/jre/lib/amd64/libjava.so
7fbe69369000-7fbe6936a000 r--p 0002b000 08:05 284652                     /usr/lib/jvm/java-8-openjdk-amd64/jre/lib/amd64/libjava.so
7fbe6936a000-7fbe6936c000 rw-p 0002c000 08:05 284652                     /usr/lib/jvm/java-8-openjdk-amd64/jre/lib/amd64/libjava.so
7fbe6936c000-7fbe6936e000 r--p 00000000 08:05 285420                     /usr/lib/x86_64-linux-gnu/librt-2.31.so
7fbe6936e000-7fbe69372000 r-xp 00002000 08:05 285420                     /usr/lib/x86_64-linux-gnu/librt-2.31.so
7fbe69372000-7fbe69374000 r--p 00006000 08:05 285420                     /usr/lib/x86_64-linux-gnu/librt-2.31.so
7fbe69374000-7fbe69375000 r--p 00007000 08:05 285420                     /usr/lib/x86_64-linux-gnu/librt-2.31.so
7fbe69375000-7fbe69376000 rw-p 00008000 08:05 285420                     /usr/lib/x86_64-linux-gnu/librt-2.31.so
7fbe69376000-7fbe69377000 ---p 00000000 00:00 0 
7fbe69377000-7fbe6937a000 ---p 00000000 00:00 0 
7fbe6937a000-7fbe69477000 rw-p 00000000 00:00 0 
7fbe69477000-7fbe6947a000 r--p 00000000 08:05 287002                     /usr/lib/x86_64-linux-gnu/libgcc_s.so.1
7fbe6947a000-7fbe6948c000 r-xp 00003000 08:05 287002                     /usr/lib/x86_64-linux-gnu/libgcc_s.so.1
7fbe6948c000-7fbe69490000 r--p 00015000 08:05 287002                     /usr/lib/x86_64-linux-gnu/libgcc_s.so.1
7fbe69490000-7fbe69491000 r--p 00018000 08:05 287002                     /usr/lib/x86_64-linux-gnu/libgcc_s.so.1
7fbe69491000-7fbe69492000 rw-p 00019000 08:05 287002                     /usr/lib/x86_64-linux-gnu/libgcc_s.so.1
7fbe69492000-7fbe6949f000 r--p 00000000 08:05 272858                     /usr/lib/x86_64-linux-gnu/libm-2.31.so
7fbe6949f000-7fbe69546000 r-xp 0000d000 08:05 272858                     /usr/lib/x86_64-linux-gnu/libm-2.31.so
7fbe69546000-7fbe695df000 r--p 000b4000 08:05 272858                     /usr/lib/x86_64-linux-gnu/libm-2.31.so
7fbe695df000-7fbe695e0000 r--p 0014c000 08:05 272858                     /usr/lib/x86_64-linux-gnu/libm-2.31.so
7fbe695e0000-7fbe695e1000 rw-p 0014d000 08:05 272858                     /usr/lib/x86_64-linux-gnu/libm-2.31.so
7fbe695e1000-7fbe69677000 r--p 00000000 08:05 287822                     /usr/lib/x86_64-linux-gnu/libstdc++.so.6.0.28
7fbe69677000-7fbe69768000 r-xp 00096000 08:05 287822                     /usr/lib/x86_64-linux-gnu/libstdc++.so.6.0.28
7fbe69768000-7fbe697b1000 r--p 00187000 08:05 287822                     /usr/lib/x86_64-linux-gnu/libstdc++.so.6.0.28
7fbe697b1000-7fbe697b2000 ---p 001d0000 08:05 287822                     /usr/lib/x86_64-linux-gnu/libstdc++.so.6.0.28
7fbe697b2000-7fbe697bd000 r--p 001d0000 08:05 287822                     /usr/lib/x86_64-linux-gnu/libstdc++.so.6.0.28
7fbe697bd000-7fbe697c0000 rw-p 001db000 08:05 287822                     /usr/lib/x86_64-linux-gnu/libstdc++.so.6.0.28
7fbe697c0000-7fbe697c3000 rw-p 00000000 00:00 0 
7fbe697c3000-7fbe699b9000 r--p 00000000 08:05 284674                     /usr/lib/jvm/java-8-openjdk-amd64/jre/lib/amd64/server/libjvm.so
7fbe699b9000-7fbe6a325000 r-xp 001f6000 08:05 284674                     /usr/lib/jvm/java-8-openjdk-amd64/jre/lib/amd64/server/libjvm.so
7fbe6a325000-7fbe6a4d8000 r--p 00b62000 08:05 284674                     /usr/lib/jvm/java-8-openjdk-amd64/jre/lib/amd64/server/libjvm.so
7fbe6a4d8000-7fbe6a56e000 r--p 00d14000 08:05 284674                     /usr/lib/jvm/java-8-openjdk-amd64/jre/lib/amd64/server/libjvm.so
7fbe6a56e000-7fbe6a597000 rw-p 00daa000 08:05 284674                     /usr/lib/jvm/java-8-openjdk-amd64/jre/lib/amd64/server/libjvm.so
7fbe6a597000-7fbe6a5cc000 rw-p 00000000 00:00 0 
7fbe6a5cc000-7fbe6a5ee000 r--p 00000000 08:05 268975                     /usr/lib/x86_64-linux-gnu/libc-2.31.so
7fbe6a5ee000-7fbe6a766000 r-xp 00022000 08:05 268975                     /usr/lib/x86_64-linux-gnu/libc-2.31.so
7fbe6a766000-7fbe6a7b4000 r--p 0019a000 08:05 268975                     /usr/lib/x86_64-linux-gnu/libc-2.31.so
7fbe6a7b4000-7fbe6a7b8000 r--p 001e7000 08:05 268975                     /usr/lib/x86_64-linux-gnu/libc-2.31.so
7fbe6a7b8000-7fbe6a7ba000 rw-p 001eb000 08:05 268975                     /usr/lib/x86_64-linux-gnu/libc-2.31.so
7fbe6a7ba000-7fbe6a7be000 rw-p 00000000 00:00 0 
7fbe6a7be000-7fbe6a7bf000 r--p 00000000 08:05 272827                     /usr/lib/x86_64-linux-gnu/libdl-2.31.so
7fbe6a7bf000-7fbe6a7c1000 r-xp 00001000 08:05 272827                     /usr/lib/x86_64-linux-gnu/libdl-2.31.so
7fbe6a7c1000-7fbe6a7c2000 r--p 00003000 08:05 272827                     /usr/lib/x86_64-linux-gnu/libdl-2.31.so
7fbe6a7c2000-7fbe6a7c3000 r--p 00003000 08:05 272827                     /usr/lib/x86_64-linux-gnu/libdl-2.31.so
7fbe6a7c3000-7fbe6a7c4000 rw-p 00004000 08:05 272827                     /usr/lib/x86_64-linux-gnu/libdl-2.31.so
7fbe6a7c4000-7fbe6a7c7000 r--p 00000000 08:05 281437                     /usr/lib/jvm/java-8-openjdk-amd64/jre/lib/amd64/jli/libjli.so
7fbe6a7c7000-7fbe6a7d1000 r-xp 00003000 08:05 281437                     /usr/lib/jvm/java-8-openjdk-amd64/jre/lib/amd64/jli/libjli.so
7fbe6a7d1000-7fbe6a7d4000 r--p 0000d000 08:05 281437                     /usr/lib/jvm/java-8-openjdk-amd64/jre/lib/amd64/jli/libjli.so
7fbe6a7d4000-7fbe6a7d5000 r--p 0000f000 08:05 281437                     /usr/lib/jvm/java-8-openjdk-amd64/jre/lib/amd64/jli/libjli.so
7fbe6a7d5000-7fbe6a7d6000 rw-p 00010000 08:05 281437                     /usr/lib/jvm/java-8-openjdk-amd64/jre/lib/amd64/jli/libjli.so
7fbe6a7d6000-7fbe6a7d8000 r--p 00000000 08:05 289846                     /usr/lib/x86_64-linux-gnu/libz.so.1.2.11
7fbe6a7d8000-7fbe6a7e9000 r-xp 00002000 08:05 289846                     /usr/lib/x86_64-linux-gnu/libz.so.1.2.11
7fbe6a7e9000-7fbe6a7ef000 r--p 00013000 08:05 289846                     /usr/lib/x86_64-linux-gnu/libz.so.1.2.11
7fbe6a7ef000-7fbe6a7f0000 ---p 00019000 08:05 289846                     /usr/lib/x86_64-linux-gnu/libz.so.1.2.11
7fbe6a7f0000-7fbe6a7f1000 r--p 00019000 08:05 289846                     /usr/lib/x86_64-linux-gnu/libz.so.1.2.11
7fbe6a7f1000-7fbe6a7f2000 rw-p 0001a000 08:05 289846                     /usr/lib/x86_64-linux-gnu/libz.so.1.2.11
7fbe6a7f2000-7fbe6a7f8000 r--p 00000000 08:05 285416                     /usr/lib/x86_64-linux-gnu/libpthread-2.31.so
7fbe6a7f8000-7fbe6a809000 r-xp 00006000 08:05 285416                     /usr/lib/x86_64-linux-gnu/libpthread-2.31.so
7fbe6a809000-7fbe6a80f000 r--p 00017000 08:05 285416                     /usr/lib/x86_64-linux-gnu/libpthread-2.31.so
7fbe6a80f000-7fbe6a810000 r--p 0001c000 08:05 285416                     /usr/lib/x86_64-linux-gnu/libpthread-2.31.so
7fbe6a810000-7fbe6a811000 rw-p 0001d000 08:05 285416                     /usr/lib/x86_64-linux-gnu/libpthread-2.31.so
7fbe6a811000-7fbe6a815000 rw-p 00000000 00:00 0 
7fbe6a815000-7fbe6a81a000 r--p 00000000 08:05 284670                     /usr/lib/jvm/java-8-openjdk-amd64/jre/lib/amd64/libverify.so
7fbe6a81a000-7fbe6a823000 r-xp 00005000 08:05 284670                     /usr/lib/jvm/java-8-openjdk-amd64/jre/lib/amd64/libverify.so
7fbe6a823000-7fbe6a825000 r--p 0000e000 08:05 284670                     /usr/lib/jvm/java-8-openjdk-amd64/jre/lib/amd64/libverify.so
7fbe6a825000-7fbe6a827000 r--p 0000f000 08:05 284670                     /usr/lib/jvm/java-8-openjdk-amd64/jre/lib/amd64/libverify.so
7fbe6a827000-7fbe6a828000 rw-p 00011000 08:05 284670                     /usr/lib/jvm/java-8-openjdk-amd64/jre/lib/amd64/libverify.so
7fbe6a828000-7fbe6a82a000 rw-p 00000000 00:00 0 
7fbe6a82a000-7fbe6a82b000 r--p 00000000 08:05 266204                     /usr/lib/x86_64-linux-gnu/ld-2.31.so
7fbe6a82b000-7fbe6a84e000 r-xp 00001000 08:05 266204                     /usr/lib/x86_64-linux-gnu/ld-2.31.so
7fbe6a84e000-7fbe6a856000 r--p 00024000 08:05 266204                     /usr/lib/x86_64-linux-gnu/ld-2.31.so
7fbe6a856000-7fbe6a857000 r--p 00000000 00:00 0 
7fbe6a857000-7fbe6a858000 r--p 0002c000 08:05 266204                     /usr/lib/x86_64-linux-gnu/ld-2.31.so
7fbe6a858000-7fbe6a859000 rw-p 0002d000 08:05 266204                     /usr/lib/x86_64-linux-gnu/ld-2.31.so
7fbe6a859000-7fbe6a85a000 rw-p 00000000 00:00 0 
7ffd96385000-7ffd963a6000 rw-p 00000000 00:00 0                          [stack]
7ffd963e7000-7ffd963eb000 r--p 00000000 00:00 0                          [vvar]
7ffd963eb000-7ffd963ed000 r-xp 00000000 00:00 0                          [vdso]
ffffffffff600000-ffffffffff601000 --xp 00000000 00:00 0                  [vsyscall]

VM Arguments:
jvm_args: -Xmx1024m 
java_command: /home/carma/maptool_ws/public/connectedvcs-tools/fedgov-cv-message-builder/target/surefire/surefirebooter2510211304102946032.jar /home/carma/maptool_ws/public/connectedvcs-tools/fedgov-cv-message-builder/target/surefire 2025-06-16T10-55-47_553-jvmRun1 surefire1029977190055496996tmp surefire_0930114525888610457tmp
java_class_path (initial): /home/carma/maptool_ws/public/connectedvcs-tools/fedgov-cv-message-builder/target/surefire/surefirebooter2510211304102946032.jar
Launcher Type: SUN_STANDARD

Environment Variables:
PATH=/usr/local/sbin:/usr/local/bin:/usr/sbin:/usr/bin:/sbin:/bin:/snap/bin
LD_LIBRARY_PATH=/home/carma/maptool_ws/public/connectedvcs-tools/fedgov-cv-lib-asn1c/third_party_lib
SHELL=/bin/bash
DISPLAY=:0

Signal Handlers:
SIGSEGV: [libjvm.so+0xb3b540], sa_mask[0]=11111111011111111101111111111110, sa_flags=SA_RESTART|SA_SIGINFO
SIGBUS: [libjvm.so+0xb3b540], sa_mask[0]=11111111011111111101111111111110, sa_flags=SA_RESTART|SA_SIGINFO
SIGFPE: [libjvm.so+0x97e160], sa_mask[0]=11111111011111111101111111111110, sa_flags=SA_RESTART|SA_SIGINFO
SIGPIPE: [libjvm.so+0x97e160], sa_mask[0]=11111111011111111101111111111110, sa_flags=SA_RESTART|SA_SIGINFO
SIGXFSZ: [libjvm.so+0x97e160], sa_mask[0]=11111111011111111101111111111110, sa_flags=SA_RESTART|SA_SIGINFO
SIGILL: [libjvm.so+0x97e160], sa_mask[0]=11111111011111111101111111111110, sa_flags=SA_RESTART|SA_SIGINFO
SIGUSR1: SIG_DFL, sa_mask[0]=00000000000000000000000000000000, sa_flags=none
SIGUSR2: [libjvm.so+0x97e490], sa_mask[0]=00100000000000000000000000000000, sa_flags=SA_RESTART|SA_SIGINFO
SIGHUP: [libjvm.so+0x97e3e0], sa_mask[0]=11111111011111111101111111111110, sa_flags=SA_RESTART|SA_SIGINFO
SIGINT: [libjvm.so+0x97e3e0], sa_mask[0]=11111111011111111101111111111110, sa_flags=SA_RESTART|SA_SIGINFO
SIGTERM: [libjvm.so+0x97e3e0], sa_mask[0]=11111111011111111101111111111110, sa_flags=SA_RESTART|SA_SIGINFO
SIGQUIT: [libjvm.so+0x97e3e0], sa_mask[0]=11111111011111111101111111111110, sa_flags=SA_RESTART|SA_SIGINFO


---------------  S Y S T E M  ---------------

OS:DISTRIB_ID=Ubuntu
DISTRIB_RELEASE=20.04
DISTRIB_CODENAME=focal
DISTRIB_DESCRIPTION="Ubuntu 20.04.6 LTS"

uname:Linux 5.15.0-139-generic #149~20.04.1-Ubuntu SMP Wed Apr 16 08:29:56 UTC 2025 x86_64
libc:glibc 2.31 NPTL 2.31 
rlimit: STACK 8192k, CORE 0k, NPROC 63427, NOFILE 1048576, AS infinity
load average:7.08 4.90 3.01

/proc/meminfo:
MemTotal:       16336844 kB
MemFree:         1320716 kB
MemAvailable:    6542340 kB
Buffers:          502328 kB
Cached:          4737648 kB
SwapCached:         2004 kB
Active:          3415392 kB
Inactive:       10021868 kB
Active(anon):      14440 kB
Inactive(anon):  8361144 kB
Active(file):    3400952 kB
Inactive(file):  1660724 kB
Unevictable:          16 kB
Mlocked:              16 kB
SwapTotal:       2097148 kB
SwapFree:        2089932 kB
Dirty:               656 kB
Writeback:             0 kB
AnonPages:       8195700 kB
Mapped:          1096132 kB
Shmem:            178260 kB
KReclaimable:     497256 kB
Slab:             751216 kB
SReclaimable:     497256 kB
SUnreclaim:       253960 kB
KernelStack:       32320 kB
PageTables:        72380 kB
NFS_Unstable:          0 kB
Bounce:                0 kB
WritebackTmp:          0 kB
CommitLimit:    10265568 kB
Committed_AS:   27329580 kB
VmallocTotal:   34359738367 kB
VmallocUsed:       87120 kB
VmallocChunk:          0 kB
Percpu:           159744 kB
HardwareCorrupted:     0 kB
AnonHugePages:         0 kB
ShmemHugePages:        0 kB
ShmemPmdMapped:        0 kB
FileHugePages:         0 kB
FilePmdMapped:         0 kB
HugePages_Total:       0
HugePages_Free:        0
HugePages_Rsvd:        0
HugePages_Surp:        0
Hugepagesize:       2048 kB
Hugetlb:               0 kB
DirectMap4k:      638784 kB
DirectMap2M:    14041088 kB
DirectMap1G:     4194304 kB

container (cgroup) information:
container_type: cgroupv1
cpu_cpuset_cpus: 0-15
cpu_memory_nodes: 0
active_processor_count: 16
cpu_quota: -1
cpu_period: 100000
cpu_shares: -1
memory_limit_in_bytes: -1
memory_and_swap_limit_in_bytes: -1
memory_soft_limit_in_bytes: -1
memory_usage_in_bytes: 10477395968
memory_max_usage_in_bytes: 12729692160


CPU:total 16 (initial active 16) (1 cores per cpu, 1 threads per core) family 6 model 151 stepping 2, cmov, cx8, fxsr, mmx, sse, sse2, sse3, ssse3, sse4.1, sse4.2, popcnt, avx, avx2, aes, clmul, erms, 3dnowpref, lzcnt, tsc, tscinvbit, bmi1, bmi2, adx

/proc/cpuinfo:
processor	: 0
vendor_id	: GenuineIntel
cpu family	: 6
model		: 151
model name	: 12th Gen Intel(R) Core(TM) i7-12850HX
stepping	: 2
microcode	: 0x2e
cpu MHz		: 2419.189
cache size	: 25600 KB
physical id	: 0
siblings	: 1
core id		: 0
cpu cores	: 1
apicid		: 0
initial apicid	: 0
fpu		: yes
fpu_exception	: yes
cpuid level	: 32
wp		: yes
flags		: fpu vme de pse tsc msr pae mce cx8 apic sep mtrr pge mca cmov pat pse36 clflush mmx fxsr sse sse2 ss syscall nx pdpe1gb rdtscp lm constant_tsc arch_perfmon nopl xtopology tsc_reliable nonstop_tsc cpuid tsc_known_freq pni pclmulqdq ssse3 fma cx16 sse4_1 sse4_2 x2apic movbe popcnt tsc_deadline_timer aes xsave avx f16c rdrand hypervisor lahf_lm abm 3dnowprefetch ssbd ibrs ibpb stibp ibrs_enhanced fsgsbase tsc_adjust bmi1 avx2 smep bmi2 invpcid rdseed adx smap clflushopt clwb sha_ni xsaveopt xsavec xsaves arat pku ospke md_clear flush_l1d arch_capabilities
bugs		: spectre_v1 spectre_v2 spec_store_bypass swapgs itlb_multihit eibrs_pbrsb rfds bhi
bogomips	: 4838.37
clflush size	: 64
cache_alignment	: 64
address sizes	: 43 bits physical, 48 bits virtual
power management:

processor	: 1
vendor_id	: GenuineIntel
cpu family	: 6
model		: 151
model name	: 12th Gen Intel(R) Core(TM) i7-12850HX
stepping	: 2
microcode	: 0x2e
cpu MHz		: 2419.189
cache size	: 25600 KB
physical id	: 2
siblings	: 1
core id		: 0
cpu cores	: 1
apicid		: 2
initial apicid	: 2
fpu		: yes
fpu_exception	: yes
cpuid level	: 32
wp		: yes
flags		: fpu vme de pse tsc msr pae mce cx8 apic sep mtrr pge mca cmov pat pse36 clflush mmx fxsr sse sse2 ss syscall nx pdpe1gb rdtscp lm constant_tsc arch_perfmon nopl xtopology tsc_reliable nonstop_tsc cpuid tsc_known_freq pni pclmulqdq ssse3 fma cx16 sse4_1 sse4_2 x2apic movbe popcnt tsc_deadline_timer aes xsave avx f16c rdrand hypervisor lahf_lm abm 3dnowprefetch ssbd ibrs ibpb stibp ibrs_enhanced fsgsbase tsc_adjust bmi1 avx2 smep bmi2 invpcid rdseed adx smap clflushopt clwb sha_ni xsaveopt xsavec xsaves arat pku ospke md_clear flush_l1d arch_capabilities
bugs		: spectre_v1 spectre_v2 spec_store_bypass swapgs itlb_multihit eibrs_pbrsb rfds bhi
bogomips	: 4838.37
clflush size	: 64
cache_alignment	: 64
address sizes	: 43 bits physical, 48 bits virtual
power management:

processor	: 2
vendor_id	: GenuineIntel
cpu family	: 6
model		: 151
model name	: 12th Gen Intel(R) Core(TM) i7-12850HX
stepping	: 2
microcode	: 0x2e
cpu MHz		: 2419.189
cache size	: 25600 KB
physical id	: 4
siblings	: 1
core id		: 0
cpu cores	: 1
apicid		: 4
initial apicid	: 4
fpu		: yes
fpu_exception	: yes
cpuid level	: 32
wp		: yes
flags		: fpu vme de pse tsc msr pae mce cx8 apic sep mtrr pge mca cmov pat pse36 clflush mmx fxsr sse sse2 ss syscall nx pdpe1gb rdtscp lm constant_tsc arch_perfmon nopl xtopology tsc_reliable nonstop_tsc cpuid tsc_known_freq pni pclmulqdq ssse3 fma cx16 sse4_1 sse4_2 x2apic movbe popcnt tsc_deadline_timer aes xsave avx f16c rdrand hypervisor lahf_lm abm 3dnowprefetch ssbd ibrs ibpb stibp ibrs_enhanced fsgsbase tsc_adjust bmi1 avx2 smep bmi2 invpcid rdseed adx smap clflushopt clwb sha_ni xsaveopt xsavec xsaves arat pku ospke md_clear flush_l1d arch_capabilities
bugs		: spectre_v1 spectre_v2 spec_store_bypass swapgs itlb_multihit eibrs_pbrsb rfds bhi
bogomips	: 4838.37
clflush size	: 64
cache_alignment	: 64
address sizes	: 43 bits physical, 48 bits virtual
power management:

processor	: 3
vendor_id	: GenuineIntel
cpu family	: 6
model		: 151
model name	: 12th Gen Intel(R) Core(TM) i7-12850HX
stepping	: 2
microcode	: 0x2e
cpu MHz		: 2419.189
cache size	: 25600 KB
physical id	: 6
siblings	: 1
core id		: 0
cpu cores	: 1
apicid		: 6
initial apicid	: 6
fpu		: yes
fpu_exception	: yes
cpuid level	: 32
wp		: yes
flags		: fpu vme de pse tsc msr pae mce cx8 apic sep mtrr pge mca cmov pat pse36 clflush mmx fxsr sse sse2 ss syscall nx pdpe1gb rdtscp lm constant_tsc arch_perfmon nopl xtopology tsc_reliable nonstop_tsc cpuid tsc_known_freq pni pclmulqdq ssse3 fma cx16 sse4_1 sse4_2 x2apic movbe popcnt tsc_deadline_timer aes xsave avx f16c rdrand hypervisor lahf_lm abm 3dnowprefetch ssbd ibrs ibpb stibp ibrs_enhanced fsgsbase tsc_adjust bmi1 avx2 smep bmi2 invpcid rdseed adx smap clflushopt clwb sha_ni xsaveopt xsavec xsaves arat pku ospke md_clear flush_l1d arch_capabilities
bugs		: spectre_v1 spectre_v2 spec_store_bypass swapgs itlb_multihit eibrs_pbrsb rfds bhi
bogomips	: 4838.37
clflush size	: 64
cache_alignment	: 64
address sizes	: 43 bits physical, 48 bits virtual
power management:

processor	: 4
vendor_id	: GenuineIntel
cpu family	: 6
model		: 151
model name	: 12th Gen Intel(R) Core(TM) i7-12850HX
stepping	: 2
microcode	: 0x2e
cpu MHz		: 2419.189
cache size	: 25600 KB
physical id	: 8
siblings	: 1
core id		: 0
cpu cores	: 1
apicid		: 8
initial apicid	: 8
fpu		: yes
fpu_exception	: yes
cpuid level	: 32
wp		: yes
flags		: fpu vme de pse tsc msr pae mce cx8 apic sep mtrr pge mca cmov pat pse36 clflush mmx fxsr sse sse2 ss syscall nx pdpe1gb rdtscp lm constant_tsc arch_perfmon nopl xtopology tsc_reliable nonstop_tsc cpuid tsc_known_freq pni pclmulqdq ssse3 fma cx16 sse4_1 sse4_2 x2apic movbe popcnt tsc_deadline_timer aes xsave avx f16c rdrand hypervisor lahf_lm abm 3dnowprefetch ssbd ibrs ibpb stibp ibrs_enhanced fsgsbase tsc_adjust bmi1 avx2 smep bmi2 invpcid rdseed adx smap clflushopt clwb sha_ni xsaveopt xsavec xsaves arat pku ospke md_clear flush_l1d arch_capabilities
bugs		: spectre_v1 spectre_v2 spec_store_bypass swapgs itlb_multihit eibrs_pbrsb rfds bhi
bogomips	: 4838.37
clflush size	: 64
cache_alignment	: 64
address sizes	: 43 bits physical, 48 bits virtual
power management:

processor	: 5
vendor_id	: GenuineIntel
cpu family	: 6
model		: 151
model name	: 12th Gen Intel(R) Core(TM) i7-12850HX
stepping	: 2
microcode	: 0x2e
cpu MHz		: 2419.189
cache size	: 25600 KB
physical id	: 10
siblings	: 1
core id		: 0
cpu cores	: 1
apicid		: 10
initial apicid	: 10
fpu		: yes
fpu_exception	: yes
cpuid level	: 32
wp		: yes
flags		: fpu vme de pse tsc msr pae mce cx8 apic sep mtrr pge mca cmov pat pse36 clflush mmx fxsr sse sse2 ss syscall nx pdpe1gb rdtscp lm constant_tsc arch_perfmon nopl xtopology tsc_reliable nonstop_tsc cpuid tsc_known_freq pni pclmulqdq ssse3 fma cx16 sse4_1 sse4_2 x2apic movbe popcnt tsc_deadline_timer aes xsave avx f16c rdrand hypervisor lahf_lm abm 3dnowprefetch ssbd ibrs ibpb stibp ibrs_enhanced fsgsbase tsc_adjust bmi1 avx2 smep bmi2 invpcid rdseed adx smap clflushopt clwb sha_ni xsaveopt xsavec xsaves arat pku ospke md_clear flush_l1d arch_capabilities
bugs		: spectre_v1 spectre_v2 spec_store_bypass swapgs itlb_multihit eibrs_pbrsb rfds bhi
bogomips	: 4838.37
clflush size	: 64
cache_alignment	: 64
address sizes	: 43 bits physical, 48 bits virtual
power management:

processor	: 6
vendor_id	: GenuineIntel
cpu family	: 6
model		: 151
model name	: 12th Gen Intel(R) Core(TM) i7-12850HX
stepping	: 2
microcode	: 0x2e
cpu MHz		: 2419.189
cache size	: 25600 KB
physical id	: 12
siblings	: 1
core id		: 0
cpu cores	: 1
apicid		: 12
initial apicid	: 12
fpu		: yes
fpu_exception	: yes
cpuid level	: 32
wp		: yes
flags		: fpu vme de pse tsc msr pae mce cx8 apic sep mtrr pge mca cmov pat pse36 clflush mmx fxsr sse sse2 ss syscall nx pdpe1gb rdtscp lm constant_tsc arch_perfmon nopl xtopology tsc_reliable nonstop_tsc cpuid tsc_known_freq pni pclmulqdq ssse3 fma cx16 sse4_1 sse4_2 x2apic movbe popcnt tsc_deadline_timer aes xsave avx f16c rdrand hypervisor lahf_lm abm 3dnowprefetch ssbd ibrs ibpb stibp ibrs_enhanced fsgsbase tsc_adjust bmi1 avx2 smep bmi2 invpcid rdseed adx smap clflushopt clwb sha_ni xsaveopt xsavec xsaves arat pku ospke md_clear flush_l1d arch_capabilities
bugs		: spectre_v1 spectre_v2 spec_store_bypass swapgs itlb_multihit eibrs_pbrsb rfds bhi
bogomips	: 4838.37
clflush size	: 64
cache_alignment	: 64
address sizes	: 43 bits physical, 48 bits virtual
power management:

processor	: 7
vendor_id	: GenuineIntel
cpu family	: 6
model		: 151
model name	: 12th Gen Intel(R) Core(TM) i7-12850HX
stepping	: 2
microcode	: 0x2e
cpu MHz		: 2419.189
cache size	: 25600 KB
physical id	: 14
siblings	: 1
core id		: 0
cpu cores	: 1
apicid		: 14
initial apicid	: 14
fpu		: yes
fpu_exception	: yes
cpuid level	: 32
wp		: yes
flags		: fpu vme de pse tsc msr pae mce cx8 apic sep mtrr pge mca cmov pat pse36 clflush mmx fxsr sse sse2 ss syscall nx pdpe1gb rdtscp lm constant_tsc arch_perfmon nopl xtopology tsc_reliable nonstop_tsc cpuid tsc_known_freq pni pclmulqdq ssse3 fma cx16 sse4_1 sse4_2 x2apic movbe popcnt tsc_deadline_timer aes xsave avx f16c rdrand hypervisor lahf_lm abm 3dnowprefetch ssbd ibrs ibpb stibp ibrs_enhanced fsgsbase tsc_adjust bmi1 avx2 smep bmi2 invpcid rdseed adx smap clflushopt clwb sha_ni xsaveopt xsavec xsaves arat pku ospke md_clear flush_l1d arch_capabilities
bugs		: spectre_v1 spectre_v2 spec_store_bypass swapgs itlb_multihit eibrs_pbrsb rfds bhi
bogomips	: 4838.37
clflush size	: 64
cache_alignment	: 64
address sizes	: 43 bits physical, 48 bits virtual
power management:

processor	: 8
vendor_id	: GenuineIntel
cpu family	: 6
model		: 151
model name	: 12th Gen Intel(R) Core(TM) i7-12850HX
stepping	: 2
microcode	: 0x2e
cpu MHz		: 2419.189
cache size	: 25600 KB
physical id	: 16
siblings	: 1
core id		: 0
cpu cores	: 1
apicid		: 16
initial apicid	: 16
fpu		: yes
fpu_exception	: yes
cpuid level	: 32
wp		: yes
flags		: fpu vme de pse tsc msr pae mce cx8 apic sep mtrr pge mca cmov pat pse36 clflush mmx fxsr sse sse2 ss syscall nx pdpe1gb rdtscp lm constant_tsc arch_perfmon nopl xtopology tsc_reliable nonstop_tsc cpuid tsc_known_freq pni pclmulqdq ssse3 fma cx16 sse4_1 sse4_2 x2apic movbe popcnt tsc_deadline_timer aes xsave avx f16c rdrand hypervisor lahf_lm abm 3dnowprefetch ssbd ibrs ibpb stibp ibrs_enhanced fsgsbase tsc_adjust bmi1 avx2 smep bmi2 invpcid rdseed adx smap clflushopt clwb sha_ni xsaveopt xsavec xsaves arat pku ospke md_clear flush_l1d arch_capabilities
bugs		: spectre_v1 spectre_v2 spec_store_bypass swapgs itlb_multihit eibrs_pbrsb rfds bhi
bogomips	: 4838.37
clflush size	: 64
cache_alignment	: 64
address sizes	: 43 bits physical, 48 bits virtual
power management:

processor	: 9
vendor_id	: GenuineIntel
cpu family	: 6
model		: 151
model name	: 12th Gen Intel(R) Core(TM) i7-12850HX
stepping	: 2
microcode	: 0x2e
cpu MHz		: 2419.189
cache size	: 25600 KB
physical id	: 18
siblings	: 1
core id		: 0
cpu cores	: 1
apicid		: 18
initial apicid	: 18
fpu		: yes
fpu_exception	: yes
cpuid level	: 32
wp		: yes
flags		: fpu vme de pse tsc msr pae mce cx8 apic sep mtrr pge mca cmov pat pse36 clflush mmx fxsr sse sse2 ss syscall nx pdpe1gb rdtscp lm constant_tsc arch_perfmon nopl xtopology tsc_reliable nonstop_tsc cpuid tsc_known_freq pni pclmulqdq ssse3 fma cx16 sse4_1 sse4_2 x2apic movbe popcnt tsc_deadline_timer aes xsave avx f16c rdrand hypervisor lahf_lm abm 3dnowprefetch ssbd ibrs ibpb stibp ibrs_enhanced fsgsbase tsc_adjust bmi1 avx2 smep bmi2 invpcid rdseed adx smap clflushopt clwb sha_ni xsaveopt xsavec xsaves arat pku ospke md_clear flush_l1d arch_capabilities
bugs		: spectre_v1 spectre_v2 spec_store_bypass swapgs itlb_multihit eibrs_pbrsb rfds bhi
bogomips	: 4838.37
clflush size	: 64
cache_alignment	: 64
address sizes	: 43 bits physical, 48 bits virtual
power management:

processor	: 10
vendor_id	: GenuineIntel
cpu family	: 6
model		: 151
model name	: 12th Gen Intel(R) Core(TM) i7-12850HX
stepping	: 2
microcode	: 0x2e
cpu MHz		: 2419.189
cache size	: 25600 KB
physical id	: 20
siblings	: 1
core id		: 0
cpu cores	: 1
apicid		: 20
initial apicid	: 20
fpu		: yes
fpu_exception	: yes
cpuid level	: 32
wp		: yes
flags		: fpu vme de pse tsc msr pae mce cx8 apic sep mtrr pge mca cmov pat pse36 clflush mmx fxsr sse sse2 ss syscall nx pdpe1gb rdtscp lm constant_tsc arch_perfmon nopl xtopology tsc_reliable nonstop_tsc cpuid tsc_known_freq pni pclmulqdq ssse3 fma cx16 sse4_1 sse4_2 x2apic movbe popcnt tsc_deadline_timer aes xsave avx f16c rdrand hypervisor lahf_lm abm 3dnowprefetch ssbd ibrs ibpb stibp ibrs_enhanced fsgsbase tsc_adjust bmi1 avx2 smep bmi2 invpcid rdseed adx smap clflushopt clwb sha_ni xsaveopt xsavec xsaves arat pku ospke md_clear flush_l1d arch_capabilities
bugs		: spectre_v1 spectre_v2 spec_store_bypass swapgs itlb_multihit eibrs_pbrsb rfds bhi
bogomips	: 4838.37
clflush size	: 64
cache_alignment	: 64
address sizes	: 43 bits physical, 48 bits virtual
power management:

processor	: 11
vendor_id	: GenuineIntel
cpu family	: 6
model		: 151
model name	: 12th Gen Intel(R) Core(TM) i7-12850HX
stepping	: 2
microcode	: 0x2e
cpu MHz		: 2419.189
cache size	: 25600 KB
physical id	: 22
siblings	: 1
core id		: 0
cpu cores	: 1
apicid		: 22
initial apicid	: 22
fpu		: yes
fpu_exception	: yes
cpuid level	: 32
wp		: yes
flags		: fpu vme de pse tsc msr pae mce cx8 apic sep mtrr pge mca cmov pat pse36 clflush mmx fxsr sse sse2 ss syscall nx pdpe1gb rdtscp lm constant_tsc arch_perfmon nopl xtopology tsc_reliable nonstop_tsc cpuid tsc_known_freq pni pclmulqdq ssse3 fma cx16 sse4_1 sse4_2 x2apic movbe popcnt tsc_deadline_timer aes xsave avx f16c rdrand hypervisor lahf_lm abm 3dnowprefetch ssbd ibrs ibpb stibp ibrs_enhanced fsgsbase tsc_adjust bmi1 avx2 smep bmi2 invpcid rdseed adx smap clflushopt clwb sha_ni xsaveopt xsavec xsaves arat pku ospke md_clear flush_l1d arch_capabilities
bugs		: spectre_v1 spectre_v2 spec_store_bypass swapgs itlb_multihit eibrs_pbrsb rfds bhi
bogomips	: 4838.37
clflush size	: 64
cache_alignment	: 64
address sizes	: 43 bits physical, 48 bits virtual
power management:

processor	: 12
vendor_id	: GenuineIntel
cpu family	: 6
model		: 151
model name	: 12th Gen Intel(R) Core(TM) i7-12850HX
stepping	: 2
microcode	: 0x2e
cpu MHz		: 2419.189
cache size	: 25600 KB
physical id	: 24
siblings	: 1
core id		: 0
cpu cores	: 1
apicid		: 24
initial apicid	: 24
fpu		: yes
fpu_exception	: yes
cpuid level	: 32
wp		: yes
flags		: fpu vme de pse tsc msr pae mce cx8 apic sep mtrr pge mca cmov pat pse36 clflush mmx fxsr sse sse2 ss syscall nx pdpe1gb rdtscp lm constant_tsc arch_perfmon nopl xtopology tsc_reliable nonstop_tsc cpuid tsc_known_freq pni pclmulqdq ssse3 fma cx16 sse4_1 sse4_2 x2apic movbe popcnt tsc_deadline_timer aes xsave avx f16c rdrand hypervisor lahf_lm abm 3dnowprefetch ssbd ibrs ibpb stibp ibrs_enhanced fsgsbase tsc_adjust bmi1 avx2 smep bmi2 invpcid rdseed adx smap clflushopt clwb sha_ni xsaveopt xsavec xsaves arat pku ospke md_clear flush_l1d arch_capabilities
bugs		: spectre_v1 spectre_v2 spec_store_bypass swapgs itlb_multihit eibrs_pbrsb rfds bhi
bogomips	: 4838.37
clflush size	: 64
cache_alignment	: 64
address sizes	: 43 bits physical, 48 bits virtual
power management:

processor	: 13
vendor_id	: GenuineIntel
cpu family	: 6
model		: 151
model name	: 12th Gen Intel(R) Core(TM) i7-12850HX
stepping	: 2
microcode	: 0x2e
cpu MHz		: 2419.189
cache size	: 25600 KB
physical id	: 26
siblings	: 1
core id		: 0
cpu cores	: 1
apicid		: 26
initial apicid	: 26
fpu		: yes
fpu_exception	: yes
cpuid level	: 32
wp		: yes
flags		: fpu vme de pse tsc msr pae mce cx8 apic sep mtrr pge mca cmov pat pse36 clflush mmx fxsr sse sse2 ss syscall nx pdpe1gb rdtscp lm constant_tsc arch_perfmon nopl xtopology tsc_reliable nonstop_tsc cpuid tsc_known_freq pni pclmulqdq ssse3 fma cx16 sse4_1 sse4_2 x2apic movbe popcnt tsc_deadline_timer aes xsave avx f16c rdrand hypervisor lahf_lm abm 3dnowprefetch ssbd ibrs ibpb stibp ibrs_enhanced fsgsbase tsc_adjust bmi1 avx2 smep bmi2 invpcid rdseed adx smap clflushopt clwb sha_ni xsaveopt xsavec xsaves arat pku ospke md_clear flush_l1d arch_capabilities
bugs		: spectre_v1 spectre_v2 spec_store_bypass swapgs itlb_multihit eibrs_pbrsb rfds bhi
bogomips	: 4838.37
clflush size	: 64
cache_alignment	: 64
address sizes	: 43 bits physical, 48 bits virtual
power management:

processor	: 14
vendor_id	: GenuineIntel
cpu family	: 6
model		: 151
model name	: 12th Gen Intel(R) Core(TM) i7-12850HX
stepping	: 2
microcode	: 0x2e
cpu MHz		: 2419.189
cache size	: 25600 KB
physical id	: 28
siblings	: 1
core id		: 0
cpu cores	: 1
apicid		: 28
initial apicid	: 28
fpu		: yes
fpu_exception	: yes
cpuid level	: 32
wp		: yes
flags		: fpu vme de pse tsc msr pae mce cx8 apic sep mtrr pge mca cmov pat pse36 clflush mmx fxsr sse sse2 ss syscall nx pdpe1gb rdtscp lm constant_tsc arch_perfmon nopl xtopology tsc_reliable nonstop_tsc cpuid tsc_known_freq pni pclmulqdq ssse3 fma cx16 sse4_1 sse4_2 x2apic movbe popcnt tsc_deadline_timer aes xsave avx f16c rdrand hypervisor lahf_lm abm 3dnowprefetch ssbd ibrs ibpb stibp ibrs_enhanced fsgsbase tsc_adjust bmi1 avx2 smep bmi2 invpcid rdseed adx smap clflushopt clwb sha_ni xsaveopt xsavec xsaves arat pku ospke md_clear flush_l1d arch_capabilities
bugs		: spectre_v1 spectre_v2 spec_store_bypass swapgs itlb_multihit eibrs_pbrsb rfds bhi
bogomips	: 4838.37
clflush size	: 64
cache_alignment	: 64
address sizes	: 43 bits physical, 48 bits virtual
power management:

processor	: 15
vendor_id	: GenuineIntel
cpu family	: 6
model		: 151
model name	: 12th Gen Intel(R) Core(TM) i7-12850HX
stepping	: 2
microcode	: 0x2e
cpu MHz		: 2419.189
cache size	: 25600 KB
physical id	: 30
siblings	: 1
core id		: 0
cpu cores	: 1
apicid		: 30
initial apicid	: 30
fpu		: yes
fpu_exception	: yes
cpuid level	: 32
wp		: yes
flags		: fpu vme de pse tsc msr pae mce cx8 apic sep mtrr pge mca cmov pat pse36 clflush mmx fxsr sse sse2 ss syscall nx pdpe1gb rdtscp lm constant_tsc arch_perfmon nopl xtopology tsc_reliable nonstop_tsc cpuid tsc_known_freq pni pclmulqdq ssse3 fma cx16 sse4_1 sse4_2 x2apic movbe popcnt tsc_deadline_timer aes xsave avx f16c rdrand hypervisor lahf_lm abm 3dnowprefetch ssbd ibrs ibpb stibp ibrs_enhanced fsgsbase tsc_adjust bmi1 avx2 smep bmi2 invpcid rdseed adx smap clflushopt clwb sha_ni xsaveopt xsavec xsaves arat pku ospke md_clear flush_l1d arch_capabilities
bugs		: spectre_v1 spectre_v2 spec_store_bypass swapgs itlb_multihit eibrs_pbrsb rfds bhi
bogomips	: 4838.37
clflush size	: 64
cache_alignment	: 64
address sizes	: 43 bits physical, 48 bits virtual
power management:



Memory: 4k page, physical 16336844k(1320212k free), swap 2097148k(2089932k free)

vm_info: OpenJDK 64-Bit Server VM (25.452-b09) for linux-amd64 JRE (1.8.0_452-8u452-ga~us1-0ubuntu1~20.04-b09), built on Apr 16 2025 10:33:22 by "buildd" with gcc 9.4.0

time: Mon Jun 16 10:55:51 2025
timezone: PDT
elapsed time: 2.608540 seconds (0d 0h 0m 2s)

