#
# A fatal error has been detected by the Java Runtime Environment:
#
#  SIGSEGV (0xb) at pc=0x00007fa455a7bf87, pid=1273808, tid=0x00007fa4053b3700
#
# JRE version: OpenJDK Runtime Environment (8.0_452-b09) (build 1.8.0_452-8u452-ga~us1-0ubuntu1~20.04-b09)
# Java VM: OpenJDK 64-Bit Server VM (25.452-b09 mixed mode linux-amd64 compressed oops)
# Problematic frame:
# V  [libjvm.so+0x712f87]
#
# Failed to write core dump. Core dumps have been disabled. To enable core dumping, try "ulimit -c unlimited" before starting Java again
#
# If you would like to submit a bug report, please visit:
#   http://bugreport.java.com/bugreport/crash.jsp
#

---------------  T H R E A D  ---------------

Current thread (0x00007fa45076b000):  JavaThread "pool-2-thread-6" daemon [_thread_in_vm, id=1273851, stack(0x00007fa4052b3000,0x00007fa4053b4000)]

siginfo: si_signo: 11 (SIGSEGV), si_code: 1 (SEGV_MAPERR), si_addr: 0x0000000000000000

Registers:
RAX=0x0000000000000000, RBX=0x0000000000000000, RCX=0x00007fa455a7bf00, RDX=0x00007fa45614f9b8
RSP=0x00007fa4053aff10, RBP=0x00007fa4053aff60, RSI=0x0000000000000000, RDI=0x00007fa45076b000
R8 =0x00007fa404a929b0, R9 =0x000000000000000b, R10=0x00007fa4053afb80, R11=0x00007fa44100045f
R12=0x00007fa45076b000, R13=0x00007fa45076b260, R14=0x0000000000000000, R15=0x00007fa45076b000
RIP=0x00007fa455a7bf87, EFLAGS=0x0000000000010246, CSGSFS=0x002b000000000033, ERR=0x0000000000000004
  TRAPNO=0x000000000000000e

Top of Stack: (sp=0x00007fa4053aff10)
0x00007fa4053aff10:   00007fa45076b000 0000000000000000
0x00007fa4053aff20:   00007fa3a40fb0a0 0a96470b3722f300
0x00007fa4053aff30:   00007fa45076b000 0a96470b3722f300
0x00007fa4053aff40:   0000000000000000 0000000000000000
0x00007fa4053aff50:   00007fa4046bdaa0 00007fa4053b1688
0x00007fa4053aff60:   00007fa4053b15e0 00007fa4045c81e5
0x00007fa4053aff70:   5865646f198cb260 00007fa4053b1670
0x00007fa4053aff80:   00007fa4053b1678 00007fa4053b1680
0x00007fa4053aff90:   00007fa4053b1688 00007fa45076b260
0x00007fa4053affa0:   4274657366666f20 016f202c303d3031
0x00007fa4053affb0:   0000000474650100 000000010000000d
0x00007fa4053affc0:   0000000b00000001 0000000100000002
0x00007fa4053affd0:   0000000000000000 4274657366666f20
0x00007fa4053affe0:   666f202c303d3431 0000000100000001
0x00007fa4053afff0:   000007e84514c000 000000050000000c
0x00007fa4053b0000:   0000000d00000002 0000000d0000000c
0x00007fa4053b0010:   0000000400000004 0000000e00000001
0x00007fa4053b0020:   0000000900000002 0000000d0000000b
0x00007fa4053b0030:   0000000d0000000d 0000000100000001
0x00007fa4053b0040:   0000000100000001 4274657366666f20
0x00007fa4053b0050:   000000000000000d 314274657366666f
0x00007fa4053b0060:   00000000000008fe 00007fa3a40ed850
0x00007fa4053b0070:   00007fa3a4000e10 00007fa4503b1428
0x00007fa4053b0080:   00007fa4503b1430 00007fa4503b1438
0x00007fa4053b0090:   00007fa3a4000e18 00007fa3a4000e20
0x00007fa4053b00a0:   00007fa4503b1440 00007fa4503b1448
0x00007fa4053b00b0:   41b93686e5000000 c1c8f1b378800000
0x00007fa4053b00c0:   00007fa4503b1450 00007fa4503b1458
0x00007fa4053b00d0:   00007fa3a40edbb0 00007fa3a40b4870
0x00007fa4053b00e0:   00007fa3a4000e28 00007fa3a4000e30
0x00007fa4053b00f0:   00007fa3a40b4878 00007fa3a40b4880
0x00007fa4053b0100:   00007fa3a40b4888 00007fa3a40edc30 

Instructions: (pc=0x00007fa455a7bf87)
0x00007fa455a7bf67:   89 65 b0 48 c7 45 b8 00 00 00 00 74 09 48 8d 7d
0x00007fa455a7bf77:   b0 e8 93 88 2c 00 41 f6 c6 01 0f 85 c1 00 00 00
0x00007fa455a7bf87:   49 8b 06 48 8d 15 31 b2 6c 00 80 3a 00 0f 84 9e
0x00007fa455a7bf97:   00 00 00 48 8d 15 df cf 6a 00 8b 40 08 8b 4a 08 

Register to memory mapping:

RAX=0x0000000000000000 is an unknown value
RBX=0x0000000000000000 is an unknown value
RCX=0x00007fa455a7bf00: <offset 0x712f00> in /usr/lib/jvm/java-8-openjdk-amd64/jre/lib/amd64/server/libjvm.so at 0x00007fa455369000
RDX=0x00007fa45614f9b8: <offset 0xde69b8> in /usr/lib/jvm/java-8-openjdk-amd64/jre/lib/amd64/server/libjvm.so at 0x00007fa455369000
RSP=0x00007fa4053aff10 is pointing into the stack for thread: 0x00007fa45076b000
RBP=0x00007fa4053aff60 is pointing into the stack for thread: 0x00007fa45076b000
RSI=0x0000000000000000 is an unknown value
RDI=0x00007fa45076b000 is a thread
R8 ={method} {0x00007fa404a929b0} 'getDirectionsOfTravelSet' '()Ljava/util/List;' in 'gov/usdot/cv/rgaencoder/IndividualWayDirectionsOfTravel'
R9 =0x000000000000000b is an unknown value
R10=0x00007fa4053afb80 is pointing into the stack for thread: 0x00007fa45076b000
R11=0x00007fa44100045f is at begin+0 in a stub
StubRoutines::call_stub [0x00007fa44100045f, 0x00007fa441000547[ (232 bytes)
R12=0x00007fa45076b000 is a thread
R13=0x00007fa45076b260 is an unknown value
R14=0x0000000000000000 is an unknown value
R15=0x00007fa45076b000 is a thread


Stack: [0x00007fa4052b3000,0x00007fa4053b4000],  sp=0x00007fa4053aff10,  free space=1011k
Native frames: (J=compiled Java code, j=interpreted, Vv=VM code, C=native code)
V  [libjvm.so+0x712f87]
C  [libasn1c_rga.so+0x1311e5]  Java_gov_usdot_cv_rgaencoder_Encoder_encodeRGA+0x36d1
j  gov.usdot.cv.rgaencoder.Encoder.encodeRGA(Lgov/usdot/cv/rgaencoder/BaseLayer;Ljava/util/List;Ljava/util/List;)[B+0
j  gov.usdot.cv.rgaencoder.Encoder.encode(Lgov/usdot/cv/rgaencoder/RGAData;)Lgov/usdot/cv/mapencoder/ByteArrayObject;+48
j  gov.usdot.cv.msg.builder.util.J2945Helper.getBytes(Lgov/usdot/cv/rgaencoder/RGAData;)[B+10
j  gov.usdot.cv.msg.builder.util.J2945Helper.getHexString(Lgov/usdot/cv/rgaencoder/RGAData;)Ljava/lang/String;+1
j  gov.usdot.cv.msg.builder.IntersectionSituationDataBuilder.build(Ljava/lang/String;)Lgov/usdot/cv/msg/builder/message/IntersectionMessage;+415
j  gov.usdot.cv.msg.builder.IntersectionSituationDataBuilderTest.runIntersectionSituationDataBuilderTests(Ljava/lang/String;Ljava/lang/String;)V+25
j  gov.usdot.cv.msg.builder.IntersectionSituationDataBuilderTest.rgaMessageMtrVehicleBikeAndCrosswalkGeometryContainerMandatoryFieldsStandard()V+9
v  ~StubRoutines::call_stub
V  [libjvm.so+0x6a7445]
V  [libjvm.so+0xa02bed]
V  [libjvm.so+0xa03ddb]
V  [libjvm.so+0x758ff1]  JVM_InvokeMethod+0x1f1
j  sun.reflect.NativeMethodAccessorImpl.invoke0(Ljava/lang/reflect/Method;Ljava/lang/Object;[Ljava/lang/Object;)Ljava/lang/Object;+0
j  sun.reflect.NativeMethodAccessorImpl.invoke(Ljava/lang/Object;[Ljava/lang/Object;)Ljava/lang/Object;+100
J 1454 C1 sun.reflect.DelegatingMethodAccessorImpl.invoke(Ljava/lang/Object;[Ljava/lang/Object;)Ljava/lang/Object; (10 bytes) @ 0x00007fa44162ee84 [0x00007fa44162ed80+0x104]
J 1453 C1 java.lang.reflect.Method.invoke(Ljava/lang/Object;[Ljava/lang/Object;)Ljava/lang/Object; (62 bytes) @ 0x00007fa44163388c [0x00007fa4416334a0+0x3ec]
j  org.junit.runners.model.FrameworkMethod$1.runReflectiveCall()Ljava/lang/Object;+15
j  org.junit.internal.runners.model.ReflectiveCallable.run()Ljava/lang/Object;+1
j  org.junit.runners.model.FrameworkMethod.invokeExplosively(Ljava/lang/Object;[Ljava/lang/Object;)Ljava/lang/Object;+10
j  org.junit.internal.runners.statements.InvokeMethod.evaluate()V+12
j  org.junit.internal.runners.statements.RunBefores.evaluate()V+49
j  org.junit.runners.ParentRunner.runLeaf(Lorg/junit/runners/model/Statement;Lorg/junit/runner/Description;Lorg/junit/runner/notification/RunNotifier;)V+17
j  org.junit.runners.BlockJUnit4ClassRunner.runChild(Lorg/junit/runners/model/FrameworkMethod;Lorg/junit/runner/notification/RunNotifier;)V+32
j  org.junit.runners.BlockJUnit4ClassRunner.runChild(Ljava/lang/Object;Lorg/junit/runner/notification/RunNotifier;)V+6
j  org.junit.runners.ParentRunner$3.run()V+12
j  org.apache.maven.surefire.junitcore.pc.Scheduler$1.run()V+11
j  org.apache.maven.surefire.junitcore.pc.InvokerStrategy.schedule(Ljava/lang/Runnable;)V+23
j  org.apache.maven.surefire.junitcore.pc.Scheduler.schedule(Ljava/lang/Runnable;)V+62
j  org.junit.runners.ParentRunner.runChildren(Lorg/junit/runner/notification/RunNotifier;)V+40
j  org.junit.runners.ParentRunner.access$000(Lorg/junit/runners/ParentRunner;Lorg/junit/runner/notification/RunNotifier;)V+2
j  org.junit.runners.ParentRunner$2.evaluate()V+8
j  org.junit.runners.ParentRunner.run(Lorg/junit/runner/notification/RunNotifier;)V+20
j  org.junit.runners.Suite.runChild(Lorg/junit/runner/Runner;Lorg/junit/runner/notification/RunNotifier;)V+2
j  org.junit.runners.Suite.runChild(Ljava/lang/Object;Lorg/junit/runner/notification/RunNotifier;)V+6
j  org.junit.runners.ParentRunner$3.run()V+12
j  org.apache.maven.surefire.junitcore.pc.Scheduler$1.run()V+11
j  java.util.concurrent.Executors$RunnableAdapter.call()Ljava/lang/Object;+4
j  java.util.concurrent.FutureTask.run()V+42
j  java.util.concurrent.ThreadPoolExecutor.runWorker(Ljava/util/concurrent/ThreadPoolExecutor$Worker;)V+95
j  java.util.concurrent.ThreadPoolExecutor$Worker.run()V+5
j  java.lang.Thread.run()V+11
v  ~StubRoutines::call_stub
V  [libjvm.so+0x6a7445]
V  [libjvm.so+0x6a4b8f]
V  [libjvm.so+0x6a5184]
V  [libjvm.so+0x74b120]
V  [libjvm.so+0xadf35f]
V  [libjvm.so+0xadf653]
V  [libjvm.so+0x980120]
C  [libpthread.so.0+0x8609]  start_thread+0xd9

Java frames: (J=compiled Java code, j=interpreted, Vv=VM code)
j  gov.usdot.cv.rgaencoder.Encoder.encodeRGA(Lgov/usdot/cv/rgaencoder/BaseLayer;Ljava/util/List;Ljava/util/List;)[B+0
j  gov.usdot.cv.rgaencoder.Encoder.encode(Lgov/usdot/cv/rgaencoder/RGAData;)Lgov/usdot/cv/mapencoder/ByteArrayObject;+48
j  gov.usdot.cv.msg.builder.util.J2945Helper.getBytes(Lgov/usdot/cv/rgaencoder/RGAData;)[B+10
j  gov.usdot.cv.msg.builder.util.J2945Helper.getHexString(Lgov/usdot/cv/rgaencoder/RGAData;)Ljava/lang/String;+1
j  gov.usdot.cv.msg.builder.IntersectionSituationDataBuilder.build(Ljava/lang/String;)Lgov/usdot/cv/msg/builder/message/IntersectionMessage;+415
j  gov.usdot.cv.msg.builder.IntersectionSituationDataBuilderTest.runIntersectionSituationDataBuilderTests(Ljava/lang/String;Ljava/lang/String;)V+25
j  gov.usdot.cv.msg.builder.IntersectionSituationDataBuilderTest.rgaMessageMtrVehicleBikeAndCrosswalkGeometryContainerMandatoryFieldsStandard()V+9
v  ~StubRoutines::call_stub
j  sun.reflect.NativeMethodAccessorImpl.invoke0(Ljava/lang/reflect/Method;Ljava/lang/Object;[Ljava/lang/Object;)Ljava/lang/Object;+0
j  sun.reflect.NativeMethodAccessorImpl.invoke(Ljava/lang/Object;[Ljava/lang/Object;)Ljava/lang/Object;+100
J 1454 C1 sun.reflect.DelegatingMethodAccessorImpl.invoke(Ljava/lang/Object;[Ljava/lang/Object;)Ljava/lang/Object; (10 bytes) @ 0x00007fa44162ee84 [0x00007fa44162ed80+0x104]
J 1453 C1 java.lang.reflect.Method.invoke(Ljava/lang/Object;[Ljava/lang/Object;)Ljava/lang/Object; (62 bytes) @ 0x00007fa44163388c [0x00007fa4416334a0+0x3ec]
j  org.junit.runners.model.FrameworkMethod$1.runReflectiveCall()Ljava/lang/Object;+15
j  org.junit.internal.runners.model.ReflectiveCallable.run()Ljava/lang/Object;+1
j  org.junit.runners.model.FrameworkMethod.invokeExplosively(Ljava/lang/Object;[Ljava/lang/Object;)Ljava/lang/Object;+10
j  org.junit.internal.runners.statements.InvokeMethod.evaluate()V+12
j  org.junit.internal.runners.statements.RunBefores.evaluate()V+49
j  org.junit.runners.ParentRunner.runLeaf(Lorg/junit/runners/model/Statement;Lorg/junit/runner/Description;Lorg/junit/runner/notification/RunNotifier;)V+17
j  org.junit.runners.BlockJUnit4ClassRunner.runChild(Lorg/junit/runners/model/FrameworkMethod;Lorg/junit/runner/notification/RunNotifier;)V+32
j  org.junit.runners.BlockJUnit4ClassRunner.runChild(Ljava/lang/Object;Lorg/junit/runner/notification/RunNotifier;)V+6
j  org.junit.runners.ParentRunner$3.run()V+12
j  org.apache.maven.surefire.junitcore.pc.Scheduler$1.run()V+11
j  org.apache.maven.surefire.junitcore.pc.InvokerStrategy.schedule(Ljava/lang/Runnable;)V+23
j  org.apache.maven.surefire.junitcore.pc.Scheduler.schedule(Ljava/lang/Runnable;)V+62
j  org.junit.runners.ParentRunner.runChildren(Lorg/junit/runner/notification/RunNotifier;)V+40
j  org.junit.runners.ParentRunner.access$000(Lorg/junit/runners/ParentRunner;Lorg/junit/runner/notification/RunNotifier;)V+2
j  org.junit.runners.ParentRunner$2.evaluate()V+8
j  org.junit.runners.ParentRunner.run(Lorg/junit/runner/notification/RunNotifier;)V+20
j  org.junit.runners.Suite.runChild(Lorg/junit/runner/Runner;Lorg/junit/runner/notification/RunNotifier;)V+2
j  org.junit.runners.Suite.runChild(Ljava/lang/Object;Lorg/junit/runner/notification/RunNotifier;)V+6
j  org.junit.runners.ParentRunner$3.run()V+12
j  org.apache.maven.surefire.junitcore.pc.Scheduler$1.run()V+11
j  java.util.concurrent.Executors$RunnableAdapter.call()Ljava/lang/Object;+4
j  java.util.concurrent.FutureTask.run()V+42
j  java.util.concurrent.ThreadPoolExecutor.runWorker(Ljava/util/concurrent/ThreadPoolExecutor$Worker;)V+95
j  java.util.concurrent.ThreadPoolExecutor$Worker.run()V+5
j  java.lang.Thread.run()V+11
v  ~StubRoutines::call_stub

---------------  P R O C E S S  ---------------

Java Threads: ( => current thread )
=>0x00007fa45076b000 JavaThread "pool-2-thread-6" daemon [_thread_in_vm, id=1273851, stack(0x00007fa4052b3000,0x00007fa4053b4000)]
  0x00007fa450769000 JavaThread "pool-2-thread-5" daemon [_thread_blocked, id=1273850, stack(0x00007fa4053b4000,0x00007fa4054b5000)]
  0x00007fa45075c000 JavaThread "pool-2-thread-4" daemon [_thread_blocked, id=1273849, stack(0x00007fa4054b5000,0x00007fa4055b6000)]
  0x00007fa45075a000 JavaThread "pool-2-thread-3" daemon [_thread_in_native, id=1273848, stack(0x00007fa4055b6000,0x00007fa4056b7000)]
  0x00007fa450758800 JavaThread "pool-2-thread-2" daemon [_thread_blocked, id=1273847, stack(0x00007fa4056b7000,0x00007fa4057b8000)]
  0x00007fa450757000 JavaThread "pool-2-thread-1" daemon [_thread_blocked, id=1273846, stack(0x00007fa4057b8000,0x00007fa4058b9000)]
  0x00007fa4505fd800 JavaThread "surefire-forkedjvm-command-thread" daemon [_thread_in_native, id=1273845, stack(0x00007fa4058b9000,0x00007fa4059ba000)]
  0x00007fa4502d9000 JavaThread "Service Thread" daemon [_thread_blocked, id=1273843, stack(0x00007fa405b71000,0x00007fa405c72000)]
  0x00007fa4502d6000 JavaThread "C1 CompilerThread11" daemon [_thread_blocked, id=1273842, stack(0x00007fa405c73000,0x00007fa405d73000)]
  0x00007fa4502d3800 JavaThread "C1 CompilerThread10" daemon [_thread_blocked, id=1273841, stack(0x00007fa405d74000,0x00007fa405e74000)]
  0x00007fa4502d2000 JavaThread "C1 CompilerThread9" daemon [_thread_blocked, id=1273840, stack(0x00007fa405e75000,0x00007fa405f75000)]
  0x00007fa4502d0000 JavaThread "C1 CompilerThread8" daemon [_thread_blocked, id=1273839, stack(0x00007fa405f76000,0x00007fa406076000)]
  0x00007fa4502ce000 JavaThread "C2 CompilerThread7" daemon [_thread_blocked, id=1273838, stack(0x00007fa406077000,0x00007fa406177000)]
  0x00007fa4502cc000 JavaThread "C2 CompilerThread6" daemon [_thread_in_native, id=1273837, stack(0x00007fa406178000,0x00007fa406278000)]
  0x00007fa4502ca000 JavaThread "C2 CompilerThread5" daemon [_thread_blocked, id=1273836, stack(0x00007fa406279000,0x00007fa406379000)]
  0x00007fa4502c8000 JavaThread "C2 CompilerThread4" daemon [_thread_blocked, id=1273835, stack(0x00007fa40637a000,0x00007fa40647a000)]
  0x00007fa4502bd800 JavaThread "C2 CompilerThread3" daemon [_thread_blocked, id=1273834, stack(0x00007fa40647b000,0x00007fa40657b000)]
  0x00007fa4502bb800 JavaThread "C2 CompilerThread2" daemon [_thread_blocked, id=1273833, stack(0x00007fa40657c000,0x00007fa40667c000)]
  0x00007fa4502b9800 JavaThread "C2 CompilerThread1" daemon [_thread_blocked, id=1273832, stack(0x00007fa40667d000,0x00007fa40677d000)]
  0x00007fa4502b7000 JavaThread "C2 CompilerThread0" daemon [_thread_blocked, id=1273831, stack(0x00007fa40677e000,0x00007fa40687e000)]
  0x00007fa4502af000 JavaThread "Signal Dispatcher" daemon [_thread_blocked, id=1273830, stack(0x00007fa40687e000,0x00007fa40697f000)]
  0x00007fa450281000 JavaThread "Finalizer" daemon [_thread_blocked, id=1273829, stack(0x00007fa406eef000,0x00007fa406ff0000)]
  0x00007fa45027c800 JavaThread "Reference Handler" daemon [_thread_blocked, id=1273828, stack(0x00007fa406ff0000,0x00007fa4070f1000)]
  0x00007fa45000b000 JavaThread "main" [_thread_blocked, id=1273809, stack(0x00007fa454f1d000,0x00007fa45501d000)]

Other Threads:
  0x00007fa450273000 VMThread [stack: 0x00007fa4070f2000,0x00007fa4071f2000] [id=1273827]
  0x00007fa4502db800 WatcherThread [stack: 0x00007fa405a71000,0x00007fa405b71000] [id=1273844]

VM state:not at safepoint (normal execution)

VM Mutex/Monitor currently owned by a thread: None

heap address: 0x00000000c0000000, size: 1024 MB, Compressed Oops mode: 32-bit
Narrow klass base: 0x0000000000000000, Narrow klass shift: 3
Compressed class space size: 1073741824 Address: 0x0000000100000000

Heap:
 PSYoungGen      total 139264K, used 8459K [0x00000000eab00000, 0x00000000fbb00000, 0x0000000100000000)
  eden space 129024K, 6% used [0x00000000eab00000,0x00000000eb342e78,0x00000000f2900000)
  from space 10240K, 0% used [0x00000000f2900000,0x00000000f2900000,0x00000000f3300000)
  to   space 10240K, 0% used [0x00000000fb100000,0x00000000fb100000,0x00000000fbb00000)
 ParOldGen       total 80896K, used 4769K [0x00000000c0000000, 0x00000000c4f00000, 0x00000000eab00000)
  object space 80896K, 5% used [0x00000000c0000000,0x00000000c04a87a8,0x00000000c4f00000)
 Metaspace       used 20983K, capacity 21362K, committed 21756K, reserved 1069056K
  class space    used 2821K, capacity 2959K, committed 3072K, reserved 1048576K

Card table byte_map: [0x00007fa4548ee000,0x00007fa454aef000] byte_map_base: 0x00007fa4542ee000

Marking Bits: (ParMarkBitMap*) 0x00007fa456153740
 Begin Bits: [0x00007fa41a000000, 0x00007fa41b000000)
 End Bits:   [0x00007fa41b000000, 0x00007fa41c000000)

Polling page: 0x00007fa4563fc000

CodeCache: size=245760Kb used=6900Kb max_used=6900Kb free=238859Kb
 bounds [0x00007fa441000000, 0x00007fa4416d0000, 0x00007fa450000000]
 total_blobs=2118 nmethods=1653 adapters=374
 compilation: enabled

Compilation events (10 events):
Event: 2.982 Thread 0x00007fa4502d6000 1634       3       net.bytebuddy.description.type.TypeDescription$ForLoadedType::getModifiers (8 bytes)
Event: 2.983 Thread 0x00007fa4502d2000 1635       3       net.bytebuddy.description.type.TypeDescription$Generic$LazyProjection$ForLoadedReturnType::asErasure (11 bytes)
Event: 2.983 Thread 0x00007fa4502d6000 nmethod 1634 0x00007fa4416a71d0 code [0x00007fa4416a7340, 0x00007fa4416a7548]
Event: 2.983 Thread 0x00007fa4502d6000 1637 %     3       sun.nio.cs.UTF_8$Encoder::encodeArrayLoop @ 73 (489 bytes)
Event: 2.983 Thread 0x00007fa4502d3800 nmethod 1633 0x00007fa4416a7610 code [0x00007fa4416a7820, 0x00007fa4416a82e8]
Event: 2.983 Thread 0x00007fa4502d3800 1636       3       net.bytebuddy.description.type.TypeDescription$Generic$OfNonGenericType::getSort (4 bytes)
Event: 2.983 Thread 0x00007fa4502d3800 nmethod 1636 0x00007fa4416a8810 code [0x00007fa4416a8980, 0x00007fa4416a8ad0]
Event: 2.984 Thread 0x00007fa4502d2000 nmethod 1635 0x00007fa4416a8b50 code [0x00007fa4416a8d40, 0x00007fa4416a96d8]
Event: 2.985 Thread 0x00007fa4502b9800 nmethod 1607 0x00007fa4416ad190 code [0x00007fa4416ad340, 0x00007fa4416add78]
Event: 2.985 Thread 0x00007fa4502d0000 1638       1       gov.usdot.cv.rgaencoder.NodeXYZOffsetValue::getChoice (5 bytes)

GC Heap History (8 events):
Event: 1.516 GC heap before
{Heap before GC invocations=1 (full 0):
 PSYoungGen      total 74752K, used 64512K [0x00000000eab00000, 0x00000000efe00000, 0x0000000100000000)
  eden space 64512K, 100% used [0x00000000eab00000,0x00000000eea00000,0x00000000eea00000)
  from space 10240K, 0% used [0x00000000ef400000,0x00000000ef400000,0x00000000efe00000)
  to   space 10240K, 0% used [0x00000000eea00000,0x00000000eea00000,0x00000000ef400000)
 ParOldGen       total 171008K, used 0K [0x00000000c0000000, 0x00000000ca700000, 0x00000000eab00000)
  object space 171008K, 0% used [0x00000000c0000000,0x00000000c0000000,0x00000000ca700000)
 Metaspace       used 12448K, capacity 12702K, committed 12928K, reserved 1060864K
  class space    used 1521K, capacity 1617K, committed 1664K, reserved 1048576K
Event: 1.643 GC heap after
Heap after GC invocations=1 (full 0):
 PSYoungGen      total 74752K, used 8066K [0x00000000eab00000, 0x00000000f3d00000, 0x0000000100000000)
  eden space 64512K, 0% used [0x00000000eab00000,0x00000000eab00000,0x00000000eea00000)
  from space 10240K, 78% used [0x00000000eea00000,0x00000000ef1e0bc8,0x00000000ef400000)
  to   space 10240K, 0% used [0x00000000f3300000,0x00000000f3300000,0x00000000f3d00000)
 ParOldGen       total 171008K, used 8K [0x00000000c0000000, 0x00000000ca700000, 0x00000000eab00000)
  object space 171008K, 0% used [0x00000000c0000000,0x00000000c0002000,0x00000000ca700000)
 Metaspace       used 12448K, capacity 12702K, committed 12928K, reserved 1060864K
  class space    used 1521K, capacity 1617K, committed 1664K, reserved 1048576K
}
Event: 2.549 GC heap before
{Heap before GC invocations=2 (full 0):
 PSYoungGen      total 74752K, used 65728K [0x00000000eab00000, 0x00000000f3d00000, 0x0000000100000000)
  eden space 64512K, 89% used [0x00000000eab00000,0x00000000ee34f830,0x00000000eea00000)
  from space 10240K, 78% used [0x00000000eea00000,0x00000000ef1e0bc8,0x00000000ef400000)
  to   space 10240K, 0% used [0x00000000f3300000,0x00000000f3300000,0x00000000f3d00000)
 ParOldGen       total 171008K, used 8K [0x00000000c0000000, 0x00000000ca700000, 0x00000000eab00000)
  object space 171008K, 0% used [0x00000000c0000000,0x00000000c0002000,0x00000000ca700000)
 Metaspace       used 20858K, capacity 21292K, committed 21376K, reserved 1067008K
  class space    used 2802K, capacity 2936K, committed 2944K, reserved 1048576K
Event: 2.610 GC heap after
Heap after GC invocations=2 (full 0):
 PSYoungGen      total 139264K, used 8603K [0x00000000eab00000, 0x00000000f3d00000, 0x0000000100000000)
  eden space 129024K, 0% used [0x00000000eab00000,0x00000000eab00000,0x00000000f2900000)
  from space 10240K, 84% used [0x00000000f3300000,0x00000000f3b66c98,0x00000000f3d00000)
  to   space 10240K, 0% used [0x00000000f2900000,0x00000000f2900000,0x00000000f3300000)
 ParOldGen       total 171008K, used 96K [0x00000000c0000000, 0x00000000ca700000, 0x00000000eab00000)
  object space 171008K, 0% used [0x00000000c0000000,0x00000000c0018010,0x00000000ca700000)
 Metaspace       used 20858K, capacity 21292K, committed 21376K, reserved 1067008K
  class space    used 2802K, capacity 2936K, committed 2944K, reserved 1048576K
}
Event: 2.632 GC heap before
{Heap before GC invocations=3 (full 0):
 PSYoungGen      total 139264K, used 11368K [0x00000000eab00000, 0x00000000f3d00000, 0x0000000100000000)
  eden space 129024K, 2% used [0x00000000eab00000,0x00000000eadb3710,0x00000000f2900000)
  from space 10240K, 84% used [0x00000000f3300000,0x00000000f3b66c98,0x00000000f3d00000)
  to   space 10240K, 0% used [0x00000000f2900000,0x00000000f2900000,0x00000000f3300000)
 ParOldGen       total 171008K, used 96K [0x00000000c0000000, 0x00000000ca700000, 0x00000000eab00000)
  object space 171008K, 0% used [0x00000000c0000000,0x00000000c0018010,0x00000000ca700000)
 Metaspace       used 20966K, capacity 21356K, committed 21628K, reserved 1069056K
  class space    used 2819K, capacity 2936K, committed 2944K, reserved 1048576K
Event: 2.750 GC heap after
Heap after GC invocations=3 (full 0):
 PSYoungGen      total 139264K, used 4866K [0x00000000eab00000, 0x00000000fbb00000, 0x0000000100000000)
  eden space 129024K, 0% used [0x00000000eab00000,0x00000000eab00000,0x00000000f2900000)
  from space 10240K, 47% used [0x00000000f2900000,0x00000000f2dc09a8,0x00000000f3300000)
  to   space 10240K, 0% used [0x00000000fb100000,0x00000000fb100000,0x00000000fbb00000)
 ParOldGen       total 171008K, used 104K [0x00000000c0000000, 0x00000000ca700000, 0x00000000eab00000)
  object space 171008K, 0% used [0x00000000c0000000,0x00000000c001a010,0x00000000ca700000)
 Metaspace       used 20966K, capacity 21356K, committed 21628K, reserved 1069056K
  class space    used 2819K, capacity 2936K, committed 2944K, reserved 1048576K
}
Event: 2.750 GC heap before
{Heap before GC invocations=4 (full 1):
 PSYoungGen      total 139264K, used 4866K [0x00000000eab00000, 0x00000000fbb00000, 0x0000000100000000)
  eden space 129024K, 0% used [0x00000000eab00000,0x00000000eab00000,0x00000000f2900000)
  from space 10240K, 47% used [0x00000000f2900000,0x00000000f2dc09a8,0x00000000f3300000)
  to   space 10240K, 0% used [0x00000000fb100000,0x00000000fb100000,0x00000000fbb00000)
 ParOldGen       total 171008K, used 104K [0x00000000c0000000, 0x00000000ca700000, 0x00000000eab00000)
  object space 171008K, 0% used [0x00000000c0000000,0x00000000c001a010,0x00000000ca700000)
 Metaspace       used 20966K, capacity 21356K, committed 21628K, reserved 1069056K
  class space    used 2819K, capacity 2936K, committed 2944K, reserved 1048576K
Event: 2.951 GC heap after
Heap after GC invocations=4 (full 1):
 PSYoungGen      total 139264K, used 0K [0x00000000eab00000, 0x00000000fbb00000, 0x0000000100000000)
  eden space 129024K, 0% used [0x00000000eab00000,0x00000000eab00000,0x00000000f2900000)
  from space 10240K, 0% used [0x00000000f2900000,0x00000000f2900000,0x00000000f3300000)
  to   space 10240K, 0% used [0x00000000fb100000,0x00000000fb100000,0x00000000fbb00000)
 ParOldGen       total 80896K, used 4769K [0x00000000c0000000, 0x00000000c4f00000, 0x00000000eab00000)
  object space 80896K, 5% used [0x00000000c0000000,0x00000000c04a87a8,0x00000000c4f00000)
 Metaspace       used 20932K, capacity 21270K, committed 21628K, reserved 1069056K
  class space    used 2808K, capacity 2917K, committed 2944K, reserved 1048576K
}

Deoptimization events (9 events):
Event: 0.964 Thread 0x00007fa45075a000 Uncommon trap: reason=loop_limit_check action=maybe_recompile pc=0x00007fa4412fa4dc method=java.lang.String.equals(Ljava/lang/Object;)Z @ 56
Event: 1.225 Thread 0x00007fa45075a000 Uncommon trap: reason=loop_limit_check action=maybe_recompile pc=0x00007fa4412c5f1c method=java.lang.String.indexOf([CII[CIII)I @ 79
Event: 2.080 Thread 0x00007fa45076b000 Uncommon trap: reason=unstable_if action=reinterpret pc=0x00007fa4414c9b3c method=java.lang.String.regionMatches(ZILjava/lang/String;II)Z @ 123
Event: 2.233 Thread 0x00007fa45076b000 Uncommon trap: reason=unstable_if action=reinterpret pc=0x00007fa4414bdec0 method=java.lang.String.indexOf([CII[CIII)I @ 3
Event: 2.427 Thread 0x00007fa45076b000 Uncommon trap: reason=unstable_if action=reinterpret pc=0x00007fa4413b00f4 method=java.lang.AbstractStringBuilder.append(Ljava/lang/String;)Ljava/lang/AbstractStringBuilder; @ 1
Event: 2.447 Thread 0x00007fa45076b000 Uncommon trap: reason=unstable_if action=reinterpret pc=0x00007fa441397a78 method=java.lang.AbstractStringBuilder.append(Ljava/lang/String;)Ljava/lang/AbstractStringBuilder; @ 1
Event: 2.460 Thread 0x00007fa45075a000 Uncommon trap: reason=bimorphic action=maybe_recompile pc=0x00007fa44154a994 method=java.util.HashMap.putVal(ILjava/lang/Object;Ljava/lang/Object;ZZ)Ljava/lang/Object; @ 203
Event: 2.477 Thread 0x00007fa45075a000 Uncommon trap: reason=bimorphic action=maybe_recompile pc=0x00007fa44154a994 method=java.util.HashMap.putVal(ILjava/lang/Object;Ljava/lang/Object;ZZ)Ljava/lang/Object; @ 203
Event: 2.497 Thread 0x00007fa45075a000 Uncommon trap: reason=bimorphic action=maybe_recompile pc=0x00007fa44154a994 method=java.util.HashMap.putVal(ILjava/lang/Object;Ljava/lang/Object;ZZ)Ljava/lang/Object; @ 203

Classes redefined (0 events):
No events

Internal exceptions (10 events):
Event: 0.854 Thread 0x00007fa450758800 Exception <a 'java/lang/reflect/InvocationTargetException'> (0x00000000ebf47ac8) thrown at [/build/openjdk-8-FtOhKS/openjdk-8-8u452-ga~us1/src/hotspot/src/share/vm/runtime/reflection.cpp, line 1089]
Event: 0.855 Thread 0x00007fa450758800 Exception <a 'java/lang/reflect/InvocationTargetException'> (0x00000000ebf49ed0) thrown at [/build/openjdk-8-FtOhKS/openjdk-8-8u452-ga~us1/src/hotspot/src/share/vm/runtime/reflection.cpp, line 1089]
Event: 0.856 Thread 0x00007fa450758800 Exception <a 'java/lang/reflect/InvocationTargetException'> (0x00000000ebf4c2c8) thrown at [/build/openjdk-8-FtOhKS/openjdk-8-8u452-ga~us1/src/hotspot/src/share/vm/runtime/reflection.cpp, line 1089]
Event: 0.917 Thread 0x00007fa450757000 Exception <a 'java/lang/NoSuchFieldError': method resolution failed> (0x00000000ebf1f6d8) thrown at [/build/openjdk-8-FtOhKS/openjdk-8-8u452-ga~us1/src/hotspot/src/share/vm/prims/methodHandles.cpp, line 1194]
Event: 0.928 Thread 0x00007fa450757000 Exception <a 'java/lang/NoSuchFieldError': method resolution failed> (0x00000000ebf2cdc8) thrown at [/build/openjdk-8-FtOhKS/openjdk-8-8u452-ga~us1/src/hotspot/src/share/vm/prims/methodHandles.cpp, line 1194]
Event: 1.106 Thread 0x00007fa45075a000 Exception <a 'java/lang/IncompatibleClassChangeError': Found class java.lang.Object, but interface was expected> (0x00000000ecdf1590) thrown at [/build/openjdk-8-FtOhKS/openjdk-8-8u452-ga~us1/src/hotspot/src/share/vm/interpreter/linkResolver.cpp, line 653
Event: 1.264 Thread 0x00007fa45075c000 Exception <a 'java/lang/reflect/InvocationTargetException'> (0x00000000ed89e8f0) thrown at [/build/openjdk-8-FtOhKS/openjdk-8-8u452-ga~us1/src/hotspot/src/share/vm/runtime/reflection.cpp, line 1089]
Event: 2.155 Thread 0x00007fa45076b000 Exception <a 'sun/nio/fs/UnixException'> (0x00000000ece8d060) thrown at [/build/openjdk-8-FtOhKS/openjdk-8-8u452-ga~us1/src/hotspot/src/share/vm/prims/jni.cpp, line 712]
Event: 2.427 Thread 0x00007fa45076b000 Implicit null exception at 0x00007fa4413afd35 to 0x00007fa4413b00e1
Event: 2.447 Thread 0x00007fa45076b000 Implicit null exception at 0x00007fa4413976b6 to 0x00007fa441397a61

Events (10 events):
Event: 2.953 loading class net/bytebuddy/dynamic/Transformer$ForMethod$TransformedMethod$TransformedParameterList
Event: 2.953 loading class net/bytebuddy/dynamic/Transformer$ForMethod$TransformedMethod$TransformedParameterList done
Event: 2.958 loading class gov/usdot/cv/msg/builder/util/J2945Helper
Event: 2.958 loading class gov/usdot/cv/msg/builder/util/J2945Helper done
Event: 2.959 loading class gov/usdot/cv/rgaencoder/Encoder
Event: 2.959 loading class gov/usdot/cv/rgaencoder/Encoder done
Event: 2.960 loading class java/lang/ClassLoaderHelper
Event: 2.960 loading class java/lang/ClassLoaderHelper done
Event: 2.982 loading class net/bytebuddy/dynamic/Transformer$ForMethod$TransformedMethod$TransformedParameter
Event: 2.982 loading class net/bytebuddy/dynamic/Transformer$ForMethod$TransformedMethod$TransformedParameter done


Dynamic libraries:
c0000000-c4f00000 rw-p 00000000 00:00 0 
c4f00000-eab00000 ---p 00000000 00:00 0 
eab00000-fbb00000 rw-p 00000000 00:00 0 
fbb00000-100000000 ---p 00000000 00:00 0 
100000000-100300000 rw-p 00000000 00:00 0 
100300000-140000000 ---p 00000000 00:00 0 
5625fc93f000-5625fc940000 r--p 00000000 08:05 266003                     /usr/lib/jvm/java-8-openjdk-amd64/jre/bin/java
5625fc940000-5625fc941000 r-xp 00001000 08:05 266003                     /usr/lib/jvm/java-8-openjdk-amd64/jre/bin/java
5625fc941000-5625fc942000 r--p 00002000 08:05 266003                     /usr/lib/jvm/java-8-openjdk-amd64/jre/bin/java
5625fc942000-5625fc943000 r--p 00002000 08:05 266003                     /usr/lib/jvm/java-8-openjdk-amd64/jre/bin/java
5625fc943000-5625fc944000 rw-p 00003000 08:05 266003                     /usr/lib/jvm/java-8-openjdk-amd64/jre/bin/java
562602d51000-562602d72000 rw-p 00000000 00:00 0                          [heap]
7fa3a0000000-7fa3a0021000 rw-p 00000000 00:00 0 
7fa3a0021000-7fa3a4000000 ---p 00000000 00:00 0 
7fa3a4000000-7fa3a41af000 rw-p 00000000 00:00 0 
7fa3a41af000-7fa3a8000000 ---p 00000000 00:00 0 
7fa3a8000000-7fa3a82d6000 rw-p 00000000 00:00 0 
7fa3a82d6000-7fa3ac000000 ---p 00000000 00:00 0 
7fa3ac000000-7fa3ac152000 rw-p 00000000 00:00 0 
7fa3ac152000-7fa3b0000000 ---p 00000000 00:00 0 
7fa3b0000000-7fa3b0034000 rw-p 00000000 00:00 0 
7fa3b0034000-7fa3b4000000 ---p 00000000 00:00 0 
7fa3b4000000-7fa3b4021000 rw-p 00000000 00:00 0 
7fa3b4021000-7fa3b8000000 ---p 00000000 00:00 0 
7fa3b8000000-7fa3b8021000 rw-p 00000000 00:00 0 
7fa3b8021000-7fa3bc000000 ---p 00000000 00:00 0 
7fa3bc000000-7fa3bc021000 rw-p 00000000 00:00 0 
7fa3bc021000-7fa3c0000000 ---p 00000000 00:00 0 
7fa3c0000000-7fa3c008a000 rw-p 00000000 00:00 0 
7fa3c008a000-7fa3c4000000 ---p 00000000 00:00 0 
7fa3c4000000-7fa3c4021000 rw-p 00000000 00:00 0 
7fa3c4021000-7fa3c8000000 ---p 00000000 00:00 0 
7fa3c8000000-7fa3c806f000 rw-p 00000000 00:00 0 
7fa3c806f000-7fa3cc000000 ---p 00000000 00:00 0 
7fa3cc000000-7fa3cc0db000 rw-p 00000000 00:00 0 
7fa3cc0db000-7fa3d0000000 ---p 00000000 00:00 0 
7fa3d0000000-7fa3d023e000 rw-p 00000000 00:00 0 
7fa3d023e000-7fa3d4000000 ---p 00000000 00:00 0 
7fa3d4000000-7fa3d4191000 rw-p 00000000 00:00 0 
7fa3d4191000-7fa3d8000000 ---p 00000000 00:00 0 
7fa3d8000000-7fa3d81be000 rw-p 00000000 00:00 0 
7fa3d81be000-7fa3dc000000 ---p 00000000 00:00 0 
7fa3dc000000-7fa3dc22e000 rw-p 00000000 00:00 0 
7fa3dc22e000-7fa3e0000000 ---p 00000000 00:00 0 
7fa3e0000000-7fa3e01e9000 rw-p 00000000 00:00 0 
7fa3e01e9000-7fa3e4000000 ---p 00000000 00:00 0 
7fa3e4000000-7fa3e40c1000 rw-p 00000000 00:00 0 
7fa3e40c1000-7fa3e8000000 ---p 00000000 00:00 0 
7fa3e8000000-7fa3e8198000 rw-p 00000000 00:00 0 
7fa3e8198000-7fa3ec000000 ---p 00000000 00:00 0 
7fa3ec000000-7fa3ec147000 rw-p 00000000 00:00 0 
7fa3ec147000-7fa3f0000000 ---p 00000000 00:00 0 
7fa3f0000000-7fa3f0021000 rw-p 00000000 00:00 0 
7fa3f0021000-7fa3f4000000 ---p 00000000 00:00 0 
7fa3f4000000-7fa3f43af000 rw-p 00000000 00:00 0 
7fa3f43af000-7fa3f8000000 ---p 00000000 00:00 0 
7fa3f8000000-7fa3f8021000 rw-p 00000000 00:00 0 
7fa3f8021000-7fa3fc000000 ---p 00000000 00:00 0 
7fa3fc000000-7fa3fc021000 rw-p 00000000 00:00 0 
7fa3fc021000-7fa400000000 ---p 00000000 00:00 0 
7fa400000000-7fa400021000 rw-p 00000000 00:00 0 
7fa400021000-7fa404000000 ---p 00000000 00:00 0 
7fa404497000-7fa404549000 r--p 00000000 08:05 3802317                    /home/carma/maptool_ws/public/connectedvcs-tools/fedgov-cv-lib-asn1c/third_party_lib/libasn1c_rga.so
7fa404549000-7fa4045d1000 r-xp 000b2000 08:05 3802317                    /home/carma/maptool_ws/public/connectedvcs-tools/fedgov-cv-lib-asn1c/third_party_lib/libasn1c_rga.so
7fa4045d1000-7fa404619000 r--p 0013a000 08:05 3802317                    /home/carma/maptool_ws/public/connectedvcs-tools/fedgov-cv-lib-asn1c/third_party_lib/libasn1c_rga.so
7fa404619000-7fa404625000 r--p 00181000 08:05 3802317                    /home/carma/maptool_ws/public/connectedvcs-tools/fedgov-cv-lib-asn1c/third_party_lib/libasn1c_rga.so
7fa404625000-7fa4046b3000 rw-p 0018d000 08:05 3802317                    /home/carma/maptool_ws/public/connectedvcs-tools/fedgov-cv-lib-asn1c/third_party_lib/libasn1c_rga.so
7fa4046b3000-7fa404732000 rw-p 00000000 00:00 0 
7fa404732000-7fa4048b3000 ---p 00000000 00:00 0 
7fa4048b3000-7fa404ab3000 rw-p 00000000 00:00 0 
7fa404ab3000-7fa404cb3000 rw-p 00000000 00:00 0 
7fa404cb3000-7fa404eb3000 rw-p 00000000 00:00 0 
7fa404eb3000-7fa4050b3000 rw-p 00000000 00:00 0 
7fa4050b3000-7fa4052b3000 rw-p 00000000 00:00 0 
7fa4052b3000-7fa4052b6000 ---p 00000000 00:00 0 
7fa4052b6000-7fa4053b4000 rw-p 00000000 00:00 0 
7fa4053b4000-7fa4053b7000 ---p 00000000 00:00 0 
7fa4053b7000-7fa4054b5000 rw-p 00000000 00:00 0 
7fa4054b5000-7fa4054b8000 ---p 00000000 00:00 0 
7fa4054b8000-7fa4055b6000 rw-p 00000000 00:00 0 
7fa4055b6000-7fa4055b9000 ---p 00000000 00:00 0 
7fa4055b9000-7fa4056b7000 rw-p 00000000 00:00 0 
7fa4056b7000-7fa4056ba000 ---p 00000000 00:00 0 
7fa4056ba000-7fa4057b8000 rw-p 00000000 00:00 0 
7fa4057b8000-7fa4057bb000 ---p 00000000 00:00 0 
7fa4057bb000-7fa4058b9000 rw-p 00000000 00:00 0 
7fa4058b9000-7fa4058bc000 ---p 00000000 00:00 0 
7fa4058bc000-7fa4059ba000 rw-p 00000000 00:00 0 
7fa4059ba000-7fa4059bc000 r--s 00008000 08:05 3279744                    /root/.m2/repository/org/apache/maven/surefire/surefire-grouper/3.0.0-M5/surefire-grouper-3.0.0-M5.jar
7fa4059bc000-7fa4059be000 r--s 00004000 08:05 3279736                    /root/.m2/repository/org/apache/maven/surefire/common-junit48/3.0.0-M5/common-junit48-3.0.0-M5.jar
7fa4059be000-7fa4059c0000 r--s 00005000 08:05 3279738                    /root/.m2/repository/org/apache/maven/surefire/common-junit4/3.0.0-M5/common-junit4-3.0.0-M5.jar
7fa4059c0000-7fa4059c1000 r--s 00002000 08:05 3279742                    /root/.m2/repository/org/apache/maven/surefire/common-junit3/3.0.0-M5/common-junit3-3.0.0-M5.jar
7fa4059c1000-7fa4059c2000 r--s 00003000 08:05 3279740                    /root/.m2/repository/org/apache/maven/surefire/common-java5/3.0.0-M5/common-java5-3.0.0-M5.jar
7fa4059c2000-7fa4059c5000 r--s 00014000 08:05 3279669                    /root/.m2/repository/org/apache/maven/surefire/surefire-junit47/3.0.0-M5/surefire-junit47-3.0.0-M5.jar
7fa4059c5000-7fa4059ea000 r--s 001ac000 08:05 3334391                    /root/.m2/repository/org/apache/logging/log4j/log4j-core/2.23.1/log4j-core-2.23.1.jar
7fa4059ea000-7fa4059f1000 r--s 0004d000 08:05 3334389                    /root/.m2/repository/org/apache/logging/log4j/log4j-api/2.23.1/log4j-api-2.23.1.jar
7fa4059f1000-7fa4059f3000 r--s 0000c000 08:05 3278047                    /root/.m2/repository/org/objenesis/objenesis/2.6/objenesis-2.6.jar
7fa4059f3000-7fa4059f7000 r--s 0003c000 08:05 3278039                    /root/.m2/repository/net/bytebuddy/byte-buddy-agent/1.10.5/byte-buddy-agent-1.10.5.jar
7fa4059f7000-7fa405a3f000 r--s 002e9000 08:05 3278041                    /root/.m2/repository/net/bytebuddy/byte-buddy/1.10.5/byte-buddy-1.10.5.jar
7fa405a3f000-7fa405a50000 r--s 00080000 08:05 3278043                    /root/.m2/repository/org/mockito/mockito-core/3.3.0/mockito-core-3.3.0.jar
7fa405a50000-7fa405a52000 r--s 00009000 08:05 3278242                    /root/.m2/repository/org/hamcrest/hamcrest-core/1.3/hamcrest-core-1.3.jar
7fa405a52000-7fa405a58000 r--s 00036000 08:05 3278239                    /root/.m2/repository/junit/junit/4.11/junit-4.11.jar
7fa405a58000-7fa405a5a000 r--s 00018000 08:05 3278238                    /root/.m2/repository/javax/servlet/servlet-api/2.5/servlet-api-2.5.jar
7fa405a5a000-7fa405a5b000 r--s 00006000 08:05 3278237                    /root/.m2/repository/org/codehaus/jackson/jackson-xc/1.9.2/jackson-xc-1.9.2.jar
7fa405a5b000-7fa405a5d000 r--s 0000e000 08:05 3278231                    /root/.m2/repository/javax/activation/activation/1.1/activation-1.1.jar
7fa405a5d000-7fa405a70000 r--s 000c7000 08:05 3278225                    /root/.m2/repository/com/sun/xml/bind/jaxb-impl/2.2.3-1/jaxb-impl-2.2.3-1.jar
7fa405a70000-7fa405a71000 ---p 00000000 00:00 0 
7fa405a71000-7fa405b71000 rw-p 00000000 00:00 0 
7fa405b71000-7fa405b74000 ---p 00000000 00:00 0 
7fa405b74000-7fa405c72000 rw-p 00000000 00:00 0 
7fa405c72000-7fa405c73000 ---p 00000000 00:00 0 
7fa405c73000-7fa405c76000 ---p 00000000 00:00 0 
7fa405c76000-7fa405d73000 rw-p 00000000 00:00 0 
7fa405d73000-7fa405d74000 ---p 00000000 00:00 0 
7fa405d74000-7fa405d77000 ---p 00000000 00:00 0 
7fa405d77000-7fa405e74000 rw-p 00000000 00:00 0 
7fa405e74000-7fa405e75000 ---p 00000000 00:00 0 
7fa405e75000-7fa405e78000 ---p 00000000 00:00 0 
7fa405e78000-7fa405f75000 rw-p 00000000 00:00 0 
7fa405f75000-7fa405f76000 ---p 00000000 00:00 0 
7fa405f76000-7fa405f79000 ---p 00000000 00:00 0 
7fa405f79000-7fa406076000 rw-p 00000000 00:00 0 
7fa406076000-7fa406077000 ---p 00000000 00:00 0 
7fa406077000-7fa40607a000 ---p 00000000 00:00 0 
7fa40607a000-7fa406177000 rw-p 00000000 00:00 0 
7fa406177000-7fa406178000 ---p 00000000 00:00 0 
7fa406178000-7fa40617b000 ---p 00000000 00:00 0 
7fa40617b000-7fa406278000 rw-p 00000000 00:00 0 
7fa406278000-7fa406279000 ---p 00000000 00:00 0 
7fa406279000-7fa40627c000 ---p 00000000 00:00 0 
7fa40627c000-7fa406379000 rw-p 00000000 00:00 0 
7fa406379000-7fa40637a000 ---p 00000000 00:00 0 
7fa40637a000-7fa40637d000 ---p 00000000 00:00 0 
7fa40637d000-7fa40647a000 rw-p 00000000 00:00 0 
7fa40647a000-7fa40647b000 ---p 00000000 00:00 0 
7fa40647b000-7fa40647e000 ---p 00000000 00:00 0 
7fa40647e000-7fa40657b000 rw-p 00000000 00:00 0 
7fa40657b000-7fa40657c000 ---p 00000000 00:00 0 
7fa40657c000-7fa40657f000 ---p 00000000 00:00 0 
7fa40657f000-7fa40667c000 rw-p 00000000 00:00 0 
7fa40667c000-7fa40667d000 ---p 00000000 00:00 0 
7fa40667d000-7fa406680000 ---p 00000000 00:00 0 
7fa406680000-7fa40677d000 rw-p 00000000 00:00 0 
7fa40677d000-7fa40677e000 ---p 00000000 00:00 0 
7fa40677e000-7fa406781000 ---p 00000000 00:00 0 
7fa406781000-7fa40687e000 rw-p 00000000 00:00 0 
7fa40687e000-7fa406881000 ---p 00000000 00:00 0 
7fa406881000-7fa40697f000 rw-p 00000000 00:00 0 
7fa40697f000-7fa406eef000 r--p 00000000 08:05 262198                     /usr/lib/locale/locale-archive
7fa406eef000-7fa406ef2000 ---p 00000000 00:00 0 
7fa406ef2000-7fa406ff0000 rw-p 00000000 00:00 0 
7fa406ff0000-7fa406ff3000 ---p 00000000 00:00 0 
7fa406ff3000-7fa4070f1000 rw-p 00000000 00:00 0 
7fa4070f1000-7fa4070f2000 ---p 00000000 00:00 0 
7fa4070f2000-7fa408000000 rw-p 00000000 00:00 0 
7fa408000000-7fa408021000 rw-p 00000000 00:00 0 
7fa408021000-7fa40c000000 ---p 00000000 00:00 0 
7fa40c000000-7fa40c021000 rw-p 00000000 00:00 0 
7fa40c021000-7fa410000000 ---p 00000000 00:00 0 
7fa410000000-7fa410021000 rw-p 00000000 00:00 0 
7fa410021000-7fa414000000 ---p 00000000 00:00 0 
7fa414000000-7fa414021000 rw-p 00000000 00:00 0 
7fa414021000-7fa418000000 ---p 00000000 00:00 0 
7fa418000000-7fa418001000 r--s 00004000 08:05 3278235                    /root/.m2/repository/org/codehaus/jackson/jackson-jaxrs/1.9.2/jackson-jaxrs-1.9.2.jar
7fa418001000-7fa418003000 r--s 00004000 08:05 3278230                    /root/.m2/repository/javax/xml/stream/stax-api/1.0-2/stax-api-1.0-2.jar
7fa418003000-7fa418006000 r--s 00017000 08:05 3278228                    /root/.m2/repository/javax/xml/bind/jaxb-api/2.2.2/jaxb-api-2.2.2.jar
7fa418006000-7fa418008000 r--s 0000f000 08:05 3278224                    /root/.m2/repository/org/codehaus/jettison/jettison/1.1/jettison-1.1.jar
7fa418008000-7fa41800d000 r--s 00024000 08:05 3278221                    /root/.m2/repository/com/sun/jersey/jersey-json/1.19.3/jersey-json-1.19.3.jar
7fa41800d000-7fa418011000 r--s 0001d000 08:05 3278219                    /root/.m2/repository/com/sun/jersey/jersey-client/1.19.3/jersey-client-1.19.3.jar
7fa418011000-7fa418013000 r--s 0000a000 08:05 3278210                    /root/.m2/repository/javax/ws/rs/jsr311-api/1.1.1/jsr311-api-1.1.1.jar
7fa418013000-7fa41801d000 r--s 00061000 08:05 3278215                    /root/.m2/repository/com/sun/jersey/jersey-core/1.19.3/jersey-core-1.19.3.jar
7fa41801d000-7fa41802d000 r--s 0009c000 08:05 3278213                    /root/.m2/repository/com/sun/jersey/jersey-server/1.19.3/jersey-server-1.19.3.jar
7fa41802d000-7fa418031000 r--s 0001c000 08:05 3278209                    /root/.m2/repository/com/sun/jersey/jersey-servlet/1.19.3/jersey-servlet-1.19.3.jar
7fa418031000-7fa418035000 r--s 00035000 08:05 3278211                    /root/.m2/repository/org/codehaus/jackson/jackson-core-asl/1.9.13/jackson-core-asl-1.9.13.jar
7fa418035000-7fa418043000 r--s 000b1000 08:05 3278207                    /root/.m2/repository/org/codehaus/jackson/jackson-mapper-asl/1.9.13/jackson-mapper-asl-1.9.13.jar
7fa418043000-7fa418049000 r--s 00033000 08:05 3278205                    /root/.m2/repository/commons-codec/commons-codec/1.6/commons-codec-1.6.jar
7fa418049000-7fa41804b000 r--s 00009000 08:05 3289986                    /root/.m2/repository/gov/usdot/fedgov-cv-rgaencoder/1.0.0-SNAPSHOT/fedgov-cv-rgaencoder-1.0.0-SNAPSHOT.jar
7fa41804b000-7fa41804e000 r--s 00025000 08:05 3277157                    /root/.m2/repository/commons-io/commons-io/2.1/commons-io-2.1.jar
7fa41804e000-7fa41805e000 r--s 000bc000 08:05 3278045                    /root/.m2/repository/org/jboss/netty/netty/3.2.10.Final/netty-3.2.10.Final.jar
7fa41805e000-7fa4180aa000 r--s 003f9000 08:05 3278037                    /root/.m2/repository/io/netty/netty-all/4.1.66.Final/netty-all-4.1.66.Final.jar
7fa4180aa000-7fa4180ab000 r--s 00000000 08:05 3277958                    /root/.m2/repository/gov/usdot/fedgov-cv-lib-asn1c/1.0.0-SNAPSHOT/fedgov-cv-lib-asn1c-1.0.0-SNAPSHOT.jar
7fa4180ab000-7fa4180cd000 r--s 001a5000 08:05 3279662                    /root/.m2/repository/org/apache/maven/surefire/surefire-shared-utils/3.0.0-M4/surefire-shared-utils-3.0.0-M4.jar
7fa4180cd000-7fa4180d2000 r--p 00000000 08:05 284663                     /usr/lib/jvm/java-8-openjdk-amd64/jre/lib/amd64/libnet.so
7fa4180d2000-7fa4180e3000 r-xp 00005000 08:05 284663                     /usr/lib/jvm/java-8-openjdk-amd64/jre/lib/amd64/libnet.so
7fa4180e3000-7fa4180e7000 r--p 00016000 08:05 284663                     /usr/lib/jvm/java-8-openjdk-amd64/jre/lib/amd64/libnet.so
7fa4180e7000-7fa4180e8000 r--p 00019000 08:05 284663                     /usr/lib/jvm/java-8-openjdk-amd64/jre/lib/amd64/libnet.so
7fa4180e8000-7fa4180e9000 rw-p 0001a000 08:05 284663                     /usr/lib/jvm/java-8-openjdk-amd64/jre/lib/amd64/libnet.so
7fa4180e9000-7fa41c000000 rw-p 00000000 00:00 0 
7fa41c000000-7fa41c021000 rw-p 00000000 00:00 0 
7fa41c021000-7fa420000000 ---p 00000000 00:00 0 
7fa420000000-7fa420021000 rw-p 00000000 00:00 0 
7fa420021000-7fa424000000 ---p 00000000 00:00 0 
7fa424000000-7fa424021000 rw-p 00000000 00:00 0 
7fa424021000-7fa428000000 ---p 00000000 00:00 0 
7fa428000000-7fa428021000 rw-p 00000000 00:00 0 
7fa428021000-7fa42c000000 ---p 00000000 00:00 0 
7fa42c000000-7fa42c021000 rw-p 00000000 00:00 0 
7fa42c021000-7fa430000000 ---p 00000000 00:00 0 
7fa430000000-7fa430021000 rw-p 00000000 00:00 0 
7fa430021000-7fa434000000 ---p 00000000 00:00 0 
7fa434000000-7fa434021000 rw-p 00000000 00:00 0 
7fa434021000-7fa438000000 ---p 00000000 00:00 0 
7fa438000000-7fa438021000 rw-p 00000000 00:00 0 
7fa438021000-7fa43c000000 ---p 00000000 00:00 0 
7fa43c000000-7fa43c021000 rw-p 00000000 00:00 0 
7fa43c021000-7fa440000000 ---p 00000000 00:00 0 
7fa440000000-7fa440003000 r--s 0000c000 08:05 3278050                    /root/.m2/repository/gov/usdot/fedgov-cv-mapencoder/1.0.0-SNAPSHOT/fedgov-cv-mapencoder-1.0.0-SNAPSHOT.jar
7fa440003000-7fa440007000 r--p 00000000 08:05 284661                     /usr/lib/jvm/java-8-openjdk-amd64/jre/lib/amd64/libmanagement.so
7fa440007000-7fa44000b000 r-xp 00004000 08:05 284661                     /usr/lib/jvm/java-8-openjdk-amd64/jre/lib/amd64/libmanagement.so
7fa44000b000-7fa44000d000 r--p 00008000 08:05 284661                     /usr/lib/jvm/java-8-openjdk-amd64/jre/lib/amd64/libmanagement.so
7fa44000d000-7fa44000e000 r--p 00009000 08:05 284661                     /usr/lib/jvm/java-8-openjdk-amd64/jre/lib/amd64/libmanagement.so
7fa44000e000-7fa44000f000 rw-p 0000a000 08:05 284661                     /usr/lib/jvm/java-8-openjdk-amd64/jre/lib/amd64/libmanagement.so
7fa44000f000-7fa440011000 r--s 00002000 08:05 3279639                    /root/.m2/repository/org/apache/maven/surefire/surefire-logger-api/3.0.0-M5/surefire-logger-api-3.0.0-M5.jar
7fa440011000-7fa440016000 r--s 0001f000 08:05 3279643                    /root/.m2/repository/org/apache/maven/surefire/surefire-api/3.0.0-M5/surefire-api-3.0.0-M5.jar
7fa440016000-7fa44001d000 r--p 00000000 08:05 284664                     /usr/lib/jvm/java-8-openjdk-amd64/jre/lib/amd64/libnio.so
7fa44001d000-7fa440026000 r-xp 00007000 08:05 284664                     /usr/lib/jvm/java-8-openjdk-amd64/jre/lib/amd64/libnio.so
7fa440026000-7fa440029000 r--p 00010000 08:05 284664                     /usr/lib/jvm/java-8-openjdk-amd64/jre/lib/amd64/libnio.so
7fa440029000-7fa44002a000 r--p 00012000 08:05 284664                     /usr/lib/jvm/java-8-openjdk-amd64/jre/lib/amd64/libnio.so
7fa44002a000-7fa44002b000 rw-p 00013000 08:05 284664                     /usr/lib/jvm/java-8-openjdk-amd64/jre/lib/amd64/libnio.so
7fa44002b000-7fa44002d000 r--s 00018000 08:05 3279641                    /root/.m2/repository/org/apache/maven/surefire/surefire-booter/3.0.0-M5/surefire-booter-3.0.0-M5.jar
7fa44002d000-7fa44002f000 r--s 0000c000 08:05 407777                     /usr/share/java/java-atk-wrapper.jar
7fa44002f000-7fa440039000 r--s 00117000 08:05 284728                     /usr/lib/jvm/java-8-openjdk-amd64/jre/lib/ext/localedata.jar
7fa440039000-7fa44003c000 r--s 00042000 08:05 284732                     /usr/lib/jvm/java-8-openjdk-amd64/jre/lib/ext/sunpkcs11.jar
7fa44003c000-7fa44003e000 r--s 00008000 08:05 284730                     /usr/lib/jvm/java-8-openjdk-amd64/jre/lib/ext/sunec.jar
7fa44003e000-7fa440044000 r--s 0003e000 08:05 284731                     /usr/lib/jvm/java-8-openjdk-amd64/jre/lib/ext/sunjce_provider.jar
7fa440044000-7fa44005f000 r--s 001d6000 08:05 284729                     /usr/lib/jvm/java-8-openjdk-amd64/jre/lib/ext/nashorn.jar
7fa44005f000-7fa4405b2000 rw-p 00000000 00:00 0 
7fa4405b2000-7fa440784000 r--s 03cd0000 08:05 284752                     /usr/lib/jvm/java-8-openjdk-amd64/jre/lib/rt.jar
7fa440784000-7fa4409fa000 rw-p 00000000 00:00 0 
7fa4409fa000-7fa4409fb000 ---p 00000000 00:00 0 
7fa4409fb000-7fa440afb000 rw-p 00000000 00:00 0 
7fa440afb000-7fa440afc000 ---p 00000000 00:00 0 
7fa440afc000-7fa440bfc000 rw-p 00000000 00:00 0 
7fa440bfc000-7fa440bfd000 ---p 00000000 00:00 0 
7fa440bfd000-7fa440cfd000 rw-p 00000000 00:00 0 
7fa440cfd000-7fa440cfe000 ---p 00000000 00:00 0 
7fa440cfe000-7fa440dfe000 rw-p 00000000 00:00 0 
7fa440dfe000-7fa440dff000 ---p 00000000 00:00 0 
7fa440dff000-7fa440eff000 rw-p 00000000 00:00 0 
7fa440eff000-7fa440f00000 ---p 00000000 00:00 0 
7fa440f00000-7fa441000000 rw-p 00000000 00:00 0 
7fa441000000-7fa4416d0000 rwxp 00000000 00:00 0 
7fa4416d0000-7fa450000000 ---p 00000000 00:00 0 
7fa450000000-7fa45076d000 rw-p 00000000 00:00 0 
7fa45076d000-7fa454000000 ---p 00000000 00:00 0 
7fa454000000-7fa454001000 r--s 00001000 08:05 3279637                    /root/.m2/repository/org/apache/maven/surefire/surefire-extensions-spi/3.0.0-M5/surefire-extensions-spi-3.0.0-M5.jar
7fa454001000-7fa454004000 r--s 0000f000 08:05 284726                     /usr/lib/jvm/java-8-openjdk-amd64/jre/lib/ext/icedtea-sound.jar
7fa454004000-7fa454006000 r--s 00010000 08:05 284733                     /usr/lib/jvm/java-8-openjdk-amd64/jre/lib/ext/zipfs.jar
7fa454006000-7fa454022000 r--s 00394000 08:05 284724                     /usr/lib/jvm/java-8-openjdk-amd64/jre/lib/ext/cldrdata.jar
7fa454022000-7fa454091000 rw-p 00000000 00:00 0 
7fa454091000-7fa454092000 ---p 00000000 00:00 0 
7fa454092000-7fa454192000 rw-p 00000000 00:00 0 
7fa454192000-7fa454193000 ---p 00000000 00:00 0 
7fa454193000-7fa454293000 rw-p 00000000 00:00 0 
7fa454293000-7fa454294000 ---p 00000000 00:00 0 
7fa454294000-7fa454394000 rw-p 00000000 00:00 0 
7fa454394000-7fa454395000 ---p 00000000 00:00 0 
7fa454395000-7fa454495000 rw-p 00000000 00:00 0 
7fa454495000-7fa454496000 ---p 00000000 00:00 0 
7fa454496000-7fa454596000 rw-p 00000000 00:00 0 
7fa454596000-7fa454597000 ---p 00000000 00:00 0 
7fa454597000-7fa454697000 rw-p 00000000 00:00 0 
7fa454697000-7fa454698000 ---p 00000000 00:00 0 
7fa454698000-7fa4547c0000 rw-p 00000000 00:00 0 
7fa4547c0000-7fa4548ee000 ---p 00000000 00:00 0 
7fa4548ee000-7fa454916000 rw-p 00000000 00:00 0 
7fa454916000-7fa454a43000 ---p 00000000 00:00 0 
7fa454a43000-7fa454acc000 rw-p 00000000 00:00 0 
7fa454acc000-7fa454aee000 ---p 00000000 00:00 0 
7fa454aee000-7fa454b0b000 rw-p 00000000 00:00 0 
7fa454b0b000-7fa454eaf000 ---p 00000000 00:00 0 
7fa454eaf000-7fa454eb2000 r--p 00000000 08:05 284672                     /usr/lib/jvm/java-8-openjdk-amd64/jre/lib/amd64/libzip.so
7fa454eb2000-7fa454eb7000 r-xp 00003000 08:05 284672                     /usr/lib/jvm/java-8-openjdk-amd64/jre/lib/amd64/libzip.so
7fa454eb7000-7fa454eb9000 r--p 00008000 08:05 284672                     /usr/lib/jvm/java-8-openjdk-amd64/jre/lib/amd64/libzip.so
7fa454eb9000-7fa454eba000 r--p 00009000 08:05 284672                     /usr/lib/jvm/java-8-openjdk-amd64/jre/lib/amd64/libzip.so
7fa454eba000-7fa454ebb000 rw-p 0000a000 08:05 284672                     /usr/lib/jvm/java-8-openjdk-amd64/jre/lib/amd64/libzip.so
7fa454ebb000-7fa454ebe000 r--p 00000000 08:05 285404                     /usr/lib/x86_64-linux-gnu/libnss_files-2.31.so
7fa454ebe000-7fa454ec5000 r-xp 00003000 08:05 285404                     /usr/lib/x86_64-linux-gnu/libnss_files-2.31.so
7fa454ec5000-7fa454ec7000 r--p 0000a000 08:05 285404                     /usr/lib/x86_64-linux-gnu/libnss_files-2.31.so
7fa454ec7000-7fa454ec8000 r--p 0000b000 08:05 285404                     /usr/lib/x86_64-linux-gnu/libnss_files-2.31.so
7fa454ec8000-7fa454ec9000 rw-p 0000c000 08:05 285404                     /usr/lib/x86_64-linux-gnu/libnss_files-2.31.so
7fa454ec9000-7fa454ecf000 rw-p 00000000 00:00 0 
7fa454ecf000-7fa454ed0000 r--s 00001000 08:05 3715931                    /home/carma/maptool_ws/public/connectedvcs-tools/fedgov-cv-message-builder/target/surefire/surefirebooter2475803150616776223.jar
7fa454ed0000-7fa454ed2000 r--s 00001000 08:05 284725                     /usr/lib/jvm/java-8-openjdk-amd64/jre/lib/ext/dnsns.jar
7fa454ed2000-7fa454ed3000 r--s 0000a000 08:05 284727                     /usr/lib/jvm/java-8-openjdk-amd64/jre/lib/ext/jaccess.jar
7fa454ed3000-7fa454eda000 r--s 000d3000 08:05 284746                     /usr/lib/jvm/java-8-openjdk-amd64/jre/lib/jfr.jar
7fa454eda000-7fa454ee2000 rw-s 00000000 08:05 5768017                    /tmp/hsperfdata_root/1273808
7fa454ee2000-7fa454ee3000 rw-p 00000000 00:00 0 
7fa454ee3000-7fa454ef0000 r--p 00000000 08:05 284652                     /usr/lib/jvm/java-8-openjdk-amd64/jre/lib/amd64/libjava.so
7fa454ef0000-7fa454f08000 r-xp 0000d000 08:05 284652                     /usr/lib/jvm/java-8-openjdk-amd64/jre/lib/amd64/libjava.so
7fa454f08000-7fa454f0f000 r--p 00025000 08:05 284652                     /usr/lib/jvm/java-8-openjdk-amd64/jre/lib/amd64/libjava.so
7fa454f0f000-7fa454f10000 r--p 0002b000 08:05 284652                     /usr/lib/jvm/java-8-openjdk-amd64/jre/lib/amd64/libjava.so
7fa454f10000-7fa454f12000 rw-p 0002c000 08:05 284652                     /usr/lib/jvm/java-8-openjdk-amd64/jre/lib/amd64/libjava.so
7fa454f12000-7fa454f14000 r--p 00000000 08:05 285420                     /usr/lib/x86_64-linux-gnu/librt-2.31.so
7fa454f14000-7fa454f18000 r-xp 00002000 08:05 285420                     /usr/lib/x86_64-linux-gnu/librt-2.31.so
7fa454f18000-7fa454f1a000 r--p 00006000 08:05 285420                     /usr/lib/x86_64-linux-gnu/librt-2.31.so
7fa454f1a000-7fa454f1b000 r--p 00007000 08:05 285420                     /usr/lib/x86_64-linux-gnu/librt-2.31.so
7fa454f1b000-7fa454f1c000 rw-p 00008000 08:05 285420                     /usr/lib/x86_64-linux-gnu/librt-2.31.so
7fa454f1c000-7fa454f1d000 ---p 00000000 00:00 0 
7fa454f1d000-7fa454f20000 ---p 00000000 00:00 0 
7fa454f20000-7fa45501d000 rw-p 00000000 00:00 0 
7fa45501d000-7fa455020000 r--p 00000000 08:05 287002                     /usr/lib/x86_64-linux-gnu/libgcc_s.so.1
7fa455020000-7fa455032000 r-xp 00003000 08:05 287002                     /usr/lib/x86_64-linux-gnu/libgcc_s.so.1
7fa455032000-7fa455036000 r--p 00015000 08:05 287002                     /usr/lib/x86_64-linux-gnu/libgcc_s.so.1
7fa455036000-7fa455037000 r--p 00018000 08:05 287002                     /usr/lib/x86_64-linux-gnu/libgcc_s.so.1
7fa455037000-7fa455038000 rw-p 00019000 08:05 287002                     /usr/lib/x86_64-linux-gnu/libgcc_s.so.1
7fa455038000-7fa455045000 r--p 00000000 08:05 272858                     /usr/lib/x86_64-linux-gnu/libm-2.31.so
7fa455045000-7fa4550ec000 r-xp 0000d000 08:05 272858                     /usr/lib/x86_64-linux-gnu/libm-2.31.so
7fa4550ec000-7fa455185000 r--p 000b4000 08:05 272858                     /usr/lib/x86_64-linux-gnu/libm-2.31.so
7fa455185000-7fa455186000 r--p 0014c000 08:05 272858                     /usr/lib/x86_64-linux-gnu/libm-2.31.so
7fa455186000-7fa455187000 rw-p 0014d000 08:05 272858                     /usr/lib/x86_64-linux-gnu/libm-2.31.so
7fa455187000-7fa45521d000 r--p 00000000 08:05 287822                     /usr/lib/x86_64-linux-gnu/libstdc++.so.6.0.28
7fa45521d000-7fa45530e000 r-xp 00096000 08:05 287822                     /usr/lib/x86_64-linux-gnu/libstdc++.so.6.0.28
7fa45530e000-7fa455357000 r--p 00187000 08:05 287822                     /usr/lib/x86_64-linux-gnu/libstdc++.so.6.0.28
7fa455357000-7fa455358000 ---p 001d0000 08:05 287822                     /usr/lib/x86_64-linux-gnu/libstdc++.so.6.0.28
7fa455358000-7fa455363000 r--p 001d0000 08:05 287822                     /usr/lib/x86_64-linux-gnu/libstdc++.so.6.0.28
7fa455363000-7fa455366000 rw-p 001db000 08:05 287822                     /usr/lib/x86_64-linux-gnu/libstdc++.so.6.0.28
7fa455366000-7fa455369000 rw-p 00000000 00:00 0 
7fa455369000-7fa45555f000 r--p 00000000 08:05 284674                     /usr/lib/jvm/java-8-openjdk-amd64/jre/lib/amd64/server/libjvm.so
7fa45555f000-7fa455ecb000 r-xp 001f6000 08:05 284674                     /usr/lib/jvm/java-8-openjdk-amd64/jre/lib/amd64/server/libjvm.so
7fa455ecb000-7fa45607e000 r--p 00b62000 08:05 284674                     /usr/lib/jvm/java-8-openjdk-amd64/jre/lib/amd64/server/libjvm.so
7fa45607e000-7fa456114000 r--p 00d14000 08:05 284674                     /usr/lib/jvm/java-8-openjdk-amd64/jre/lib/amd64/server/libjvm.so
7fa456114000-7fa45613d000 rw-p 00daa000 08:05 284674                     /usr/lib/jvm/java-8-openjdk-amd64/jre/lib/amd64/server/libjvm.so
7fa45613d000-7fa456172000 rw-p 00000000 00:00 0 
7fa456172000-7fa456194000 r--p 00000000 08:05 268975                     /usr/lib/x86_64-linux-gnu/libc-2.31.so
7fa456194000-7fa45630c000 r-xp 00022000 08:05 268975                     /usr/lib/x86_64-linux-gnu/libc-2.31.so
7fa45630c000-7fa45635a000 r--p 0019a000 08:05 268975                     /usr/lib/x86_64-linux-gnu/libc-2.31.so
7fa45635a000-7fa45635e000 r--p 001e7000 08:05 268975                     /usr/lib/x86_64-linux-gnu/libc-2.31.so
7fa45635e000-7fa456360000 rw-p 001eb000 08:05 268975                     /usr/lib/x86_64-linux-gnu/libc-2.31.so
7fa456360000-7fa456364000 rw-p 00000000 00:00 0 
7fa456364000-7fa456365000 r--p 00000000 08:05 272827                     /usr/lib/x86_64-linux-gnu/libdl-2.31.so
7fa456365000-7fa456367000 r-xp 00001000 08:05 272827                     /usr/lib/x86_64-linux-gnu/libdl-2.31.so
7fa456367000-7fa456368000 r--p 00003000 08:05 272827                     /usr/lib/x86_64-linux-gnu/libdl-2.31.so
7fa456368000-7fa456369000 r--p 00003000 08:05 272827                     /usr/lib/x86_64-linux-gnu/libdl-2.31.so
7fa456369000-7fa45636a000 rw-p 00004000 08:05 272827                     /usr/lib/x86_64-linux-gnu/libdl-2.31.so
7fa45636a000-7fa45636d000 r--p 00000000 08:05 281437                     /usr/lib/jvm/java-8-openjdk-amd64/jre/lib/amd64/jli/libjli.so
7fa45636d000-7fa456377000 r-xp 00003000 08:05 281437                     /usr/lib/jvm/java-8-openjdk-amd64/jre/lib/amd64/jli/libjli.so
7fa456377000-7fa45637a000 r--p 0000d000 08:05 281437                     /usr/lib/jvm/java-8-openjdk-amd64/jre/lib/amd64/jli/libjli.so
7fa45637a000-7fa45637b000 r--p 0000f000 08:05 281437                     /usr/lib/jvm/java-8-openjdk-amd64/jre/lib/amd64/jli/libjli.so
7fa45637b000-7fa45637c000 rw-p 00010000 08:05 281437                     /usr/lib/jvm/java-8-openjdk-amd64/jre/lib/amd64/jli/libjli.so
7fa45637c000-7fa45637e000 r--p 00000000 08:05 289846                     /usr/lib/x86_64-linux-gnu/libz.so.1.2.11
7fa45637e000-7fa45638f000 r-xp 00002000 08:05 289846                     /usr/lib/x86_64-linux-gnu/libz.so.1.2.11
7fa45638f000-7fa456395000 r--p 00013000 08:05 289846                     /usr/lib/x86_64-linux-gnu/libz.so.1.2.11
7fa456395000-7fa456396000 ---p 00019000 08:05 289846                     /usr/lib/x86_64-linux-gnu/libz.so.1.2.11
7fa456396000-7fa456397000 r--p 00019000 08:05 289846                     /usr/lib/x86_64-linux-gnu/libz.so.1.2.11
7fa456397000-7fa456398000 rw-p 0001a000 08:05 289846                     /usr/lib/x86_64-linux-gnu/libz.so.1.2.11
7fa456398000-7fa45639e000 r--p 00000000 08:05 285416                     /usr/lib/x86_64-linux-gnu/libpthread-2.31.so
7fa45639e000-7fa4563af000 r-xp 00006000 08:05 285416                     /usr/lib/x86_64-linux-gnu/libpthread-2.31.so
7fa4563af000-7fa4563b5000 r--p 00017000 08:05 285416                     /usr/lib/x86_64-linux-gnu/libpthread-2.31.so
7fa4563b5000-7fa4563b6000 r--p 0001c000 08:05 285416                     /usr/lib/x86_64-linux-gnu/libpthread-2.31.so
7fa4563b6000-7fa4563b7000 rw-p 0001d000 08:05 285416                     /usr/lib/x86_64-linux-gnu/libpthread-2.31.so
7fa4563b7000-7fa4563bb000 rw-p 00000000 00:00 0 
7fa4563bb000-7fa4563c0000 r--p 00000000 08:05 284670                     /usr/lib/jvm/java-8-openjdk-amd64/jre/lib/amd64/libverify.so
7fa4563c0000-7fa4563c9000 r-xp 00005000 08:05 284670                     /usr/lib/jvm/java-8-openjdk-amd64/jre/lib/amd64/libverify.so
7fa4563c9000-7fa4563cb000 r--p 0000e000 08:05 284670                     /usr/lib/jvm/java-8-openjdk-amd64/jre/lib/amd64/libverify.so
7fa4563cb000-7fa4563cd000 r--p 0000f000 08:05 284670                     /usr/lib/jvm/java-8-openjdk-amd64/jre/lib/amd64/libverify.so
7fa4563cd000-7fa4563ce000 rw-p 00011000 08:05 284670                     /usr/lib/jvm/java-8-openjdk-amd64/jre/lib/amd64/libverify.so
7fa4563ce000-7fa4563d0000 rw-p 00000000 00:00 0 
7fa4563d0000-7fa4563d1000 r--p 00000000 08:05 266204                     /usr/lib/x86_64-linux-gnu/ld-2.31.so
7fa4563d1000-7fa4563f4000 r-xp 00001000 08:05 266204                     /usr/lib/x86_64-linux-gnu/ld-2.31.so
7fa4563f4000-7fa4563fc000 r--p 00024000 08:05 266204                     /usr/lib/x86_64-linux-gnu/ld-2.31.so
7fa4563fc000-7fa4563fd000 r--p 00000000 00:00 0 
7fa4563fd000-7fa4563fe000 r--p 0002c000 08:05 266204                     /usr/lib/x86_64-linux-gnu/ld-2.31.so
7fa4563fe000-7fa4563ff000 rw-p 0002d000 08:05 266204                     /usr/lib/x86_64-linux-gnu/ld-2.31.so
7fa4563ff000-7fa456400000 rw-p 00000000 00:00 0 
7fffa3c7f000-7fffa3ca0000 rw-p 00000000 00:00 0                          [stack]
7fffa3d85000-7fffa3d89000 r--p 00000000 00:00 0                          [vvar]
7fffa3d89000-7fffa3d8b000 r-xp 00000000 00:00 0                          [vdso]
ffffffffff600000-ffffffffff601000 --xp 00000000 00:00 0                  [vsyscall]

VM Arguments:
jvm_args: -Xmx1024m 
java_command: /home/carma/maptool_ws/public/connectedvcs-tools/fedgov-cv-message-builder/target/surefire/surefirebooter2475803150616776223.jar /home/carma/maptool_ws/public/connectedvcs-tools/fedgov-cv-message-builder/target/surefire 2025-06-16T11-02-49_683-jvmRun1 surefire5507021313453859624tmp surefire_06054275992309895838tmp
java_class_path (initial): /home/carma/maptool_ws/public/connectedvcs-tools/fedgov-cv-message-builder/target/surefire/surefirebooter2475803150616776223.jar
Launcher Type: SUN_STANDARD

Environment Variables:
PATH=/usr/local/sbin:/usr/local/bin:/usr/sbin:/usr/bin:/sbin:/bin:/snap/bin
LD_LIBRARY_PATH=/home/carma/maptool_ws/public/connectedvcs-tools/fedgov-cv-lib-asn1c/third_party_lib
SHELL=/bin/bash
DISPLAY=:0

Signal Handlers:
SIGSEGV: [libjvm.so+0xb3b540], sa_mask[0]=11111111011111111101111111111110, sa_flags=SA_RESTART|SA_SIGINFO
SIGBUS: [libjvm.so+0xb3b540], sa_mask[0]=11111111011111111101111111111110, sa_flags=SA_RESTART|SA_SIGINFO
SIGFPE: [libjvm.so+0x97e160], sa_mask[0]=11111111011111111101111111111110, sa_flags=SA_RESTART|SA_SIGINFO
SIGPIPE: [libjvm.so+0x97e160], sa_mask[0]=11111111011111111101111111111110, sa_flags=SA_RESTART|SA_SIGINFO
SIGXFSZ: [libjvm.so+0x97e160], sa_mask[0]=11111111011111111101111111111110, sa_flags=SA_RESTART|SA_SIGINFO
SIGILL: [libjvm.so+0x97e160], sa_mask[0]=11111111011111111101111111111110, sa_flags=SA_RESTART|SA_SIGINFO
SIGUSR1: SIG_DFL, sa_mask[0]=00000000000000000000000000000000, sa_flags=none
SIGUSR2: [libjvm.so+0x97e490], sa_mask[0]=00100000000000000000000000000000, sa_flags=SA_RESTART|SA_SIGINFO
SIGHUP: [libjvm.so+0x97e3e0], sa_mask[0]=11111111011111111101111111111110, sa_flags=SA_RESTART|SA_SIGINFO
SIGINT: [libjvm.so+0x97e3e0], sa_mask[0]=11111111011111111101111111111110, sa_flags=SA_RESTART|SA_SIGINFO
SIGTERM: [libjvm.so+0x97e3e0], sa_mask[0]=11111111011111111101111111111110, sa_flags=SA_RESTART|SA_SIGINFO
SIGQUIT: [libjvm.so+0x97e3e0], sa_mask[0]=11111111011111111101111111111110, sa_flags=SA_RESTART|SA_SIGINFO


---------------  S Y S T E M  ---------------

OS:DISTRIB_ID=Ubuntu
DISTRIB_RELEASE=20.04
DISTRIB_CODENAME=focal
DISTRIB_DESCRIPTION="Ubuntu 20.04.6 LTS"

uname:Linux 5.15.0-139-generic #149~20.04.1-Ubuntu SMP Wed Apr 16 08:29:56 UTC 2025 x86_64
libc:glibc 2.31 NPTL 2.31 
rlimit: STACK 8192k, CORE 0k, NPROC 63427, NOFILE 1048576, AS infinity
load average:5.70 4.86 3.62

/proc/meminfo:
MemTotal:       16336844 kB
MemFree:          931776 kB
MemAvailable:    6157956 kB
Buffers:          503468 kB
Cached:          4746412 kB
SwapCached:         2004 kB
Active:          3416708 kB
Inactive:       10412548 kB
Active(anon):      14436 kB
Inactive(anon):  8749492 kB
Active(file):    3402272 kB
Inactive(file):  1663056 kB
Unevictable:          16 kB
Mlocked:              16 kB
SwapTotal:       2097148 kB
SwapFree:        2089932 kB
Dirty:               768 kB
Writeback:             0 kB
AnonPages:       8577824 kB
Mapped:          1090888 kB
Shmem:            184552 kB
KReclaimable:     498160 kB
Slab:             752592 kB
SReclaimable:     498160 kB
SUnreclaim:       254432 kB
KernelStack:       32064 kB
PageTables:        73372 kB
NFS_Unstable:          0 kB
Bounce:                0 kB
WritebackTmp:          0 kB
CommitLimit:    10265568 kB
Committed_AS:   27734976 kB
VmallocTotal:   34359738367 kB
VmallocUsed:       86880 kB
VmallocChunk:          0 kB
Percpu:           159744 kB
HardwareCorrupted:     0 kB
AnonHugePages:         0 kB
ShmemHugePages:        0 kB
ShmemPmdMapped:        0 kB
FileHugePages:         0 kB
FilePmdMapped:         0 kB
HugePages_Total:       0
HugePages_Free:        0
HugePages_Rsvd:        0
HugePages_Surp:        0
Hugepagesize:       2048 kB
Hugetlb:               0 kB
DirectMap4k:      638784 kB
DirectMap2M:    14041088 kB
DirectMap1G:     4194304 kB

container (cgroup) information:
container_type: cgroupv1
cpu_cpuset_cpus: 0-15
cpu_memory_nodes: 0
active_processor_count: 16
cpu_quota: -1
cpu_period: 100000
cpu_shares: -1
memory_limit_in_bytes: -1
memory_and_swap_limit_in_bytes: -1
memory_soft_limit_in_bytes: -1
memory_usage_in_bytes: 10877665280
memory_max_usage_in_bytes: 12729692160


CPU:total 16 (initial active 16) (1 cores per cpu, 1 threads per core) family 6 model 151 stepping 2, cmov, cx8, fxsr, mmx, sse, sse2, sse3, ssse3, sse4.1, sse4.2, popcnt, avx, avx2, aes, clmul, erms, 3dnowpref, lzcnt, tsc, tscinvbit, bmi1, bmi2, adx

/proc/cpuinfo:
processor	: 0
vendor_id	: GenuineIntel
cpu family	: 6
model		: 151
model name	: 12th Gen Intel(R) Core(TM) i7-12850HX
stepping	: 2
microcode	: 0x2e
cpu MHz		: 2419.189
cache size	: 25600 KB
physical id	: 0
siblings	: 1
core id		: 0
cpu cores	: 1
apicid		: 0
initial apicid	: 0
fpu		: yes
fpu_exception	: yes
cpuid level	: 32
wp		: yes
flags		: fpu vme de pse tsc msr pae mce cx8 apic sep mtrr pge mca cmov pat pse36 clflush mmx fxsr sse sse2 ss syscall nx pdpe1gb rdtscp lm constant_tsc arch_perfmon nopl xtopology tsc_reliable nonstop_tsc cpuid tsc_known_freq pni pclmulqdq ssse3 fma cx16 sse4_1 sse4_2 x2apic movbe popcnt tsc_deadline_timer aes xsave avx f16c rdrand hypervisor lahf_lm abm 3dnowprefetch ssbd ibrs ibpb stibp ibrs_enhanced fsgsbase tsc_adjust bmi1 avx2 smep bmi2 invpcid rdseed adx smap clflushopt clwb sha_ni xsaveopt xsavec xsaves arat pku ospke md_clear flush_l1d arch_capabilities
bugs		: spectre_v1 spectre_v2 spec_store_bypass swapgs itlb_multihit eibrs_pbrsb rfds bhi
bogomips	: 4838.37
clflush size	: 64
cache_alignment	: 64
address sizes	: 43 bits physical, 48 bits virtual
power management:

processor	: 1
vendor_id	: GenuineIntel
cpu family	: 6
model		: 151
model name	: 12th Gen Intel(R) Core(TM) i7-12850HX
stepping	: 2
microcode	: 0x2e
cpu MHz		: 2419.189
cache size	: 25600 KB
physical id	: 2
siblings	: 1
core id		: 0
cpu cores	: 1
apicid		: 2
initial apicid	: 2
fpu		: yes
fpu_exception	: yes
cpuid level	: 32
wp		: yes
flags		: fpu vme de pse tsc msr pae mce cx8 apic sep mtrr pge mca cmov pat pse36 clflush mmx fxsr sse sse2 ss syscall nx pdpe1gb rdtscp lm constant_tsc arch_perfmon nopl xtopology tsc_reliable nonstop_tsc cpuid tsc_known_freq pni pclmulqdq ssse3 fma cx16 sse4_1 sse4_2 x2apic movbe popcnt tsc_deadline_timer aes xsave avx f16c rdrand hypervisor lahf_lm abm 3dnowprefetch ssbd ibrs ibpb stibp ibrs_enhanced fsgsbase tsc_adjust bmi1 avx2 smep bmi2 invpcid rdseed adx smap clflushopt clwb sha_ni xsaveopt xsavec xsaves arat pku ospke md_clear flush_l1d arch_capabilities
bugs		: spectre_v1 spectre_v2 spec_store_bypass swapgs itlb_multihit eibrs_pbrsb rfds bhi
bogomips	: 4838.37
clflush size	: 64
cache_alignment	: 64
address sizes	: 43 bits physical, 48 bits virtual
power management:

processor	: 2
vendor_id	: GenuineIntel
cpu family	: 6
model		: 151
model name	: 12th Gen Intel(R) Core(TM) i7-12850HX
stepping	: 2
microcode	: 0x2e
cpu MHz		: 2419.189
cache size	: 25600 KB
physical id	: 4
siblings	: 1
core id		: 0
cpu cores	: 1
apicid		: 4
initial apicid	: 4
fpu		: yes
fpu_exception	: yes
cpuid level	: 32
wp		: yes
flags		: fpu vme de pse tsc msr pae mce cx8 apic sep mtrr pge mca cmov pat pse36 clflush mmx fxsr sse sse2 ss syscall nx pdpe1gb rdtscp lm constant_tsc arch_perfmon nopl xtopology tsc_reliable nonstop_tsc cpuid tsc_known_freq pni pclmulqdq ssse3 fma cx16 sse4_1 sse4_2 x2apic movbe popcnt tsc_deadline_timer aes xsave avx f16c rdrand hypervisor lahf_lm abm 3dnowprefetch ssbd ibrs ibpb stibp ibrs_enhanced fsgsbase tsc_adjust bmi1 avx2 smep bmi2 invpcid rdseed adx smap clflushopt clwb sha_ni xsaveopt xsavec xsaves arat pku ospke md_clear flush_l1d arch_capabilities
bugs		: spectre_v1 spectre_v2 spec_store_bypass swapgs itlb_multihit eibrs_pbrsb rfds bhi
bogomips	: 4838.37
clflush size	: 64
cache_alignment	: 64
address sizes	: 43 bits physical, 48 bits virtual
power management:

processor	: 3
vendor_id	: GenuineIntel
cpu family	: 6
model		: 151
model name	: 12th Gen Intel(R) Core(TM) i7-12850HX
stepping	: 2
microcode	: 0x2e
cpu MHz		: 2419.189
cache size	: 25600 KB
physical id	: 6
siblings	: 1
core id		: 0
cpu cores	: 1
apicid		: 6
initial apicid	: 6
fpu		: yes
fpu_exception	: yes
cpuid level	: 32
wp		: yes
flags		: fpu vme de pse tsc msr pae mce cx8 apic sep mtrr pge mca cmov pat pse36 clflush mmx fxsr sse sse2 ss syscall nx pdpe1gb rdtscp lm constant_tsc arch_perfmon nopl xtopology tsc_reliable nonstop_tsc cpuid tsc_known_freq pni pclmulqdq ssse3 fma cx16 sse4_1 sse4_2 x2apic movbe popcnt tsc_deadline_timer aes xsave avx f16c rdrand hypervisor lahf_lm abm 3dnowprefetch ssbd ibrs ibpb stibp ibrs_enhanced fsgsbase tsc_adjust bmi1 avx2 smep bmi2 invpcid rdseed adx smap clflushopt clwb sha_ni xsaveopt xsavec xsaves arat pku ospke md_clear flush_l1d arch_capabilities
bugs		: spectre_v1 spectre_v2 spec_store_bypass swapgs itlb_multihit eibrs_pbrsb rfds bhi
bogomips	: 4838.37
clflush size	: 64
cache_alignment	: 64
address sizes	: 43 bits physical, 48 bits virtual
power management:

processor	: 4
vendor_id	: GenuineIntel
cpu family	: 6
model		: 151
model name	: 12th Gen Intel(R) Core(TM) i7-12850HX
stepping	: 2
microcode	: 0x2e
cpu MHz		: 2419.189
cache size	: 25600 KB
physical id	: 8
siblings	: 1
core id		: 0
cpu cores	: 1
apicid		: 8
initial apicid	: 8
fpu		: yes
fpu_exception	: yes
cpuid level	: 32
wp		: yes
flags		: fpu vme de pse tsc msr pae mce cx8 apic sep mtrr pge mca cmov pat pse36 clflush mmx fxsr sse sse2 ss syscall nx pdpe1gb rdtscp lm constant_tsc arch_perfmon nopl xtopology tsc_reliable nonstop_tsc cpuid tsc_known_freq pni pclmulqdq ssse3 fma cx16 sse4_1 sse4_2 x2apic movbe popcnt tsc_deadline_timer aes xsave avx f16c rdrand hypervisor lahf_lm abm 3dnowprefetch ssbd ibrs ibpb stibp ibrs_enhanced fsgsbase tsc_adjust bmi1 avx2 smep bmi2 invpcid rdseed adx smap clflushopt clwb sha_ni xsaveopt xsavec xsaves arat pku ospke md_clear flush_l1d arch_capabilities
bugs		: spectre_v1 spectre_v2 spec_store_bypass swapgs itlb_multihit eibrs_pbrsb rfds bhi
bogomips	: 4838.37
clflush size	: 64
cache_alignment	: 64
address sizes	: 43 bits physical, 48 bits virtual
power management:

processor	: 5
vendor_id	: GenuineIntel
cpu family	: 6
model		: 151
model name	: 12th Gen Intel(R) Core(TM) i7-12850HX
stepping	: 2
microcode	: 0x2e
cpu MHz		: 2419.189
cache size	: 25600 KB
physical id	: 10
siblings	: 1
core id		: 0
cpu cores	: 1
apicid		: 10
initial apicid	: 10
fpu		: yes
fpu_exception	: yes
cpuid level	: 32
wp		: yes
flags		: fpu vme de pse tsc msr pae mce cx8 apic sep mtrr pge mca cmov pat pse36 clflush mmx fxsr sse sse2 ss syscall nx pdpe1gb rdtscp lm constant_tsc arch_perfmon nopl xtopology tsc_reliable nonstop_tsc cpuid tsc_known_freq pni pclmulqdq ssse3 fma cx16 sse4_1 sse4_2 x2apic movbe popcnt tsc_deadline_timer aes xsave avx f16c rdrand hypervisor lahf_lm abm 3dnowprefetch ssbd ibrs ibpb stibp ibrs_enhanced fsgsbase tsc_adjust bmi1 avx2 smep bmi2 invpcid rdseed adx smap clflushopt clwb sha_ni xsaveopt xsavec xsaves arat pku ospke md_clear flush_l1d arch_capabilities
bugs		: spectre_v1 spectre_v2 spec_store_bypass swapgs itlb_multihit eibrs_pbrsb rfds bhi
bogomips	: 4838.37
clflush size	: 64
cache_alignment	: 64
address sizes	: 43 bits physical, 48 bits virtual
power management:

processor	: 6
vendor_id	: GenuineIntel
cpu family	: 6
model		: 151
model name	: 12th Gen Intel(R) Core(TM) i7-12850HX
stepping	: 2
microcode	: 0x2e
cpu MHz		: 2419.189
cache size	: 25600 KB
physical id	: 12
siblings	: 1
core id		: 0
cpu cores	: 1
apicid		: 12
initial apicid	: 12
fpu		: yes
fpu_exception	: yes
cpuid level	: 32
wp		: yes
flags		: fpu vme de pse tsc msr pae mce cx8 apic sep mtrr pge mca cmov pat pse36 clflush mmx fxsr sse sse2 ss syscall nx pdpe1gb rdtscp lm constant_tsc arch_perfmon nopl xtopology tsc_reliable nonstop_tsc cpuid tsc_known_freq pni pclmulqdq ssse3 fma cx16 sse4_1 sse4_2 x2apic movbe popcnt tsc_deadline_timer aes xsave avx f16c rdrand hypervisor lahf_lm abm 3dnowprefetch ssbd ibrs ibpb stibp ibrs_enhanced fsgsbase tsc_adjust bmi1 avx2 smep bmi2 invpcid rdseed adx smap clflushopt clwb sha_ni xsaveopt xsavec xsaves arat pku ospke md_clear flush_l1d arch_capabilities
bugs		: spectre_v1 spectre_v2 spec_store_bypass swapgs itlb_multihit eibrs_pbrsb rfds bhi
bogomips	: 4838.37
clflush size	: 64
cache_alignment	: 64
address sizes	: 43 bits physical, 48 bits virtual
power management:

processor	: 7
vendor_id	: GenuineIntel
cpu family	: 6
model		: 151
model name	: 12th Gen Intel(R) Core(TM) i7-12850HX
stepping	: 2
microcode	: 0x2e
cpu MHz		: 2419.189
cache size	: 25600 KB
physical id	: 14
siblings	: 1
core id		: 0
cpu cores	: 1
apicid		: 14
initial apicid	: 14
fpu		: yes
fpu_exception	: yes
cpuid level	: 32
wp		: yes
flags		: fpu vme de pse tsc msr pae mce cx8 apic sep mtrr pge mca cmov pat pse36 clflush mmx fxsr sse sse2 ss syscall nx pdpe1gb rdtscp lm constant_tsc arch_perfmon nopl xtopology tsc_reliable nonstop_tsc cpuid tsc_known_freq pni pclmulqdq ssse3 fma cx16 sse4_1 sse4_2 x2apic movbe popcnt tsc_deadline_timer aes xsave avx f16c rdrand hypervisor lahf_lm abm 3dnowprefetch ssbd ibrs ibpb stibp ibrs_enhanced fsgsbase tsc_adjust bmi1 avx2 smep bmi2 invpcid rdseed adx smap clflushopt clwb sha_ni xsaveopt xsavec xsaves arat pku ospke md_clear flush_l1d arch_capabilities
bugs		: spectre_v1 spectre_v2 spec_store_bypass swapgs itlb_multihit eibrs_pbrsb rfds bhi
bogomips	: 4838.37
clflush size	: 64
cache_alignment	: 64
address sizes	: 43 bits physical, 48 bits virtual
power management:

processor	: 8
vendor_id	: GenuineIntel
cpu family	: 6
model		: 151
model name	: 12th Gen Intel(R) Core(TM) i7-12850HX
stepping	: 2
microcode	: 0x2e
cpu MHz		: 2419.189
cache size	: 25600 KB
physical id	: 16
siblings	: 1
core id		: 0
cpu cores	: 1
apicid		: 16
initial apicid	: 16
fpu		: yes
fpu_exception	: yes
cpuid level	: 32
wp		: yes
flags		: fpu vme de pse tsc msr pae mce cx8 apic sep mtrr pge mca cmov pat pse36 clflush mmx fxsr sse sse2 ss syscall nx pdpe1gb rdtscp lm constant_tsc arch_perfmon nopl xtopology tsc_reliable nonstop_tsc cpuid tsc_known_freq pni pclmulqdq ssse3 fma cx16 sse4_1 sse4_2 x2apic movbe popcnt tsc_deadline_timer aes xsave avx f16c rdrand hypervisor lahf_lm abm 3dnowprefetch ssbd ibrs ibpb stibp ibrs_enhanced fsgsbase tsc_adjust bmi1 avx2 smep bmi2 invpcid rdseed adx smap clflushopt clwb sha_ni xsaveopt xsavec xsaves arat pku ospke md_clear flush_l1d arch_capabilities
bugs		: spectre_v1 spectre_v2 spec_store_bypass swapgs itlb_multihit eibrs_pbrsb rfds bhi
bogomips	: 4838.37
clflush size	: 64
cache_alignment	: 64
address sizes	: 43 bits physical, 48 bits virtual
power management:

processor	: 9
vendor_id	: GenuineIntel
cpu family	: 6
model		: 151
model name	: 12th Gen Intel(R) Core(TM) i7-12850HX
stepping	: 2
microcode	: 0x2e
cpu MHz		: 2419.189
cache size	: 25600 KB
physical id	: 18
siblings	: 1
core id		: 0
cpu cores	: 1
apicid		: 18
initial apicid	: 18
fpu		: yes
fpu_exception	: yes
cpuid level	: 32
wp		: yes
flags		: fpu vme de pse tsc msr pae mce cx8 apic sep mtrr pge mca cmov pat pse36 clflush mmx fxsr sse sse2 ss syscall nx pdpe1gb rdtscp lm constant_tsc arch_perfmon nopl xtopology tsc_reliable nonstop_tsc cpuid tsc_known_freq pni pclmulqdq ssse3 fma cx16 sse4_1 sse4_2 x2apic movbe popcnt tsc_deadline_timer aes xsave avx f16c rdrand hypervisor lahf_lm abm 3dnowprefetch ssbd ibrs ibpb stibp ibrs_enhanced fsgsbase tsc_adjust bmi1 avx2 smep bmi2 invpcid rdseed adx smap clflushopt clwb sha_ni xsaveopt xsavec xsaves arat pku ospke md_clear flush_l1d arch_capabilities
bugs		: spectre_v1 spectre_v2 spec_store_bypass swapgs itlb_multihit eibrs_pbrsb rfds bhi
bogomips	: 4838.37
clflush size	: 64
cache_alignment	: 64
address sizes	: 43 bits physical, 48 bits virtual
power management:

processor	: 10
vendor_id	: GenuineIntel
cpu family	: 6
model		: 151
model name	: 12th Gen Intel(R) Core(TM) i7-12850HX
stepping	: 2
microcode	: 0x2e
cpu MHz		: 2419.189
cache size	: 25600 KB
physical id	: 20
siblings	: 1
core id		: 0
cpu cores	: 1
apicid		: 20
initial apicid	: 20
fpu		: yes
fpu_exception	: yes
cpuid level	: 32
wp		: yes
flags		: fpu vme de pse tsc msr pae mce cx8 apic sep mtrr pge mca cmov pat pse36 clflush mmx fxsr sse sse2 ss syscall nx pdpe1gb rdtscp lm constant_tsc arch_perfmon nopl xtopology tsc_reliable nonstop_tsc cpuid tsc_known_freq pni pclmulqdq ssse3 fma cx16 sse4_1 sse4_2 x2apic movbe popcnt tsc_deadline_timer aes xsave avx f16c rdrand hypervisor lahf_lm abm 3dnowprefetch ssbd ibrs ibpb stibp ibrs_enhanced fsgsbase tsc_adjust bmi1 avx2 smep bmi2 invpcid rdseed adx smap clflushopt clwb sha_ni xsaveopt xsavec xsaves arat pku ospke md_clear flush_l1d arch_capabilities
bugs		: spectre_v1 spectre_v2 spec_store_bypass swapgs itlb_multihit eibrs_pbrsb rfds bhi
bogomips	: 4838.37
clflush size	: 64
cache_alignment	: 64
address sizes	: 43 bits physical, 48 bits virtual
power management:

processor	: 11
vendor_id	: GenuineIntel
cpu family	: 6
model		: 151
model name	: 12th Gen Intel(R) Core(TM) i7-12850HX
stepping	: 2
microcode	: 0x2e
cpu MHz		: 2419.189
cache size	: 25600 KB
physical id	: 22
siblings	: 1
core id		: 0
cpu cores	: 1
apicid		: 22
initial apicid	: 22
fpu		: yes
fpu_exception	: yes
cpuid level	: 32
wp		: yes
flags		: fpu vme de pse tsc msr pae mce cx8 apic sep mtrr pge mca cmov pat pse36 clflush mmx fxsr sse sse2 ss syscall nx pdpe1gb rdtscp lm constant_tsc arch_perfmon nopl xtopology tsc_reliable nonstop_tsc cpuid tsc_known_freq pni pclmulqdq ssse3 fma cx16 sse4_1 sse4_2 x2apic movbe popcnt tsc_deadline_timer aes xsave avx f16c rdrand hypervisor lahf_lm abm 3dnowprefetch ssbd ibrs ibpb stibp ibrs_enhanced fsgsbase tsc_adjust bmi1 avx2 smep bmi2 invpcid rdseed adx smap clflushopt clwb sha_ni xsaveopt xsavec xsaves arat pku ospke md_clear flush_l1d arch_capabilities
bugs		: spectre_v1 spectre_v2 spec_store_bypass swapgs itlb_multihit eibrs_pbrsb rfds bhi
bogomips	: 4838.37
clflush size	: 64
cache_alignment	: 64
address sizes	: 43 bits physical, 48 bits virtual
power management:

processor	: 12
vendor_id	: GenuineIntel
cpu family	: 6
model		: 151
model name	: 12th Gen Intel(R) Core(TM) i7-12850HX
stepping	: 2
microcode	: 0x2e
cpu MHz		: 2419.189
cache size	: 25600 KB
physical id	: 24
siblings	: 1
core id		: 0
cpu cores	: 1
apicid		: 24
initial apicid	: 24
fpu		: yes
fpu_exception	: yes
cpuid level	: 32
wp		: yes
flags		: fpu vme de pse tsc msr pae mce cx8 apic sep mtrr pge mca cmov pat pse36 clflush mmx fxsr sse sse2 ss syscall nx pdpe1gb rdtscp lm constant_tsc arch_perfmon nopl xtopology tsc_reliable nonstop_tsc cpuid tsc_known_freq pni pclmulqdq ssse3 fma cx16 sse4_1 sse4_2 x2apic movbe popcnt tsc_deadline_timer aes xsave avx f16c rdrand hypervisor lahf_lm abm 3dnowprefetch ssbd ibrs ibpb stibp ibrs_enhanced fsgsbase tsc_adjust bmi1 avx2 smep bmi2 invpcid rdseed adx smap clflushopt clwb sha_ni xsaveopt xsavec xsaves arat pku ospke md_clear flush_l1d arch_capabilities
bugs		: spectre_v1 spectre_v2 spec_store_bypass swapgs itlb_multihit eibrs_pbrsb rfds bhi
bogomips	: 4838.37
clflush size	: 64
cache_alignment	: 64
address sizes	: 43 bits physical, 48 bits virtual
power management:

processor	: 13
vendor_id	: GenuineIntel
cpu family	: 6
model		: 151
model name	: 12th Gen Intel(R) Core(TM) i7-12850HX
stepping	: 2
microcode	: 0x2e
cpu MHz		: 2419.189
cache size	: 25600 KB
physical id	: 26
siblings	: 1
core id		: 0
cpu cores	: 1
apicid		: 26
initial apicid	: 26
fpu		: yes
fpu_exception	: yes
cpuid level	: 32
wp		: yes
flags		: fpu vme de pse tsc msr pae mce cx8 apic sep mtrr pge mca cmov pat pse36 clflush mmx fxsr sse sse2 ss syscall nx pdpe1gb rdtscp lm constant_tsc arch_perfmon nopl xtopology tsc_reliable nonstop_tsc cpuid tsc_known_freq pni pclmulqdq ssse3 fma cx16 sse4_1 sse4_2 x2apic movbe popcnt tsc_deadline_timer aes xsave avx f16c rdrand hypervisor lahf_lm abm 3dnowprefetch ssbd ibrs ibpb stibp ibrs_enhanced fsgsbase tsc_adjust bmi1 avx2 smep bmi2 invpcid rdseed adx smap clflushopt clwb sha_ni xsaveopt xsavec xsaves arat pku ospke md_clear flush_l1d arch_capabilities
bugs		: spectre_v1 spectre_v2 spec_store_bypass swapgs itlb_multihit eibrs_pbrsb rfds bhi
bogomips	: 4838.37
clflush size	: 64
cache_alignment	: 64
address sizes	: 43 bits physical, 48 bits virtual
power management:

processor	: 14
vendor_id	: GenuineIntel
cpu family	: 6
model		: 151
model name	: 12th Gen Intel(R) Core(TM) i7-12850HX
stepping	: 2
microcode	: 0x2e
cpu MHz		: 2419.189
cache size	: 25600 KB
physical id	: 28
siblings	: 1
core id		: 0
cpu cores	: 1
apicid		: 28
initial apicid	: 28
fpu		: yes
fpu_exception	: yes
cpuid level	: 32
wp		: yes
flags		: fpu vme de pse tsc msr pae mce cx8 apic sep mtrr pge mca cmov pat pse36 clflush mmx fxsr sse sse2 ss syscall nx pdpe1gb rdtscp lm constant_tsc arch_perfmon nopl xtopology tsc_reliable nonstop_tsc cpuid tsc_known_freq pni pclmulqdq ssse3 fma cx16 sse4_1 sse4_2 x2apic movbe popcnt tsc_deadline_timer aes xsave avx f16c rdrand hypervisor lahf_lm abm 3dnowprefetch ssbd ibrs ibpb stibp ibrs_enhanced fsgsbase tsc_adjust bmi1 avx2 smep bmi2 invpcid rdseed adx smap clflushopt clwb sha_ni xsaveopt xsavec xsaves arat pku ospke md_clear flush_l1d arch_capabilities
bugs		: spectre_v1 spectre_v2 spec_store_bypass swapgs itlb_multihit eibrs_pbrsb rfds bhi
bogomips	: 4838.37
clflush size	: 64
cache_alignment	: 64
address sizes	: 43 bits physical, 48 bits virtual
power management:

processor	: 15
vendor_id	: GenuineIntel
cpu family	: 6
model		: 151
model name	: 12th Gen Intel(R) Core(TM) i7-12850HX
stepping	: 2
microcode	: 0x2e
cpu MHz		: 2419.189
cache size	: 25600 KB
physical id	: 30
siblings	: 1
core id		: 0
cpu cores	: 1
apicid		: 30
initial apicid	: 30
fpu		: yes
fpu_exception	: yes
cpuid level	: 32
wp		: yes
flags		: fpu vme de pse tsc msr pae mce cx8 apic sep mtrr pge mca cmov pat pse36 clflush mmx fxsr sse sse2 ss syscall nx pdpe1gb rdtscp lm constant_tsc arch_perfmon nopl xtopology tsc_reliable nonstop_tsc cpuid tsc_known_freq pni pclmulqdq ssse3 fma cx16 sse4_1 sse4_2 x2apic movbe popcnt tsc_deadline_timer aes xsave avx f16c rdrand hypervisor lahf_lm abm 3dnowprefetch ssbd ibrs ibpb stibp ibrs_enhanced fsgsbase tsc_adjust bmi1 avx2 smep bmi2 invpcid rdseed adx smap clflushopt clwb sha_ni xsaveopt xsavec xsaves arat pku ospke md_clear flush_l1d arch_capabilities
bugs		: spectre_v1 spectre_v2 spec_store_bypass swapgs itlb_multihit eibrs_pbrsb rfds bhi
bogomips	: 4838.37
clflush size	: 64
cache_alignment	: 64
address sizes	: 43 bits physical, 48 bits virtual
power management:



Memory: 4k page, physical 16336844k(931776k free), swap 2097148k(2089932k free)

vm_info: OpenJDK 64-Bit Server VM (25.452-b09) for linux-amd64 JRE (1.8.0_452-8u452-ga~us1-0ubuntu1~20.04-b09), built on Apr 16 2025 10:33:22 by "buildd" with gcc 9.4.0

time: Mon Jun 16 11:02:54 2025
timezone: PDT
elapsed time: 3.086543 seconds (0d 0h 0m 3s)

