#
# A fatal error has been detected by the Java Runtime Environment:
#
#  SIGSEGV (0xb) at pc=0x00007fd1e296df87, pid=1254975, tid=0x00007fd196277700
#
# JRE version: OpenJDK Runtime Environment (8.0_452-b09) (build 1.8.0_452-8u452-ga~us1-0ubuntu1~20.04-b09)
# Java VM: OpenJDK 64-Bit Server VM (25.452-b09 mixed mode linux-amd64 compressed oops)
# Problematic frame:
# V  [libjvm.so+0x712f87]
#
# Failed to write core dump. Core dumps have been disabled. To enable core dumping, try "ulimit -c unlimited" before starting Java again
#
# If you would like to submit a bug report, please visit:
#   http://bugreport.java.com/bugreport/crash.jsp
#

---------------  T H R E A D  ---------------

Current thread (0x00007fd1dc77e800):  JavaThread "pool-2-thread-6" daemon [_thread_in_vm, id=1255027, stack(0x00007fd196177000,0x00007fd196278000)]

siginfo: si_signo: 11 (SIGSEGV), si_code: 1 (SEGV_MAPERR), si_addr: 0x0000000000000000

Registers:
RAX=0x0000000000000000, RBX=0x0000000000000000, RCX=0x00007fd1e296df00, RDX=0x00007fd1e30419b8
RSP=0x00007fd196273c90, RBP=0x00007fd196273ce0, RSI=0x0000000000000000, RDI=0x00007fd1dc77e800
R8 =0x00007fd195951e40, R9 =0x000000000000000b, R10=0x00007fd196273900, R11=0x00007fd1cd00045f
R12=0x00007fd1dc77e800, R13=0x00007fd1dc77ea60, R14=0x0000000000000000, R15=0x00007fd1dc77e800
RIP=0x00007fd1e296df87, EFLAGS=0x0000000000010246, CSGSFS=0x002b000000000033, ERR=0x0000000000000004
  TRAPNO=0x000000000000000e

Top of Stack: (sp=0x00007fd196273c90)
0x00007fd196273c90:   00007fd1dc77e800 0000000000000000
0x00007fd196273ca0:   00007fd1282de350 c925e31196da6000
0x00007fd196273cb0:   00007fd1dc77e800 c925e31196da6000
0x00007fd196273cc0:   0000000000000000 0000000000000000
0x00007fd196273cd0:   00007fd195952e28 00007fd1962756b8
0x00007fd196273ce0:   00007fd196275610 00007fd19568c1e5
0x00007fd196273cf0:   3d34314274657366 00007fd1962756a0
0x00007fd196273d00:   00007fd1962756a8 00007fd1962756b0
0x00007fd196273d10:   00007fd1962756b8 00007fd1dc77ea60
0x00007fd196273d20:   5674657366664f5a 0168637b65756c61
0x00007fd196273d30:   00000004958f0100 000000010000000d
0x00007fd196273d40:   0000000b00000001 0000000100000002
0x00007fd196273d50:   0000000000000000 666f202c303d3231
0x00007fd196273d60:   3d33314274657366 0000000100000001
0x00007fd196273d70:   000007e84514c000 000000050000000c
0x00007fd196273d80:   0000000d00000002 0000000d0000000c
0x00007fd196273d90:   0000000400000004 0000000e00000001
0x00007fd196273da0:   0000000900000002 0000000d0000000b
0x00007fd196273db0:   0000000d0000000d 0000000100000001
0x00007fd196273dc0:   0000000100000001 2c303d3131427465
0x00007fd196273dd0:   000000000000000d 666f202c303d3231
0x00007fd196273de0:   0000000000000bb8 00007fd12821ed40
0x00007fd196273df0:   00007fd128000e10 00007fd1dc3a1a88
0x00007fd196273e00:   00007fd1dc3a1a90 00007fd1dc3a1a98
0x00007fd196273e10:   00007fd128000e18 00007fd128000e20
0x00007fd196273e20:   00007fd1dc3a1aa0 00007fd1dc3a1aa8
0x00007fd196273e30:   41b93686e5000000 c1c8f1b378800000
0x00007fd196273e40:   00007fd1dc3a1ab0 00007fd1dc3a1ab8
0x00007fd196273e50:   00007fd12821efc0 00007fd12821e470
0x00007fd196273e60:   00007fd128000e28 00007fd128000e30
0x00007fd196273e70:   00007fd12821e478 00007fd12821e480
0x00007fd196273e80:   00007fd12821e488 00007fd12821efe0 

Instructions: (pc=0x00007fd1e296df87)
0x00007fd1e296df67:   89 65 b0 48 c7 45 b8 00 00 00 00 74 09 48 8d 7d
0x00007fd1e296df77:   b0 e8 93 88 2c 00 41 f6 c6 01 0f 85 c1 00 00 00
0x00007fd1e296df87:   49 8b 06 48 8d 15 31 b2 6c 00 80 3a 00 0f 84 9e
0x00007fd1e296df97:   00 00 00 48 8d 15 df cf 6a 00 8b 40 08 8b 4a 08 

Register to memory mapping:

RAX=0x0000000000000000 is an unknown value
RBX=0x0000000000000000 is an unknown value
RCX=0x00007fd1e296df00: <offset 0x712f00> in /usr/lib/jvm/java-8-openjdk-amd64/jre/lib/amd64/server/libjvm.so at 0x00007fd1e225b000
RDX=0x00007fd1e30419b8: <offset 0xde69b8> in /usr/lib/jvm/java-8-openjdk-amd64/jre/lib/amd64/server/libjvm.so at 0x00007fd1e225b000
RSP=0x00007fd196273c90 is pointing into the stack for thread: 0x00007fd1dc77e800
RBP=0x00007fd196273ce0 is pointing into the stack for thread: 0x00007fd1dc77e800
RSI=0x0000000000000000 is an unknown value
RDI=0x00007fd1dc77e800 is a thread
R8 ={method} {0x00007fd195951e40} 'getDirectionsOfTravelSet' '()Ljava/util/List;' in 'gov/usdot/cv/rgaencoder/IndividualWayDirectionsOfTravel'
R9 =0x000000000000000b is an unknown value
R10=0x00007fd196273900 is pointing into the stack for thread: 0x00007fd1dc77e800
R11=0x00007fd1cd00045f is at begin+0 in a stub
StubRoutines::call_stub [0x00007fd1cd00045f, 0x00007fd1cd000547[ (232 bytes)
R12=0x00007fd1dc77e800 is a thread
R13=0x00007fd1dc77ea60 is an unknown value
R14=0x0000000000000000 is an unknown value
R15=0x00007fd1dc77e800 is a thread


Stack: [0x00007fd196177000,0x00007fd196278000],  sp=0x00007fd196273c90,  free space=1011k
Native frames: (J=compiled Java code, j=interpreted, Vv=VM code, C=native code)
V  [libjvm.so+0x712f87]
C  [libasn1c_rga.so+0x1311e5]  Java_gov_usdot_cv_rgaencoder_Encoder_encodeRGA+0x36d1
j  gov.usdot.cv.rgaencoder.Encoder.encodeRGA(Lgov/usdot/cv/rgaencoder/BaseLayer;Ljava/util/List;Ljava/util/List;)[B+0
j  gov.usdot.cv.rgaencoder.Encoder.encode(Lgov/usdot/cv/rgaencoder/RGAData;)Lgov/usdot/cv/mapencoder/ByteArrayObject;+48
j  gov.usdot.cv.msg.builder.util.J2945Helper.getBytes(Lgov/usdot/cv/rgaencoder/RGAData;)[B+10
j  gov.usdot.cv.msg.builder.util.J2945Helper.getHexString(Lgov/usdot/cv/rgaencoder/RGAData;)Ljava/lang/String;+1
j  gov.usdot.cv.msg.builder.IntersectionSituationDataBuilder.build(Ljava/lang/String;)Lgov/usdot/cv/msg/builder/message/IntersectionMessage;+415
j  gov.usdot.cv.msg.builder.IntersectionSituationDataBuilderTest.runIntersectionSituationDataBuilderTests(Ljava/lang/String;Ljava/lang/String;)V+25
j  gov.usdot.cv.msg.builder.IntersectionSituationDataBuilderTest.rgaMessageMtrVehicleBikeAndCrosswalkGeometryContainerMandatoryFieldsStandard()V+9
v  ~StubRoutines::call_stub
V  [libjvm.so+0x6a7445]
V  [libjvm.so+0xa02bed]
V  [libjvm.so+0xa03ddb]
V  [libjvm.so+0x758ff1]  JVM_InvokeMethod+0x1f1
j  sun.reflect.NativeMethodAccessorImpl.invoke0(Ljava/lang/reflect/Method;Ljava/lang/Object;[Ljava/lang/Object;)Ljava/lang/Object;+0
j  sun.reflect.NativeMethodAccessorImpl.invoke(Ljava/lang/Object;[Ljava/lang/Object;)Ljava/lang/Object;+100
j  sun.reflect.DelegatingMethodAccessorImpl.invoke(Ljava/lang/Object;[Ljava/lang/Object;)Ljava/lang/Object;+6
j  java.lang.reflect.Method.invoke(Ljava/lang/Object;[Ljava/lang/Object;)Ljava/lang/Object;+56
j  org.junit.runners.model.FrameworkMethod$1.runReflectiveCall()Ljava/lang/Object;+15
j  org.junit.internal.runners.model.ReflectiveCallable.run()Ljava/lang/Object;+1
j  org.junit.runners.model.FrameworkMethod.invokeExplosively(Ljava/lang/Object;[Ljava/lang/Object;)Ljava/lang/Object;+10
j  org.junit.internal.runners.statements.InvokeMethod.evaluate()V+12
j  org.junit.internal.runners.statements.RunBefores.evaluate()V+49
j  org.junit.runners.ParentRunner.runLeaf(Lorg/junit/runners/model/Statement;Lorg/junit/runner/Description;Lorg/junit/runner/notification/RunNotifier;)V+17
j  org.junit.runners.BlockJUnit4ClassRunner.runChild(Lorg/junit/runners/model/FrameworkMethod;Lorg/junit/runner/notification/RunNotifier;)V+32
j  org.junit.runners.BlockJUnit4ClassRunner.runChild(Ljava/lang/Object;Lorg/junit/runner/notification/RunNotifier;)V+6
j  org.junit.runners.ParentRunner$3.run()V+12
j  org.apache.maven.surefire.junitcore.pc.Scheduler$1.run()V+11
j  org.apache.maven.surefire.junitcore.pc.InvokerStrategy.schedule(Ljava/lang/Runnable;)V+23
j  org.apache.maven.surefire.junitcore.pc.Scheduler.schedule(Ljava/lang/Runnable;)V+62
j  org.junit.runners.ParentRunner.runChildren(Lorg/junit/runner/notification/RunNotifier;)V+40
j  org.junit.runners.ParentRunner.access$000(Lorg/junit/runners/ParentRunner;Lorg/junit/runner/notification/RunNotifier;)V+2
j  org.junit.runners.ParentRunner$2.evaluate()V+8
j  org.junit.runners.ParentRunner.run(Lorg/junit/runner/notification/RunNotifier;)V+20
j  org.junit.runners.Suite.runChild(Lorg/junit/runner/Runner;Lorg/junit/runner/notification/RunNotifier;)V+2
j  org.junit.runners.Suite.runChild(Ljava/lang/Object;Lorg/junit/runner/notification/RunNotifier;)V+6
j  org.junit.runners.ParentRunner$3.run()V+12
j  org.apache.maven.surefire.junitcore.pc.Scheduler$1.run()V+11
j  java.util.concurrent.Executors$RunnableAdapter.call()Ljava/lang/Object;+4
j  java.util.concurrent.FutureTask.run()V+42
j  java.util.concurrent.ThreadPoolExecutor.runWorker(Ljava/util/concurrent/ThreadPoolExecutor$Worker;)V+95
j  java.util.concurrent.ThreadPoolExecutor$Worker.run()V+5
j  java.lang.Thread.run()V+11
v  ~StubRoutines::call_stub
V  [libjvm.so+0x6a7445]
V  [libjvm.so+0x6a4b8f]
V  [libjvm.so+0x6a5184]
V  [libjvm.so+0x74b120]
V  [libjvm.so+0xadf35f]
V  [libjvm.so+0xadf653]
V  [libjvm.so+0x980120]
C  [libpthread.so.0+0x8609]  start_thread+0xd9

Java frames: (J=compiled Java code, j=interpreted, Vv=VM code)
j  gov.usdot.cv.rgaencoder.Encoder.encodeRGA(Lgov/usdot/cv/rgaencoder/BaseLayer;Ljava/util/List;Ljava/util/List;)[B+0
j  gov.usdot.cv.rgaencoder.Encoder.encode(Lgov/usdot/cv/rgaencoder/RGAData;)Lgov/usdot/cv/mapencoder/ByteArrayObject;+48
j  gov.usdot.cv.msg.builder.util.J2945Helper.getBytes(Lgov/usdot/cv/rgaencoder/RGAData;)[B+10
j  gov.usdot.cv.msg.builder.util.J2945Helper.getHexString(Lgov/usdot/cv/rgaencoder/RGAData;)Ljava/lang/String;+1
j  gov.usdot.cv.msg.builder.IntersectionSituationDataBuilder.build(Ljava/lang/String;)Lgov/usdot/cv/msg/builder/message/IntersectionMessage;+415
j  gov.usdot.cv.msg.builder.IntersectionSituationDataBuilderTest.runIntersectionSituationDataBuilderTests(Ljava/lang/String;Ljava/lang/String;)V+25
j  gov.usdot.cv.msg.builder.IntersectionSituationDataBuilderTest.rgaMessageMtrVehicleBikeAndCrosswalkGeometryContainerMandatoryFieldsStandard()V+9
v  ~StubRoutines::call_stub
j  sun.reflect.NativeMethodAccessorImpl.invoke0(Ljava/lang/reflect/Method;Ljava/lang/Object;[Ljava/lang/Object;)Ljava/lang/Object;+0
j  sun.reflect.NativeMethodAccessorImpl.invoke(Ljava/lang/Object;[Ljava/lang/Object;)Ljava/lang/Object;+100
j  sun.reflect.DelegatingMethodAccessorImpl.invoke(Ljava/lang/Object;[Ljava/lang/Object;)Ljava/lang/Object;+6
j  java.lang.reflect.Method.invoke(Ljava/lang/Object;[Ljava/lang/Object;)Ljava/lang/Object;+56
j  org.junit.runners.model.FrameworkMethod$1.runReflectiveCall()Ljava/lang/Object;+15
j  org.junit.internal.runners.model.ReflectiveCallable.run()Ljava/lang/Object;+1
j  org.junit.runners.model.FrameworkMethod.invokeExplosively(Ljava/lang/Object;[Ljava/lang/Object;)Ljava/lang/Object;+10
j  org.junit.internal.runners.statements.InvokeMethod.evaluate()V+12
j  org.junit.internal.runners.statements.RunBefores.evaluate()V+49
j  org.junit.runners.ParentRunner.runLeaf(Lorg/junit/runners/model/Statement;Lorg/junit/runner/Description;Lorg/junit/runner/notification/RunNotifier;)V+17
j  org.junit.runners.BlockJUnit4ClassRunner.runChild(Lorg/junit/runners/model/FrameworkMethod;Lorg/junit/runner/notification/RunNotifier;)V+32
j  org.junit.runners.BlockJUnit4ClassRunner.runChild(Ljava/lang/Object;Lorg/junit/runner/notification/RunNotifier;)V+6
j  org.junit.runners.ParentRunner$3.run()V+12
j  org.apache.maven.surefire.junitcore.pc.Scheduler$1.run()V+11
j  org.apache.maven.surefire.junitcore.pc.InvokerStrategy.schedule(Ljava/lang/Runnable;)V+23
j  org.apache.maven.surefire.junitcore.pc.Scheduler.schedule(Ljava/lang/Runnable;)V+62
j  org.junit.runners.ParentRunner.runChildren(Lorg/junit/runner/notification/RunNotifier;)V+40
j  org.junit.runners.ParentRunner.access$000(Lorg/junit/runners/ParentRunner;Lorg/junit/runner/notification/RunNotifier;)V+2
j  org.junit.runners.ParentRunner$2.evaluate()V+8
j  org.junit.runners.ParentRunner.run(Lorg/junit/runner/notification/RunNotifier;)V+20
j  org.junit.runners.Suite.runChild(Lorg/junit/runner/Runner;Lorg/junit/runner/notification/RunNotifier;)V+2
j  org.junit.runners.Suite.runChild(Ljava/lang/Object;Lorg/junit/runner/notification/RunNotifier;)V+6
j  org.junit.runners.ParentRunner$3.run()V+12
j  org.apache.maven.surefire.junitcore.pc.Scheduler$1.run()V+11
j  java.util.concurrent.Executors$RunnableAdapter.call()Ljava/lang/Object;+4
j  java.util.concurrent.FutureTask.run()V+42
j  java.util.concurrent.ThreadPoolExecutor.runWorker(Ljava/util/concurrent/ThreadPoolExecutor$Worker;)V+95
j  java.util.concurrent.ThreadPoolExecutor$Worker.run()V+5
j  java.lang.Thread.run()V+11
v  ~StubRoutines::call_stub

---------------  P R O C E S S  ---------------

Java Threads: ( => current thread )
=>0x00007fd1dc77e800 JavaThread "pool-2-thread-6" daemon [_thread_in_vm, id=1255027, stack(0x00007fd196177000,0x00007fd196278000)]
  0x00007fd1dc77d800 JavaThread "pool-2-thread-5" daemon [_thread_blocked, id=1255026, stack(0x00007fd196278000,0x00007fd196379000)]
  0x00007fd1dc76f800 JavaThread "pool-2-thread-4" daemon [_thread_blocked, id=1255025, stack(0x00007fd196379000,0x00007fd19647a000)]
  0x00007fd1dc76e000 JavaThread "pool-2-thread-3" daemon [_thread_blocked, id=1255024, stack(0x00007fd19647a000,0x00007fd19657b000)]
  0x00007fd1dc76c000 JavaThread "pool-2-thread-2" daemon [_thread_blocked, id=1255023, stack(0x00007fd19657b000,0x00007fd19667c000)]
  0x00007fd1dc76b000 JavaThread "pool-2-thread-1" daemon [_thread_blocked, id=1255022, stack(0x00007fd19667c000,0x00007fd19677d000)]
  0x00007fd1dc5fe000 JavaThread "surefire-forkedjvm-command-thread" daemon [_thread_in_native, id=1255012, stack(0x00007fd19677d000,0x00007fd19687e000)]
  0x00007fd1dc2d0800 JavaThread "Service Thread" daemon [_thread_blocked, id=1255010, stack(0x00007fd19697f000,0x00007fd196a80000)]
  0x00007fd1dc2cd800 JavaThread "C1 CompilerThread11" daemon [_thread_blocked, id=1255009, stack(0x00007fd196a81000,0x00007fd196b81000)]
  0x00007fd1dc2cb800 JavaThread "C1 CompilerThread10" daemon [_thread_blocked, id=1255008, stack(0x00007fd196b82000,0x00007fd196c82000)]
  0x00007fd1dc2c9800 JavaThread "C1 CompilerThread9" daemon [_thread_blocked, id=1255007, stack(0x00007fd196c83000,0x00007fd196d83000)]
  0x00007fd1dc2c7800 JavaThread "C1 CompilerThread8" daemon [_thread_in_vm, id=1255006, stack(0x00007fd196d84000,0x00007fd196e84000)]
  0x00007fd1dc2c5800 JavaThread "C2 CompilerThread7" daemon [_thread_blocked, id=1255005, stack(0x00007fd196e85000,0x00007fd196f85000)]
  0x00007fd1dc2c3800 JavaThread "C2 CompilerThread6" daemon [_thread_blocked, id=1255004, stack(0x00007fd196f86000,0x00007fd197086000)]
  0x00007fd1dc2c2000 JavaThread "C2 CompilerThread5" daemon [_thread_blocked, id=1255003, stack(0x00007fd197087000,0x00007fd197187000)]
  0x00007fd1dc2bf800 JavaThread "C2 CompilerThread4" daemon [_thread_in_native, id=1255002, stack(0x00007fd197188000,0x00007fd197288000)]
  0x00007fd1dc2bd800 JavaThread "C2 CompilerThread3" daemon [_thread_blocked, id=1255001, stack(0x00007fd197289000,0x00007fd197389000)]
  0x00007fd1dc2bb800 JavaThread "C2 CompilerThread2" daemon [_thread_blocked, id=1255000, stack(0x00007fd19738a000,0x00007fd19748a000)]
  0x00007fd1dc2b9800 JavaThread "C2 CompilerThread1" daemon [_thread_blocked, id=1254999, stack(0x00007fd19748b000,0x00007fd19758b000)]
  0x00007fd1dc2b7000 JavaThread "C2 CompilerThread0" daemon [_thread_blocked, id=1254998, stack(0x00007fd19758c000,0x00007fd19768c000)]
  0x00007fd1dc2af000 JavaThread "Signal Dispatcher" daemon [_thread_blocked, id=1254997, stack(0x00007fd19768c000,0x00007fd19778d000)]
  0x00007fd1dc281000 JavaThread "Finalizer" daemon [_thread_blocked, id=1254996, stack(0x00007fd197cfd000,0x00007fd197dfe000)]
  0x00007fd1dc27c800 JavaThread "Reference Handler" daemon [_thread_blocked, id=1254995, stack(0x00007fd197dfe000,0x00007fd197eff000)]
  0x00007fd1dc00b000 JavaThread "main" [_thread_blocked, id=1254976, stack(0x00007fd1e1e0f000,0x00007fd1e1f0f000)]

Other Threads:
  0x00007fd1dc273000 VMThread [stack: 0x00007fd197f00000,0x00007fd198000000] [id=1254994]
  0x00007fd1dc2d3000 WatcherThread [stack: 0x00007fd19687f000,0x00007fd19697f000] [id=1255011]

VM state:not at safepoint (normal execution)

VM Mutex/Monitor currently owned by a thread: None

heap address: 0x00000000c0000000, size: 1024 MB, Compressed Oops mode: 32-bit
Narrow klass base: 0x0000000000000000, Narrow klass shift: 3
Compressed class space size: 1073741824 Address: 0x0000000100000000

Heap:
 PSYoungGen      total 139264K, used 6387K [0x00000000eab00000, 0x00000000f3d00000, 0x0000000100000000)
  eden space 129024K, 4% used [0x00000000eab00000,0x00000000eb13cea8,0x00000000f2900000)
  from space 10240K, 0% used [0x00000000f3300000,0x00000000f3300000,0x00000000f3d00000)
  to   space 10240K, 0% used [0x00000000f2900000,0x00000000f2900000,0x00000000f3300000)
 ParOldGen       total 133120K, used 8410K [0x00000000c0000000, 0x00000000c8200000, 0x00000000eab00000)
  object space 133120K, 6% used [0x00000000c0000000,0x00000000c0836800,0x00000000c8200000)
 Metaspace       used 20867K, capacity 21238K, committed 21504K, reserved 1067008K
  class space    used 2816K, capacity 2949K, committed 3072K, reserved 1048576K

Card table byte_map: [0x00007fd1e17e0000,0x00007fd1e19e1000] byte_map_base: 0x00007fd1e11e0000

Marking Bits: (ParMarkBitMap*) 0x00007fd1e3045740
 Begin Bits: [0x00007fd1ae000000, 0x00007fd1af000000)
 End Bits:   [0x00007fd1af000000, 0x00007fd1b0000000)

Polling page: 0x00007fd1e32ee000

CodeCache: size=245760Kb used=6663Kb max_used=6663Kb free=239096Kb
 bounds [0x00007fd1cd000000, 0x00007fd1cd690000, 0x00007fd1dc000000]
 total_blobs=2043 nmethods=1577 adapters=374
 compilation: enabled

Compilation events (10 events):
Event: 5.075 Thread 0x00007fd1dc2cb800 nmethod 1568 0x00007fd1cd66e750 code [0x00007fd1cd66e8c0, 0x00007fd1cd66ebb0]
Event: 5.075 Thread 0x00007fd1dc2cb800 1573       3       sun.nio.cs.UTF_8$Encoder::encodeArrayLoop (489 bytes)
Event: 5.077 Thread 0x00007fd1dc2c9800 nmethod 1564 0x00007fd1cd66db10 code [0x00007fd1cd66dd00, 0x00007fd1cd66e438]
Event: 5.077 Thread 0x00007fd1dc2c9800 1571       3       net.bytebuddy.description.method.ParameterList$ForLoadedExecutable$OfMethod::get (6 bytes)
Event: 5.077 Thread 0x00007fd1dc2c9800 nmethod 1571 0x00007fd1cd677950 code [0x00007fd1cd677b00, 0x00007fd1cd678070]
Event: 5.078 Thread 0x00007fd1dc2c9800 1572       3       net.bytebuddy.description.type.TypeDescription$Generic$AbstractBase::asGenericType (2 bytes)
Event: 5.078 Thread 0x00007fd1dc2c9800 nmethod 1572 0x00007fd1cd66d790 code [0x00007fd1cd66d8e0, 0x00007fd1cd66da30]
Event: 5.078 Thread 0x00007fd1dc2c9800 1574       1       gov.usdot.cv.rgaencoder.NodeXYZOffsetValue::getChoice (5 bytes)
Event: 5.078 Thread 0x00007fd1dc2c9800 nmethod 1574 0x00007fd1cd6783d0 code [0x00007fd1cd678520, 0x00007fd1cd678630]
Event: 5.078 Thread 0x00007fd1dc2c9800 1569       3       net.bytebuddy.description.method.MethodDescription$ForLoadedMethod::getReturnType (29 bytes)

GC Heap History (6 events):
Event: 1.676 GC heap before
{Heap before GC invocations=1 (full 0):
 PSYoungGen      total 74752K, used 64512K [0x00000000eab00000, 0x00000000efe00000, 0x0000000100000000)
  eden space 64512K, 100% used [0x00000000eab00000,0x00000000eea00000,0x00000000eea00000)
  from space 10240K, 0% used [0x00000000ef400000,0x00000000ef400000,0x00000000efe00000)
  to   space 10240K, 0% used [0x00000000eea00000,0x00000000eea00000,0x00000000ef400000)
 ParOldGen       total 171008K, used 0K [0x00000000c0000000, 0x00000000ca700000, 0x00000000eab00000)
  object space 171008K, 0% used [0x00000000c0000000,0x00000000c0000000,0x00000000ca700000)
 Metaspace       used 12468K, capacity 12736K, committed 12928K, reserved 1060864K
  class space    used 1531K, capacity 1650K, committed 1664K, reserved 1048576K
Event: 1.748 GC heap after
Heap after GC invocations=1 (full 0):
 PSYoungGen      total 74752K, used 8039K [0x00000000eab00000, 0x00000000f3d00000, 0x0000000100000000)
  eden space 64512K, 0% used [0x00000000eab00000,0x00000000eab00000,0x00000000eea00000)
  from space 10240K, 78% used [0x00000000eea00000,0x00000000ef1d9e00,0x00000000ef400000)
  to   space 10240K, 0% used [0x00000000f3300000,0x00000000f3300000,0x00000000f3d00000)
 ParOldGen       total 171008K, used 16K [0x00000000c0000000, 0x00000000ca700000, 0x00000000eab00000)
  object space 171008K, 0% used [0x00000000c0000000,0x00000000c0004000,0x00000000ca700000)
 Metaspace       used 12468K, capacity 12736K, committed 12928K, reserved 1060864K
  class space    used 1531K, capacity 1650K, committed 1664K, reserved 1048576K
}
Event: 2.797 GC heap before
{Heap before GC invocations=2 (full 0):
 PSYoungGen      total 74752K, used 66253K [0x00000000eab00000, 0x00000000f3d00000, 0x0000000100000000)
  eden space 64512K, 90% used [0x00000000eab00000,0x00000000ee3d9650,0x00000000eea00000)
  from space 10240K, 78% used [0x00000000eea00000,0x00000000ef1d9e00,0x00000000ef400000)
  to   space 10240K, 0% used [0x00000000f3300000,0x00000000f3300000,0x00000000f3d00000)
 ParOldGen       total 171008K, used 16K [0x00000000c0000000, 0x00000000ca700000, 0x00000000eab00000)
  object space 171008K, 0% used [0x00000000c0000000,0x00000000c0004000,0x00000000ca700000)
 Metaspace       used 20898K, capacity 21254K, committed 21296K, reserved 1067008K
  class space    used 2821K, capacity 2941K, committed 2944K, reserved 1048576K
Event: 2.828 GC heap after
Heap after GC invocations=2 (full 0):
 PSYoungGen      total 139264K, used 8811K [0x00000000eab00000, 0x00000000f3d00000, 0x0000000100000000)
  eden space 129024K, 0% used [0x00000000eab00000,0x00000000eab00000,0x00000000f2900000)
  from space 10240K, 86% used [0x00000000f3300000,0x00000000f3b9af20,0x00000000f3d00000)
  to   space 10240K, 0% used [0x00000000f2900000,0x00000000f2900000,0x00000000f3300000)
 ParOldGen       total 171008K, used 96K [0x00000000c0000000, 0x00000000ca700000, 0x00000000eab00000)
  object space 171008K, 0% used [0x00000000c0000000,0x00000000c0018010,0x00000000ca700000)
 Metaspace       used 20898K, capacity 21254K, committed 21296K, reserved 1067008K
  class space    used 2821K, capacity 2941K, committed 2944K, reserved 1048576K
}
Event: 2.828 GC heap before
{Heap before GC invocations=3 (full 1):
 PSYoungGen      total 139264K, used 8811K [0x00000000eab00000, 0x00000000f3d00000, 0x0000000100000000)
  eden space 129024K, 0% used [0x00000000eab00000,0x00000000eab00000,0x00000000f2900000)
  from space 10240K, 86% used [0x00000000f3300000,0x00000000f3b9af20,0x00000000f3d00000)
  to   space 10240K, 0% used [0x00000000f2900000,0x00000000f2900000,0x00000000f3300000)
 ParOldGen       total 171008K, used 96K [0x00000000c0000000, 0x00000000ca700000, 0x00000000eab00000)
  object space 171008K, 0% used [0x00000000c0000000,0x00000000c0018010,0x00000000ca700000)
 Metaspace       used 20898K, capacity 21254K, committed 21296K, reserved 1067008K
  class space    used 2821K, capacity 2941K, committed 2944K, reserved 1048576K
Event: 5.052 GC heap after
Heap after GC invocations=3 (full 1):
 PSYoungGen      total 139264K, used 0K [0x00000000eab00000, 0x00000000f3d00000, 0x0000000100000000)
  eden space 129024K, 0% used [0x00000000eab00000,0x00000000eab00000,0x00000000f2900000)
  from space 10240K, 0% used [0x00000000f3300000,0x00000000f3300000,0x00000000f3d00000)
  to   space 10240K, 0% used [0x00000000f2900000,0x00000000f2900000,0x00000000f3300000)
 ParOldGen       total 133120K, used 8410K [0x00000000c0000000, 0x00000000c8200000, 0x00000000eab00000)
  object space 133120K, 6% used [0x00000000c0000000,0x00000000c0836800,0x00000000c8200000)
 Metaspace       used 20849K, capacity 21142K, committed 21296K, reserved 1067008K
  class space    used 2807K, capacity 2917K, committed 2944K, reserved 1048576K
}

Deoptimization events (6 events):
Event: 1.112 Thread 0x00007fd1dc76e000 Uncommon trap: reason=loop_limit_check action=maybe_recompile pc=0x00007fd1cd2f669c method=java.lang.String.equals(Ljava/lang/Object;)Z @ 56
Event: 1.339 Thread 0x00007fd1dc77e800 Uncommon trap: reason=loop_limit_check action=maybe_recompile pc=0x00007fd1cd2e375c method=java.lang.String.indexOf([CII[CIII)I @ 79
Event: 2.226 Thread 0x00007fd1dc77e800 Uncommon trap: reason=unstable_if action=reinterpret pc=0x00007fd1cd4c997c method=java.lang.String.regionMatches(ZILjava/lang/String;II)Z @ 123
Event: 2.400 Thread 0x00007fd1dc77e800 Uncommon trap: reason=unstable_if action=reinterpret pc=0x00007fd1cd4aed40 method=java.lang.String.indexOf([CII[CIII)I @ 3
Event: 2.609 Thread 0x00007fd1dc77e800 Uncommon trap: reason=unstable_if action=reinterpret pc=0x00007fd1cd535270 method=java.lang.AbstractStringBuilder.append(Ljava/lang/String;)Ljava/lang/AbstractStringBuilder; @ 1
Event: 2.643 Thread 0x00007fd1dc77e800 Uncommon trap: reason=unstable_if action=reinterpret pc=0x00007fd1cd3a0678 method=java.lang.AbstractStringBuilder.append(Ljava/lang/String;)Ljava/lang/AbstractStringBuilder; @ 1

Classes redefined (0 events):
No events

Internal exceptions (10 events):
Event: 0.897 Thread 0x00007fd1dc76c000 Exception <a 'java/lang/reflect/InvocationTargetException'> (0x00000000ebe0d2f0) thrown at [/build/openjdk-8-FtOhKS/openjdk-8-8u452-ga~us1/src/hotspot/src/share/vm/runtime/reflection.cpp, line 1089]
Event: 0.898 Thread 0x00007fd1dc76c000 Exception <a 'java/lang/reflect/InvocationTargetException'> (0x00000000ebe0f6f8) thrown at [/build/openjdk-8-FtOhKS/openjdk-8-8u452-ga~us1/src/hotspot/src/share/vm/runtime/reflection.cpp, line 1089]
Event: 0.900 Thread 0x00007fd1dc76c000 Exception <a 'java/lang/reflect/InvocationTargetException'> (0x00000000ebe11af0) thrown at [/build/openjdk-8-FtOhKS/openjdk-8-8u452-ga~us1/src/hotspot/src/share/vm/runtime/reflection.cpp, line 1089]
Event: 1.052 Thread 0x00007fd1dc76b000 Exception <a 'java/lang/NoSuchFieldError': method resolution failed> (0x00000000ec062000) thrown at [/build/openjdk-8-FtOhKS/openjdk-8-8u452-ga~us1/src/hotspot/src/share/vm/prims/methodHandles.cpp, line 1194]
Event: 1.065 Thread 0x00007fd1dc76b000 Exception <a 'java/lang/NoSuchFieldError': method resolution failed> (0x00000000ec06f6f0) thrown at [/build/openjdk-8-FtOhKS/openjdk-8-8u452-ga~us1/src/hotspot/src/share/vm/prims/methodHandles.cpp, line 1194]
Event: 1.215 Thread 0x00007fd1dc76e000 Exception <a 'java/lang/IncompatibleClassChangeError': Found class java.lang.Object, but interface was expected> (0x00000000ece14310) thrown at [/build/openjdk-8-FtOhKS/openjdk-8-8u452-ga~us1/src/hotspot/src/share/vm/interpreter/linkResolver.cpp, line 653
Event: 1.375 Thread 0x00007fd1dc76f800 Exception <a 'java/lang/reflect/InvocationTargetException'> (0x00000000ed89bcc0) thrown at [/build/openjdk-8-FtOhKS/openjdk-8-8u452-ga~us1/src/hotspot/src/share/vm/runtime/reflection.cpp, line 1089]
Event: 2.319 Thread 0x00007fd1dc77e800 Exception <a 'sun/nio/fs/UnixException'> (0x00000000ecc003e0) thrown at [/build/openjdk-8-FtOhKS/openjdk-8-8u452-ga~us1/src/hotspot/src/share/vm/prims/jni.cpp, line 712]
Event: 2.609 Thread 0x00007fd1dc77e800 Implicit null exception at 0x00007fd1cd534eb5 to 0x00007fd1cd53525d
Event: 2.643 Thread 0x00007fd1dc77e800 Implicit null exception at 0x00007fd1cd3a02b6 to 0x00007fd1cd3a0661

Events (10 events):
Event: 5.063 loading class net/bytebuddy/dynamic/scaffold/MethodRegistry$Default$Compiled$Entry
Event: 5.063 loading class net/bytebuddy/dynamic/scaffold/MethodRegistry$Default$Compiled$Entry done
Event: 5.074 loading class net/bytebuddy/implementation/attribute/MethodAttributeAppender$Compound
Event: 5.074 loading class net/bytebuddy/implementation/attribute/MethodAttributeAppender$Compound done
Event: 5.074 loading class net/bytebuddy/dynamic/Transformer$ForMethod$TransformedMethod$AttachmentVisitor
Event: 5.074 loading class net/bytebuddy/dynamic/Transformer$ForMethod$TransformedMethod$AttachmentVisitor done
Event: 5.075 loading class net/bytebuddy/description/type/TypeDescription$Generic$Visitor$Substitutor$WithoutTypeSubstitution
Event: 5.075 loading class net/bytebuddy/description/type/TypeDescription$Generic$Visitor$Substitutor$WithoutTypeSubstitution done
Event: 5.076 loading class net/bytebuddy/dynamic/Transformer$ForMethod$TransformedMethod$TransformedParameterList
Event: 5.076 loading class net/bytebuddy/dynamic/Transformer$ForMethod$TransformedMethod$TransformedParameterList done


Dynamic libraries:
c0000000-c8200000 rw-p 00000000 00:00 0 
c8200000-eab00000 ---p 00000000 00:00 0 
eab00000-f3d00000 rw-p 00000000 00:00 0 
f3d00000-100000000 ---p 00000000 00:00 0 
100000000-100300000 rw-p 00000000 00:00 0 
100300000-140000000 ---p 00000000 00:00 0 
563769b28000-563769b29000 r--p 00000000 08:05 266003                     /usr/lib/jvm/java-8-openjdk-amd64/jre/bin/java
563769b29000-563769b2a000 r-xp 00001000 08:05 266003                     /usr/lib/jvm/java-8-openjdk-amd64/jre/bin/java
563769b2a000-563769b2b000 r--p 00002000 08:05 266003                     /usr/lib/jvm/java-8-openjdk-amd64/jre/bin/java
563769b2b000-563769b2c000 r--p 00002000 08:05 266003                     /usr/lib/jvm/java-8-openjdk-amd64/jre/bin/java
563769b2c000-563769b2d000 rw-p 00003000 08:05 266003                     /usr/lib/jvm/java-8-openjdk-amd64/jre/bin/java
5637938e8000-563793909000 rw-p 00000000 00:00 0                          [heap]
7fd120000000-7fd120021000 rw-p 00000000 00:00 0 
7fd120021000-7fd124000000 ---p 00000000 00:00 0 
7fd128000000-7fd1282df000 rw-p 00000000 00:00 0 
7fd1282df000-7fd12c000000 ---p 00000000 00:00 0 
7fd130000000-7fd130206000 rw-p 00000000 00:00 0 
7fd130206000-7fd134000000 ---p 00000000 00:00 0 
7fd134000000-7fd134153000 rw-p 00000000 00:00 0 
7fd134153000-7fd138000000 ---p 00000000 00:00 0 
7fd138000000-7fd138034000 rw-p 00000000 00:00 0 
7fd138034000-7fd13c000000 ---p 00000000 00:00 0 
7fd13c000000-7fd13c021000 rw-p 00000000 00:00 0 
7fd13c021000-7fd140000000 ---p 00000000 00:00 0 
7fd140000000-7fd140021000 rw-p 00000000 00:00 0 
7fd140021000-7fd144000000 ---p 00000000 00:00 0 
7fd148000000-7fd148021000 rw-p 00000000 00:00 0 
7fd148021000-7fd14c000000 ---p 00000000 00:00 0 
7fd14c000000-7fd14c021000 rw-p 00000000 00:00 0 
7fd14c021000-7fd150000000 ---p 00000000 00:00 0 
7fd150000000-7fd15009d000 rw-p 00000000 00:00 0 
7fd15009d000-7fd154000000 ---p 00000000 00:00 0 
7fd154000000-7fd1540eb000 rw-p 00000000 00:00 0 
7fd1540eb000-7fd158000000 ---p 00000000 00:00 0 
7fd158000000-7fd158144000 rw-p 00000000 00:00 0 
7fd158144000-7fd15c000000 ---p 00000000 00:00 0 
7fd15c000000-7fd15c15d000 rw-p 00000000 00:00 0 
7fd15c15d000-7fd160000000 ---p 00000000 00:00 0 
7fd160000000-7fd16011b000 rw-p 00000000 00:00 0 
7fd16011b000-7fd164000000 ---p 00000000 00:00 0 
7fd164000000-7fd1641d4000 rw-p 00000000 00:00 0 
7fd1641d4000-7fd168000000 ---p 00000000 00:00 0 
7fd168000000-7fd168163000 rw-p 00000000 00:00 0 
7fd168163000-7fd16c000000 ---p 00000000 00:00 0 
7fd16c000000-7fd16c1a7000 rw-p 00000000 00:00 0 
7fd16c1a7000-7fd170000000 ---p 00000000 00:00 0 
7fd170000000-7fd17023b000 rw-p 00000000 00:00 0 
7fd17023b000-7fd174000000 ---p 00000000 00:00 0 
7fd174000000-7fd1743c4000 rw-p 00000000 00:00 0 
7fd1743c4000-7fd178000000 ---p 00000000 00:00 0 
7fd178000000-7fd178120000 rw-p 00000000 00:00 0 
7fd178120000-7fd17c000000 ---p 00000000 00:00 0 
7fd17c000000-7fd17c1c2000 rw-p 00000000 00:00 0 
7fd17c1c2000-7fd180000000 ---p 00000000 00:00 0 
7fd180000000-7fd180021000 rw-p 00000000 00:00 0 
7fd180021000-7fd184000000 ---p 00000000 00:00 0 
7fd184000000-7fd184021000 rw-p 00000000 00:00 0 
7fd184021000-7fd188000000 ---p 00000000 00:00 0 
7fd188000000-7fd188021000 rw-p 00000000 00:00 0 
7fd188021000-7fd18c000000 ---p 00000000 00:00 0 
7fd18c000000-7fd18c021000 rw-p 00000000 00:00 0 
7fd18c021000-7fd190000000 ---p 00000000 00:00 0 
7fd190000000-7fd190021000 rw-p 00000000 00:00 0 
7fd190021000-7fd194000000 ---p 00000000 00:00 0 
7fd19555b000-7fd19560d000 r--p 00000000 08:05 3801414                    /home/carma/maptool_ws/public/connectedvcs-tools/fedgov-cv-lib-asn1c/third_party_lib/libasn1c_rga.so
7fd19560d000-7fd195695000 r-xp 000b2000 08:05 3801414                    /home/carma/maptool_ws/public/connectedvcs-tools/fedgov-cv-lib-asn1c/third_party_lib/libasn1c_rga.so
7fd195695000-7fd1956dd000 r--p 0013a000 08:05 3801414                    /home/carma/maptool_ws/public/connectedvcs-tools/fedgov-cv-lib-asn1c/third_party_lib/libasn1c_rga.so
7fd1956dd000-7fd1956e9000 r--p 00181000 08:05 3801414                    /home/carma/maptool_ws/public/connectedvcs-tools/fedgov-cv-lib-asn1c/third_party_lib/libasn1c_rga.so
7fd1956e9000-7fd195777000 rw-p 0018d000 08:05 3801414                    /home/carma/maptool_ws/public/connectedvcs-tools/fedgov-cv-lib-asn1c/third_party_lib/libasn1c_rga.so
7fd195777000-7fd195977000 rw-p 00000000 00:00 0 
7fd195977000-7fd195b77000 rw-p 00000000 00:00 0 
7fd195b77000-7fd195d77000 rw-p 00000000 00:00 0 
7fd195d77000-7fd195f77000 rw-p 00000000 00:00 0 
7fd195f77000-7fd196177000 rw-p 00000000 00:00 0 
7fd196177000-7fd19617a000 ---p 00000000 00:00 0 
7fd19617a000-7fd196278000 rw-p 00000000 00:00 0 
7fd196278000-7fd19627b000 ---p 00000000 00:00 0 
7fd19627b000-7fd196379000 rw-p 00000000 00:00 0 
7fd196379000-7fd19637c000 ---p 00000000 00:00 0 
7fd19637c000-7fd19647a000 rw-p 00000000 00:00 0 
7fd19647a000-7fd19647d000 ---p 00000000 00:00 0 
7fd19647d000-7fd19657b000 rw-p 00000000 00:00 0 
7fd19657b000-7fd19657e000 ---p 00000000 00:00 0 
7fd19657e000-7fd19667c000 rw-p 00000000 00:00 0 
7fd19667c000-7fd19667f000 ---p 00000000 00:00 0 
7fd19667f000-7fd19677d000 rw-p 00000000 00:00 0 
7fd19677d000-7fd196780000 ---p 00000000 00:00 0 
7fd196780000-7fd19687e000 rw-p 00000000 00:00 0 
7fd19687e000-7fd19687f000 ---p 00000000 00:00 0 
7fd19687f000-7fd19697f000 rw-p 00000000 00:00 0 
7fd19697f000-7fd196982000 ---p 00000000 00:00 0 
7fd196982000-7fd196a80000 rw-p 00000000 00:00 0 
7fd196a80000-7fd196a81000 ---p 00000000 00:00 0 
7fd196a81000-7fd196a84000 ---p 00000000 00:00 0 
7fd196a84000-7fd196b81000 rw-p 00000000 00:00 0 
7fd196b81000-7fd196b82000 ---p 00000000 00:00 0 
7fd196b82000-7fd196b85000 ---p 00000000 00:00 0 
7fd196b85000-7fd196c82000 rw-p 00000000 00:00 0 
7fd196c82000-7fd196c83000 ---p 00000000 00:00 0 
7fd196c83000-7fd196c86000 ---p 00000000 00:00 0 
7fd196c86000-7fd196d83000 rw-p 00000000 00:00 0 
7fd196d83000-7fd196d84000 ---p 00000000 00:00 0 
7fd196d84000-7fd196d87000 ---p 00000000 00:00 0 
7fd196d87000-7fd196e84000 rw-p 00000000 00:00 0 
7fd196e84000-7fd196e85000 ---p 00000000 00:00 0 
7fd196e85000-7fd196e88000 ---p 00000000 00:00 0 
7fd196e88000-7fd196f85000 rw-p 00000000 00:00 0 
7fd196f85000-7fd196f86000 ---p 00000000 00:00 0 
7fd196f86000-7fd196f89000 ---p 00000000 00:00 0 
7fd196f89000-7fd197086000 rw-p 00000000 00:00 0 
7fd197086000-7fd197087000 ---p 00000000 00:00 0 
7fd197087000-7fd19708a000 ---p 00000000 00:00 0 
7fd19708a000-7fd197187000 rw-p 00000000 00:00 0 
7fd197187000-7fd197188000 ---p 00000000 00:00 0 
7fd197188000-7fd19718b000 ---p 00000000 00:00 0 
7fd19718b000-7fd197288000 rw-p 00000000 00:00 0 
7fd197288000-7fd197289000 ---p 00000000 00:00 0 
7fd197289000-7fd19728c000 ---p 00000000 00:00 0 
7fd19728c000-7fd197389000 rw-p 00000000 00:00 0 
7fd197389000-7fd19738a000 ---p 00000000 00:00 0 
7fd19738a000-7fd19738d000 ---p 00000000 00:00 0 
7fd19738d000-7fd19748a000 rw-p 00000000 00:00 0 
7fd19748a000-7fd19748b000 ---p 00000000 00:00 0 
7fd19748b000-7fd19748e000 ---p 00000000 00:00 0 
7fd19748e000-7fd19758b000 rw-p 00000000 00:00 0 
7fd19758b000-7fd19758c000 ---p 00000000 00:00 0 
7fd19758c000-7fd19758f000 ---p 00000000 00:00 0 
7fd19758f000-7fd19768c000 rw-p 00000000 00:00 0 
7fd19768c000-7fd19768f000 ---p 00000000 00:00 0 
7fd19768f000-7fd19778d000 rw-p 00000000 00:00 0 
7fd19778d000-7fd197cfd000 r--p 00000000 08:05 262198                     /usr/lib/locale/locale-archive
7fd197cfd000-7fd197d00000 ---p 00000000 00:00 0 
7fd197d00000-7fd197dfe000 rw-p 00000000 00:00 0 
7fd197dfe000-7fd197e01000 ---p 00000000 00:00 0 
7fd197e01000-7fd197eff000 rw-p 00000000 00:00 0 
7fd197eff000-7fd197f00000 ---p 00000000 00:00 0 
7fd197f00000-7fd198000000 rw-p 00000000 00:00 0 
7fd198000000-7fd198021000 rw-p 00000000 00:00 0 
7fd198021000-7fd19c000000 ---p 00000000 00:00 0 
7fd19c000000-7fd19c021000 rw-p 00000000 00:00 0 
7fd19c021000-7fd1a0000000 ---p 00000000 00:00 0 
7fd1a0000000-7fd1a0021000 rw-p 00000000 00:00 0 
7fd1a0021000-7fd1a4000000 ---p 00000000 00:00 0 
7fd1a4000000-7fd1a4021000 rw-p 00000000 00:00 0 
7fd1a4021000-7fd1a8000000 ---p 00000000 00:00 0 
7fd1a8000000-7fd1a8021000 rw-p 00000000 00:00 0 
7fd1a8021000-7fd1ac000000 ---p 00000000 00:00 0 
7fd1ac02e000-7fd1ac030000 r--s 00008000 08:05 3279744                    /root/.m2/repository/org/apache/maven/surefire/surefire-grouper/3.0.0-M5/surefire-grouper-3.0.0-M5.jar
7fd1ac030000-7fd1ac032000 r--s 00004000 08:05 3279736                    /root/.m2/repository/org/apache/maven/surefire/common-junit48/3.0.0-M5/common-junit48-3.0.0-M5.jar
7fd1ac032000-7fd1ac034000 r--s 00005000 08:05 3279738                    /root/.m2/repository/org/apache/maven/surefire/common-junit4/3.0.0-M5/common-junit4-3.0.0-M5.jar
7fd1ac034000-7fd1ac035000 r--s 00002000 08:05 3279742                    /root/.m2/repository/org/apache/maven/surefire/common-junit3/3.0.0-M5/common-junit3-3.0.0-M5.jar
7fd1ac035000-7fd1ac036000 r--s 00003000 08:05 3279740                    /root/.m2/repository/org/apache/maven/surefire/common-java5/3.0.0-M5/common-java5-3.0.0-M5.jar
7fd1ac036000-7fd1ac039000 r--s 00014000 08:05 3279669                    /root/.m2/repository/org/apache/maven/surefire/surefire-junit47/3.0.0-M5/surefire-junit47-3.0.0-M5.jar
7fd1ac039000-7fd1ac05e000 r--s 001ac000 08:05 3334391                    /root/.m2/repository/org/apache/logging/log4j/log4j-core/2.23.1/log4j-core-2.23.1.jar
7fd1ac05e000-7fd1ac065000 r--s 0004d000 08:05 3334389                    /root/.m2/repository/org/apache/logging/log4j/log4j-api/2.23.1/log4j-api-2.23.1.jar
7fd1ac065000-7fd1ac067000 r--s 0000c000 08:05 3278047                    /root/.m2/repository/org/objenesis/objenesis/2.6/objenesis-2.6.jar
7fd1ac067000-7fd1ac06b000 r--s 0003c000 08:05 3278039                    /root/.m2/repository/net/bytebuddy/byte-buddy-agent/1.10.5/byte-buddy-agent-1.10.5.jar
7fd1ac06b000-7fd1ac0b3000 r--s 002e9000 08:05 3278041                    /root/.m2/repository/net/bytebuddy/byte-buddy/1.10.5/byte-buddy-1.10.5.jar
7fd1ac0b3000-7fd1ac0c4000 r--s 00080000 08:05 3278043                    /root/.m2/repository/org/mockito/mockito-core/3.3.0/mockito-core-3.3.0.jar
7fd1ac0c4000-7fd1ac0c6000 r--s 00009000 08:05 3278242                    /root/.m2/repository/org/hamcrest/hamcrest-core/1.3/hamcrest-core-1.3.jar
7fd1ac0c6000-7fd1ac0cc000 r--s 00036000 08:05 3278239                    /root/.m2/repository/junit/junit/4.11/junit-4.11.jar
7fd1ac0cc000-7fd1ac0ce000 r--s 00018000 08:05 3278238                    /root/.m2/repository/javax/servlet/servlet-api/2.5/servlet-api-2.5.jar
7fd1ac0ce000-7fd1ac0e1000 r--s 000c7000 08:05 3278225                    /root/.m2/repository/com/sun/xml/bind/jaxb-impl/2.2.3-1/jaxb-impl-2.2.3-1.jar
7fd1ac0e1000-7fd1b0000000 rw-p 00000000 00:00 0 
7fd1b0000000-7fd1b0021000 rw-p 00000000 00:00 0 
7fd1b0021000-7fd1b4000000 ---p 00000000 00:00 0 
7fd1b4000000-7fd1b4021000 rw-p 00000000 00:00 0 
7fd1b4021000-7fd1b8000000 ---p 00000000 00:00 0 
7fd1b8000000-7fd1b8021000 rw-p 00000000 00:00 0 
7fd1b8021000-7fd1bc000000 ---p 00000000 00:00 0 
7fd1bc000000-7fd1bc021000 rw-p 00000000 00:00 0 
7fd1bc021000-7fd1c0000000 ---p 00000000 00:00 0 
7fd1c0000000-7fd1c0021000 rw-p 00000000 00:00 0 
7fd1c0021000-7fd1c4000000 ---p 00000000 00:00 0 
7fd1c4000000-7fd1c4021000 rw-p 00000000 00:00 0 
7fd1c4021000-7fd1c8000000 ---p 00000000 00:00 0 
7fd1c8000000-7fd1c8021000 rw-p 00000000 00:00 0 
7fd1c8021000-7fd1cc000000 ---p 00000000 00:00 0 
7fd1cc000000-7fd1cc001000 r--s 00006000 08:05 3278237                    /root/.m2/repository/org/codehaus/jackson/jackson-xc/1.9.2/jackson-xc-1.9.2.jar
7fd1cc001000-7fd1cc003000 r--s 0000e000 08:05 3278231                    /root/.m2/repository/javax/activation/activation/1.1/activation-1.1.jar
7fd1cc003000-7fd1cc005000 r--s 00004000 08:05 3278230                    /root/.m2/repository/javax/xml/stream/stax-api/1.0-2/stax-api-1.0-2.jar
7fd1cc005000-7fd1cc008000 r--s 00017000 08:05 3278228                    /root/.m2/repository/javax/xml/bind/jaxb-api/2.2.2/jaxb-api-2.2.2.jar
7fd1cc008000-7fd1cc00a000 r--s 0000f000 08:05 3278224                    /root/.m2/repository/org/codehaus/jettison/jettison/1.1/jettison-1.1.jar
7fd1cc00a000-7fd1cc00f000 r--s 00024000 08:05 3278221                    /root/.m2/repository/com/sun/jersey/jersey-json/1.19.3/jersey-json-1.19.3.jar
7fd1cc00f000-7fd1cc013000 r--s 0001d000 08:05 3278219                    /root/.m2/repository/com/sun/jersey/jersey-client/1.19.3/jersey-client-1.19.3.jar
7fd1cc013000-7fd1cc015000 r--s 0000a000 08:05 3278210                    /root/.m2/repository/javax/ws/rs/jsr311-api/1.1.1/jsr311-api-1.1.1.jar
7fd1cc015000-7fd1cc01f000 r--s 00061000 08:05 3278215                    /root/.m2/repository/com/sun/jersey/jersey-core/1.19.3/jersey-core-1.19.3.jar
7fd1cc01f000-7fd1cc02f000 r--s 0009c000 08:05 3278213                    /root/.m2/repository/com/sun/jersey/jersey-server/1.19.3/jersey-server-1.19.3.jar
7fd1cc02f000-7fd1cc033000 r--s 0001c000 08:05 3278209                    /root/.m2/repository/com/sun/jersey/jersey-servlet/1.19.3/jersey-servlet-1.19.3.jar
7fd1cc033000-7fd1cc037000 r--s 00035000 08:05 3278211                    /root/.m2/repository/org/codehaus/jackson/jackson-core-asl/1.9.13/jackson-core-asl-1.9.13.jar
7fd1cc037000-7fd1cc045000 r--s 000b1000 08:05 3278207                    /root/.m2/repository/org/codehaus/jackson/jackson-mapper-asl/1.9.13/jackson-mapper-asl-1.9.13.jar
7fd1cc045000-7fd1cc04b000 r--s 00033000 08:05 3278205                    /root/.m2/repository/commons-codec/commons-codec/1.6/commons-codec-1.6.jar
7fd1cc04b000-7fd1cc04d000 r--s 00009000 08:05 3289986                    /root/.m2/repository/gov/usdot/fedgov-cv-rgaencoder/1.0.0-SNAPSHOT/fedgov-cv-rgaencoder-1.0.0-SNAPSHOT.jar
7fd1cc04d000-7fd1cc050000 r--s 00025000 08:05 3277157                    /root/.m2/repository/commons-io/commons-io/2.1/commons-io-2.1.jar
7fd1cc050000-7fd1cc060000 r--s 000bc000 08:05 3278045                    /root/.m2/repository/org/jboss/netty/netty/3.2.10.Final/netty-3.2.10.Final.jar
7fd1cc060000-7fd1cc0ac000 r--s 003f9000 08:05 3278037                    /root/.m2/repository/io/netty/netty-all/4.1.66.Final/netty-all-4.1.66.Final.jar
7fd1cc0ac000-7fd1cc0af000 r--s 0000c000 08:05 3278050                    /root/.m2/repository/gov/usdot/fedgov-cv-mapencoder/1.0.0-SNAPSHOT/fedgov-cv-mapencoder-1.0.0-SNAPSHOT.jar
7fd1cc0af000-7fd1cc0b3000 r--p 00000000 08:05 284661                     /usr/lib/jvm/java-8-openjdk-amd64/jre/lib/amd64/libmanagement.so
7fd1cc0b3000-7fd1cc0b7000 r-xp 00004000 08:05 284661                     /usr/lib/jvm/java-8-openjdk-amd64/jre/lib/amd64/libmanagement.so
7fd1cc0b7000-7fd1cc0b9000 r--p 00008000 08:05 284661                     /usr/lib/jvm/java-8-openjdk-amd64/jre/lib/amd64/libmanagement.so
7fd1cc0b9000-7fd1cc0ba000 r--p 00009000 08:05 284661                     /usr/lib/jvm/java-8-openjdk-amd64/jre/lib/amd64/libmanagement.so
7fd1cc0ba000-7fd1cc0bb000 rw-p 0000a000 08:05 284661                     /usr/lib/jvm/java-8-openjdk-amd64/jre/lib/amd64/libmanagement.so
7fd1cc0bb000-7fd1cc0dd000 r--s 001a5000 08:05 3279662                    /root/.m2/repository/org/apache/maven/surefire/surefire-shared-utils/3.0.0-M4/surefire-shared-utils-3.0.0-M4.jar
7fd1cc0dd000-7fd1cc0e2000 r--p 00000000 08:05 284663                     /usr/lib/jvm/java-8-openjdk-amd64/jre/lib/amd64/libnet.so
7fd1cc0e2000-7fd1cc0f3000 r-xp 00005000 08:05 284663                     /usr/lib/jvm/java-8-openjdk-amd64/jre/lib/amd64/libnet.so
7fd1cc0f3000-7fd1cc0f7000 r--p 00016000 08:05 284663                     /usr/lib/jvm/java-8-openjdk-amd64/jre/lib/amd64/libnet.so
7fd1cc0f7000-7fd1cc0f8000 r--p 00019000 08:05 284663                     /usr/lib/jvm/java-8-openjdk-amd64/jre/lib/amd64/libnet.so
7fd1cc0f8000-7fd1cc0f9000 rw-p 0001a000 08:05 284663                     /usr/lib/jvm/java-8-openjdk-amd64/jre/lib/amd64/libnet.so
7fd1cc0f9000-7fd1cd000000 rw-p 00000000 00:00 0 
7fd1cd000000-7fd1cd6a0000 rwxp 00000000 00:00 0 
7fd1cd6a0000-7fd1dc000000 ---p 00000000 00:00 0 
7fd1dc000000-7fd1dc781000 rw-p 00000000 00:00 0 
7fd1dc781000-7fd1e0000000 ---p 00000000 00:00 0 
7fd1e0000000-7fd1e0001000 r--s 00004000 08:05 3278235                    /root/.m2/repository/org/codehaus/jackson/jackson-jaxrs/1.9.2/jackson-jaxrs-1.9.2.jar
7fd1e0001000-7fd1e0002000 r--s 00000000 08:05 3277958                    /root/.m2/repository/gov/usdot/fedgov-cv-lib-asn1c/1.0.0-SNAPSHOT/fedgov-cv-lib-asn1c-1.0.0-SNAPSHOT.jar
7fd1e0002000-7fd1e0003000 r--s 00001000 08:05 3279637                    /root/.m2/repository/org/apache/maven/surefire/surefire-extensions-spi/3.0.0-M5/surefire-extensions-spi-3.0.0-M5.jar
7fd1e0003000-7fd1e0005000 r--s 00002000 08:05 3279639                    /root/.m2/repository/org/apache/maven/surefire/surefire-logger-api/3.0.0-M5/surefire-logger-api-3.0.0-M5.jar
7fd1e0005000-7fd1e000a000 r--s 0001f000 08:05 3279643                    /root/.m2/repository/org/apache/maven/surefire/surefire-api/3.0.0-M5/surefire-api-3.0.0-M5.jar
7fd1e000a000-7fd1e0011000 r--p 00000000 08:05 284664                     /usr/lib/jvm/java-8-openjdk-amd64/jre/lib/amd64/libnio.so
7fd1e0011000-7fd1e001a000 r-xp 00007000 08:05 284664                     /usr/lib/jvm/java-8-openjdk-amd64/jre/lib/amd64/libnio.so
7fd1e001a000-7fd1e001d000 r--p 00010000 08:05 284664                     /usr/lib/jvm/java-8-openjdk-amd64/jre/lib/amd64/libnio.so
7fd1e001d000-7fd1e001e000 r--p 00012000 08:05 284664                     /usr/lib/jvm/java-8-openjdk-amd64/jre/lib/amd64/libnio.so
7fd1e001e000-7fd1e001f000 rw-p 00013000 08:05 284664                     /usr/lib/jvm/java-8-openjdk-amd64/jre/lib/amd64/libnio.so
7fd1e001f000-7fd1e0021000 r--s 00018000 08:05 3279641                    /root/.m2/repository/org/apache/maven/surefire/surefire-booter/3.0.0-M5/surefire-booter-3.0.0-M5.jar
7fd1e0021000-7fd1e0023000 r--s 0000c000 08:05 407777                     /usr/share/java/java-atk-wrapper.jar
7fd1e0023000-7fd1e002d000 r--s 00117000 08:05 284728                     /usr/lib/jvm/java-8-openjdk-amd64/jre/lib/ext/localedata.jar
7fd1e002d000-7fd1e0030000 r--s 00042000 08:05 284732                     /usr/lib/jvm/java-8-openjdk-amd64/jre/lib/ext/sunpkcs11.jar
7fd1e0030000-7fd1e0032000 r--s 00008000 08:05 284730                     /usr/lib/jvm/java-8-openjdk-amd64/jre/lib/ext/sunec.jar
7fd1e0032000-7fd1e0035000 r--s 0000f000 08:05 284726                     /usr/lib/jvm/java-8-openjdk-amd64/jre/lib/ext/icedtea-sound.jar
7fd1e0035000-7fd1e003b000 r--s 0003e000 08:05 284731                     /usr/lib/jvm/java-8-openjdk-amd64/jre/lib/ext/sunjce_provider.jar
7fd1e003b000-7fd1e003d000 r--s 00010000 08:05 284733                     /usr/lib/jvm/java-8-openjdk-amd64/jre/lib/ext/zipfs.jar
7fd1e003d000-7fd1e0058000 r--s 001d6000 08:05 284729                     /usr/lib/jvm/java-8-openjdk-amd64/jre/lib/ext/nashorn.jar
7fd1e0058000-7fd1e0074000 r--s 00394000 08:05 284724                     /usr/lib/jvm/java-8-openjdk-amd64/jre/lib/ext/cldrdata.jar
7fd1e0074000-7fd1e04c6000 rw-p 00000000 00:00 0 
7fd1e04c6000-7fd1e0698000 r--s 03cd0000 08:05 284752                     /usr/lib/jvm/java-8-openjdk-amd64/jre/lib/rt.jar
7fd1e0698000-7fd1e097d000 rw-p 00000000 00:00 0 
7fd1e097d000-7fd1e097e000 ---p 00000000 00:00 0 
7fd1e097e000-7fd1e0a7e000 rw-p 00000000 00:00 0 
7fd1e0a7e000-7fd1e0a7f000 ---p 00000000 00:00 0 
7fd1e0a7f000-7fd1e0b7f000 rw-p 00000000 00:00 0 
7fd1e0b7f000-7fd1e0b80000 ---p 00000000 00:00 0 
7fd1e0b80000-7fd1e0c80000 rw-p 00000000 00:00 0 
7fd1e0c80000-7fd1e0c81000 ---p 00000000 00:00 0 
7fd1e0c81000-7fd1e0d81000 rw-p 00000000 00:00 0 
7fd1e0d81000-7fd1e0d82000 ---p 00000000 00:00 0 
7fd1e0d82000-7fd1e0e82000 rw-p 00000000 00:00 0 
7fd1e0e82000-7fd1e0e83000 ---p 00000000 00:00 0 
7fd1e0e83000-7fd1e0f83000 rw-p 00000000 00:00 0 
7fd1e0f83000-7fd1e0f84000 ---p 00000000 00:00 0 
7fd1e0f84000-7fd1e1084000 rw-p 00000000 00:00 0 
7fd1e1084000-7fd1e1085000 ---p 00000000 00:00 0 
7fd1e1085000-7fd1e1185000 rw-p 00000000 00:00 0 
7fd1e1185000-7fd1e1186000 ---p 00000000 00:00 0 
7fd1e1186000-7fd1e1286000 rw-p 00000000 00:00 0 
7fd1e1286000-7fd1e1287000 ---p 00000000 00:00 0 
7fd1e1287000-7fd1e1387000 rw-p 00000000 00:00 0 
7fd1e1387000-7fd1e1388000 ---p 00000000 00:00 0 
7fd1e1388000-7fd1e1488000 rw-p 00000000 00:00 0 
7fd1e1488000-7fd1e1489000 ---p 00000000 00:00 0 
7fd1e1489000-7fd1e1589000 rw-p 00000000 00:00 0 
7fd1e1589000-7fd1e158a000 ---p 00000000 00:00 0 
7fd1e158a000-7fd1e16cb000 rw-p 00000000 00:00 0 
7fd1e16cb000-7fd1e17e0000 ---p 00000000 00:00 0 
7fd1e17e0000-7fd1e1821000 rw-p 00000000 00:00 0 
7fd1e1821000-7fd1e1935000 ---p 00000000 00:00 0 
7fd1e1935000-7fd1e197f000 rw-p 00000000 00:00 0 
7fd1e197f000-7fd1e19e0000 ---p 00000000 00:00 0 
7fd1e19e0000-7fd1e19fc000 rw-p 00000000 00:00 0 
7fd1e19fc000-7fd1e1da1000 ---p 00000000 00:00 0 
7fd1e1da1000-7fd1e1da4000 r--p 00000000 08:05 284672                     /usr/lib/jvm/java-8-openjdk-amd64/jre/lib/amd64/libzip.so
7fd1e1da4000-7fd1e1da9000 r-xp 00003000 08:05 284672                     /usr/lib/jvm/java-8-openjdk-amd64/jre/lib/amd64/libzip.so
7fd1e1da9000-7fd1e1dab000 r--p 00008000 08:05 284672                     /usr/lib/jvm/java-8-openjdk-amd64/jre/lib/amd64/libzip.so
7fd1e1dab000-7fd1e1dac000 r--p 00009000 08:05 284672                     /usr/lib/jvm/java-8-openjdk-amd64/jre/lib/amd64/libzip.so
7fd1e1dac000-7fd1e1dad000 rw-p 0000a000 08:05 284672                     /usr/lib/jvm/java-8-openjdk-amd64/jre/lib/amd64/libzip.so
7fd1e1dad000-7fd1e1db0000 r--p 00000000 08:05 285404                     /usr/lib/x86_64-linux-gnu/libnss_files-2.31.so
7fd1e1db0000-7fd1e1db7000 r-xp 00003000 08:05 285404                     /usr/lib/x86_64-linux-gnu/libnss_files-2.31.so
7fd1e1db7000-7fd1e1db9000 r--p 0000a000 08:05 285404                     /usr/lib/x86_64-linux-gnu/libnss_files-2.31.so
7fd1e1db9000-7fd1e1dba000 r--p 0000b000 08:05 285404                     /usr/lib/x86_64-linux-gnu/libnss_files-2.31.so
7fd1e1dba000-7fd1e1dbb000 rw-p 0000c000 08:05 285404                     /usr/lib/x86_64-linux-gnu/libnss_files-2.31.so
7fd1e1dbb000-7fd1e1dc1000 rw-p 00000000 00:00 0 
7fd1e1dc1000-7fd1e1dc2000 r--s 00001000 08:05 3715930                    /home/carma/maptool_ws/public/connectedvcs-tools/fedgov-cv-message-builder/target/surefire/surefirebooter5964030359075211305.jar
7fd1e1dc2000-7fd1e1dc4000 r--s 00001000 08:05 284725                     /usr/lib/jvm/java-8-openjdk-amd64/jre/lib/ext/dnsns.jar
7fd1e1dc4000-7fd1e1dc5000 r--s 0000a000 08:05 284727                     /usr/lib/jvm/java-8-openjdk-amd64/jre/lib/ext/jaccess.jar
7fd1e1dc5000-7fd1e1dcc000 r--s 000d3000 08:05 284746                     /usr/lib/jvm/java-8-openjdk-amd64/jre/lib/jfr.jar
7fd1e1dcc000-7fd1e1dd4000 rw-s 00000000 08:05 5768016                    /tmp/hsperfdata_root/1254975
7fd1e1dd4000-7fd1e1dd5000 rw-p 00000000 00:00 0 
7fd1e1dd5000-7fd1e1de2000 r--p 00000000 08:05 284652                     /usr/lib/jvm/java-8-openjdk-amd64/jre/lib/amd64/libjava.so
7fd1e1de2000-7fd1e1dfa000 r-xp 0000d000 08:05 284652                     /usr/lib/jvm/java-8-openjdk-amd64/jre/lib/amd64/libjava.so
7fd1e1dfa000-7fd1e1e01000 r--p 00025000 08:05 284652                     /usr/lib/jvm/java-8-openjdk-amd64/jre/lib/amd64/libjava.so
7fd1e1e01000-7fd1e1e02000 r--p 0002b000 08:05 284652                     /usr/lib/jvm/java-8-openjdk-amd64/jre/lib/amd64/libjava.so
7fd1e1e02000-7fd1e1e04000 rw-p 0002c000 08:05 284652                     /usr/lib/jvm/java-8-openjdk-amd64/jre/lib/amd64/libjava.so
7fd1e1e04000-7fd1e1e06000 r--p 00000000 08:05 285420                     /usr/lib/x86_64-linux-gnu/librt-2.31.so
7fd1e1e06000-7fd1e1e0a000 r-xp 00002000 08:05 285420                     /usr/lib/x86_64-linux-gnu/librt-2.31.so
7fd1e1e0a000-7fd1e1e0c000 r--p 00006000 08:05 285420                     /usr/lib/x86_64-linux-gnu/librt-2.31.so
7fd1e1e0c000-7fd1e1e0d000 r--p 00007000 08:05 285420                     /usr/lib/x86_64-linux-gnu/librt-2.31.so
7fd1e1e0d000-7fd1e1e0e000 rw-p 00008000 08:05 285420                     /usr/lib/x86_64-linux-gnu/librt-2.31.so
7fd1e1e0e000-7fd1e1e0f000 ---p 00000000 00:00 0 
7fd1e1e0f000-7fd1e1e12000 ---p 00000000 00:00 0 
7fd1e1e12000-7fd1e1f0f000 rw-p 00000000 00:00 0 
7fd1e1f0f000-7fd1e1f12000 r--p 00000000 08:05 287002                     /usr/lib/x86_64-linux-gnu/libgcc_s.so.1
7fd1e1f12000-7fd1e1f24000 r-xp 00003000 08:05 287002                     /usr/lib/x86_64-linux-gnu/libgcc_s.so.1
7fd1e1f24000-7fd1e1f28000 r--p 00015000 08:05 287002                     /usr/lib/x86_64-linux-gnu/libgcc_s.so.1
7fd1e1f28000-7fd1e1f29000 r--p 00018000 08:05 287002                     /usr/lib/x86_64-linux-gnu/libgcc_s.so.1
7fd1e1f29000-7fd1e1f2a000 rw-p 00019000 08:05 287002                     /usr/lib/x86_64-linux-gnu/libgcc_s.so.1
7fd1e1f2a000-7fd1e1f37000 r--p 00000000 08:05 272858                     /usr/lib/x86_64-linux-gnu/libm-2.31.so
7fd1e1f37000-7fd1e1fde000 r-xp 0000d000 08:05 272858                     /usr/lib/x86_64-linux-gnu/libm-2.31.so
7fd1e1fde000-7fd1e2077000 r--p 000b4000 08:05 272858                     /usr/lib/x86_64-linux-gnu/libm-2.31.so
7fd1e2077000-7fd1e2078000 r--p 0014c000 08:05 272858                     /usr/lib/x86_64-linux-gnu/libm-2.31.so
7fd1e2078000-7fd1e2079000 rw-p 0014d000 08:05 272858                     /usr/lib/x86_64-linux-gnu/libm-2.31.so
7fd1e2079000-7fd1e210f000 r--p 00000000 08:05 287822                     /usr/lib/x86_64-linux-gnu/libstdc++.so.6.0.28
7fd1e210f000-7fd1e2200000 r-xp 00096000 08:05 287822                     /usr/lib/x86_64-linux-gnu/libstdc++.so.6.0.28
7fd1e2200000-7fd1e2249000 r--p 00187000 08:05 287822                     /usr/lib/x86_64-linux-gnu/libstdc++.so.6.0.28
7fd1e2249000-7fd1e224a000 ---p 001d0000 08:05 287822                     /usr/lib/x86_64-linux-gnu/libstdc++.so.6.0.28
7fd1e224a000-7fd1e2255000 r--p 001d0000 08:05 287822                     /usr/lib/x86_64-linux-gnu/libstdc++.so.6.0.28
7fd1e2255000-7fd1e2258000 rw-p 001db000 08:05 287822                     /usr/lib/x86_64-linux-gnu/libstdc++.so.6.0.28
7fd1e2258000-7fd1e225b000 rw-p 00000000 00:00 0 
7fd1e225b000-7fd1e2451000 r--p 00000000 08:05 284674                     /usr/lib/jvm/java-8-openjdk-amd64/jre/lib/amd64/server/libjvm.so
7fd1e2451000-7fd1e2dbd000 r-xp 001f6000 08:05 284674                     /usr/lib/jvm/java-8-openjdk-amd64/jre/lib/amd64/server/libjvm.so
7fd1e2dbd000-7fd1e2f70000 r--p 00b62000 08:05 284674                     /usr/lib/jvm/java-8-openjdk-amd64/jre/lib/amd64/server/libjvm.so
7fd1e2f70000-7fd1e3006000 r--p 00d14000 08:05 284674                     /usr/lib/jvm/java-8-openjdk-amd64/jre/lib/amd64/server/libjvm.so
7fd1e3006000-7fd1e302f000 rw-p 00daa000 08:05 284674                     /usr/lib/jvm/java-8-openjdk-amd64/jre/lib/amd64/server/libjvm.so
7fd1e302f000-7fd1e3064000 rw-p 00000000 00:00 0 
7fd1e3064000-7fd1e3086000 r--p 00000000 08:05 268975                     /usr/lib/x86_64-linux-gnu/libc-2.31.so
7fd1e3086000-7fd1e31fe000 r-xp 00022000 08:05 268975                     /usr/lib/x86_64-linux-gnu/libc-2.31.so
7fd1e31fe000-7fd1e324c000 r--p 0019a000 08:05 268975                     /usr/lib/x86_64-linux-gnu/libc-2.31.so
7fd1e324c000-7fd1e3250000 r--p 001e7000 08:05 268975                     /usr/lib/x86_64-linux-gnu/libc-2.31.so
7fd1e3250000-7fd1e3252000 rw-p 001eb000 08:05 268975                     /usr/lib/x86_64-linux-gnu/libc-2.31.so
7fd1e3252000-7fd1e3256000 rw-p 00000000 00:00 0 
7fd1e3256000-7fd1e3257000 r--p 00000000 08:05 272827                     /usr/lib/x86_64-linux-gnu/libdl-2.31.so
7fd1e3257000-7fd1e3259000 r-xp 00001000 08:05 272827                     /usr/lib/x86_64-linux-gnu/libdl-2.31.so
7fd1e3259000-7fd1e325a000 r--p 00003000 08:05 272827                     /usr/lib/x86_64-linux-gnu/libdl-2.31.so
7fd1e325a000-7fd1e325b000 r--p 00003000 08:05 272827                     /usr/lib/x86_64-linux-gnu/libdl-2.31.so
7fd1e325b000-7fd1e325c000 rw-p 00004000 08:05 272827                     /usr/lib/x86_64-linux-gnu/libdl-2.31.so
7fd1e325c000-7fd1e325f000 r--p 00000000 08:05 281437                     /usr/lib/jvm/java-8-openjdk-amd64/jre/lib/amd64/jli/libjli.so
7fd1e325f000-7fd1e3269000 r-xp 00003000 08:05 281437                     /usr/lib/jvm/java-8-openjdk-amd64/jre/lib/amd64/jli/libjli.so
7fd1e3269000-7fd1e326c000 r--p 0000d000 08:05 281437                     /usr/lib/jvm/java-8-openjdk-amd64/jre/lib/amd64/jli/libjli.so
7fd1e326c000-7fd1e326d000 r--p 0000f000 08:05 281437                     /usr/lib/jvm/java-8-openjdk-amd64/jre/lib/amd64/jli/libjli.so
7fd1e326d000-7fd1e326e000 rw-p 00010000 08:05 281437                     /usr/lib/jvm/java-8-openjdk-amd64/jre/lib/amd64/jli/libjli.so
7fd1e326e000-7fd1e3270000 r--p 00000000 08:05 289846                     /usr/lib/x86_64-linux-gnu/libz.so.1.2.11
7fd1e3270000-7fd1e3281000 r-xp 00002000 08:05 289846                     /usr/lib/x86_64-linux-gnu/libz.so.1.2.11
7fd1e3281000-7fd1e3287000 r--p 00013000 08:05 289846                     /usr/lib/x86_64-linux-gnu/libz.so.1.2.11
7fd1e3287000-7fd1e3288000 ---p 00019000 08:05 289846                     /usr/lib/x86_64-linux-gnu/libz.so.1.2.11
7fd1e3288000-7fd1e3289000 r--p 00019000 08:05 289846                     /usr/lib/x86_64-linux-gnu/libz.so.1.2.11
7fd1e3289000-7fd1e328a000 rw-p 0001a000 08:05 289846                     /usr/lib/x86_64-linux-gnu/libz.so.1.2.11
7fd1e328a000-7fd1e3290000 r--p 00000000 08:05 285416                     /usr/lib/x86_64-linux-gnu/libpthread-2.31.so
7fd1e3290000-7fd1e32a1000 r-xp 00006000 08:05 285416                     /usr/lib/x86_64-linux-gnu/libpthread-2.31.so
7fd1e32a1000-7fd1e32a7000 r--p 00017000 08:05 285416                     /usr/lib/x86_64-linux-gnu/libpthread-2.31.so
7fd1e32a7000-7fd1e32a8000 r--p 0001c000 08:05 285416                     /usr/lib/x86_64-linux-gnu/libpthread-2.31.so
7fd1e32a8000-7fd1e32a9000 rw-p 0001d000 08:05 285416                     /usr/lib/x86_64-linux-gnu/libpthread-2.31.so
7fd1e32a9000-7fd1e32ad000 rw-p 00000000 00:00 0 
7fd1e32ad000-7fd1e32b2000 r--p 00000000 08:05 284670                     /usr/lib/jvm/java-8-openjdk-amd64/jre/lib/amd64/libverify.so
7fd1e32b2000-7fd1e32bb000 r-xp 00005000 08:05 284670                     /usr/lib/jvm/java-8-openjdk-amd64/jre/lib/amd64/libverify.so
7fd1e32bb000-7fd1e32bd000 r--p 0000e000 08:05 284670                     /usr/lib/jvm/java-8-openjdk-amd64/jre/lib/amd64/libverify.so
7fd1e32bd000-7fd1e32bf000 r--p 0000f000 08:05 284670                     /usr/lib/jvm/java-8-openjdk-amd64/jre/lib/amd64/libverify.so
7fd1e32bf000-7fd1e32c0000 rw-p 00011000 08:05 284670                     /usr/lib/jvm/java-8-openjdk-amd64/jre/lib/amd64/libverify.so
7fd1e32c0000-7fd1e32c2000 rw-p 00000000 00:00 0 
7fd1e32c2000-7fd1e32c3000 r--p 00000000 08:05 266204                     /usr/lib/x86_64-linux-gnu/ld-2.31.so
7fd1e32c3000-7fd1e32e6000 r-xp 00001000 08:05 266204                     /usr/lib/x86_64-linux-gnu/ld-2.31.so
7fd1e32e6000-7fd1e32ee000 r--p 00024000 08:05 266204                     /usr/lib/x86_64-linux-gnu/ld-2.31.so
7fd1e32ee000-7fd1e32ef000 r--p 00000000 00:00 0 
7fd1e32ef000-7fd1e32f0000 r--p 0002c000 08:05 266204                     /usr/lib/x86_64-linux-gnu/ld-2.31.so
7fd1e32f0000-7fd1e32f1000 rw-p 0002d000 08:05 266204                     /usr/lib/x86_64-linux-gnu/ld-2.31.so
7fd1e32f1000-7fd1e32f2000 rw-p 00000000 00:00 0 
7ffea41d0000-7ffea41f1000 rw-p 00000000 00:00 0                          [stack]
7ffea41f2000-7ffea41f6000 r--p 00000000 00:00 0                          [vvar]
7ffea41f6000-7ffea41f8000 r-xp 00000000 00:00 0                          [vdso]
ffffffffff600000-ffffffffff601000 --xp 00000000 00:00 0                  [vsyscall]

VM Arguments:
jvm_args: -Xmx1024m 
java_command: /home/carma/maptool_ws/public/connectedvcs-tools/fedgov-cv-message-builder/target/surefire/surefirebooter5964030359075211305.jar /home/carma/maptool_ws/public/connectedvcs-tools/fedgov-cv-message-builder/target/surefire 2025-06-16T10-47-25_234-jvmRun1 surefire7126577181762557109tmp surefire_02696184560691529574tmp
java_class_path (initial): /home/carma/maptool_ws/public/connectedvcs-tools/fedgov-cv-message-builder/target/surefire/surefirebooter5964030359075211305.jar
Launcher Type: SUN_STANDARD

Environment Variables:
PATH=/usr/local/sbin:/usr/local/bin:/usr/sbin:/usr/bin:/sbin:/bin:/snap/bin
LD_LIBRARY_PATH=/home/carma/maptool_ws/public/connectedvcs-tools/fedgov-cv-lib-asn1c/third_party_lib
SHELL=/bin/bash
DISPLAY=:0

Signal Handlers:
SIGSEGV: [libjvm.so+0xb3b540], sa_mask[0]=11111111011111111101111111111110, sa_flags=SA_RESTART|SA_SIGINFO
SIGBUS: [libjvm.so+0xb3b540], sa_mask[0]=11111111011111111101111111111110, sa_flags=SA_RESTART|SA_SIGINFO
SIGFPE: [libjvm.so+0x97e160], sa_mask[0]=11111111011111111101111111111110, sa_flags=SA_RESTART|SA_SIGINFO
SIGPIPE: [libjvm.so+0x97e160], sa_mask[0]=11111111011111111101111111111110, sa_flags=SA_RESTART|SA_SIGINFO
SIGXFSZ: [libjvm.so+0x97e160], sa_mask[0]=11111111011111111101111111111110, sa_flags=SA_RESTART|SA_SIGINFO
SIGILL: [libjvm.so+0x97e160], sa_mask[0]=11111111011111111101111111111110, sa_flags=SA_RESTART|SA_SIGINFO
SIGUSR1: SIG_DFL, sa_mask[0]=00000000000000000000000000000000, sa_flags=none
SIGUSR2: [libjvm.so+0x97e490], sa_mask[0]=00100000000000000000000000000000, sa_flags=SA_RESTART|SA_SIGINFO
SIGHUP: [libjvm.so+0x97e3e0], sa_mask[0]=11111111011111111101111111111110, sa_flags=SA_RESTART|SA_SIGINFO
SIGINT: [libjvm.so+0x97e3e0], sa_mask[0]=11111111011111111101111111111110, sa_flags=SA_RESTART|SA_SIGINFO
SIGTERM: [libjvm.so+0x97e3e0], sa_mask[0]=11111111011111111101111111111110, sa_flags=SA_RESTART|SA_SIGINFO
SIGQUIT: [libjvm.so+0x97e3e0], sa_mask[0]=11111111011111111101111111111110, sa_flags=SA_RESTART|SA_SIGINFO


---------------  S Y S T E M  ---------------

OS:DISTRIB_ID=Ubuntu
DISTRIB_RELEASE=20.04
DISTRIB_CODENAME=focal
DISTRIB_DESCRIPTION="Ubuntu 20.04.6 LTS"

uname:Linux 5.15.0-139-generic #149~20.04.1-Ubuntu SMP Wed Apr 16 08:29:56 UTC 2025 x86_64
libc:glibc 2.31 NPTL 2.31 
rlimit: STACK 8192k, CORE 0k, NPROC 63427, NOFILE 1048576, AS infinity
load average:11.38 4.81 2.20

/proc/meminfo:
MemTotal:       16336844 kB
MemFree:          945656 kB
MemAvailable:    6167280 kB
Buffers:          501012 kB
Cached:          4743728 kB
SwapCached:         2004 kB
Active:          3403612 kB
Inactive:       10383956 kB
Active(anon):      14436 kB
Inactive(anon):  8709960 kB
Active(file):    3389176 kB
Inactive(file):  1673996 kB
Unevictable:          16 kB
Mlocked:              16 kB
SwapTotal:       2097148 kB
SwapFree:        2089932 kB
Dirty:               180 kB
Writeback:             0 kB
AnonPages:       8541196 kB
Mapped:          1091336 kB
Shmem:            181568 kB
KReclaimable:     495760 kB
Slab:             749632 kB
SReclaimable:     495760 kB
SUnreclaim:       253872 kB
KernelStack:       32016 kB
PageTables:        73596 kB
NFS_Unstable:          0 kB
Bounce:                0 kB
WritebackTmp:          0 kB
CommitLimit:    10265568 kB
Committed_AS:   27716552 kB
VmallocTotal:   34359738367 kB
VmallocUsed:       86912 kB
VmallocChunk:          0 kB
Percpu:           159744 kB
HardwareCorrupted:     0 kB
AnonHugePages:         0 kB
ShmemHugePages:        0 kB
ShmemPmdMapped:        0 kB
FileHugePages:         0 kB
FilePmdMapped:         0 kB
HugePages_Total:       0
HugePages_Free:        0
HugePages_Rsvd:        0
HugePages_Surp:        0
Hugepagesize:       2048 kB
Hugetlb:               0 kB
DirectMap4k:      636736 kB
DirectMap2M:    14043136 kB
DirectMap1G:     4194304 kB

container (cgroup) information:
container_type: cgroupv1
cpu_cpuset_cpus: 0-15
cpu_memory_nodes: 0
active_processor_count: 16
cpu_quota: -1
cpu_period: 100000
cpu_shares: -1
memory_limit_in_bytes: -1
memory_and_swap_limit_in_bytes: -1
memory_soft_limit_in_bytes: -1
memory_usage_in_bytes: 10853789696
memory_max_usage_in_bytes: 12729692160


CPU:total 16 (initial active 16) (1 cores per cpu, 1 threads per core) family 6 model 151 stepping 2, cmov, cx8, fxsr, mmx, sse, sse2, sse3, ssse3, sse4.1, sse4.2, popcnt, avx, avx2, aes, clmul, erms, 3dnowpref, lzcnt, tsc, tscinvbit, bmi1, bmi2, adx

/proc/cpuinfo:
processor	: 0
vendor_id	: GenuineIntel
cpu family	: 6
model		: 151
model name	: 12th Gen Intel(R) Core(TM) i7-12850HX
stepping	: 2
microcode	: 0x2e
cpu MHz		: 2419.189
cache size	: 25600 KB
physical id	: 0
siblings	: 1
core id		: 0
cpu cores	: 1
apicid		: 0
initial apicid	: 0
fpu		: yes
fpu_exception	: yes
cpuid level	: 32
wp		: yes
flags		: fpu vme de pse tsc msr pae mce cx8 apic sep mtrr pge mca cmov pat pse36 clflush mmx fxsr sse sse2 ss syscall nx pdpe1gb rdtscp lm constant_tsc arch_perfmon nopl xtopology tsc_reliable nonstop_tsc cpuid tsc_known_freq pni pclmulqdq ssse3 fma cx16 sse4_1 sse4_2 x2apic movbe popcnt tsc_deadline_timer aes xsave avx f16c rdrand hypervisor lahf_lm abm 3dnowprefetch ssbd ibrs ibpb stibp ibrs_enhanced fsgsbase tsc_adjust bmi1 avx2 smep bmi2 invpcid rdseed adx smap clflushopt clwb sha_ni xsaveopt xsavec xsaves arat pku ospke md_clear flush_l1d arch_capabilities
bugs		: spectre_v1 spectre_v2 spec_store_bypass swapgs itlb_multihit eibrs_pbrsb rfds bhi
bogomips	: 4838.37
clflush size	: 64
cache_alignment	: 64
address sizes	: 43 bits physical, 48 bits virtual
power management:

processor	: 1
vendor_id	: GenuineIntel
cpu family	: 6
model		: 151
model name	: 12th Gen Intel(R) Core(TM) i7-12850HX
stepping	: 2
microcode	: 0x2e
cpu MHz		: 2419.189
cache size	: 25600 KB
physical id	: 2
siblings	: 1
core id		: 0
cpu cores	: 1
apicid		: 2
initial apicid	: 2
fpu		: yes
fpu_exception	: yes
cpuid level	: 32
wp		: yes
flags		: fpu vme de pse tsc msr pae mce cx8 apic sep mtrr pge mca cmov pat pse36 clflush mmx fxsr sse sse2 ss syscall nx pdpe1gb rdtscp lm constant_tsc arch_perfmon nopl xtopology tsc_reliable nonstop_tsc cpuid tsc_known_freq pni pclmulqdq ssse3 fma cx16 sse4_1 sse4_2 x2apic movbe popcnt tsc_deadline_timer aes xsave avx f16c rdrand hypervisor lahf_lm abm 3dnowprefetch ssbd ibrs ibpb stibp ibrs_enhanced fsgsbase tsc_adjust bmi1 avx2 smep bmi2 invpcid rdseed adx smap clflushopt clwb sha_ni xsaveopt xsavec xsaves arat pku ospke md_clear flush_l1d arch_capabilities
bugs		: spectre_v1 spectre_v2 spec_store_bypass swapgs itlb_multihit eibrs_pbrsb rfds bhi
bogomips	: 4838.37
clflush size	: 64
cache_alignment	: 64
address sizes	: 43 bits physical, 48 bits virtual
power management:

processor	: 2
vendor_id	: GenuineIntel
cpu family	: 6
model		: 151
model name	: 12th Gen Intel(R) Core(TM) i7-12850HX
stepping	: 2
microcode	: 0x2e
cpu MHz		: 2419.189
cache size	: 25600 KB
physical id	: 4
siblings	: 1
core id		: 0
cpu cores	: 1
apicid		: 4
initial apicid	: 4
fpu		: yes
fpu_exception	: yes
cpuid level	: 32
wp		: yes
flags		: fpu vme de pse tsc msr pae mce cx8 apic sep mtrr pge mca cmov pat pse36 clflush mmx fxsr sse sse2 ss syscall nx pdpe1gb rdtscp lm constant_tsc arch_perfmon nopl xtopology tsc_reliable nonstop_tsc cpuid tsc_known_freq pni pclmulqdq ssse3 fma cx16 sse4_1 sse4_2 x2apic movbe popcnt tsc_deadline_timer aes xsave avx f16c rdrand hypervisor lahf_lm abm 3dnowprefetch ssbd ibrs ibpb stibp ibrs_enhanced fsgsbase tsc_adjust bmi1 avx2 smep bmi2 invpcid rdseed adx smap clflushopt clwb sha_ni xsaveopt xsavec xsaves arat pku ospke md_clear flush_l1d arch_capabilities
bugs		: spectre_v1 spectre_v2 spec_store_bypass swapgs itlb_multihit eibrs_pbrsb rfds bhi
bogomips	: 4838.37
clflush size	: 64
cache_alignment	: 64
address sizes	: 43 bits physical, 48 bits virtual
power management:

processor	: 3
vendor_id	: GenuineIntel
cpu family	: 6
model		: 151
model name	: 12th Gen Intel(R) Core(TM) i7-12850HX
stepping	: 2
microcode	: 0x2e
cpu MHz		: 2419.189
cache size	: 25600 KB
physical id	: 6
siblings	: 1
core id		: 0
cpu cores	: 1
apicid		: 6
initial apicid	: 6
fpu		: yes
fpu_exception	: yes
cpuid level	: 32
wp		: yes
flags		: fpu vme de pse tsc msr pae mce cx8 apic sep mtrr pge mca cmov pat pse36 clflush mmx fxsr sse sse2 ss syscall nx pdpe1gb rdtscp lm constant_tsc arch_perfmon nopl xtopology tsc_reliable nonstop_tsc cpuid tsc_known_freq pni pclmulqdq ssse3 fma cx16 sse4_1 sse4_2 x2apic movbe popcnt tsc_deadline_timer aes xsave avx f16c rdrand hypervisor lahf_lm abm 3dnowprefetch ssbd ibrs ibpb stibp ibrs_enhanced fsgsbase tsc_adjust bmi1 avx2 smep bmi2 invpcid rdseed adx smap clflushopt clwb sha_ni xsaveopt xsavec xsaves arat pku ospke md_clear flush_l1d arch_capabilities
bugs		: spectre_v1 spectre_v2 spec_store_bypass swapgs itlb_multihit eibrs_pbrsb rfds bhi
bogomips	: 4838.37
clflush size	: 64
cache_alignment	: 64
address sizes	: 43 bits physical, 48 bits virtual
power management:

processor	: 4
vendor_id	: GenuineIntel
cpu family	: 6
model		: 151
model name	: 12th Gen Intel(R) Core(TM) i7-12850HX
stepping	: 2
microcode	: 0x2e
cpu MHz		: 2419.189
cache size	: 25600 KB
physical id	: 8
siblings	: 1
core id		: 0
cpu cores	: 1
apicid		: 8
initial apicid	: 8
fpu		: yes
fpu_exception	: yes
cpuid level	: 32
wp		: yes
flags		: fpu vme de pse tsc msr pae mce cx8 apic sep mtrr pge mca cmov pat pse36 clflush mmx fxsr sse sse2 ss syscall nx pdpe1gb rdtscp lm constant_tsc arch_perfmon nopl xtopology tsc_reliable nonstop_tsc cpuid tsc_known_freq pni pclmulqdq ssse3 fma cx16 sse4_1 sse4_2 x2apic movbe popcnt tsc_deadline_timer aes xsave avx f16c rdrand hypervisor lahf_lm abm 3dnowprefetch ssbd ibrs ibpb stibp ibrs_enhanced fsgsbase tsc_adjust bmi1 avx2 smep bmi2 invpcid rdseed adx smap clflushopt clwb sha_ni xsaveopt xsavec xsaves arat pku ospke md_clear flush_l1d arch_capabilities
bugs		: spectre_v1 spectre_v2 spec_store_bypass swapgs itlb_multihit eibrs_pbrsb rfds bhi
bogomips	: 4838.37
clflush size	: 64
cache_alignment	: 64
address sizes	: 43 bits physical, 48 bits virtual
power management:

processor	: 5
vendor_id	: GenuineIntel
cpu family	: 6
model		: 151
model name	: 12th Gen Intel(R) Core(TM) i7-12850HX
stepping	: 2
microcode	: 0x2e
cpu MHz		: 2419.189
cache size	: 25600 KB
physical id	: 10
siblings	: 1
core id		: 0
cpu cores	: 1
apicid		: 10
initial apicid	: 10
fpu		: yes
fpu_exception	: yes
cpuid level	: 32
wp		: yes
flags		: fpu vme de pse tsc msr pae mce cx8 apic sep mtrr pge mca cmov pat pse36 clflush mmx fxsr sse sse2 ss syscall nx pdpe1gb rdtscp lm constant_tsc arch_perfmon nopl xtopology tsc_reliable nonstop_tsc cpuid tsc_known_freq pni pclmulqdq ssse3 fma cx16 sse4_1 sse4_2 x2apic movbe popcnt tsc_deadline_timer aes xsave avx f16c rdrand hypervisor lahf_lm abm 3dnowprefetch ssbd ibrs ibpb stibp ibrs_enhanced fsgsbase tsc_adjust bmi1 avx2 smep bmi2 invpcid rdseed adx smap clflushopt clwb sha_ni xsaveopt xsavec xsaves arat pku ospke md_clear flush_l1d arch_capabilities
bugs		: spectre_v1 spectre_v2 spec_store_bypass swapgs itlb_multihit eibrs_pbrsb rfds bhi
bogomips	: 4838.37
clflush size	: 64
cache_alignment	: 64
address sizes	: 43 bits physical, 48 bits virtual
power management:

processor	: 6
vendor_id	: GenuineIntel
cpu family	: 6
model		: 151
model name	: 12th Gen Intel(R) Core(TM) i7-12850HX
stepping	: 2
microcode	: 0x2e
cpu MHz		: 2419.189
cache size	: 25600 KB
physical id	: 12
siblings	: 1
core id		: 0
cpu cores	: 1
apicid		: 12
initial apicid	: 12
fpu		: yes
fpu_exception	: yes
cpuid level	: 32
wp		: yes
flags		: fpu vme de pse tsc msr pae mce cx8 apic sep mtrr pge mca cmov pat pse36 clflush mmx fxsr sse sse2 ss syscall nx pdpe1gb rdtscp lm constant_tsc arch_perfmon nopl xtopology tsc_reliable nonstop_tsc cpuid tsc_known_freq pni pclmulqdq ssse3 fma cx16 sse4_1 sse4_2 x2apic movbe popcnt tsc_deadline_timer aes xsave avx f16c rdrand hypervisor lahf_lm abm 3dnowprefetch ssbd ibrs ibpb stibp ibrs_enhanced fsgsbase tsc_adjust bmi1 avx2 smep bmi2 invpcid rdseed adx smap clflushopt clwb sha_ni xsaveopt xsavec xsaves arat pku ospke md_clear flush_l1d arch_capabilities
bugs		: spectre_v1 spectre_v2 spec_store_bypass swapgs itlb_multihit eibrs_pbrsb rfds bhi
bogomips	: 4838.37
clflush size	: 64
cache_alignment	: 64
address sizes	: 43 bits physical, 48 bits virtual
power management:

processor	: 7
vendor_id	: GenuineIntel
cpu family	: 6
model		: 151
model name	: 12th Gen Intel(R) Core(TM) i7-12850HX
stepping	: 2
microcode	: 0x2e
cpu MHz		: 2419.189
cache size	: 25600 KB
physical id	: 14
siblings	: 1
core id		: 0
cpu cores	: 1
apicid		: 14
initial apicid	: 14
fpu		: yes
fpu_exception	: yes
cpuid level	: 32
wp		: yes
flags		: fpu vme de pse tsc msr pae mce cx8 apic sep mtrr pge mca cmov pat pse36 clflush mmx fxsr sse sse2 ss syscall nx pdpe1gb rdtscp lm constant_tsc arch_perfmon nopl xtopology tsc_reliable nonstop_tsc cpuid tsc_known_freq pni pclmulqdq ssse3 fma cx16 sse4_1 sse4_2 x2apic movbe popcnt tsc_deadline_timer aes xsave avx f16c rdrand hypervisor lahf_lm abm 3dnowprefetch ssbd ibrs ibpb stibp ibrs_enhanced fsgsbase tsc_adjust bmi1 avx2 smep bmi2 invpcid rdseed adx smap clflushopt clwb sha_ni xsaveopt xsavec xsaves arat pku ospke md_clear flush_l1d arch_capabilities
bugs		: spectre_v1 spectre_v2 spec_store_bypass swapgs itlb_multihit eibrs_pbrsb rfds bhi
bogomips	: 4838.37
clflush size	: 64
cache_alignment	: 64
address sizes	: 43 bits physical, 48 bits virtual
power management:

processor	: 8
vendor_id	: GenuineIntel
cpu family	: 6
model		: 151
model name	: 12th Gen Intel(R) Core(TM) i7-12850HX
stepping	: 2
microcode	: 0x2e
cpu MHz		: 2419.189
cache size	: 25600 KB
physical id	: 16
siblings	: 1
core id		: 0
cpu cores	: 1
apicid		: 16
initial apicid	: 16
fpu		: yes
fpu_exception	: yes
cpuid level	: 32
wp		: yes
flags		: fpu vme de pse tsc msr pae mce cx8 apic sep mtrr pge mca cmov pat pse36 clflush mmx fxsr sse sse2 ss syscall nx pdpe1gb rdtscp lm constant_tsc arch_perfmon nopl xtopology tsc_reliable nonstop_tsc cpuid tsc_known_freq pni pclmulqdq ssse3 fma cx16 sse4_1 sse4_2 x2apic movbe popcnt tsc_deadline_timer aes xsave avx f16c rdrand hypervisor lahf_lm abm 3dnowprefetch ssbd ibrs ibpb stibp ibrs_enhanced fsgsbase tsc_adjust bmi1 avx2 smep bmi2 invpcid rdseed adx smap clflushopt clwb sha_ni xsaveopt xsavec xsaves arat pku ospke md_clear flush_l1d arch_capabilities
bugs		: spectre_v1 spectre_v2 spec_store_bypass swapgs itlb_multihit eibrs_pbrsb rfds bhi
bogomips	: 4838.37
clflush size	: 64
cache_alignment	: 64
address sizes	: 43 bits physical, 48 bits virtual
power management:

processor	: 9
vendor_id	: GenuineIntel
cpu family	: 6
model		: 151
model name	: 12th Gen Intel(R) Core(TM) i7-12850HX
stepping	: 2
microcode	: 0x2e
cpu MHz		: 2419.189
cache size	: 25600 KB
physical id	: 18
siblings	: 1
core id		: 0
cpu cores	: 1
apicid		: 18
initial apicid	: 18
fpu		: yes
fpu_exception	: yes
cpuid level	: 32
wp		: yes
flags		: fpu vme de pse tsc msr pae mce cx8 apic sep mtrr pge mca cmov pat pse36 clflush mmx fxsr sse sse2 ss syscall nx pdpe1gb rdtscp lm constant_tsc arch_perfmon nopl xtopology tsc_reliable nonstop_tsc cpuid tsc_known_freq pni pclmulqdq ssse3 fma cx16 sse4_1 sse4_2 x2apic movbe popcnt tsc_deadline_timer aes xsave avx f16c rdrand hypervisor lahf_lm abm 3dnowprefetch ssbd ibrs ibpb stibp ibrs_enhanced fsgsbase tsc_adjust bmi1 avx2 smep bmi2 invpcid rdseed adx smap clflushopt clwb sha_ni xsaveopt xsavec xsaves arat pku ospke md_clear flush_l1d arch_capabilities
bugs		: spectre_v1 spectre_v2 spec_store_bypass swapgs itlb_multihit eibrs_pbrsb rfds bhi
bogomips	: 4838.37
clflush size	: 64
cache_alignment	: 64
address sizes	: 43 bits physical, 48 bits virtual
power management:

processor	: 10
vendor_id	: GenuineIntel
cpu family	: 6
model		: 151
model name	: 12th Gen Intel(R) Core(TM) i7-12850HX
stepping	: 2
microcode	: 0x2e
cpu MHz		: 2419.189
cache size	: 25600 KB
physical id	: 20
siblings	: 1
core id		: 0
cpu cores	: 1
apicid		: 20
initial apicid	: 20
fpu		: yes
fpu_exception	: yes
cpuid level	: 32
wp		: yes
flags		: fpu vme de pse tsc msr pae mce cx8 apic sep mtrr pge mca cmov pat pse36 clflush mmx fxsr sse sse2 ss syscall nx pdpe1gb rdtscp lm constant_tsc arch_perfmon nopl xtopology tsc_reliable nonstop_tsc cpuid tsc_known_freq pni pclmulqdq ssse3 fma cx16 sse4_1 sse4_2 x2apic movbe popcnt tsc_deadline_timer aes xsave avx f16c rdrand hypervisor lahf_lm abm 3dnowprefetch ssbd ibrs ibpb stibp ibrs_enhanced fsgsbase tsc_adjust bmi1 avx2 smep bmi2 invpcid rdseed adx smap clflushopt clwb sha_ni xsaveopt xsavec xsaves arat pku ospke md_clear flush_l1d arch_capabilities
bugs		: spectre_v1 spectre_v2 spec_store_bypass swapgs itlb_multihit eibrs_pbrsb rfds bhi
bogomips	: 4838.37
clflush size	: 64
cache_alignment	: 64
address sizes	: 43 bits physical, 48 bits virtual
power management:

processor	: 11
vendor_id	: GenuineIntel
cpu family	: 6
model		: 151
model name	: 12th Gen Intel(R) Core(TM) i7-12850HX
stepping	: 2
microcode	: 0x2e
cpu MHz		: 2419.189
cache size	: 25600 KB
physical id	: 22
siblings	: 1
core id		: 0
cpu cores	: 1
apicid		: 22
initial apicid	: 22
fpu		: yes
fpu_exception	: yes
cpuid level	: 32
wp		: yes
flags		: fpu vme de pse tsc msr pae mce cx8 apic sep mtrr pge mca cmov pat pse36 clflush mmx fxsr sse sse2 ss syscall nx pdpe1gb rdtscp lm constant_tsc arch_perfmon nopl xtopology tsc_reliable nonstop_tsc cpuid tsc_known_freq pni pclmulqdq ssse3 fma cx16 sse4_1 sse4_2 x2apic movbe popcnt tsc_deadline_timer aes xsave avx f16c rdrand hypervisor lahf_lm abm 3dnowprefetch ssbd ibrs ibpb stibp ibrs_enhanced fsgsbase tsc_adjust bmi1 avx2 smep bmi2 invpcid rdseed adx smap clflushopt clwb sha_ni xsaveopt xsavec xsaves arat pku ospke md_clear flush_l1d arch_capabilities
bugs		: spectre_v1 spectre_v2 spec_store_bypass swapgs itlb_multihit eibrs_pbrsb rfds bhi
bogomips	: 4838.37
clflush size	: 64
cache_alignment	: 64
address sizes	: 43 bits physical, 48 bits virtual
power management:

processor	: 12
vendor_id	: GenuineIntel
cpu family	: 6
model		: 151
model name	: 12th Gen Intel(R) Core(TM) i7-12850HX
stepping	: 2
microcode	: 0x2e
cpu MHz		: 2419.189
cache size	: 25600 KB
physical id	: 24
siblings	: 1
core id		: 0
cpu cores	: 1
apicid		: 24
initial apicid	: 24
fpu		: yes
fpu_exception	: yes
cpuid level	: 32
wp		: yes
flags		: fpu vme de pse tsc msr pae mce cx8 apic sep mtrr pge mca cmov pat pse36 clflush mmx fxsr sse sse2 ss syscall nx pdpe1gb rdtscp lm constant_tsc arch_perfmon nopl xtopology tsc_reliable nonstop_tsc cpuid tsc_known_freq pni pclmulqdq ssse3 fma cx16 sse4_1 sse4_2 x2apic movbe popcnt tsc_deadline_timer aes xsave avx f16c rdrand hypervisor lahf_lm abm 3dnowprefetch ssbd ibrs ibpb stibp ibrs_enhanced fsgsbase tsc_adjust bmi1 avx2 smep bmi2 invpcid rdseed adx smap clflushopt clwb sha_ni xsaveopt xsavec xsaves arat pku ospke md_clear flush_l1d arch_capabilities
bugs		: spectre_v1 spectre_v2 spec_store_bypass swapgs itlb_multihit eibrs_pbrsb rfds bhi
bogomips	: 4838.37
clflush size	: 64
cache_alignment	: 64
address sizes	: 43 bits physical, 48 bits virtual
power management:

processor	: 13
vendor_id	: GenuineIntel
cpu family	: 6
model		: 151
model name	: 12th Gen Intel(R) Core(TM) i7-12850HX
stepping	: 2
microcode	: 0x2e
cpu MHz		: 2419.189
cache size	: 25600 KB
physical id	: 26
siblings	: 1
core id		: 0
cpu cores	: 1
apicid		: 26
initial apicid	: 26
fpu		: yes
fpu_exception	: yes
cpuid level	: 32
wp		: yes
flags		: fpu vme de pse tsc msr pae mce cx8 apic sep mtrr pge mca cmov pat pse36 clflush mmx fxsr sse sse2 ss syscall nx pdpe1gb rdtscp lm constant_tsc arch_perfmon nopl xtopology tsc_reliable nonstop_tsc cpuid tsc_known_freq pni pclmulqdq ssse3 fma cx16 sse4_1 sse4_2 x2apic movbe popcnt tsc_deadline_timer aes xsave avx f16c rdrand hypervisor lahf_lm abm 3dnowprefetch ssbd ibrs ibpb stibp ibrs_enhanced fsgsbase tsc_adjust bmi1 avx2 smep bmi2 invpcid rdseed adx smap clflushopt clwb sha_ni xsaveopt xsavec xsaves arat pku ospke md_clear flush_l1d arch_capabilities
bugs		: spectre_v1 spectre_v2 spec_store_bypass swapgs itlb_multihit eibrs_pbrsb rfds bhi
bogomips	: 4838.37
clflush size	: 64
cache_alignment	: 64
address sizes	: 43 bits physical, 48 bits virtual
power management:

processor	: 14
vendor_id	: GenuineIntel
cpu family	: 6
model		: 151
model name	: 12th Gen Intel(R) Core(TM) i7-12850HX
stepping	: 2
microcode	: 0x2e
cpu MHz		: 2419.189
cache size	: 25600 KB
physical id	: 28
siblings	: 1
core id		: 0
cpu cores	: 1
apicid		: 28
initial apicid	: 28
fpu		: yes
fpu_exception	: yes
cpuid level	: 32
wp		: yes
flags		: fpu vme de pse tsc msr pae mce cx8 apic sep mtrr pge mca cmov pat pse36 clflush mmx fxsr sse sse2 ss syscall nx pdpe1gb rdtscp lm constant_tsc arch_perfmon nopl xtopology tsc_reliable nonstop_tsc cpuid tsc_known_freq pni pclmulqdq ssse3 fma cx16 sse4_1 sse4_2 x2apic movbe popcnt tsc_deadline_timer aes xsave avx f16c rdrand hypervisor lahf_lm abm 3dnowprefetch ssbd ibrs ibpb stibp ibrs_enhanced fsgsbase tsc_adjust bmi1 avx2 smep bmi2 invpcid rdseed adx smap clflushopt clwb sha_ni xsaveopt xsavec xsaves arat pku ospke md_clear flush_l1d arch_capabilities
bugs		: spectre_v1 spectre_v2 spec_store_bypass swapgs itlb_multihit eibrs_pbrsb rfds bhi
bogomips	: 4838.37
clflush size	: 64
cache_alignment	: 64
address sizes	: 43 bits physical, 48 bits virtual
power management:

processor	: 15
vendor_id	: GenuineIntel
cpu family	: 6
model		: 151
model name	: 12th Gen Intel(R) Core(TM) i7-12850HX
stepping	: 2
microcode	: 0x2e
cpu MHz		: 2419.189
cache size	: 25600 KB
physical id	: 30
siblings	: 1
core id		: 0
cpu cores	: 1
apicid		: 30
initial apicid	: 30
fpu		: yes
fpu_exception	: yes
cpuid level	: 32
wp		: yes
flags		: fpu vme de pse tsc msr pae mce cx8 apic sep mtrr pge mca cmov pat pse36 clflush mmx fxsr sse sse2 ss syscall nx pdpe1gb rdtscp lm constant_tsc arch_perfmon nopl xtopology tsc_reliable nonstop_tsc cpuid tsc_known_freq pni pclmulqdq ssse3 fma cx16 sse4_1 sse4_2 x2apic movbe popcnt tsc_deadline_timer aes xsave avx f16c rdrand hypervisor lahf_lm abm 3dnowprefetch ssbd ibrs ibpb stibp ibrs_enhanced fsgsbase tsc_adjust bmi1 avx2 smep bmi2 invpcid rdseed adx smap clflushopt clwb sha_ni xsaveopt xsavec xsaves arat pku ospke md_clear flush_l1d arch_capabilities
bugs		: spectre_v1 spectre_v2 spec_store_bypass swapgs itlb_multihit eibrs_pbrsb rfds bhi
bogomips	: 4838.37
clflush size	: 64
cache_alignment	: 64
address sizes	: 43 bits physical, 48 bits virtual
power management:



Memory: 4k page, physical 16336844k(945656k free), swap 2097148k(2089932k free)

vm_info: OpenJDK 64-Bit Server VM (25.452-b09) for linux-amd64 JRE (1.8.0_452-8u452-ga~us1-0ubuntu1~20.04-b09), built on Apr 16 2025 10:33:22 by "buildd" with gcc 9.4.0

time: Mon Jun 16 10:47:32 2025
timezone: PDT
elapsed time: 5.136314 seconds (0d 0h 0m 5s)

